<?xml version="1.0" encoding="UTF-8"?>
<testsuite xmlns:xsi="http://www.w3.org/2001/XMLSchema-instance" xsi:noNamespaceSchemaLocation="https://maven.apache.org/surefire/maven-surefire-plugin/xsd/surefire-test-report-3.0.xsd" version="3.0" name="TestSuite" time="127.998" tests="6" errors="0" skipped="0" failures="2">
  <properties>
    <property name="java.specification.version" value="17"/>
    <property name="sun.cpu.isalist" value="amd64"/>
    <property name="sun.jnu.encoding" value="Cp1252"/>
    <property name="java.class.path" value="C:\Users\membr\Desktop\Desarrollo\GuideAutojava\SeleniumJavaFK\target\test-classes;C:\Users\membr\Desktop\Desarrollo\GuideAutojava\SeleniumJavaFK\target\classes;C:\Users\membr\.m2\repository\org\seleniumhq\selenium\selenium-java\4.5.3\selenium-java-4.5.3.jar;C:\Users\membr\.m2\repository\org\seleniumhq\selenium\selenium-api\4.5.3\selenium-api-4.5.3.jar;C:\Users\membr\.m2\repository\org\seleniumhq\selenium\selenium-chrome-driver\4.5.3\selenium-chrome-driver-4.5.3.jar;C:\Users\membr\.m2\repository\com\google\auto\service\auto-service-annotations\1.0.1\auto-service-annotations-1.0.1.jar;C:\Users\membr\.m2\repository\com\google\auto\service\auto-service\1.0.1\auto-service-1.0.1.jar;C:\Users\membr\.m2\repository\com\google\auto\auto-common\1.2\auto-common-1.2.jar;C:\Users\membr\.m2\repository\com\google\guava\guava\31.1-jre\guava-31.1-jre.jar;C:\Users\membr\.m2\repository\com\google\guava\failureaccess\1.0.1\failureaccess-1.0.1.jar;C:\Users\membr\.m2\repository\com\google\guava\listenablefuture\9999.0-empty-to-avoid-conflict-with-guava\listenablefuture-9999.0-empty-to-avoid-conflict-with-guava.jar;C:\Users\membr\.m2\repository\org\checkerframework\checker-qual\3.12.0\checker-qual-3.12.0.jar;C:\Users\membr\.m2\repository\com\google\errorprone\error_prone_annotations\2.11.0\error_prone_annotations-2.11.0.jar;C:\Users\membr\.m2\repository\com\google\j2objc\j2objc-annotations\1.3\j2objc-annotations-1.3.jar;C:\Users\membr\.m2\repository\org\seleniumhq\selenium\selenium-chromium-driver\4.5.3\selenium-chromium-driver-4.5.3.jar;C:\Users\membr\.m2\repository\org\seleniumhq\selenium\selenium-json\4.5.3\selenium-json-4.5.3.jar;C:\Users\membr\.m2\repository\org\seleniumhq\selenium\selenium-devtools-v104\4.5.3\selenium-devtools-v104-4.5.3.jar;C:\Users\membr\.m2\repository\org\seleniumhq\selenium\selenium-devtools-v105\4.5.3\selenium-devtools-v105-4.5.3.jar;C:\Users\membr\.m2\repository\org\seleniumhq\selenium\selenium-devtools-v106\4.5.3\selenium-devtools-v106-4.5.3.jar;C:\Users\membr\.m2\repository\org\seleniumhq\selenium\selenium-devtools-v85\4.5.3\selenium-devtools-v85-4.5.3.jar;C:\Users\membr\.m2\repository\org\seleniumhq\selenium\selenium-edge-driver\4.5.3\selenium-edge-driver-4.5.3.jar;C:\Users\membr\.m2\repository\org\seleniumhq\selenium\selenium-firefox-driver\4.5.3\selenium-firefox-driver-4.5.3.jar;C:\Users\membr\.m2\repository\org\seleniumhq\selenium\selenium-ie-driver\4.5.3\selenium-ie-driver-4.5.3.jar;C:\Users\membr\.m2\repository\org\seleniumhq\selenium\selenium-remote-driver\4.5.3\selenium-remote-driver-4.5.3.jar;C:\Users\membr\.m2\repository\io\netty\netty-buffer\4.1.84.Final\netty-buffer-4.1.84.Final.jar;C:\Users\membr\.m2\repository\io\netty\netty-codec-http\4.1.84.Final\netty-codec-http-4.1.84.Final.jar;C:\Users\membr\.m2\repository\io\netty\netty-codec\4.1.84.Final\netty-codec-4.1.84.Final.jar;C:\Users\membr\.m2\repository\io\netty\netty-handler\4.1.84.Final\netty-handler-4.1.84.Final.jar;C:\Users\membr\.m2\repository\io\netty\netty-common\4.1.84.Final\netty-common-4.1.84.Final.jar;C:\Users\membr\.m2\repository\io\netty\netty-transport-classes-epoll\4.1.84.Final\netty-transport-classes-epoll-4.1.84.Final.jar;C:\Users\membr\.m2\repository\io\netty\netty-transport-classes-kqueue\4.1.84.Final\netty-transport-classes-kqueue-4.1.84.Final.jar;C:\Users\membr\.m2\repository\io\netty\netty-transport-native-epoll\4.1.84.Final\netty-transport-native-epoll-4.1.84.Final.jar;C:\Users\membr\.m2\repository\io\netty\netty-transport-native-kqueue\4.1.84.Final\netty-transport-native-kqueue-4.1.84.Final.jar;C:\Users\membr\.m2\repository\io\netty\netty-transport-native-unix-common\4.1.84.Final\netty-transport-native-unix-common-4.1.84.Final.jar;C:\Users\membr\.m2\repository\io\netty\netty-transport\4.1.84.Final\netty-transport-4.1.84.Final.jar;C:\Users\membr\.m2\repository\io\netty\netty-resolver\4.1.84.Final\netty-resolver-4.1.84.Final.jar;C:\Users\membr\.m2\repository\io\opentelemetry\opentelemetry-api\1.19.0\opentelemetry-api-1.19.0.jar;C:\Users\membr\.m2\repository\io\opentelemetry\opentelemetry-context\1.19.0\opentelemetry-context-1.19.0.jar;C:\Users\membr\.m2\repository\io\opentelemetry\opentelemetry-exporter-logging\1.19.0\opentelemetry-exporter-logging-1.19.0.jar;C:\Users\membr\.m2\repository\io\opentelemetry\opentelemetry-sdk-metrics\1.19.0\opentelemetry-sdk-metrics-1.19.0.jar;C:\Users\membr\.m2\repository\io\opentelemetry\opentelemetry-sdk-logs\1.19.0-alpha\opentelemetry-sdk-logs-1.19.0-alpha.jar;C:\Users\membr\.m2\repository\io\opentelemetry\opentelemetry-api-logs\1.19.0-alpha\opentelemetry-api-logs-1.19.0-alpha.jar;C:\Users\membr\.m2\repository\io\opentelemetry\opentelemetry-sdk-common\1.19.0\opentelemetry-sdk-common-1.19.0.jar;C:\Users\membr\.m2\repository\io\opentelemetry\opentelemetry-sdk-extension-autoconfigure-spi\1.19.0\opentelemetry-sdk-extension-autoconfigure-spi-1.19.0.jar;C:\Users\membr\.m2\repository\io\opentelemetry\opentelemetry-sdk-extension-autoconfigure\1.19.0-alpha\opentelemetry-sdk-extension-autoconfigure-1.19.0-alpha.jar;C:\Users\membr\.m2\repository\io\opentelemetry\opentelemetry-exporter-common\1.19.0\opentelemetry-exporter-common-1.19.0.jar;C:\Users\membr\.m2\repository\io\opentelemetry\opentelemetry-sdk-trace\1.19.0\opentelemetry-sdk-trace-1.19.0.jar;C:\Users\membr\.m2\repository\io\opentelemetry\opentelemetry-sdk\1.19.0\opentelemetry-sdk-1.19.0.jar;C:\Users\membr\.m2\repository\io\opentelemetry\opentelemetry-semconv\1.19.0-alpha\opentelemetry-semconv-1.19.0-alpha.jar;C:\Users\membr\.m2\repository\io\ous\jtoml\2.0.0\jtoml-2.0.0.jar;C:\Users\membr\.m2\repository\net\bytebuddy\byte-buddy\1.12.18\byte-buddy-1.12.18.jar;C:\Users\membr\.m2\repository\org\apache\commons\commons-exec\1.3\commons-exec-1.3.jar;C:\Users\membr\.m2\repository\org\asynchttpclient\async-http-client\2.12.3\async-http-client-2.12.3.jar;C:\Users\membr\.m2\repository\org\asynchttpclient\async-http-client-netty-utils\2.12.3\async-http-client-netty-utils-2.12.3.jar;C:\Users\membr\.m2\repository\io\netty\netty-codec-socks\4.1.60.Final\netty-codec-socks-4.1.60.Final.jar;C:\Users\membr\.m2\repository\io\netty\netty-handler-proxy\4.1.60.Final\netty-handler-proxy-4.1.60.Final.jar;C:\Users\membr\.m2\repository\io\netty\netty-transport-native-epoll\4.1.60.Final\netty-transport-native-epoll-4.1.60.Final-linux-x86_64.jar;C:\Users\membr\.m2\repository\io\netty\netty-transport-native-kqueue\4.1.60.Final\netty-transport-native-kqueue-4.1.60.Final-osx-x86_64.jar;C:\Users\membr\.m2\repository\org\reactivestreams\reactive-streams\1.0.3\reactive-streams-1.0.3.jar;C:\Users\membr\.m2\repository\com\typesafe\netty\netty-reactive-streams\2.0.4\netty-reactive-streams-2.0.4.jar;C:\Users\membr\.m2\repository\com\sun\activation\jakarta.activation\1.2.2\jakarta.activation-1.2.2.jar;C:\Users\membr\.m2\repository\org\seleniumhq\selenium\selenium-http\4.5.3\selenium-http-4.5.3.jar;C:\Users\membr\.m2\repository\dev\failsafe\failsafe\3.3.0\failsafe-3.3.0.jar;C:\Users\membr\.m2\repository\org\seleniumhq\selenium\selenium-safari-driver\4.5.3\selenium-safari-driver-4.5.3.jar;C:\Users\membr\.m2\repository\org\seleniumhq\selenium\selenium-support\4.5.3\selenium-support-4.5.3.jar;C:\Users\membr\.m2\repository\org\testng\testng\7.6.1\testng-7.6.1.jar;C:\Users\membr\.m2\repository\com\google\code\findbugs\jsr305\3.0.2\jsr305-3.0.2.jar;C:\Users\membr\.m2\repository\org\slf4j\slf4j-api\1.7.36\slf4j-api-1.7.36.jar;C:\Users\membr\.m2\repository\com\beust\jcommander\1.82\jcommander-1.82.jar;C:\Users\membr\.m2\repository\org\webjars\jquery\3.6.0\jquery-3.6.0.jar;C:\Users\membr\.m2\repository\com\fasterxml\jackson\core\jackson-databind\2.13.4.2\jackson-databind-2.13.4.2.jar;C:\Users\membr\.m2\repository\com\fasterxml\jackson\core\jackson-annotations\2.13.4\jackson-annotations-2.13.4.jar;C:\Users\membr\.m2\repository\com\fasterxml\jackson\core\jackson-core\2.13.4\jackson-core-2.13.4.jar;C:\Users\membr\.m2\repository\io\github\bonigarcia\webdrivermanager\5.3.0\webdrivermanager-5.3.0.jar;C:\Users\membr\.m2\repository\com\google\code\gson\gson\2.9.1\gson-2.9.1.jar;C:\Users\membr\.m2\repository\com\github\docker-java\docker-java\3.2.13\docker-java-3.2.13.jar;C:\Users\membr\.m2\repository\com\github\docker-java\docker-java-core\3.2.13\docker-java-core-3.2.13.jar;C:\Users\membr\.m2\repository\com\github\docker-java\docker-java-api\3.2.13\docker-java-api-3.2.13.jar;C:\Users\membr\.m2\repository\commons-io\commons-io\2.6\commons-io-2.6.jar;C:\Users\membr\.m2\repository\org\apache\commons\commons-compress\1.21\commons-compress-1.21.jar;C:\Users\membr\.m2\repository\org\bouncycastle\bcpkix-jdk15on\1.64\bcpkix-jdk15on-1.64.jar;C:\Users\membr\.m2\repository\org\bouncycastle\bcprov-jdk15on\1.64\bcprov-jdk15on-1.64.jar;C:\Users\membr\.m2\repository\org\slf4j\jcl-over-slf4j\1.7.30\jcl-over-slf4j-1.7.30.jar;C:\Users\membr\.m2\repository\com\github\docker-java\docker-java-transport-httpclient5\3.2.13\docker-java-transport-httpclient5-3.2.13.jar;C:\Users\membr\.m2\repository\com\github\docker-java\docker-java-transport\3.2.13\docker-java-transport-3.2.13.jar;C:\Users\membr\.m2\repository\net\java\dev\jna\jna\5.8.0\jna-5.8.0.jar;C:\Users\membr\.m2\repository\org\brotli\dec\0.1.2\dec-0.1.2.jar;C:\Users\membr\.m2\repository\org\apache\commons\commons-lang3\3.12.0\commons-lang3-3.12.0.jar;C:\Users\membr\.m2\repository\org\apache\httpcomponents\client5\httpclient5\5.1.3\httpclient5-5.1.3.jar;C:\Users\membr\.m2\repository\org\apache\httpcomponents\core5\httpcore5\5.1.3\httpcore5-5.1.3.jar;C:\Users\membr\.m2\repository\org\apache\httpcomponents\core5\httpcore5-h2\5.1.3\httpcore5-h2-5.1.3.jar;C:\Users\membr\.m2\repository\commons-codec\commons-codec\1.15\commons-codec-1.15.jar;C:\Users\membr\.m2\repository\io\rest-assured\rest-assured\5.2.0\rest-assured-5.2.0.jar;C:\Users\membr\.m2\repository\org\apache\groovy\groovy\4.0.1\groovy-4.0.1.jar;C:\Users\membr\.m2\repository\org\apache\groovy\groovy-xml\4.0.1\groovy-xml-4.0.1.jar;C:\Users\membr\.m2\repository\org\apache\httpcomponents\httpclient\4.5.13\httpclient-4.5.13.jar;C:\Users\membr\.m2\repository\org\apache\httpcomponents\httpcore\4.4.13\httpcore-4.4.13.jar;C:\Users\membr\.m2\repository\commons-logging\commons-logging\1.2\commons-logging-1.2.jar;C:\Users\membr\.m2\repository\org\apache\httpcomponents\httpmime\4.5.13\httpmime-4.5.13.jar;C:\Users\membr\.m2\repository\org\hamcrest\hamcrest\2.1\hamcrest-2.1.jar;C:\Users\membr\.m2\repository\org\ccil\cowan\tagsoup\tagsoup\1.2.1\tagsoup-1.2.1.jar;C:\Users\membr\.m2\repository\io\rest-assured\json-path\5.2.0\json-path-5.2.0.jar;C:\Users\membr\.m2\repository\org\apache\groovy\groovy-json\4.0.1\groovy-json-4.0.1.jar;C:\Users\membr\.m2\repository\io\rest-assured\rest-assured-common\5.2.0\rest-assured-common-5.2.0.jar;C:\Users\membr\.m2\repository\io\rest-assured\xml-path\5.2.0\xml-path-5.2.0.jar;C:\Users\membr\.m2\repository\org\jsoup\jsoup\1.15.3\jsoup-1.15.3.jar;C:\Users\membr\.m2\repository\com\github\javafaker\javafaker\1.0.2\javafaker-1.0.2.jar;C:\Users\membr\.m2\repository\org\yaml\snakeyaml\1.23\snakeyaml-1.23-android.jar;C:\Users\membr\.m2\repository\com\github\mifmif\generex\1.0.2\generex-1.0.2.jar;C:\Users\membr\.m2\repository\dk\brics\automaton\automaton\1.11-8\automaton-1.11-8.jar;"/>
    <property name="java.vm.vendor" value="Oracle Corporation"/>
    <property name="sun.arch.data.model" value="64"/>
    <property name="user.variant" value=""/>
    <property name="java.vendor.url" value="https://java.oracle.com/"/>
    <property name="user.timezone" value="Europe/Madrid"/>
    <property name="os.name" value="Windows 10"/>
    <property name="java.vm.specification.version" value="17"/>
    <property name="sun.java.launcher" value="SUN_STANDARD"/>
    <property name="user.country" value="ES"/>
    <property name="sun.boot.library.path" value="C:\Program Files\Java\jdk-17.0.1\bin"/>
    <property name="sun.java.command" value="C:\Users\membr\AppData\Local\Temp\surefire637577052636377713\surefirebooter-20221106181614992_3.jar C:\Users\membr\AppData\Local\Temp\surefire637577052636377713 2022-11-06T18-16-14_575-jvmRun1 surefire-20221106181614992_1tmp surefire_0-20221106181614992_2tmp"/>
    <property name="jdk.debug" value="release"/>
    <property name="surefire.test.class.path" value="C:\Users\membr\Desktop\Desarrollo\GuideAutojava\SeleniumJavaFK\target\test-classes;C:\Users\membr\Desktop\Desarrollo\GuideAutojava\SeleniumJavaFK\target\classes;C:\Users\membr\.m2\repository\org\seleniumhq\selenium\selenium-java\4.5.3\selenium-java-4.5.3.jar;C:\Users\membr\.m2\repository\org\seleniumhq\selenium\selenium-api\4.5.3\selenium-api-4.5.3.jar;C:\Users\membr\.m2\repository\org\seleniumhq\selenium\selenium-chrome-driver\4.5.3\selenium-chrome-driver-4.5.3.jar;C:\Users\membr\.m2\repository\com\google\auto\service\auto-service-annotations\1.0.1\auto-service-annotations-1.0.1.jar;C:\Users\membr\.m2\repository\com\google\auto\service\auto-service\1.0.1\auto-service-1.0.1.jar;C:\Users\membr\.m2\repository\com\google\auto\auto-common\1.2\auto-common-1.2.jar;C:\Users\membr\.m2\repository\com\google\guava\guava\31.1-jre\guava-31.1-jre.jar;C:\Users\membr\.m2\repository\com\google\guava\failureaccess\1.0.1\failureaccess-1.0.1.jar;C:\Users\membr\.m2\repository\com\google\guava\listenablefuture\9999.0-empty-to-avoid-conflict-with-guava\listenablefuture-9999.0-empty-to-avoid-conflict-with-guava.jar;C:\Users\membr\.m2\repository\org\checkerframework\checker-qual\3.12.0\checker-qual-3.12.0.jar;C:\Users\membr\.m2\repository\com\google\errorprone\error_prone_annotations\2.11.0\error_prone_annotations-2.11.0.jar;C:\Users\membr\.m2\repository\com\google\j2objc\j2objc-annotations\1.3\j2objc-annotations-1.3.jar;C:\Users\membr\.m2\repository\org\seleniumhq\selenium\selenium-chromium-driver\4.5.3\selenium-chromium-driver-4.5.3.jar;C:\Users\membr\.m2\repository\org\seleniumhq\selenium\selenium-json\4.5.3\selenium-json-4.5.3.jar;C:\Users\membr\.m2\repository\org\seleniumhq\selenium\selenium-devtools-v104\4.5.3\selenium-devtools-v104-4.5.3.jar;C:\Users\membr\.m2\repository\org\seleniumhq\selenium\selenium-devtools-v105\4.5.3\selenium-devtools-v105-4.5.3.jar;C:\Users\membr\.m2\repository\org\seleniumhq\selenium\selenium-devtools-v106\4.5.3\selenium-devtools-v106-4.5.3.jar;C:\Users\membr\.m2\repository\org\seleniumhq\selenium\selenium-devtools-v85\4.5.3\selenium-devtools-v85-4.5.3.jar;C:\Users\membr\.m2\repository\org\seleniumhq\selenium\selenium-edge-driver\4.5.3\selenium-edge-driver-4.5.3.jar;C:\Users\membr\.m2\repository\org\seleniumhq\selenium\selenium-firefox-driver\4.5.3\selenium-firefox-driver-4.5.3.jar;C:\Users\membr\.m2\repository\org\seleniumhq\selenium\selenium-ie-driver\4.5.3\selenium-ie-driver-4.5.3.jar;C:\Users\membr\.m2\repository\org\seleniumhq\selenium\selenium-remote-driver\4.5.3\selenium-remote-driver-4.5.3.jar;C:\Users\membr\.m2\repository\io\netty\netty-buffer\4.1.84.Final\netty-buffer-4.1.84.Final.jar;C:\Users\membr\.m2\repository\io\netty\netty-codec-http\4.1.84.Final\netty-codec-http-4.1.84.Final.jar;C:\Users\membr\.m2\repository\io\netty\netty-codec\4.1.84.Final\netty-codec-4.1.84.Final.jar;C:\Users\membr\.m2\repository\io\netty\netty-handler\4.1.84.Final\netty-handler-4.1.84.Final.jar;C:\Users\membr\.m2\repository\io\netty\netty-common\4.1.84.Final\netty-common-4.1.84.Final.jar;C:\Users\membr\.m2\repository\io\netty\netty-transport-classes-epoll\4.1.84.Final\netty-transport-classes-epoll-4.1.84.Final.jar;C:\Users\membr\.m2\repository\io\netty\netty-transport-classes-kqueue\4.1.84.Final\netty-transport-classes-kqueue-4.1.84.Final.jar;C:\Users\membr\.m2\repository\io\netty\netty-transport-native-epoll\4.1.84.Final\netty-transport-native-epoll-4.1.84.Final.jar;C:\Users\membr\.m2\repository\io\netty\netty-transport-native-kqueue\4.1.84.Final\netty-transport-native-kqueue-4.1.84.Final.jar;C:\Users\membr\.m2\repository\io\netty\netty-transport-native-unix-common\4.1.84.Final\netty-transport-native-unix-common-4.1.84.Final.jar;C:\Users\membr\.m2\repository\io\netty\netty-transport\4.1.84.Final\netty-transport-4.1.84.Final.jar;C:\Users\membr\.m2\repository\io\netty\netty-resolver\4.1.84.Final\netty-resolver-4.1.84.Final.jar;C:\Users\membr\.m2\repository\io\opentelemetry\opentelemetry-api\1.19.0\opentelemetry-api-1.19.0.jar;C:\Users\membr\.m2\repository\io\opentelemetry\opentelemetry-context\1.19.0\opentelemetry-context-1.19.0.jar;C:\Users\membr\.m2\repository\io\opentelemetry\opentelemetry-exporter-logging\1.19.0\opentelemetry-exporter-logging-1.19.0.jar;C:\Users\membr\.m2\repository\io\opentelemetry\opentelemetry-sdk-metrics\1.19.0\opentelemetry-sdk-metrics-1.19.0.jar;C:\Users\membr\.m2\repository\io\opentelemetry\opentelemetry-sdk-logs\1.19.0-alpha\opentelemetry-sdk-logs-1.19.0-alpha.jar;C:\Users\membr\.m2\repository\io\opentelemetry\opentelemetry-api-logs\1.19.0-alpha\opentelemetry-api-logs-1.19.0-alpha.jar;C:\Users\membr\.m2\repository\io\opentelemetry\opentelemetry-sdk-common\1.19.0\opentelemetry-sdk-common-1.19.0.jar;C:\Users\membr\.m2\repository\io\opentelemetry\opentelemetry-sdk-extension-autoconfigure-spi\1.19.0\opentelemetry-sdk-extension-autoconfigure-spi-1.19.0.jar;C:\Users\membr\.m2\repository\io\opentelemetry\opentelemetry-sdk-extension-autoconfigure\1.19.0-alpha\opentelemetry-sdk-extension-autoconfigure-1.19.0-alpha.jar;C:\Users\membr\.m2\repository\io\opentelemetry\opentelemetry-exporter-common\1.19.0\opentelemetry-exporter-common-1.19.0.jar;C:\Users\membr\.m2\repository\io\opentelemetry\opentelemetry-sdk-trace\1.19.0\opentelemetry-sdk-trace-1.19.0.jar;C:\Users\membr\.m2\repository\io\opentelemetry\opentelemetry-sdk\1.19.0\opentelemetry-sdk-1.19.0.jar;C:\Users\membr\.m2\repository\io\opentelemetry\opentelemetry-semconv\1.19.0-alpha\opentelemetry-semconv-1.19.0-alpha.jar;C:\Users\membr\.m2\repository\io\ous\jtoml\2.0.0\jtoml-2.0.0.jar;C:\Users\membr\.m2\repository\net\bytebuddy\byte-buddy\1.12.18\byte-buddy-1.12.18.jar;C:\Users\membr\.m2\repository\org\apache\commons\commons-exec\1.3\commons-exec-1.3.jar;C:\Users\membr\.m2\repository\org\asynchttpclient\async-http-client\2.12.3\async-http-client-2.12.3.jar;C:\Users\membr\.m2\repository\org\asynchttpclient\async-http-client-netty-utils\2.12.3\async-http-client-netty-utils-2.12.3.jar;C:\Users\membr\.m2\repository\io\netty\netty-codec-socks\4.1.60.Final\netty-codec-socks-4.1.60.Final.jar;C:\Users\membr\.m2\repository\io\netty\netty-handler-proxy\4.1.60.Final\netty-handler-proxy-4.1.60.Final.jar;C:\Users\membr\.m2\repository\io\netty\netty-transport-native-epoll\4.1.60.Final\netty-transport-native-epoll-4.1.60.Final-linux-x86_64.jar;C:\Users\membr\.m2\repository\io\netty\netty-transport-native-kqueue\4.1.60.Final\netty-transport-native-kqueue-4.1.60.Final-osx-x86_64.jar;C:\Users\membr\.m2\repository\org\reactivestreams\reactive-streams\1.0.3\reactive-streams-1.0.3.jar;C:\Users\membr\.m2\repository\com\typesafe\netty\netty-reactive-streams\2.0.4\netty-reactive-streams-2.0.4.jar;C:\Users\membr\.m2\repository\com\sun\activation\jakarta.activation\1.2.2\jakarta.activation-1.2.2.jar;C:\Users\membr\.m2\repository\org\seleniumhq\selenium\selenium-http\4.5.3\selenium-http-4.5.3.jar;C:\Users\membr\.m2\repository\dev\failsafe\failsafe\3.3.0\failsafe-3.3.0.jar;C:\Users\membr\.m2\repository\org\seleniumhq\selenium\selenium-safari-driver\4.5.3\selenium-safari-driver-4.5.3.jar;C:\Users\membr\.m2\repository\org\seleniumhq\selenium\selenium-support\4.5.3\selenium-support-4.5.3.jar;C:\Users\membr\.m2\repository\org\testng\testng\7.6.1\testng-7.6.1.jar;C:\Users\membr\.m2\repository\com\google\code\findbugs\jsr305\3.0.2\jsr305-3.0.2.jar;C:\Users\membr\.m2\repository\org\slf4j\slf4j-api\1.7.36\slf4j-api-1.7.36.jar;C:\Users\membr\.m2\repository\com\beust\jcommander\1.82\jcommander-1.82.jar;C:\Users\membr\.m2\repository\org\webjars\jquery\3.6.0\jquery-3.6.0.jar;C:\Users\membr\.m2\repository\com\fasterxml\jackson\core\jackson-databind\2.13.4.2\jackson-databind-2.13.4.2.jar;C:\Users\membr\.m2\repository\com\fasterxml\jackson\core\jackson-annotations\2.13.4\jackson-annotations-2.13.4.jar;C:\Users\membr\.m2\repository\com\fasterxml\jackson\core\jackson-core\2.13.4\jackson-core-2.13.4.jar;C:\Users\membr\.m2\repository\io\github\bonigarcia\webdrivermanager\5.3.0\webdrivermanager-5.3.0.jar;C:\Users\membr\.m2\repository\com\google\code\gson\gson\2.9.1\gson-2.9.1.jar;C:\Users\membr\.m2\repository\com\github\docker-java\docker-java\3.2.13\docker-java-3.2.13.jar;C:\Users\membr\.m2\repository\com\github\docker-java\docker-java-core\3.2.13\docker-java-core-3.2.13.jar;C:\Users\membr\.m2\repository\com\github\docker-java\docker-java-api\3.2.13\docker-java-api-3.2.13.jar;C:\Users\membr\.m2\repository\commons-io\commons-io\2.6\commons-io-2.6.jar;C:\Users\membr\.m2\repository\org\apache\commons\commons-compress\1.21\commons-compress-1.21.jar;C:\Users\membr\.m2\repository\org\bouncycastle\bcpkix-jdk15on\1.64\bcpkix-jdk15on-1.64.jar;C:\Users\membr\.m2\repository\org\bouncycastle\bcprov-jdk15on\1.64\bcprov-jdk15on-1.64.jar;C:\Users\membr\.m2\repository\org\slf4j\jcl-over-slf4j\1.7.30\jcl-over-slf4j-1.7.30.jar;C:\Users\membr\.m2\repository\com\github\docker-java\docker-java-transport-httpclient5\3.2.13\docker-java-transport-httpclient5-3.2.13.jar;C:\Users\membr\.m2\repository\com\github\docker-java\docker-java-transport\3.2.13\docker-java-transport-3.2.13.jar;C:\Users\membr\.m2\repository\net\java\dev\jna\jna\5.8.0\jna-5.8.0.jar;C:\Users\membr\.m2\repository\org\brotli\dec\0.1.2\dec-0.1.2.jar;C:\Users\membr\.m2\repository\org\apache\commons\commons-lang3\3.12.0\commons-lang3-3.12.0.jar;C:\Users\membr\.m2\repository\org\apache\httpcomponents\client5\httpclient5\5.1.3\httpclient5-5.1.3.jar;C:\Users\membr\.m2\repository\org\apache\httpcomponents\core5\httpcore5\5.1.3\httpcore5-5.1.3.jar;C:\Users\membr\.m2\repository\org\apache\httpcomponents\core5\httpcore5-h2\5.1.3\httpcore5-h2-5.1.3.jar;C:\Users\membr\.m2\repository\commons-codec\commons-codec\1.15\commons-codec-1.15.jar;C:\Users\membr\.m2\repository\io\rest-assured\rest-assured\5.2.0\rest-assured-5.2.0.jar;C:\Users\membr\.m2\repository\org\apache\groovy\groovy\4.0.1\groovy-4.0.1.jar;C:\Users\membr\.m2\repository\org\apache\groovy\groovy-xml\4.0.1\groovy-xml-4.0.1.jar;C:\Users\membr\.m2\repository\org\apache\httpcomponents\httpclient\4.5.13\httpclient-4.5.13.jar;C:\Users\membr\.m2\repository\org\apache\httpcomponents\httpcore\4.4.13\httpcore-4.4.13.jar;C:\Users\membr\.m2\repository\commons-logging\commons-logging\1.2\commons-logging-1.2.jar;C:\Users\membr\.m2\repository\org\apache\httpcomponents\httpmime\4.5.13\httpmime-4.5.13.jar;C:\Users\membr\.m2\repository\org\hamcrest\hamcrest\2.1\hamcrest-2.1.jar;C:\Users\membr\.m2\repository\org\ccil\cowan\tagsoup\tagsoup\1.2.1\tagsoup-1.2.1.jar;C:\Users\membr\.m2\repository\io\rest-assured\json-path\5.2.0\json-path-5.2.0.jar;C:\Users\membr\.m2\repository\org\apache\groovy\groovy-json\4.0.1\groovy-json-4.0.1.jar;C:\Users\membr\.m2\repository\io\rest-assured\rest-assured-common\5.2.0\rest-assured-common-5.2.0.jar;C:\Users\membr\.m2\repository\io\rest-assured\xml-path\5.2.0\xml-path-5.2.0.jar;C:\Users\membr\.m2\repository\org\jsoup\jsoup\1.15.3\jsoup-1.15.3.jar;C:\Users\membr\.m2\repository\com\github\javafaker\javafaker\1.0.2\javafaker-1.0.2.jar;C:\Users\membr\.m2\repository\org\yaml\snakeyaml\1.23\snakeyaml-1.23-android.jar;C:\Users\membr\.m2\repository\com\github\mifmif\generex\1.0.2\generex-1.0.2.jar;C:\Users\membr\.m2\repository\dk\brics\automaton\automaton\1.11-8\automaton-1.11-8.jar;"/>
    <property name="sun.cpu.endian" value="little"/>
    <property name="user.home" value="C:\Users\membr"/>
    <property name="user.language" value="es"/>
    <property name="java.specification.vendor" value="Oracle Corporation"/>
    <property name="java.version.date" value="2021-10-19"/>
    <property name="java.home" value="C:\Program Files\Java\jdk-17.0.1"/>
    <property name="file.separator" value="\"/>
    <property name="basedir" value="C:\Users\membr\Desktop\Desarrollo\GuideAutojava\SeleniumJavaFK"/>
    <property name="java.vm.compressedOopsMode" value="Zero based"/>
    <property name="line.separator" value="&#10;"/>
    <property name="java.vm.specification.vendor" value="Oracle Corporation"/>
    <property name="java.specification.name" value="Java Platform API Specification"/>
    <property name="surefire.real.class.path" value="C:\Users\membr\AppData\Local\Temp\surefire637577052636377713\surefirebooter-20221106181614992_3.jar"/>
    <property name="user.script" value=""/>
    <property name="sun.management.compiler" value="HotSpot 64-Bit Tiered Compilers"/>
    <property name="java.runtime.version" value="17.0.1+12-LTS-39"/>
    <property name="user.name" value="membr"/>
    <property name="path.separator" value=";"/>
    <property name="os.version" value="10.0"/>
    <property name="java.runtime.name" value="Java(TM) SE Runtime Environment"/>
    <property name="file.encoding" value="Cp1252"/>
    <property name="browser" value="FIREFOX"/>
    <property name="java.vm.name" value="Java HotSpot(TM) 64-Bit Server VM"/>
    <property name="localRepository" value="C:\Users\membr\.m2\repository"/>
    <property name="java.vendor.url.bug" value="https://bugreport.java.com/bugreport/"/>
    <property name="java.io.tmpdir" value="C:\Users\membr\AppData\Local\Temp\"/>
    <property name="java.version" value="17.0.1"/>
    <property name="user.dir" value="C:\Users\membr\Desktop\Desarrollo\GuideAutojava\SeleniumJavaFK"/>
    <property name="os.arch" value="amd64"/>
    <property name="webdriver.gecko.driver" value="src\test\resources\Drivers\geckodriver\win64\0.32.0\geckodriver.exe"/>
    <property name="java.vm.specification.name" value="Java Virtual Machine Specification"/>
    <property name="sun.os.patch.level" value=""/>
    <property name="native.encoding" value="Cp1252"/>
    <property name="java.library.path" value="C:\Program Files\Java\jdk-17.0.1\bin;C:\WINDOWS\Sun\Java\bin;C:\WINDOWS\system32;C:\WINDOWS;C:\Python310\Scripts\;C:\Python310\;C:\Program Files\Common Files\Oracle\Java\javapath;C:\Program Files (x86)\Common Files\Oracle\Java\javapath;C:\Program Files (x86)\VMware\VMware Workstation\bin\;C:\WINDOWS\system32;C:\WINDOWS;C:\WINDOWS\System32\Wbem;C:\WINDOWS\System32\WindowsPowerShell\v1.0\;C:\WINDOWS\System32\OpenSSH\;C:\Program Files\NVIDIA Corporation\NVIDIA NvDLISR;C:\Users\membr\AppData\Local\Android\Sdk\platform-tools;C:\Users\membr\AppData\Local\Android\Sdk\platforms;C:\Program Files (x86)\NVIDIA Corporation\PhysX\Common;C:\Program Files\Git\cmd;C:\Program Files\nodejs\;C:\ProgramData\chocolatey\bin;C:\Users\membr\AppData\Local\Microsoft\WindowsApps;C:\Program Files\JetBrains\PyCharm Community Edition 2021.2.3\bin;;C:\Program Files\JetBrains\PyCharm 2021.2.3\bin;;C:\Users\membr\AppData\Local\flutter\bin;C:\Users\membr\AppData\Roaming\npm;C:\Program Files\JetBrains\IntelliJ IDEA 2021.3.1\bin;;C:\Program Files\apache-maven-3.8.4\bin;;C:\Program Files\JetBrains\IntelliJ IDEA Community Edition 2022.2.1\bin;;."/>
    <property name="java.vm.info" value="mixed mode, sharing"/>
    <property name="java.vendor" value="Oracle Corporation"/>
    <property name="java.vm.version" value="17.0.1+12-LTS-39"/>
    <property name="sun.io.unicode.encoding" value="UnicodeLittle"/>
    <property name="java.class.version" value="61.0"/>
  </properties>
  <testcase name="loginDuringCheckout" classname="org.selenium.pom.tests.LoginTest" time="4.551">
    <system-out><![CDATA[CURRENT THREAD: 28, DRIVER = FirefoxDriver: firefox on WINDOWS (cfb2de0d-de36-4d49-8b67-42ca9ceeade7)
CURRENT THREAD: 26, DRIVER = FirefoxDriver: firefox on WINDOWS (79ceab70-5c09-42a5-862a-5fad5c118e62)
CURRENT THREAD: 29, DRIVER = FirefoxDriver: firefox on WINDOWS (90da3d43-8b15-4005-8c7f-12dae83b1ff2)
CURRENT THREAD: 27, DRIVER = FirefoxDriver: firefox on WINDOWS (0cab3fdf-2cf8-413c-8803-0b9c90b15e7a)
Request method:	GET
Request URI:	https://askomdch.com/account
Proxy:			<none>
Request params:	<none>
Query params:	<none>
Form params:	<none>
Path params:	<none>
Headers:		Accept=*/*
Cookies:		<none>
Multiparts:		<none>
Body:			<none>
Request method:	GET
Request URI:	https://askomdch.com/account
Proxy:			<none>
Request params:	<none>
Query params:	<none>
Form params:	<none>
Path params:	<none>
Headers:		Accept=*/*
Cookies:		<none>
Multiparts:		<none>
Body:			<none>
HTTP/1.1 200 OK
Date: Sun, 06 Nov 2022 17:16:26 GMT
Content-Type: text/html; charset=UTF-8
Transfer-Encoding: chunked
Connection: keep-alive
vary: Accept-Encoding
expires: Wed, 11 Jan 1984 05:00:00 GMT
Cache-Control: no-cache, must-revalidate, max-age=0
x-frame-options: SAMEORIGIN
x-frame-options: SAMEORIGIN
strict-transport-security: max-age=63072000
x-content-type-options: nosniff
x-xss-protection: 1; mode=block
CF-Cache-Status: DYNAMIC
Report-To: {"endpoints":[{"url":"https:\/\/a.nel.cloudflare.com\/report\/v3?s=czbqICiXcD7R5bjrsWSxPVhmazCdUQBR%2BsWYnkJ4QcajTL2UhFFYkSk1egBXNSzbCEq7J20nmFPD3lw2%2BIxk22VkhEtsZVNprEtTHPg6xH2gzt3qSSrIZvSm%2BmLktIo%3D"}],"group":"cf-nel","max_age":604800}
NEL: {"success_fraction":0,"report_to":"cf-nel","max_age":604800}
Server: cloudflare
CF-RAY: 765f7a196d2ef0b3-CDG
Content-Encoding: gzip
alt-svc: h3=":443"; ma=86400, h3-29=":443"; ma=86400

<html lang="en-US">
  <head>
    <meta charset="UTF-8"/>
    <meta name="viewport" content="width=device-width, initial-scale=1"/>
    <link rel="profile" href="https://gmpg.org/xfn/11"/>
    <title>Account – AskOmDch</title>
    <meta name="robots" content="max-image-preview:large, noindex, follow"/>
    <link id="astra-theme-css-css" rel="stylesheet" href="https://askomdch.com/wp-content/themes/astra/assets/css/minified/frontend.min.css?ver=3.7.5" media="all"/>
    <style id="astra-theme-css-inline-css">
html{font-size:93.75%;}a,.page-title{color:#4e4e4e;}a:hover,a:focus{color:#0084d6;}body,button,input,select,textarea,.ast-button,.ast-custom-button{font-family:'Lato',sans-serif;font-weight:400;font-size:15px;font-size:1rem;}blockquote{color:#000000;}h1,.entry-content h1,.entry-content h1 a,h2,.entry-content h2,.entry-content h2 a,h3,.entry-content h3,.entry-content h3 a,h4,.entry-content h4,.entry-content h4 a,h5,.entry-content h5,.entry-content h5 a,h6,.entry-content h6,.entry-content h6 a,.site-title,.site-title a{font-family:'Lato',sans-serif;font-weight:700;}.site-title{font-size:35px;font-size:2.3333333333333rem;display:block;}header .custom-logo-link img{max-width:140px;}.astra-logo-svg{width:140px;}.ast-archive-description .ast-archive-title{font-size:40px;font-size:2.6666666666667rem;}.site-header .site-description{font-size:15px;font-size:1rem;display:none;}.entry-title{font-size:30px;font-size:2rem;}h1,.entry-content h1,.entry-content h1 a{font-size:58px;font-size:3.8666666666667rem;font-family:'Lato',sans-serif;}h2,.entry-content h2,.entry-content h2 a{font-size:42px;font-size:2.8rem;font-family:'Lato',sans-serif;}h3,.entry-content h3,.entry-content h3 a{font-size:30px;font-size:2rem;font-family:'Lato',sans-serif;}h4,.entry-content h4,.entry-content h4 a{font-size:20px;font-size:1.3333333333333rem;font-family:'Lato',sans-serif;}h5,.entry-content h5,.entry-content h5 a{font-size:18px;font-size:1.2rem;font-family:'Lato',sans-serif;}h6,.entry-content h6,.entry-content h6 a{font-size:15px;font-size:1rem;font-family:'Lato',sans-serif;}.ast-single-post .entry-title,.page-title{font-size:30px;font-size:2rem;}::selection{background-color:#54595f;color:#ffffff;}body,h1,.entry-title a,.entry-content h1,.entry-content h1 a,h2,.entry-content h2,.entry-content h2 a,h3,.entry-content h3,.entry-content h3 a,h4,.entry-content h4,.entry-content h4 a,h5,.entry-content h5,.entry-content h5 a,h6,.entry-content h6,.entry-content h6 a{color:#333333;}.tagcloud a:hover,.tagcloud a:focus,.tagcloud a.current-item{color:#ffffff;border-color:#4e4e4e;background-color:#4e4e4e;}input:focus,input[type="text"]:focus,input[type="email"]:focus,input[type="url"]:focus,input[type="password"]:focus,input[type="reset"]:focus,input[type="search"]:focus,textarea:focus{border-color:#4e4e4e;}input[type="radio"]:checked,input[type=reset],input[type="checkbox"]:checked,input[type="checkbox"]:hover:checked,input[type="checkbox"]:focus:checked,input[type=range]::-webkit-slider-thumb{border-color:#4e4e4e;background-color:#4e4e4e;box-shadow:none;}.site-footer a:hover + .post-count,.site-footer a:focus + .post-count{background:#4e4e4e;border-color:#4e4e4e;}.single .nav-links .nav-previous,.single .nav-links .nav-next{color:#4e4e4e;}.entry-meta,.entry-meta *{line-height:1.45;color:#4e4e4e;}.entry-meta a:hover,.entry-meta a:hover *,.entry-meta a:focus,.entry-meta a:focus *,.page-links &gt; .page-link,.page-links .page-link:hover,.post-navigation a:hover{color:#0084d6;}#cat option,.secondary .calendar_wrap thead a,.secondary .calendar_wrap thead a:visited{color:#4e4e4e;}.secondary .calendar_wrap #today,.ast-progress-val span{background:#4e4e4e;}.secondary a:hover + .post-count,.secondary a:focus + .post-count{background:#4e4e4e;border-color:#4e4e4e;}.calendar_wrap #today &gt; a{color:#ffffff;}.page-links .page-link,.single .post-navigation a{color:#4e4e4e;}.widget-title{font-size:21px;font-size:1.4rem;color:#333333;}@media (max-width:921px){#ast-desktop-header{display:none;}}@media (min-width:921px){#ast-mobile-header{display:none;}}.ast-site-header-cart .cart-container,.ast-edd-site-header-cart .ast-edd-cart-container {transition: all 0.2s linear;}.ast-site-header-cart .ast-woo-header-cart-info-wrap,.ast-edd-site-header-cart .ast-edd-header-cart-info-wrap {padding: 0 2px;font-weight: 600;line-height: 2.7;display: inline-block;}.ast-site-header-cart i.astra-icon {font-size: 20px;font-size: 1.3em;font-style: normal;font-weight: normal;position: relative;padding: 0 2px;}.ast-site-header-cart i.astra-icon.no-cart-total:after,.ast-header-break-point.ast-header-custom-item-outside .ast-edd-header-cart-info-wrap,.ast-header-break-point.ast-header-custom-item-outside .ast-woo-header-cart-info-wrap {display: none;}.ast-site-header-cart.ast-menu-cart-fill i.astra-icon,.ast-edd-site-header-cart.ast-edd-menu-cart-fill span.astra-icon {font-size: 1.1em;}.astra-cart-drawer {position: fixed;display: block;visibility: hidden;overflow: auto;-webkit-overflow-scrolling: touch;z-index: 9999;background-color: #fff;transition: all 0.5s ease;transform: translate3d(0,0,0);}.astra-cart-drawer.open-right {width: 80%;height: 100%;left: 100%;top: 0px;transform: translate3d(0%,0,0);}.astra-cart-drawer.active {transform: translate3d(-100%,0,0);visibility: visible;}.astra-cart-drawer .astra-cart-drawer-header {text-align: center;text-transform: uppercase;font-weight: 400;border-bottom: 1px solid #f0f0f0;padding: 0 0 0.675rem;}.astra-cart-drawer .astra-cart-drawer-close .ast-close-svg {width: 22px;height: 22px; }.astra-cart-drawer .astra-cart-drawer-title {padding-top: 5px;}.astra-cart-drawer .astra-cart-drawer-content .woocommerce-mini-cart {padding: 1em 1.5em;}.astra-cart-drawer .astra-cart-drawer-content .woocommerce-mini-cart a.remove {width: 20px;height: 20px;line-height: 16px;}.astra-cart-drawer .astra-cart-drawer-content .woocommerce-mini-cart__total {padding: 1em 1.5em;margin: 0;text-align: center;}.astra-cart-drawer .astra-cart-drawer-content .woocommerce-mini-cart__buttons {padding: 10px;text-align: center;} .astra-cart-drawer .astra-cart-drawer-content .woocommerce-mini-cart__buttons .button.checkout {margin-right: 0;}.astra-cart-drawer .astra-cart-drawer-content .edd-cart-item {padding: .5em 2.6em .5em 1.5em;}.astra-cart-drawer .astra-cart-drawer-content .edd-cart-item .edd-remove-from-cart::after {width: 20px;height: 20px;line-height: 16px;}.astra-cart-drawer .astra-cart-drawer-content .edd-cart-number-of-items {padding: 1em 1.5em 1em 1.5em;margin-bottom: 0;text-align: center;}.astra-cart-drawer .astra-cart-drawer-content .edd_total {padding: .5em 1.5em;margin: 0;text-align: center;}.astra-cart-drawer .astra-cart-drawer-content .cart_item.edd_checkout {padding: 1em 1.5em 0;text-align: center;margin-top: 0;}.astra-cart-drawer .woocommerce-mini-cart__empty-message,.astra-cart-drawer .cart_item.empty {text-align: center;margin-top: 10px;}body.admin-bar .astra-cart-drawer {padding-top: 32px;}body.admin-bar .astra-cart-drawer .astra-cart-drawer-close {top: 32px;}@media (max-width: 782px) {body.admin-bar .astra-cart-drawer {padding-top: 46px;}body.admin-bar .astra-cart-drawer .astra-cart-drawer-close {top: 46px;}}.ast-mobile-cart-active body.ast-hfb-header {overflow: hidden;}.ast-mobile-cart-active .astra-mobile-cart-overlay {opacity: 1;cursor: pointer;visibility: visible;z-index: 999;}@media (max-width: 545px) {.astra-cart-drawer.active {width: 100%;}}.ast-site-header-cart i.astra-icon:after {content: attr(data-cart-total);position: absolute;font-style: normal;top: -10px;right: -12px;font-weight: bold;box-shadow: 1px 1px 3px 0px rgba(0,0,0,0.3);font-size: 11px;padding-left: 0px;padding-right: 2px;line-height: 17px;letter-spacing: -.5px;height: 18px;min-width: 18px;border-radius: 99px;text-align: center;z-index: 3;}li.woocommerce-custom-menu-item .ast-site-header-cart i.astra-icon:after,li.edd-custom-menu-item .ast-edd-site-header-cart span.astra-icon:after {padding-left: 2px;}.astra-cart-drawer .astra-cart-drawer-close {position: absolute;top: 0;right: 0;margin: 0;padding: .6em 1em .4em;color: #ababab;background-color: transparent;}.astra-mobile-cart-overlay {background-color: rgba(0,0,0,0.4);position: fixed;top: 0;right: 0;bottom: 0;left: 0;visibility: hidden;opacity: 0;transition: opacity 0.2s ease-in-out;}.astra-cart-drawer .astra-cart-drawer-content .edd-cart-item .edd-remove-from-cart {right: 1.2em;}.ast-header-break-point.ast-woocommerce-cart-menu.ast-hfb-header .ast-cart-menu-wrap,.ast-header-break-point.ast-hfb-header .ast-cart-menu-wrap,.ast-header-break-point .ast-edd-site-header-cart-wrap .ast-edd-cart-menu-wrap {width: 2em;height: 2em;font-size: 1.4em;line-height: 2;vertical-align: middle;text-align: right;}.ast-site-header-cart.ast-menu-cart-outline .ast-cart-menu-wrap,.ast-site-header-cart.ast-menu-cart-fill .ast-cart-menu-wrap,.ast-edd-site-header-cart.ast-edd-menu-cart-outline .ast-edd-cart-menu-wrap,.ast-edd-site-header-cart.ast-edd-menu-cart-fill .ast-edd-cart-menu-wrap {line-height: 1.8;}.ast-site-header-cart .cart-container *,.ast-edd-site-header-cart .ast-edd-cart-container * {transition: all 0s linear;}.wp-block-buttons.aligncenter{justify-content:center;}@media (min-width:1200px){.wp-block-group .has-background{padding:20px;}}@media (min-width:1200px){.ast-no-sidebar.ast-separate-container .entry-content .wp-block-group.alignwide,.ast-no-sidebar.ast-separate-container .entry-content .wp-block-cover.alignwide{margin-left:-20px;margin-right:-20px;padding-left:20px;padding-right:20px;}.ast-no-sidebar.ast-separate-container .entry-content .wp-block-cover.alignfull,.ast-no-sidebar.ast-separate-container .entry-content .wp-block-group.alignfull{margin-left:-6.67em;margin-right:-6.67em;padding-left:6.67em;padding-right:6.67em;}}@media (min-width:1200px){.wp-block-cover-image.alignwide .wp-block-cover__inner-container,.wp-block-cover.alignwide .wp-block-cover__inner-container,.wp-block-cover-image.alignfull .wp-block-cover__inner-container,.wp-block-cover.alignfull .wp-block-cover__inner-container{width:100%;}}.ast-plain-container.ast-no-sidebar #primary{margin-top:0;margin-bottom:0;}@media (max-width:921px){.ast-theme-transparent-header #primary,.ast-theme-transparent-header #secondary{padding:0;}}.wp-block-columns{margin-bottom:unset;}.wp-block-image.size-full{margin:2rem 0;}.wp-block-separator.has-background{padding:0;}.wp-block-gallery{margin-bottom:1.6em;}.wp-block-group{padding-top:4em;padding-bottom:4em;}.wp-block-group__inner-container .wp-block-columns:last-child,.wp-block-group__inner-container :last-child,.wp-block-table table{margin-bottom:0;}.blocks-gallery-grid{width:100%;}.wp-block-navigation-link__content{padding:5px 0;}.wp-block-group .wp-block-group .has-text-align-center,.wp-block-group .wp-block-column .has-text-align-center{max-width:100%;}.has-text-align-center{margin:0 auto;}@media (min-width:1200px){.wp-block-cover__inner-container,.alignwide .wp-block-group__inner-container,.alignfull .wp-block-group__inner-container{max-width:1200px;margin:0 auto;}.wp-block-group.alignnone,.wp-block-group.aligncenter,.wp-block-group.alignleft,.wp-block-group.alignright,.wp-block-group.alignwide,.wp-block-columns.alignwide{margin:2rem 0 1rem 0;}}@media (max-width:1200px){.wp-block-group{padding:3em;}.wp-block-group .wp-block-group{padding:1.5em;}.wp-block-columns,.wp-block-column{margin:1rem 0;}}@media (min-width:921px){.wp-block-columns .wp-block-group{padding:2em;}}@media (max-width:544px){.wp-block-cover-image .wp-block-cover__inner-container,.wp-block-cover .wp-block-cover__inner-container{width:unset;}.wp-block-cover,.wp-block-cover-image{padding:2em 0;}.wp-block-group,.wp-block-cover{padding:2em;}.wp-block-media-text__media img,.wp-block-media-text__media video{width:unset;max-width:100%;}.wp-block-media-text.has-background .wp-block-media-text__content{padding:1em;}}@media (max-width:921px){.ast-plain-container.ast-no-sidebar #primary{padding:0;}}@media (min-width:544px){.entry-content .wp-block-media-text.has-media-on-the-right .wp-block-media-text__content{padding:0 8% 0 0;}.entry-content .wp-block-media-text .wp-block-media-text__content{padding:0 0 0 8%;}.ast-plain-container .site-content .entry-content .has-custom-content-position.is-position-bottom-left &gt; *,.ast-plain-container .site-content .entry-content .has-custom-content-position.is-position-bottom-right &gt; *,.ast-plain-container .site-content .entry-content .has-custom-content-position.is-position-top-left &gt; *,.ast-plain-container .site-content .entry-content .has-custom-content-position.is-position-top-right &gt; *,.ast-plain-container .site-content .entry-content .has-custom-content-position.is-position-center-right &gt; *,.ast-plain-container .site-content .entry-content .has-custom-content-position.is-position-center-left &gt; *{margin:0;}}@media (max-width:544px){.entry-content .wp-block-media-text .wp-block-media-text__content{padding:8% 0;}.wp-block-media-text .wp-block-media-text__media img{width:auto;max-width:100%;}}@media (max-width:921px){.ast-separate-container .ast-article-post,.ast-separate-container .ast-article-single{padding:1.5em 2.14em;}.ast-separate-container #primary,.ast-separate-container #secondary{padding:1.5em 0;}#primary,#secondary{padding:1.5em 0;margin:0;}.ast-left-sidebar #content &gt; .ast-container{display:flex;flex-direction:column-reverse;width:100%;}.ast-author-box img.avatar{margin:20px 0 0 0;}}@media (min-width:922px){.ast-separate-container.ast-right-sidebar #primary,.ast-separate-container.ast-left-sidebar #primary{border:0;}.search-no-results.ast-separate-container #primary{margin-bottom:4em;}}.elementor-button-wrapper .elementor-button{border-style:solid;text-decoration:none;border-top-width:0;border-right-width:0;border-left-width:0;border-bottom-width:0;}body .elementor-button.elementor-size-sm,body .elementor-button.elementor-size-xs,body .elementor-button.elementor-size-md,body .elementor-button.elementor-size-lg,body .elementor-button.elementor-size-xl,body .elementor-button{border-radius:0;padding-top:17px;padding-right:30px;padding-bottom:17px;padding-left:30px;}.elementor-button-wrapper .elementor-button{border-color:#3197d6;background-color:#3197d6;}.elementor-button-wrapper .elementor-button:hover,.elementor-button-wrapper .elementor-button:focus{color:#ffffff;background-color:#0084d6;border-color:#0084d6;}.wp-block-button .wp-block-button__link ,.elementor-button-wrapper .elementor-button,.elementor-button-wrapper .elementor-button:visited{color:#ffffff;}.elementor-button-wrapper .elementor-button{font-family:inherit;font-weight:inherit;line-height:1;text-transform:uppercase;letter-spacing:1px;}body .elementor-button.elementor-size-sm,body .elementor-button.elementor-size-xs,body .elementor-button.elementor-size-md,body .elementor-button.elementor-size-lg,body .elementor-button.elementor-size-xl,body .elementor-button{font-size:15px;font-size:1rem;}.wp-block-button .wp-block-button__link:hover,.wp-block-button .wp-block-button__link:focus{color:#ffffff;background-color:#0084d6;border-color:#0084d6;}.wp-block-button .wp-block-button__link{border-style:solid;border-top-width:0;border-right-width:0;border-left-width:0;border-bottom-width:0;border-color:#3197d6;background-color:#3197d6;color:#ffffff;font-family:inherit;font-weight:inherit;line-height:1;text-transform:uppercase;letter-spacing:1px;font-size:15px;font-size:1rem;border-radius:0;}.wp-block-buttons .wp-block-button .wp-block-button__link{padding-top:17px;padding-right:30px;padding-bottom:17px;padding-left:30px;}.menu-toggle,button,.ast-button,.ast-custom-button,.button,input#submit,input[type="button"],input[type="submit"],input[type="reset"]{border-style:solid;border-top-width:0;border-right-width:0;border-left-width:0;border-bottom-width:0;color:#ffffff;border-color:#3197d6;background-color:#3197d6;border-radius:0;padding-top:17px;padding-right:30px;padding-bottom:17px;padding-left:30px;font-family:inherit;font-weight:inherit;font-size:15px;font-size:1rem;line-height:1;text-transform:uppercase;letter-spacing:1px;}button:focus,.menu-toggle:hover,button:hover,.ast-button:hover,.ast-custom-button:hover .button:hover,.ast-custom-button:hover ,input[type=reset]:hover,input[type=reset]:focus,input#submit:hover,input#submit:focus,input[type="button"]:hover,input[type="button"]:focus,input[type="submit"]:hover,input[type="submit"]:focus{color:#ffffff;background-color:#0084d6;border-color:#0084d6;}@media (min-width:544px){.ast-container{max-width:100%;}}@media (max-width:544px){.ast-separate-container .ast-article-post,.ast-separate-container .ast-article-single,.ast-separate-container .comments-title,.ast-separate-container .ast-archive-description{padding:1.5em 1em;}.ast-separate-container #content .ast-container{padding-left:0.54em;padding-right:0.54em;}.ast-separate-container .ast-comment-list li.depth-1{padding:1.5em 1em;margin-bottom:1.5em;}.ast-separate-container .ast-comment-list .bypostauthor{padding:.5em;}.ast-search-menu-icon.ast-dropdown-active .search-field{width:170px;}}@media (max-width:921px){.ast-mobile-header-stack .main-header-bar .ast-search-menu-icon{display:inline-block;}.ast-header-break-point.ast-header-custom-item-outside .ast-mobile-header-stack .main-header-bar .ast-search-icon{margin:0;}.ast-comment-avatar-wrap img{max-width:2.5em;}.ast-separate-container .ast-comment-list li.depth-1{padding:1.5em 2.14em;}.ast-separate-container .comment-respond{padding:2em 2.14em;}.ast-comment-meta{padding:0 1.8888em 1.3333em;}}body,.ast-separate-container{background-color:#f9f9f9;;}.ast-no-sidebar.ast-separate-container .entry-content .alignfull {margin-left: -6.67em;margin-right: -6.67em;width: auto;}@media (max-width: 1200px) {.ast-no-sidebar.ast-separate-container .entry-content .alignfull {margin-left: -2.4em;margin-right: -2.4em;}}@media (max-width: 768px) {.ast-no-sidebar.ast-separate-container .entry-content .alignfull {margin-left: -2.14em;margin-right: -2.14em;}}@media (max-width: 544px) {.ast-no-sidebar.ast-separate-container .entry-content .alignfull {margin-left: -1em;margin-right: -1em;}}.ast-no-sidebar.ast-separate-container .entry-content .alignwide {margin-left: -20px;margin-right: -20px;}.ast-no-sidebar.ast-separate-container .entry-content .wp-block-column .alignfull,.ast-no-sidebar.ast-separate-container .entry-content .wp-block-column .alignwide {margin-left: auto;margin-right: auto;width: 100%;}@media (max-width:921px){.site-title{display:block;}.ast-archive-description .ast-archive-title{font-size:40px;}.site-header .site-description{display:none;}.entry-title{font-size:30px;}h1,.entry-content h1,.entry-content h1 a{font-size:30px;}h2,.entry-content h2,.entry-content h2 a{font-size:25px;}h3,.entry-content h3,.entry-content h3 a{font-size:20px;}.ast-single-post .entry-title,.page-title{font-size:30px;}.astra-logo-svg{width:120px;}header .custom-logo-link img,.ast-header-break-point .site-logo-img .custom-mobile-logo-link img{max-width:120px;}}@media (max-width:544px){.site-title{display:block;}.ast-archive-description .ast-archive-title{font-size:40px;}.site-header .site-description{display:none;}.entry-title{font-size:30px;}h1,.entry-content h1,.entry-content h1 a{font-size:30px;}h2,.entry-content h2,.entry-content h2 a{font-size:25px;}h3,.entry-content h3,.entry-content h3 a{font-size:20px;}.ast-single-post .entry-title,.page-title{font-size:30px;}header .custom-logo-link img,.ast-header-break-point .site-branding img,.ast-header-break-point .custom-logo-link img{max-width:120px;}.astra-logo-svg{width:120px;}.ast-header-break-point .site-logo-img .custom-mobile-logo-link img{max-width:120px;}}@media (max-width:921px){html{font-size:85.5%;}}@media (max-width:544px){html{font-size:85.5%;}}@media (min-width:922px){.ast-container{max-width:1240px;}}@font-face {font-family: "Astra";src: url(https://askomdch.com/wp-content/themes/astra/assets/fonts/astra.woff) format("woff"),url(https://askomdch.com/wp-content/themes/astra/assets/fonts/astra.ttf) format("truetype"),url(https://askomdch.com/wp-content/themes/astra/assets/fonts/astra.svg#astra) format("svg");font-weight: normal;font-style: normal;font-display: fallback;}@media (min-width:922px){.main-header-menu .sub-menu .menu-item.ast-left-align-sub-menu:hover &gt; .sub-menu,.main-header-menu .sub-menu .menu-item.ast-left-align-sub-menu.focus &gt; .sub-menu{margin-left:-2px;}}.ast-theme-transparent-header [data-section="section-header-mobile-trigger"] .ast-button-wrap .ast-mobile-menu-trigger-minimal{background:transparent;}.footer-widget-area[data-section^="section-fb-html-"] .ast-builder-html-element{text-align:center;}.astra-icon-down_arrow::after {content: "\e900";font-family: Astra;}.astra-icon-close::after {content: "\e5cd";font-family: Astra;}.astra-icon-drag_handle::after {content: "\e25d";font-family: Astra;}.astra-icon-format_align_justify::after {content: "\e235";font-family: Astra;}.astra-icon-menu::after {content: "\e5d2";font-family: Astra;}.astra-icon-reorder::after {content: "\e8fe";font-family: Astra;}.astra-icon-search::after {content: "\e8b6";font-family: Astra;}.astra-icon-zoom_in::after {content: "\e56b";font-family: Astra;}.astra-icon-check-circle::after {content: "\e901";font-family: Astra;}.astra-icon-shopping-cart::after {content: "\f07a";font-family: Astra;}.astra-icon-shopping-bag::after {content: "\f290";font-family: Astra;}.astra-icon-shopping-basket::after {content: "\f291";font-family: Astra;}.astra-icon-circle-o::after {content: "\e903";font-family: Astra;}.astra-icon-certificate::after {content: "\e902";font-family: Astra;}blockquote {padding: 1.2em;}.ast-header-break-point .ast-mobile-header-wrap .ast-above-header-wrap .main-header-bar-navigation .inline-on-mobile .menu-item .menu-link,.ast-header-break-point .ast-mobile-header-wrap .ast-main-header-wrap .main-header-bar-navigation .inline-on-mobile .menu-item .menu-link,.ast-header-break-point .ast-mobile-header-wrap .ast-below-header-wrap .main-header-bar-navigation .inline-on-mobile .menu-item .menu-link {border: none;}.ast-header-break-point .ast-mobile-header-wrap .ast-above-header-wrap .main-header-bar-navigation .inline-on-mobile .menu-item-has-children &gt; .ast-menu-toggle::before,.ast-header-break-point .ast-mobile-header-wrap .ast-main-header-wrap .main-header-bar-navigation .inline-on-mobile .menu-item-has-children &gt; .ast-menu-toggle::before,.ast-header-break-point .ast-mobile-header-wrap .ast-below-header-wrap .main-header-bar-navigation .inline-on-mobile .menu-item-has-children &gt; .ast-menu-toggle::before {font-size: .6rem;}.ast-header-break-point .ast-mobile-header-wrap .ast-flex.inline-on-mobile {flex-wrap: unset;}.ast-header-break-point .ast-mobile-header-wrap .ast-flex.inline-on-mobile .menu-item.ast-submenu-expanded &gt; .sub-menu .menu-link {padding: .1em 1em;}.ast-header-break-point .ast-mobile-header-wrap .ast-flex.inline-on-mobile .menu-item.ast-submenu-expanded &gt; .sub-menu &gt; .menu-item .ast-menu-toggle::before {transform: rotate(-90deg);}.ast-header-break-point .ast-mobile-header-wrap .ast-flex.inline-on-mobile .menu-item.ast-submenu-expanded &gt; .sub-menu &gt; .menu-item.ast-submenu-expanded .ast-menu-toggle::before {transform: rotate(-270deg);}.ast-header-break-point .ast-mobile-header-wrap .ast-flex.inline-on-mobile .menu-item &gt; .sub-menu &gt; .menu-item .menu-link:before {content: none;}.ast-header-break-point .ast-mobile-header-wrap .ast-flex.inline-on-mobile {flex-wrap: unset;}.ast-header-break-point .ast-mobile-header-wrap .ast-flex.inline-on-mobile .menu-item.ast-submenu-expanded &gt; .sub-menu .menu-link {padding: .1em 1em;}.ast-header-break-point .ast-mobile-header-wrap .ast-flex.inline-on-mobile .menu-item.ast-submenu-expanded &gt; .sub-menu &gt; .menu-item .ast-menu-toggle::before {transform: rotate(-90deg);}.ast-header-break-point .ast-mobile-header-wrap .ast-flex.inline-on-mobile .menu-item.ast-submenu-expanded &gt; .sub-menu &gt; .menu-item.ast-submenu-expanded .ast-menu-toggle::before {transform: rotate(-270deg);}.ast-header-break-point .ast-mobile-header-wrap .ast-flex.inline-on-mobile .menu-item &gt; .sub-menu &gt; .menu-item .menu-link:before {content: none;}.ast-header-break-point .inline-on-mobile .sub-menu {width: 150px;}.ast-header-break-point .ast-mobile-header-wrap .ast-flex.inline-on-mobile .menu-item.menu-item-has-children {margin-right: 10px;}.ast-header-break-point .ast-mobile-header-wrap .ast-flex.inline-on-mobile .menu-item.ast-submenu-expanded &gt; .sub-menu {display: block;position: absolute;right: auto;left: 0;}.ast-header-break-point .ast-mobile-header-wrap .ast-flex.inline-on-mobile .menu-item.ast-submenu-expanded &gt; .sub-menu .menu-item .ast-menu-toggle {padding: 0;right: 1em;}.ast-header-break-point .ast-mobile-header-wrap .ast-flex.inline-on-mobile .menu-item.ast-submenu-expanded &gt; .sub-menu &gt; .menu-item &gt; .sub-menu {left: 100%;right: auto;}.ast-header-break-point .ast-mobile-header-wrap .ast-flex.inline-on-mobile .ast-menu-toggle {right: -15px;}.ast-header-break-point .ast-mobile-header-wrap .ast-flex.inline-on-mobile .menu-item.menu-item-has-children {margin-right: 10px;}.ast-header-break-point .ast-mobile-header-wrap .ast-flex.inline-on-mobile .menu-item.ast-submenu-expanded &gt; .sub-menu {display: block;position: absolute;right: auto;left: 0;}.ast-header-break-point .ast-mobile-header-wrap .ast-flex.inline-on-mobile .menu-item.ast-submenu-expanded &gt; .sub-menu &gt; .menu-item &gt; .sub-menu {left: 100%;right: auto;}.ast-header-break-point .ast-mobile-header-wrap .ast-flex.inline-on-mobile .ast-menu-toggle {right: -15px;}:root .has-ast-global-color-0-color{color:var(--ast-global-color-0);}:root .has-ast-global-color-0-background-color{background-color:var(--ast-global-color-0);}:root .wp-block-button .has-ast-global-color-0-color{color:var(--ast-global-color-0);}:root .wp-block-button .has-ast-global-color-0-background-color{background-color:var(--ast-global-color-0);}:root .has-ast-global-color-1-color{color:var(--ast-global-color-1);}:root .has-ast-global-color-1-background-color{background-color:var(--ast-global-color-1);}:root .wp-block-button .has-ast-global-color-1-color{color:var(--ast-global-color-1);}:root .wp-block-button .has-ast-global-color-1-background-color{background-color:var(--ast-global-color-1);}:root .has-ast-global-color-2-color{color:var(--ast-global-color-2);}:root .has-ast-global-color-2-background-color{background-color:var(--ast-global-color-2);}:root .wp-block-button .has-ast-global-color-2-color{color:var(--ast-global-color-2);}:root .wp-block-button .has-ast-global-color-2-background-color{background-color:var(--ast-global-color-2);}:root .has-ast-global-color-3-color{color:var(--ast-global-color-3);}:root .has-ast-global-color-3-background-color{background-color:var(--ast-global-color-3);}:root .wp-block-button .has-ast-global-color-3-color{color:var(--ast-global-color-3);}:root .wp-block-button .has-ast-global-color-3-background-color{background-color:var(--ast-global-color-3);}:root .has-ast-global-color-4-color{color:var(--ast-global-color-4);}:root .has-ast-global-color-4-background-color{background-color:var(--ast-global-color-4);}:root .wp-block-button .has-ast-global-color-4-color{color:var(--ast-global-color-4);}:root .wp-block-button .has-ast-global-color-4-background-color{background-color:var(--ast-global-color-4);}:root .has-ast-global-color-5-color{color:var(--ast-global-color-5);}:root .has-ast-global-color-5-background-color{background-color:var(--ast-global-color-5);}:root .wp-block-button .has-ast-global-color-5-color{color:var(--ast-global-color-5);}:root .wp-block-button .has-ast-global-color-5-background-color{background-color:var(--ast-global-color-5);}:root .has-ast-global-color-6-color{color:var(--ast-global-color-6);}:root .has-ast-global-color-6-background-color{background-color:var(--ast-global-color-6);}:root .wp-block-button .has-ast-global-color-6-color{color:var(--ast-global-color-6);}:root .wp-block-button .has-ast-global-color-6-background-color{background-color:var(--ast-global-color-6);}:root .has-ast-global-color-7-color{color:var(--ast-global-color-7);}:root .has-ast-global-color-7-background-color{background-color:var(--ast-global-color-7);}:root .wp-block-button .has-ast-global-color-7-color{color:var(--ast-global-color-7);}:root .wp-block-button .has-ast-global-color-7-background-color{background-color:var(--ast-global-color-7);}:root .has-ast-global-color-8-color{color:var(--ast-global-color-8);}:root .has-ast-global-color-8-background-color{background-color:var(--ast-global-color-8);}:root .wp-block-button .has-ast-global-color-8-color{color:var(--ast-global-color-8);}:root .wp-block-button .has-ast-global-color-8-background-color{background-color:var(--ast-global-color-8);}:root{--ast-global-color-0:#0170B9;--ast-global-color-1:#3a3a3a;--ast-global-color-2:#3a3a3a;--ast-global-color-3:#4B4F58;--ast-global-color-4:#F5F5F5;--ast-global-color-5:#FFFFFF;--ast-global-color-6:#F2F5F7;--ast-global-color-7:#424242;--ast-global-color-8:#000000;}.ast-theme-transparent-header #masthead .site-logo-img .transparent-custom-logo .astra-logo-svg{width:140px;}.ast-theme-transparent-header #masthead .site-logo-img .transparent-custom-logo img{ max-width:140px;}@media (min-width:921px){.ast-theme-transparent-header #masthead{position:absolute;left:0;right:0;}.ast-theme-transparent-header .main-header-bar,.ast-theme-transparent-header.ast-header-break-point .main-header-bar{background:none;}body.elementor-editor-active.ast-theme-transparent-header #masthead,.fl-builder-edit .ast-theme-transparent-header #masthead,body.vc_editor.ast-theme-transparent-header #masthead,body.brz-ed.ast-theme-transparent-header #masthead{z-index:0;}.ast-header-break-point.ast-replace-site-logo-transparent.ast-theme-transparent-header .custom-mobile-logo-link{display:none;}.ast-header-break-point.ast-replace-site-logo-transparent.ast-theme-transparent-header .transparent-custom-logo{display:inline-block;}.ast-theme-transparent-header .ast-above-header,.ast-theme-transparent-header .ast-above-header.ast-above-header-bar{background-image:none;background-color:transparent;}.ast-theme-transparent-header .ast-below-header{background-image:none;background-color:transparent;}}@media (min-width:922px){.ast-theme-transparent-header .main-header-bar,.ast-theme-transparent-header.ast-header-break-point .main-header-bar-wrap .main-header-menu,.ast-theme-transparent-header.ast-header-break-point .main-header-bar-wrap .main-header-bar,.ast-theme-transparent-header.ast-header-break-point .ast-mobile-header-wrap .main-header-bar{background-color:rgba(0,0,0,0.07);}.ast-theme-transparent-header .main-header-bar .ast-search-menu-icon form{background-color:rgba(0,0,0,0.07);}.ast-theme-transparent-header .ast-above-header,.ast-theme-transparent-header .ast-above-header.ast-above-header-bar,.ast-theme-transparent-header .ast-below-header,.ast-header-break-point.ast-theme-transparent-header .ast-above-header,.ast-header-break-point.ast-theme-transparent-header .ast-below-header{background-color:rgba(0,0,0,0.07);}.ast-theme-transparent-header .site-title a,.ast-theme-transparent-header .site-title a:focus,.ast-theme-transparent-header .site-title a:hover,.ast-theme-transparent-header .site-title a:visited{color:#ffffff;}.ast-theme-transparent-header .site-header .site-description{color:#ffffff;}.ast-theme-transparent-header .ast-builder-menu .main-header-menu .menu-item .sub-menu .menu-item .menu-link,.ast-theme-transparent-header .ast-builder-menu .main-header-menu .menu-item .sub-menu .menu-item &gt; .ast-menu-toggle,.ast-theme-transparent-header .main-header-menu .menu-item .sub-menu .menu-link,.ast-header-break-point.ast-flyout-menu-enable.ast-header-break-point .main-header-bar-navigation .main-header-menu .menu-item .sub-menu .menu-link{color:#333333;}.ast-theme-transparent-header .ast-builder-menu .main-header-menu .menu-item .sub-menu .menu-link:hover,.ast-theme-transparent-header .ast-builder-menu .main-header-menu .menu-item .sub-menu .menu-item:hover &gt; .menu-link,.ast-theme-transparent-header .ast-builder-menu .main-header-menu .menu-item .sub-menu .menu-item.focus &gt; .menu-item,.ast-theme-transparent-header .ast-builder-menu .main-header-menu .menu-item .sub-menu .menu-item.current-menu-item &gt; .menu-link,.ast-theme-transparent-header .ast-builder-menu .main-header-menu .menu-item .sub-menu .menu-item.current-menu-item &gt; .ast-menu-toggle,.ast-theme-transparent-header .ast-builder-menu .main-header-menu .menu-item .sub-menu .menu-item:hover &gt; .ast-menu-toggle,.ast-theme-transparent-header .ast-builder-menu .main-header-menu .menu-item .sub-menu .menu-item.focus &gt; .ast-menu-toggle,.ast-theme-transparent-header .main-header-menu .menu-item .sub-menu .menu-item:hover &gt; .menu-link,.ast-header-break-point.ast-flyout-menu-enable.ast-header-break-point .main-header-bar-navigation .main-header-menu .menu-item .sub-menu .menu-link{color:#000000;}.ast-theme-transparent-header .ast-builder-menu .main-header-menu,.ast-theme-transparent-header .ast-builder-menu .main-header-menu .menu-link,.ast-theme-transparent-header [CLASS*="ast-builder-menu-"] .main-header-menu .menu-item &gt; .menu-link,.ast-theme-transparent-header .ast-masthead-custom-menu-items,.ast-theme-transparent-header .ast-masthead-custom-menu-items a,.ast-theme-transparent-header .ast-builder-menu .main-header-menu .menu-item &gt; .ast-menu-toggle,.ast-theme-transparent-header .ast-builder-menu .main-header-menu .menu-item &gt; .ast-menu-toggle,.ast-theme-transparent-header .ast-above-header-navigation a,.ast-header-break-point.ast-theme-transparent-header .ast-above-header-navigation a,.ast-header-break-point.ast-theme-transparent-header .ast-above-header-navigation &gt; ul.ast-above-header-menu &gt; .menu-item-has-children:not(.current-menu-item) &gt; .ast-menu-toggle,.ast-theme-transparent-header .ast-below-header-menu,.ast-theme-transparent-header .ast-below-header-menu a,.ast-header-break-point.ast-theme-transparent-header .ast-below-header-menu a,.ast-header-break-point.ast-theme-transparent-header .ast-below-header-menu,.ast-theme-transparent-header .main-header-menu .menu-link{color:#cecece;}.ast-theme-transparent-header .ast-builder-menu .main-header-menu .menu-item:hover &gt; .menu-link,.ast-theme-transparent-header .ast-builder-menu .main-header-menu .menu-item:hover &gt; .ast-menu-toggle,.ast-theme-transparent-header .ast-builder-menu .main-header-menu .ast-masthead-custom-menu-items a:hover,.ast-theme-transparent-header .ast-builder-menu .main-header-menu .focus &gt; .menu-link,.ast-theme-transparent-header .ast-builder-menu .main-header-menu .focus &gt; .ast-menu-toggle,.ast-theme-transparent-header .ast-builder-menu .main-header-menu .current-menu-item &gt; .menu-link,.ast-theme-transparent-header .ast-builder-menu .main-header-menu .current-menu-ancestor &gt; .menu-link,.ast-theme-transparent-header .ast-builder-menu .main-header-menu .current-menu-item &gt; .ast-menu-toggle,.ast-theme-transparent-header .ast-builder-menu .main-header-menu .current-menu-ancestor &gt; .ast-menu-toggle,.ast-theme-transparent-header [CLASS*="ast-builder-menu-"] .main-header-menu .current-menu-item &gt; .menu-link,.ast-theme-transparent-header [CLASS*="ast-builder-menu-"] .main-header-menu .current-menu-ancestor &gt; .menu-link,.ast-theme-transparent-header [CLASS*="ast-builder-menu-"] .main-header-menu .current-menu-item &gt; .ast-menu-toggle,.ast-theme-transparent-header [CLASS*="ast-builder-menu-"] .main-header-menu .current-menu-ancestor &gt; .ast-menu-toggle,.ast-theme-transparent-header .main-header-menu .menu-item:hover &gt; .menu-link,.ast-theme-transparent-header .main-header-menu .current-menu-item &gt; .menu-link,.ast-theme-transparent-header .main-header-menu .current-menu-ancestor &gt; .menu-link{color:#ffffff;}.ast-theme-transparent-header div.ast-masthead-custom-menu-items,.ast-theme-transparent-header div.ast-masthead-custom-menu-items .widget,.ast-theme-transparent-header div.ast-masthead-custom-menu-items .widget-title,.ast-theme-transparent-header .site-header-section [CLASS*="ast-header-html-"] .ast-builder-html-element{color:#000000;}.ast-theme-transparent-header div.ast-masthead-custom-menu-items a,.ast-theme-transparent-header div.ast-masthead-custom-menu-items .widget a,.ast-theme-transparent-header .site-header-section [CLASS*="ast-header-html-"] .ast-builder-html-element a{color:#cecece;}.ast-theme-transparent-header div.ast-masthead-custom-menu-items a:hover,.ast-theme-transparent-header div.ast-masthead-custom-menu-items .widget a:hover,.ast-theme-transparent-header .site-header-section [CLASS*="ast-header-html-"] .ast-builder-html-element a:hover{color:#ffffff;}}@media (max-width:921px){.transparent-custom-logo{display:none;}}@media (min-width:921px){.ast-transparent-mobile-logo{display:none;}}@media (max-width:921px){.ast-transparent-mobile-logo{display:block;}}@media (min-width:921px){.ast-theme-transparent-header #ast-desktop-header &gt; [CLASS*="-header-wrap"]:nth-last-child(2) &gt; [CLASS*="-header-bar"]{border-bottom-width:0;border-bottom-style:solid;border-bottom-color:rgba(0,0,0,0);}}.ast-breadcrumbs .trail-browse,.ast-breadcrumbs .trail-items,.ast-breadcrumbs .trail-items li{display:inline-block;margin:0;padding:0;border:none;background:inherit;text-indent:0;}.ast-breadcrumbs .trail-browse{font-size:inherit;font-style:inherit;font-weight:inherit;color:inherit;}.ast-breadcrumbs .trail-items{list-style:none;}.trail-items li::after{padding:0 0.3em;content:"\00bb";}.trail-items li:last-of-type::after{display:none;}h1,.entry-content h1,h2,.entry-content h2,h3,.entry-content h3,h4,.entry-content h4,h5,.entry-content h5,h6,.entry-content h6{color:var(--ast-global-color-2);}@media (max-width:921px){.ast-builder-grid-row-container.ast-builder-grid-row-tablet-3-firstrow .ast-builder-grid-row &gt; *:first-child,.ast-builder-grid-row-container.ast-builder-grid-row-tablet-3-lastrow .ast-builder-grid-row &gt; *:last-child{grid-column:1 / -1;}}@media (max-width:544px){.ast-builder-grid-row-container.ast-builder-grid-row-mobile-3-firstrow .ast-builder-grid-row &gt; *:first-child,.ast-builder-grid-row-container.ast-builder-grid-row-mobile-3-lastrow .ast-builder-grid-row &gt; *:last-child{grid-column:1 / -1;}}.ast-builder-layout-element[data-section="title_tagline"]{display:flex;}@media (max-width:921px){.ast-header-break-point .ast-builder-layout-element[data-section="title_tagline"]{display:flex;}}@media (max-width:544px){.ast-header-break-point .ast-builder-layout-element[data-section="title_tagline"]{display:flex;}}.ast-builder-menu-1{font-family:inherit;font-weight:normal;}.ast-builder-menu-1 .menu-item.current-menu-item &gt; .menu-link,.ast-builder-menu-1 .inline-on-mobile .menu-item.current-menu-item &gt; .ast-menu-toggle,.ast-builder-menu-1 .current-menu-ancestor &gt; .menu-link{color:#602bb7;}.ast-builder-menu-1 .menu-item.current-menu-item &gt; .ast-menu-toggle{color:#602bb7;}.ast-builder-menu-1 .sub-menu,.ast-builder-menu-1 .inline-on-mobile .sub-menu{border-top-width:1px;border-bottom-width:1px;border-right-width:1px;border-left-width:1px;border-color:#dddddd;border-style:solid;border-radius:0;}.ast-builder-menu-1 .main-header-menu &gt; .menu-item &gt; .sub-menu,.ast-builder-menu-1 .main-header-menu &gt; .menu-item &gt; .astra-full-megamenu-wrapper{margin-top:0;}.ast-desktop .ast-builder-menu-1 .main-header-menu &gt; .menu-item &gt; .sub-menu:before,.ast-desktop .ast-builder-menu-1 .main-header-menu &gt; .menu-item &gt; .astra-full-megamenu-wrapper:before{height:calc( 0px + 5px );}.ast-desktop .ast-builder-menu-1 .menu-item .sub-menu .menu-link{border-bottom-width:1px;border-color:#eaeaea;border-style:solid;}.ast-desktop .ast-builder-menu-1 .menu-item .sub-menu .menu-item:last-child .menu-link{border-bottom-width:0;}@media (max-width:921px){.ast-header-break-point .ast-builder-menu-1 .menu-item.menu-item-has-children &gt; .ast-menu-toggle{top:0;}.ast-builder-menu-1 .menu-item-has-children &gt; .menu-link:after{content:unset;}}@media (max-width:544px){.ast-header-break-point .ast-builder-menu-1 .menu-item.menu-item-has-children &gt; .ast-menu-toggle{top:0;}}.ast-builder-menu-1{display:flex;}@media (max-width:921px){.ast-header-break-point .ast-builder-menu-1{display:flex;}}@media (max-width:544px){.ast-header-break-point .ast-builder-menu-1{display:flex;}}.ast-site-header-cart .ast-cart-menu-wrap,.ast-site-header-cart .ast-addon-cart-wrap{color:#d2d2d2;}.ast-site-header-cart .ast-cart-menu-wrap .count,.ast-site-header-cart .ast-cart-menu-wrap .count:after,.ast-site-header-cart .ast-addon-cart-wrap .count,.ast-site-header-cart .ast-addon-cart-wrap .ast-icon-shopping-cart:after{color:#d2d2d2;border-color:#d2d2d2;}.ast-site-header-cart .ast-addon-cart-wrap .ast-icon-shopping-cart:after{color:#ffffff;background-color:#d2d2d2;}.ast-site-header-cart .ast-woo-header-cart-info-wrap{color:#d2d2d2;}.ast-site-header-cart .ast-addon-cart-wrap i.astra-icon:after{color:#ffffff;background-color:#d2d2d2;}.ast-theme-transparent-header .ast-site-header-cart .ast-cart-menu-wrap,.ast-theme-transparent-header .ast-site-header-cart .ast-addon-cart-wrap{color:#d2d2d2;}.ast-theme-transparent-header .ast-site-header-cart .ast-cart-menu-wrap .count,.ast-theme-transparent-header .ast-site-header-cart .ast-cart-menu-wrap .count:after,.ast-theme-transparent-header .ast-site-header-cart .ast-addon-cart-wrap .count,.ast-theme-transparent-header .ast-site-header-cart .ast-addon-cart-wrap .ast-icon-shopping-cart:after{color:#d2d2d2;border-color:#d2d2d2;}.ast-theme-transparent-header .ast-site-header-cart .ast-addon-cart-wrap .ast-icon-shopping-cart:after{color:#ffffff;background-color:#d2d2d2;}.ast-theme-transparent-header .ast-site-header-cart .ast-woo-header-cart-info-wrap{color:#d2d2d2;}.ast-theme-transparent-header .ast-site-header-cart .ast-addon-cart-wrap i.astra-icon:after{color:#ffffff;background-color:#d2d2d2;}#ast-site-header-cart .widget_shopping_cart .mini_cart_item{border-bottom-color:rgb(0,0,0);}@media (max-width:921px){#astra-mobile-cart-drawer .widget_shopping_cart .mini_cart_item{border-bottom-color:rgb(0,0,0);}}@media (max-width:544px){#astra-mobile-cart-drawer .widget_shopping_cart .mini_cart_item{border-bottom-color:rgb(0,0,0);}}.ast-site-header-cart .ast-cart-menu-wrap,.ast-site-header-cart .ast-addon-cart-wrap{color:#d2d2d2;}.ast-site-header-cart .ast-cart-menu-wrap:hover .count,.ast-site-header-cart .ast-addon-cart-wrap:hover .count{color:#000000;background-color:#d2d2d2;}.ast-menu-cart-outline .ast-cart-menu-wrap .count,.ast-menu-cart-outline .ast-addon-cart-wrap{color:#d2d2d2;}.ast-site-header-cart .ast-menu-cart-outline .ast-woo-header-cart-info-wrap{color:#d2d2d2;}.ast-menu-cart-fill .ast-cart-menu-wrap .count,.ast-menu-cart-fill .ast-cart-menu-wrap,.ast-menu-cart-fill .ast-addon-cart-wrap .ast-woo-header-cart-info-wrap,.ast-menu-cart-fill .ast-addon-cart-wrap{background-color:#d2d2d2;color:#000000;}.ast-theme-transparent-header .ast-site-header-cart .ast-cart-menu-wrap,.ast-theme-transparent-header .ast-site-header-cart .ast-addon-cart-wrap{color:#d2d2d2;}.ast-theme-transparent-header .ast-site-header-cart .ast-cart-menu-wrap:hover .count,.ast-theme-transparent-header .ast-site-header-cart .ast-addon-cart-wrap:hover .count{color:#000000;background-color:#d2d2d2;}.ast-theme-transparent-header .ast-menu-cart-outline .ast-cart-menu-wrap .count,.ast-theme-transparent-header .ast-menu-cart-outline .ast-addon-cart-wrap{color:#d2d2d2;}.ast-theme-transparent-header .ast-site-header-cart .ast-menu-cart-outline .ast-woo-header-cart-info-wrap{color:#d2d2d2;}.ast-theme-transparent-header .ast-menu-cart-fill .ast-cart-menu-wrap .count,.ast-theme-transparent-header .ast-menu-cart-fill .ast-cart-menu-wrap,.ast-theme-transparent-header .ast-menu-cart-fill .ast-addon-cart-wrap .ast-woo-header-cart-info-wrap,.ast-theme-transparent-header .ast-menu-cart-fill .ast-addon-cart-wrap{background-color:#d2d2d2;color:#000000;}.ast-site-header-cart.ast-menu-cart-outline .ast-cart-menu-wrap,.ast-site-header-cart.ast-menu-cart-fill .ast-cart-menu-wrap,.ast-site-header-cart.ast-menu-cart-outline .ast-cart-menu-wrap .count,.ast-site-header-cart.ast-menu-cart-fill .ast-cart-menu-wrap .count,.ast-site-header-cart.ast-menu-cart-outline .ast-addon-cart-wrap,.ast-site-header-cart.ast-menu-cart-fill .ast-addon-cart-wrap,.ast-site-header-cart.ast-menu-cart-outline .ast-woo-header-cart-info-wrap,.ast-site-header-cart.ast-menu-cart-fill .ast-woo-header-cart-info-wrap{border-radius:3px;}.ast-header-woo-cart{display:flex;}@media (max-width:921px){.ast-header-break-point .ast-header-woo-cart{display:flex;}}@media (max-width:544px){.ast-header-break-point .ast-header-woo-cart{display:none;}}.site-below-footer-wrap{padding-top:20px;padding-bottom:20px;}.site-below-footer-wrap[data-section="section-below-footer-builder"]{background-color:#ffffff;;background-image:none;;min-height:80px;border-style:solid;border-width:0px;border-top-width:1px;border-top-color:rgba(122,122,122,0.13);}.site-below-footer-wrap[data-section="section-below-footer-builder"] .ast-builder-grid-row{max-width:1200px;margin-left:auto;margin-right:auto;}.site-below-footer-wrap[data-section="section-below-footer-builder"] .ast-builder-grid-row,.site-below-footer-wrap[data-section="section-below-footer-builder"] .site-footer-section{align-items:flex-start;}.site-below-footer-wrap[data-section="section-below-footer-builder"].ast-footer-row-inline .site-footer-section{display:flex;margin-bottom:0;}.ast-builder-grid-row-2-equal .ast-builder-grid-row{grid-template-columns:repeat( 2,1fr );}@media (max-width:921px){.site-below-footer-wrap[data-section="section-below-footer-builder"].ast-footer-row-tablet-inline .site-footer-section{display:flex;margin-bottom:0;}.site-below-footer-wrap[data-section="section-below-footer-builder"].ast-footer-row-tablet-stack .site-footer-section{display:block;margin-bottom:10px;}.ast-builder-grid-row-container.ast-builder-grid-row-tablet-2-equal .ast-builder-grid-row{grid-template-columns:repeat( 2,1fr );}}@media (max-width:544px){.site-below-footer-wrap[data-section="section-below-footer-builder"].ast-footer-row-mobile-inline .site-footer-section{display:flex;margin-bottom:0;}.site-below-footer-wrap[data-section="section-below-footer-builder"].ast-footer-row-mobile-stack .site-footer-section{display:block;margin-bottom:10px;}.ast-builder-grid-row-container.ast-builder-grid-row-mobile-full .ast-builder-grid-row{grid-template-columns:1fr;}}@media (max-width:921px){.site-below-footer-wrap[data-section="section-below-footer-builder"]{padding-left:30px;padding-right:30px;}}.site-below-footer-wrap[data-section="section-below-footer-builder"]{display:grid;}@media (max-width:921px){.ast-header-break-point .site-below-footer-wrap[data-section="section-below-footer-builder"]{display:grid;}}@media (max-width:544px){.ast-header-break-point .site-below-footer-wrap[data-section="section-below-footer-builder"]{display:grid;}}.ast-builder-html-element img.alignnone{display:inline-block;}.ast-builder-html-element p:first-child{margin-top:0;}.ast-builder-html-element p:last-child{margin-bottom:0;}.ast-header-break-point .main-header-bar .ast-builder-html-element{line-height:1.85714285714286;}.footer-widget-area[data-section="section-fb-html-1"]{display:block;}@media (max-width:921px){.ast-header-break-point .footer-widget-area[data-section="section-fb-html-1"]{display:block;}}@media (max-width:544px){.ast-header-break-point .footer-widget-area[data-section="section-fb-html-1"]{display:block;}}.footer-widget-area[data-section="section-fb-html-1"] .ast-builder-html-element{text-align:right;}@media (max-width:921px){.footer-widget-area[data-section="section-fb-html-1"] .ast-builder-html-element{text-align:right;}}@media (max-width:544px){.footer-widget-area[data-section="section-fb-html-1"] .ast-builder-html-element{text-align:center;}}.ast-footer-copyright{text-align:left;}.ast-footer-copyright {color:#000000;}@media (max-width:921px){.ast-footer-copyright{text-align:left;}}@media (max-width:544px){.ast-footer-copyright{text-align:center;}}.ast-footer-copyright.ast-builder-layout-element{display:flex;}@media (max-width:921px){.ast-header-break-point .ast-footer-copyright.ast-builder-layout-element{display:flex;}}@media (max-width:544px){.ast-header-break-point .ast-footer-copyright.ast-builder-layout-element{display:flex;}}.site-footer{background-color:#ffffff;;background-image:none;;}.site-primary-footer-wrap{padding-top:45px;padding-bottom:45px;}.site-primary-footer-wrap[data-section="section-primary-footer-builder"]{background-color:#ffffff;;background-image:none;;}.site-primary-footer-wrap[data-section="section-primary-footer-builder"] .ast-builder-grid-row{grid-column-gap:200px;max-width:1200px;margin-left:auto;margin-right:auto;}.site-primary-footer-wrap[data-section="section-primary-footer-builder"] .ast-builder-grid-row,.site-primary-footer-wrap[data-section="section-primary-footer-builder"] .site-footer-section{align-items:flex-start;}.site-primary-footer-wrap[data-section="section-primary-footer-builder"].ast-footer-row-inline .site-footer-section{display:flex;margin-bottom:0;}.ast-builder-grid-row-4-equal .ast-builder-grid-row{grid-template-columns:repeat( 4,1fr );}@media (max-width:921px){.site-primary-footer-wrap[data-section="section-primary-footer-builder"].ast-footer-row-tablet-inline .site-footer-section{display:flex;margin-bottom:0;}.site-primary-footer-wrap[data-section="section-primary-footer-builder"].ast-footer-row-tablet-stack .site-footer-section{display:block;margin-bottom:10px;}.ast-builder-grid-row-container.ast-builder-grid-row-tablet-4-equal .ast-builder-grid-row{grid-template-columns:repeat( 4,1fr );}}@media (max-width:544px){.site-primary-footer-wrap[data-section="section-primary-footer-builder"].ast-footer-row-mobile-inline .site-footer-section{display:flex;margin-bottom:0;}.site-primary-footer-wrap[data-section="section-primary-footer-builder"].ast-footer-row-mobile-stack .site-footer-section{display:block;margin-bottom:10px;}.ast-builder-grid-row-container.ast-builder-grid-row-mobile-full .ast-builder-grid-row{grid-template-columns:1fr;}}.site-primary-footer-wrap[data-section="section-primary-footer-builder"]{padding-top:55px;padding-bottom:55px;}@media (max-width:921px){.site-primary-footer-wrap[data-section="section-primary-footer-builder"]{padding-left:30px;padding-right:30px;}}@media (max-width:544px){.site-primary-footer-wrap[data-section="section-primary-footer-builder"]{padding-top:40px;padding-bottom:20px;}}.site-primary-footer-wrap[data-section="section-primary-footer-builder"]{display:grid;}@media (max-width:921px){.ast-header-break-point .site-primary-footer-wrap[data-section="section-primary-footer-builder"]{display:grid;}}@media (max-width:544px){.ast-header-break-point .site-primary-footer-wrap[data-section="section-primary-footer-builder"]{display:grid;}}.footer-widget-area[data-section="sidebar-widgets-footer-widget-1"] .footer-widget-area-inner{text-align:left;}@media (max-width:921px){.footer-widget-area[data-section="sidebar-widgets-footer-widget-1"] .footer-widget-area-inner{text-align:left;}}@media (max-width:544px){.footer-widget-area[data-section="sidebar-widgets-footer-widget-1"] .footer-widget-area-inner{text-align:center;}}.footer-widget-area[data-section="sidebar-widgets-footer-widget-1"] .footer-widget-area-inner{color:#434343;}.footer-widget-area[data-section="sidebar-widgets-footer-widget-1"] .footer-widget-area-inner a{color:#434343;}.footer-widget-area[data-section="sidebar-widgets-footer-widget-1"] .footer-widget-area-inner a:hover{color:#3197d6;}.footer-widget-area[data-section="sidebar-widgets-footer-widget-1"] .widget-title{color:#000000;}.footer-widget-area[data-section="sidebar-widgets-footer-widget-1"]{display:block;}@media (max-width:921px){.ast-header-break-point .footer-widget-area[data-section="sidebar-widgets-footer-widget-1"]{display:block;}}@media (max-width:544px){.ast-header-break-point .footer-widget-area[data-section="sidebar-widgets-footer-widget-1"]{display:block;}}.footer-widget-area[data-section="sidebar-widgets-footer-widget-2"] .footer-widget-area-inner{color:#434343;}.footer-widget-area[data-section="sidebar-widgets-footer-widget-2"] .footer-widget-area-inner a{color:#434343;}.footer-widget-area[data-section="sidebar-widgets-footer-widget-2"] .footer-widget-area-inner a:hover{color:#3197d6;}.footer-widget-area[data-section="sidebar-widgets-footer-widget-2"] .widget-title{color:#000000;}.footer-widget-area[data-section="sidebar-widgets-footer-widget-2"]{display:block;}@media (max-width:921px){.ast-header-break-point .footer-widget-area[data-section="sidebar-widgets-footer-widget-2"]{display:block;}}@media (max-width:544px){.ast-header-break-point .footer-widget-area[data-section="sidebar-widgets-footer-widget-2"]{display:block;}}.footer-widget-area[data-section="sidebar-widgets-footer-widget-3"] .footer-widget-area-inner{color:#434343;}.footer-widget-area[data-section="sidebar-widgets-footer-widget-3"] .footer-widget-area-inner a{color:#434343;}.footer-widget-area[data-section="sidebar-widgets-footer-widget-3"] .footer-widget-area-inner a:hover{color:#3197d6;}.footer-widget-area[data-section="sidebar-widgets-footer-widget-3"] .widget-title{color:#000000;}.footer-widget-area[data-section="sidebar-widgets-footer-widget-3"]{display:block;}@media (max-width:921px){.ast-header-break-point .footer-widget-area[data-section="sidebar-widgets-footer-widget-3"]{display:block;}}@media (max-width:544px){.ast-header-break-point .footer-widget-area[data-section="sidebar-widgets-footer-widget-3"]{display:block;}}.footer-widget-area[data-section="sidebar-widgets-footer-widget-4"] .footer-widget-area-inner{color:#434343;}.footer-widget-area[data-section="sidebar-widgets-footer-widget-4"] .footer-widget-area-inner a{color:#434343;}.footer-widget-area[data-section="sidebar-widgets-footer-widget-4"] .footer-widget-area-inner a:hover{color:#3197d6;}.footer-widget-area[data-section="sidebar-widgets-footer-widget-4"] .widget-title{color:#000000;}.footer-widget-area[data-section="sidebar-widgets-footer-widget-4"]{display:block;}@media (max-width:921px){.ast-header-break-point .footer-widget-area[data-section="sidebar-widgets-footer-widget-4"]{display:block;}}@media (max-width:544px){.ast-header-break-point .footer-widget-area[data-section="sidebar-widgets-footer-widget-4"]{display:block;}}.footer-widget-area[data-section="sidebar-widgets-footer-widget-2"] .footer-widget-area-inner{text-align:left;}@media (max-width:921px){.footer-widget-area[data-section="sidebar-widgets-footer-widget-2"] .footer-widget-area-inner{text-align:left;}}@media (max-width:544px){.footer-widget-area[data-section="sidebar-widgets-footer-widget-2"] .footer-widget-area-inner{text-align:center;}}.footer-widget-area[data-section="sidebar-widgets-footer-widget-1"] .footer-widget-area-inner{color:#434343;}.footer-widget-area[data-section="sidebar-widgets-footer-widget-1"] .footer-widget-area-inner a{color:#434343;}.footer-widget-area[data-section="sidebar-widgets-footer-widget-1"] .footer-widget-area-inner a:hover{color:#3197d6;}.footer-widget-area[data-section="sidebar-widgets-footer-widget-1"] .widget-title{color:#000000;}.footer-widget-area[data-section="sidebar-widgets-footer-widget-1"]{display:block;}@media (max-width:921px){.ast-header-break-point .footer-widget-area[data-section="sidebar-widgets-footer-widget-1"]{display:block;}}@media (max-width:544px){.ast-header-break-point .footer-widget-area[data-section="sidebar-widgets-footer-widget-1"]{display:block;}}.footer-widget-area[data-section="sidebar-widgets-footer-widget-2"] .footer-widget-area-inner{color:#434343;}.footer-widget-area[data-section="sidebar-widgets-footer-widget-2"] .footer-widget-area-inner a{color:#434343;}.footer-widget-area[data-section="sidebar-widgets-footer-widget-2"] .footer-widget-area-inner a:hover{color:#3197d6;}.footer-widget-area[data-section="sidebar-widgets-footer-widget-2"] .widget-title{color:#000000;}.footer-widget-area[data-section="sidebar-widgets-footer-widget-2"]{display:block;}@media (max-width:921px){.ast-header-break-point .footer-widget-area[data-section="sidebar-widgets-footer-widget-2"]{display:block;}}@media (max-width:544px){.ast-header-break-point .footer-widget-area[data-section="sidebar-widgets-footer-widget-2"]{display:block;}}.footer-widget-area[data-section="sidebar-widgets-footer-widget-3"] .footer-widget-area-inner{color:#434343;}.footer-widget-area[data-section="sidebar-widgets-footer-widget-3"] .footer-widget-area-inner a{color:#434343;}.footer-widget-area[data-section="sidebar-widgets-footer-widget-3"] .footer-widget-area-inner a:hover{color:#3197d6;}.footer-widget-area[data-section="sidebar-widgets-footer-widget-3"] .widget-title{color:#000000;}.footer-widget-area[data-section="sidebar-widgets-footer-widget-3"]{display:block;}@media (max-width:921px){.ast-header-break-point .footer-widget-area[data-section="sidebar-widgets-footer-widget-3"]{display:block;}}@media (max-width:544px){.ast-header-break-point .footer-widget-area[data-section="sidebar-widgets-footer-widget-3"]{display:block;}}.footer-widget-area[data-section="sidebar-widgets-footer-widget-4"] .footer-widget-area-inner{color:#434343;}.footer-widget-area[data-section="sidebar-widgets-footer-widget-4"] .footer-widget-area-inner a{color:#434343;}.footer-widget-area[data-section="sidebar-widgets-footer-widget-4"] .footer-widget-area-inner a:hover{color:#3197d6;}.footer-widget-area[data-section="sidebar-widgets-footer-widget-4"] .widget-title{color:#000000;}.footer-widget-area[data-section="sidebar-widgets-footer-widget-4"]{display:block;}@media (max-width:921px){.ast-header-break-point .footer-widget-area[data-section="sidebar-widgets-footer-widget-4"]{display:block;}}@media (max-width:544px){.ast-header-break-point .footer-widget-area[data-section="sidebar-widgets-footer-widget-4"]{display:block;}}.footer-widget-area[data-section="sidebar-widgets-footer-widget-3"] .footer-widget-area-inner{text-align:left;}@media (max-width:921px){.footer-widget-area[data-section="sidebar-widgets-footer-widget-3"] .footer-widget-area-inner{text-align:left;}}@media (max-width:544px){.footer-widget-area[data-section="sidebar-widgets-footer-widget-3"] .footer-widget-area-inner{text-align:center;}}.footer-widget-area[data-section="sidebar-widgets-footer-widget-1"] .footer-widget-area-inner{color:#434343;}.footer-widget-area[data-section="sidebar-widgets-footer-widget-1"] .footer-widget-area-inner a{color:#434343;}.footer-widget-area[data-section="sidebar-widgets-footer-widget-1"] .footer-widget-area-inner a:hover{color:#3197d6;}.footer-widget-area[data-section="sidebar-widgets-footer-widget-1"] .widget-title{color:#000000;}.footer-widget-area[data-section="sidebar-widgets-footer-widget-1"]{display:block;}@media (max-width:921px){.ast-header-break-point .footer-widget-area[data-section="sidebar-widgets-footer-widget-1"]{display:block;}}@media (max-width:544px){.ast-header-break-point .footer-widget-area[data-section="sidebar-widgets-footer-widget-1"]{display:block;}}.footer-widget-area[data-section="sidebar-widgets-footer-widget-2"] .footer-widget-area-inner{color:#434343;}.footer-widget-area[data-section="sidebar-widgets-footer-widget-2"] .footer-widget-area-inner a{color:#434343;}.footer-widget-area[data-section="sidebar-widgets-footer-widget-2"] .footer-widget-area-inner a:hover{color:#3197d6;}.footer-widget-area[data-section="sidebar-widgets-footer-widget-2"] .widget-title{color:#000000;}.footer-widget-area[data-section="sidebar-widgets-footer-widget-2"]{display:block;}@media (max-width:921px){.ast-header-break-point .footer-widget-area[data-section="sidebar-widgets-footer-widget-2"]{display:block;}}@media (max-width:544px){.ast-header-break-point .footer-widget-area[data-section="sidebar-widgets-footer-widget-2"]{display:block;}}.footer-widget-area[data-section="sidebar-widgets-footer-widget-3"] .footer-widget-area-inner{color:#434343;}.footer-widget-area[data-section="sidebar-widgets-footer-widget-3"] .footer-widget-area-inner a{color:#434343;}.footer-widget-area[data-section="sidebar-widgets-footer-widget-3"] .footer-widget-area-inner a:hover{color:#3197d6;}.footer-widget-area[data-section="sidebar-widgets-footer-widget-3"] .widget-title{color:#000000;}.footer-widget-area[data-section="sidebar-widgets-footer-widget-3"]{display:block;}@media (max-width:921px){.ast-header-break-point .footer-widget-area[data-section="sidebar-widgets-footer-widget-3"]{display:block;}}@media (max-width:544px){.ast-header-break-point .footer-widget-area[data-section="sidebar-widgets-footer-widget-3"]{display:block;}}.footer-widget-area[data-section="sidebar-widgets-footer-widget-4"] .footer-widget-area-inner{color:#434343;}.footer-widget-area[data-section="sidebar-widgets-footer-widget-4"] .footer-widget-area-inner a{color:#434343;}.footer-widget-area[data-section="sidebar-widgets-footer-widget-4"] .footer-widget-area-inner a:hover{color:#3197d6;}.footer-widget-area[data-section="sidebar-widgets-footer-widget-4"] .widget-title{color:#000000;}.footer-widget-area[data-section="sidebar-widgets-footer-widget-4"]{display:block;}@media (max-width:921px){.ast-header-break-point .footer-widget-area[data-section="sidebar-widgets-footer-widget-4"]{display:block;}}@media (max-width:544px){.ast-header-break-point .footer-widget-area[data-section="sidebar-widgets-footer-widget-4"]{display:block;}}.footer-widget-area[data-section="sidebar-widgets-footer-widget-4"] .footer-widget-area-inner{text-align:left;}@media (max-width:921px){.footer-widget-area[data-section="sidebar-widgets-footer-widget-4"] .footer-widget-area-inner{text-align:left;}}@media (max-width:544px){.footer-widget-area[data-section="sidebar-widgets-footer-widget-4"] .footer-widget-area-inner{text-align:center;}}.footer-widget-area[data-section="sidebar-widgets-footer-widget-1"] .footer-widget-area-inner{color:#434343;}.footer-widget-area[data-section="sidebar-widgets-footer-widget-1"] .footer-widget-area-inner a{color:#434343;}.footer-widget-area[data-section="sidebar-widgets-footer-widget-1"] .footer-widget-area-inner a:hover{color:#3197d6;}.footer-widget-area[data-section="sidebar-widgets-footer-widget-1"] .widget-title{color:#000000;}.footer-widget-area[data-section="sidebar-widgets-footer-widget-1"]{display:block;}@media (max-width:921px){.ast-header-break-point .footer-widget-area[data-section="sidebar-widgets-footer-widget-1"]{display:block;}}@media (max-width:544px){.ast-header-break-point .footer-widget-area[data-section="sidebar-widgets-footer-widget-1"]{display:block;}}.footer-widget-area[data-section="sidebar-widgets-footer-widget-2"] .footer-widget-area-inner{color:#434343;}.footer-widget-area[data-section="sidebar-widgets-footer-widget-2"] .footer-widget-area-inner a{color:#434343;}.footer-widget-area[data-section="sidebar-widgets-footer-widget-2"] .footer-widget-area-inner a:hover{color:#3197d6;}.footer-widget-area[data-section="sidebar-widgets-footer-widget-2"] .widget-title{color:#000000;}.footer-widget-area[data-section="sidebar-widgets-footer-widget-2"]{display:block;}@media (max-width:921px){.ast-header-break-point .footer-widget-area[data-section="sidebar-widgets-footer-widget-2"]{display:block;}}@media (max-width:544px){.ast-header-break-point .footer-widget-area[data-section="sidebar-widgets-footer-widget-2"]{display:block;}}.footer-widget-area[data-section="sidebar-widgets-footer-widget-3"] .footer-widget-area-inner{color:#434343;}.footer-widget-area[data-section="sidebar-widgets-footer-widget-3"] .footer-widget-area-inner a{color:#434343;}.footer-widget-area[data-section="sidebar-widgets-footer-widget-3"] .footer-widget-area-inner a:hover{color:#3197d6;}.footer-widget-area[data-section="sidebar-widgets-footer-widget-3"] .widget-title{color:#000000;}.footer-widget-area[data-section="sidebar-widgets-footer-widget-3"]{display:block;}@media (max-width:921px){.ast-header-break-point .footer-widget-area[data-section="sidebar-widgets-footer-widget-3"]{display:block;}}@media (max-width:544px){.ast-header-break-point .footer-widget-area[data-section="sidebar-widgets-footer-widget-3"]{display:block;}}.footer-widget-area[data-section="sidebar-widgets-footer-widget-4"] .footer-widget-area-inner{color:#434343;}.footer-widget-area[data-section="sidebar-widgets-footer-widget-4"] .footer-widget-area-inner a{color:#434343;}.footer-widget-area[data-section="sidebar-widgets-footer-widget-4"] .footer-widget-area-inner a:hover{color:#3197d6;}.footer-widget-area[data-section="sidebar-widgets-footer-widget-4"] .widget-title{color:#000000;}.footer-widget-area[data-section="sidebar-widgets-footer-widget-4"]{display:block;}@media (max-width:921px){.ast-header-break-point .footer-widget-area[data-section="sidebar-widgets-footer-widget-4"]{display:block;}}@media (max-width:544px){.ast-header-break-point .footer-widget-area[data-section="sidebar-widgets-footer-widget-4"]{display:block;}}.ast-header-break-point .main-header-bar{border-bottom-width:1px;}@media (min-width:922px){.main-header-bar{border-bottom-width:1px;}}.ast-flex{-webkit-align-content:center;-ms-flex-line-pack:center;align-content:center;-webkit-box-align:center;-webkit-align-items:center;-moz-box-align:center;-ms-flex-align:center;align-items:center;}.main-header-bar{padding:1em 0;}.ast-site-identity{padding:0;}.header-main-layout-1 .ast-flex.main-header-container, .header-main-layout-3 .ast-flex.main-header-container{-webkit-align-content:center;-ms-flex-line-pack:center;align-content:center;-webkit-box-align:center;-webkit-align-items:center;-moz-box-align:center;-ms-flex-align:center;align-items:center;}.header-main-layout-1 .ast-flex.main-header-container, .header-main-layout-3 .ast-flex.main-header-container{-webkit-align-content:center;-ms-flex-line-pack:center;align-content:center;-webkit-box-align:center;-webkit-align-items:center;-moz-box-align:center;-ms-flex-align:center;align-items:center;}.main-header-menu .sub-menu .menu-item.menu-item-has-children &gt; .menu-link:after{position:absolute;right:1em;top:50%;transform:translate(0,-50%) rotate(270deg);}.ast-header-break-point .main-header-bar .main-header-bar-navigation .page_item_has_children &gt; .ast-menu-toggle::before, .ast-header-break-point .main-header-bar .main-header-bar-navigation .menu-item-has-children &gt; .ast-menu-toggle::before, .ast-mobile-popup-drawer .main-header-bar-navigation .menu-item-has-children&gt;.ast-menu-toggle::before, .ast-header-break-point .ast-mobile-header-wrap .main-header-bar-navigation .menu-item-has-children &gt; .ast-menu-toggle::before{font-weight:bold;content:"\e900";font-family:Astra;text-decoration:inherit;display:inline-block;}.ast-header-break-point .main-navigation ul.sub-menu .menu-item .menu-link:before{content:"\e900";font-family:Astra;font-size:.65em;text-decoration:inherit;display:inline-block;transform:translate(0, -2px) rotateZ(270deg);margin-right:5px;}.widget_search .search-form:after{font-family:Astra;font-size:1.2em;font-weight:normal;content:"\e8b6";position:absolute;top:50%;right:15px;transform:translate(0, -50%);}.astra-search-icon::before{content:"\e8b6";font-family:Astra;font-style:normal;font-weight:normal;text-decoration:inherit;text-align:center;-webkit-font-smoothing:antialiased;-moz-osx-font-smoothing:grayscale;}.main-header-bar .main-header-bar-navigation .page_item_has_children &gt; a:after, .main-header-bar .main-header-bar-navigation .menu-item-has-children &gt; a:after, .site-header-focus-item .main-header-bar-navigation .menu-item-has-children &gt; .menu-link:after{content:"\e900";display:inline-block;font-family:Astra;font-size:.6rem;font-weight:bold;text-rendering:auto;-webkit-font-smoothing:antialiased;-moz-osx-font-smoothing:grayscale;margin-left:10px;line-height:normal;}.ast-mobile-popup-drawer .main-header-bar-navigation .ast-submenu-expanded&gt;.ast-menu-toggle::before{transform:rotateX(180deg);}.ast-header-break-point .main-header-bar-navigation .menu-item-has-children &gt; .menu-link:after{display:none;}.ast-separate-container .blog-layout-1, .ast-separate-container .blog-layout-2, .ast-separate-container .blog-layout-3{background-color:transparent;background-image:none;}.ast-separate-container .ast-article-post{background-color:#ffffff;;}.ast-separate-container .ast-article-single:not(.ast-related-post), .ast-separate-container .comments-area .comment-respond,.ast-separate-container .comments-area .ast-comment-list li, .ast-separate-container .ast-woocommerce-container, .ast-separate-container .error-404, .ast-separate-container .no-results, .single.ast-separate-container .ast-author-meta, .ast-separate-container .related-posts-title-wrapper, .ast-separate-container.ast-two-container #secondary .widget,.ast-separate-container .comments-count-wrapper, .ast-box-layout.ast-plain-container .site-content,.ast-padded-layout.ast-plain-container .site-content, .ast-separate-container .comments-area .comments-title{background-color:#ffffff;;}.ast-mobile-header-content &gt; *,.ast-desktop-header-content &gt; * {padding: 10px 0;height: auto;}.ast-mobile-header-content &gt; *:first-child,.ast-desktop-header-content &gt; *:first-child {padding-top: 10px;}.ast-mobile-header-content &gt; .ast-builder-menu,.ast-desktop-header-content &gt; .ast-builder-menu {padding-top: 0;}.ast-mobile-header-content &gt; *:last-child,.ast-desktop-header-content &gt; *:last-child {padding-bottom: 0;}.ast-mobile-header-content .ast-search-menu-icon.ast-inline-search label,.ast-desktop-header-content .ast-search-menu-icon.ast-inline-search label {width: 100%;}.ast-desktop-header-content .main-header-bar-navigation .ast-submenu-expanded &gt; .ast-menu-toggle::before {transform: rotateX(180deg);}#ast-desktop-header .ast-desktop-header-content,.ast-mobile-header-content .ast-search-icon,.ast-desktop-header-content .ast-search-icon,.ast-mobile-header-wrap .ast-mobile-header-content,.ast-main-header-nav-open.ast-popup-nav-open .ast-mobile-header-wrap .ast-mobile-header-content,.ast-main-header-nav-open.ast-popup-nav-open .ast-desktop-header-content {display: none;}.ast-main-header-nav-open.ast-header-break-point #ast-desktop-header .ast-desktop-header-content,.ast-main-header-nav-open.ast-header-break-point .ast-mobile-header-wrap .ast-mobile-header-content {display: block;}.ast-desktop .ast-desktop-header-content .astra-menu-animation-slide-up &gt; .menu-item &gt; .sub-menu,.ast-desktop .ast-desktop-header-content .astra-menu-animation-slide-up &gt; .menu-item .menu-item &gt; .sub-menu,.ast-desktop .ast-desktop-header-content .astra-menu-animation-slide-down &gt; .menu-item &gt; .sub-menu,.ast-desktop .ast-desktop-header-content .astra-menu-animation-slide-down &gt; .menu-item .menu-item &gt; .sub-menu,.ast-desktop .ast-desktop-header-content .astra-menu-animation-fade &gt; .menu-item &gt; .sub-menu,.ast-desktop .ast-desktop-header-content .astra-menu-animation-fade &gt; .menu-item .menu-item &gt; .sub-menu {opacity: 1;visibility: visible;}.ast-hfb-header.ast-default-menu-enable.ast-header-break-point .ast-mobile-header-wrap .ast-mobile-header-content .main-header-bar-navigation {width: unset;margin: unset;}.ast-mobile-header-content.content-align-flex-end .main-header-bar-navigation .menu-item-has-children &gt; .ast-menu-toggle,.ast-desktop-header-content.content-align-flex-end .main-header-bar-navigation .menu-item-has-children &gt; .ast-menu-toggle {left: calc( 20px - 0.907em);}.ast-mobile-header-content .ast-search-menu-icon,.ast-mobile-header-content .ast-search-menu-icon.slide-search,.ast-desktop-header-content .ast-search-menu-icon,.ast-desktop-header-content .ast-search-menu-icon.slide-search {width: 100%;position: relative;display: block;right: auto;transform: none;}.ast-mobile-header-content .ast-search-menu-icon.slide-search .search-form,.ast-mobile-header-content .ast-search-menu-icon .search-form,.ast-desktop-header-content .ast-search-menu-icon.slide-search .search-form,.ast-desktop-header-content .ast-search-menu-icon .search-form {right: 0;visibility: visible;opacity: 1;position: relative;top: auto;transform: none;padding: 0;display: block;overflow: hidden;}.ast-mobile-header-content .ast-search-menu-icon.ast-inline-search .search-field,.ast-mobile-header-content .ast-search-menu-icon .search-field,.ast-desktop-header-content .ast-search-menu-icon.ast-inline-search .search-field,.ast-desktop-header-content .ast-search-menu-icon .search-field {width: 100%;padding-right: 5.5em;}.ast-mobile-header-content .ast-search-menu-icon .search-submit,.ast-desktop-header-content .ast-search-menu-icon .search-submit {display: block;position: absolute;height: 100%;top: 0;right: 0;padding: 0 1em;border-radius: 0;}.ast-hfb-header.ast-default-menu-enable.ast-header-break-point .ast-mobile-header-wrap .ast-mobile-header-content .main-header-bar-navigation ul .sub-menu .menu-link {padding-left: 30px;}.ast-hfb-header.ast-default-menu-enable.ast-header-break-point .ast-mobile-header-wrap .ast-mobile-header-content .main-header-bar-navigation .sub-menu .menu-item .menu-item .menu-link {padding-left: 40px;}.ast-mobile-popup-drawer.active .ast-mobile-popup-inner{background-color:#ffffff;;}.ast-mobile-header-wrap .ast-mobile-header-content, .ast-desktop-header-content{background-color:#ffffff;;}.ast-mobile-popup-content &gt; *, .ast-mobile-header-content &gt; *, .ast-desktop-popup-content &gt; *, .ast-desktop-header-content &gt; *{padding-top:0;padding-bottom:0;}.content-align-flex-start .ast-builder-layout-element{justify-content:flex-start;}.content-align-flex-start .main-header-menu{text-align:left;}.ast-mobile-popup-drawer.active .menu-toggle-close{color:#3a3a3a;}.ast-mobile-header-wrap .ast-primary-header-bar,.ast-primary-header-bar .site-primary-header-wrap{min-height:70px;}.ast-desktop .ast-primary-header-bar .main-header-menu &gt; .menu-item{line-height:70px;}.ast-desktop .ast-primary-header-bar .ast-header-woo-cart,.ast-desktop .ast-primary-header-bar .ast-header-edd-cart{line-height:70px;}@media (max-width:921px){#masthead .ast-mobile-header-wrap .ast-primary-header-bar,#masthead .ast-mobile-header-wrap .ast-below-header-bar{padding-left:20px;padding-right:20px;}}.ast-header-break-point .ast-primary-header-bar{border-bottom-width:1px;border-bottom-style:solid;}@media (min-width:922px){.ast-primary-header-bar{border-bottom-width:1px;border-bottom-style:solid;}}.ast-primary-header-bar{background-color:#ffffff;;background-image:none;;}.ast-primary-header-bar{display:block;}@media (max-width:921px){.ast-header-break-point .ast-primary-header-bar{display:grid;}}@media (max-width:544px){.ast-header-break-point .ast-primary-header-bar{display:grid;}}[data-section="section-header-mobile-trigger"] .ast-button-wrap .ast-mobile-menu-trigger-minimal{color:#000000;border:none;background:transparent;}[data-section="section-header-mobile-trigger"] .ast-button-wrap .mobile-menu-toggle-icon .ast-mobile-svg{width:20px;height:20px;fill:#000000;}[data-section="section-header-mobile-trigger"] .ast-button-wrap .mobile-menu-wrap .mobile-menu{color:#000000;}
</style>
    <link id="astra-menu-animation-css" rel="stylesheet" href="https://askomdch.com/wp-content/themes/astra/assets/css/minified/menu-animation.min.css?ver=3.7.5" media="all"/>
    <link id="wp-block-library-css" rel="stylesheet" href="https://askomdch.com/wp-includes/css/dist/block-library/style.min.css?ver=5.8.1" media="all"/>
    <link id="wc-blocks-vendors-style-css" rel="stylesheet" href="https://askomdch.com/wp-content/plugins/woocommerce/packages/woocommerce-blocks/build/wc-blocks-vendors-style.css?ver=5.9.1" media="all"/>
    <link id="wc-blocks-style-css" rel="stylesheet" href="https://askomdch.com/wp-content/plugins/woocommerce/packages/woocommerce-blocks/build/wc-blocks-style.css?ver=5.9.1" media="all"/>
    <style id="global-styles-inline-css">
body{--wp--preset--color--black: #000000;--wp--preset--color--cyan-bluish-gray: #abb8c3;--wp--preset--color--white: #ffffff;--wp--preset--color--pale-pink: #f78da7;--wp--preset--color--vivid-red: #cf2e2e;--wp--preset--color--luminous-vivid-orange: #ff6900;--wp--preset--color--luminous-vivid-amber: #fcb900;--wp--preset--color--light-green-cyan: #7bdcb5;--wp--preset--color--vivid-green-cyan: #00d084;--wp--preset--color--pale-cyan-blue: #8ed1fc;--wp--preset--color--vivid-cyan-blue: #0693e3;--wp--preset--color--vivid-purple: #9b51e0;--wp--preset--color--ast-global-color-0: var(--ast-global-color-0);--wp--preset--color--ast-global-color-1: var(--ast-global-color-1);--wp--preset--color--ast-global-color-2: var(--ast-global-color-2);--wp--preset--color--ast-global-color-3: var(--ast-global-color-3);--wp--preset--color--ast-global-color-4: var(--ast-global-color-4);--wp--preset--color--ast-global-color-5: var(--ast-global-color-5);--wp--preset--color--ast-global-color-6: var(--ast-global-color-6);--wp--preset--color--ast-global-color-7: var(--ast-global-color-7);--wp--preset--color--ast-global-color-8: var(--ast-global-color-8);--wp--preset--gradient--vivid-cyan-blue-to-vivid-purple: linear-gradient(135deg,rgba(6,147,227,1) 0%,rgb(155,81,224) 100%);--wp--preset--gradient--light-green-cyan-to-vivid-green-cyan: linear-gradient(135deg,rgb(122,220,180) 0%,rgb(0,208,130) 100%);--wp--preset--gradient--luminous-vivid-amber-to-luminous-vivid-orange: linear-gradient(135deg,rgba(252,185,0,1) 0%,rgba(255,105,0,1) 100%);--wp--preset--gradient--luminous-vivid-orange-to-vivid-red: linear-gradient(135deg,rgba(255,105,0,1) 0%,rgb(207,46,46) 100%);--wp--preset--gradient--very-light-gray-to-cyan-bluish-gray: linear-gradient(135deg,rgb(238,238,238) 0%,rgb(169,184,195) 100%);--wp--preset--gradient--cool-to-warm-spectrum: linear-gradient(135deg,rgb(74,234,220) 0%,rgb(151,120,209) 20%,rgb(207,42,186) 40%,rgb(238,44,130) 60%,rgb(251,105,98) 80%,rgb(254,248,76) 100%);--wp--preset--gradient--blush-light-purple: linear-gradient(135deg,rgb(255,206,236) 0%,rgb(152,150,240) 100%);--wp--preset--gradient--blush-bordeaux: linear-gradient(135deg,rgb(254,205,165) 0%,rgb(254,45,45) 50%,rgb(107,0,62) 100%);--wp--preset--gradient--luminous-dusk: linear-gradient(135deg,rgb(255,203,112) 0%,rgb(199,81,192) 50%,rgb(65,88,208) 100%);--wp--preset--gradient--pale-ocean: linear-gradient(135deg,rgb(255,245,203) 0%,rgb(182,227,212) 50%,rgb(51,167,181) 100%);--wp--preset--gradient--electric-grass: linear-gradient(135deg,rgb(202,248,128) 0%,rgb(113,206,126) 100%);--wp--preset--gradient--midnight: linear-gradient(135deg,rgb(2,3,129) 0%,rgb(40,116,252) 100%);--wp--preset--font-size--small: 13px;--wp--preset--font-size--normal: 16px;--wp--preset--font-size--medium: 20px;--wp--preset--font-size--large: 36px;--wp--preset--font-size--huge: 42px;}.has-black-color{color: var(--wp--preset--color--black) !important;}.has-cyan-bluish-gray-color{color: var(--wp--preset--color--cyan-bluish-gray) !important;}.has-white-color{color: var(--wp--preset--color--white) !important;}.has-pale-pink-color{color: var(--wp--preset--color--pale-pink) !important;}.has-vivid-red-color{color: var(--wp--preset--color--vivid-red) !important;}.has-luminous-vivid-orange-color{color: var(--wp--preset--color--luminous-vivid-orange) !important;}.has-luminous-vivid-amber-color{color: var(--wp--preset--color--luminous-vivid-amber) !important;}.has-light-green-cyan-color{color: var(--wp--preset--color--light-green-cyan) !important;}.has-vivid-green-cyan-color{color: var(--wp--preset--color--vivid-green-cyan) !important;}.has-pale-cyan-blue-color{color: var(--wp--preset--color--pale-cyan-blue) !important;}.has-vivid-cyan-blue-color{color: var(--wp--preset--color--vivid-cyan-blue) !important;}.has-vivid-purple-color{color: var(--wp--preset--color--vivid-purple) !important;}.has-ast-global-color-0-color{color: var(--wp--preset--color--ast-global-color-0) !important;}.has-ast-global-color-1-color{color: var(--wp--preset--color--ast-global-color-1) !important;}.has-ast-global-color-2-color{color: var(--wp--preset--color--ast-global-color-2) !important;}.has-ast-global-color-3-color{color: var(--wp--preset--color--ast-global-color-3) !important;}.has-ast-global-color-4-color{color: var(--wp--preset--color--ast-global-color-4) !important;}.has-ast-global-color-5-color{color: var(--wp--preset--color--ast-global-color-5) !important;}.has-ast-global-color-6-color{color: var(--wp--preset--color--ast-global-color-6) !important;}.has-ast-global-color-7-color{color: var(--wp--preset--color--ast-global-color-7) !important;}.has-ast-global-color-8-color{color: var(--wp--preset--color--ast-global-color-8) !important;}.has-black-background-color{background-color: var(--wp--preset--color--black) !important;}.has-cyan-bluish-gray-background-color{background-color: var(--wp--preset--color--cyan-bluish-gray) !important;}.has-white-background-color{background-color: var(--wp--preset--color--white) !important;}.has-pale-pink-background-color{background-color: var(--wp--preset--color--pale-pink) !important;}.has-vivid-red-background-color{background-color: var(--wp--preset--color--vivid-red) !important;}.has-luminous-vivid-orange-background-color{background-color: var(--wp--preset--color--luminous-vivid-orange) !important;}.has-luminous-vivid-amber-background-color{background-color: var(--wp--preset--color--luminous-vivid-amber) !important;}.has-light-green-cyan-background-color{background-color: var(--wp--preset--color--light-green-cyan) !important;}.has-vivid-green-cyan-background-color{background-color: var(--wp--preset--color--vivid-green-cyan) !important;}.has-pale-cyan-blue-background-color{background-color: var(--wp--preset--color--pale-cyan-blue) !important;}.has-vivid-cyan-blue-background-color{background-color: var(--wp--preset--color--vivid-cyan-blue) !important;}.has-vivid-purple-background-color{background-color: var(--wp--preset--color--vivid-purple) !important;}.has-ast-global-color-0-background-color{background-color: var(--wp--preset--color--ast-global-color-0) !important;}.has-ast-global-color-1-background-color{background-color: var(--wp--preset--color--ast-global-color-1) !important;}.has-ast-global-color-2-background-color{background-color: var(--wp--preset--color--ast-global-color-2) !important;}.has-ast-global-color-3-background-color{background-color: var(--wp--preset--color--ast-global-color-3) !important;}.has-ast-global-color-4-background-color{background-color: var(--wp--preset--color--ast-global-color-4) !important;}.has-ast-global-color-5-background-color{background-color: var(--wp--preset--color--ast-global-color-5) !important;}.has-ast-global-color-6-background-color{background-color: var(--wp--preset--color--ast-global-color-6) !important;}.has-ast-global-color-7-background-color{background-color: var(--wp--preset--color--ast-global-color-7) !important;}.has-ast-global-color-8-background-color{background-color: var(--wp--preset--color--ast-global-color-8) !important;}.has-vivid-cyan-blue-to-vivid-purple-gradient-background{background: var(--wp--preset--gradient--vivid-cyan-blue-to-vivid-purple) !important;}.has-light-green-cyan-to-vivid-green-cyan-gradient-background{background: var(--wp--preset--gradient--light-green-cyan-to-vivid-green-cyan) !important;}.has-luminous-vivid-amber-to-luminous-vivid-orange-gradient-background{background: var(--wp--preset--gradient--luminous-vivid-amber-to-luminous-vivid-orange) !important;}.has-luminous-vivid-orange-to-vivid-red-gradient-background{background: var(--wp--preset--gradient--luminous-vivid-orange-to-vivid-red) !important;}.has-very-light-gray-to-cyan-bluish-gray-gradient-background{background: var(--wp--preset--gradient--very-light-gray-to-cyan-bluish-gray) !important;}.has-cool-to-warm-spectrum-gradient-background{background: var(--wp--preset--gradient--cool-to-warm-spectrum) !important;}.has-blush-light-purple-gradient-background{background: var(--wp--preset--gradient--blush-light-purple) !important;}.has-blush-bordeaux-gradient-background{background: var(--wp--preset--gradient--blush-bordeaux) !important;}.has-luminous-dusk-gradient-background{background: var(--wp--preset--gradient--luminous-dusk) !important;}.has-pale-ocean-gradient-background{background: var(--wp--preset--gradient--pale-ocean) !important;}.has-electric-grass-gradient-background{background: var(--wp--preset--gradient--electric-grass) !important;}.has-midnight-gradient-background{background: var(--wp--preset--gradient--midnight) !important;}.has-small-font-size{font-size: var(--wp--preset--font-size--small) !important;}.has-normal-font-size{font-size: var(--wp--preset--font-size--normal) !important;}.has-medium-font-size{font-size: var(--wp--preset--font-size--medium) !important;}.has-large-font-size{font-size: var(--wp--preset--font-size--large) !important;}.has-huge-font-size{font-size: var(--wp--preset--font-size--huge) !important;}
</style>
    <link id="woocommerce-layout-css" rel="stylesheet" href="https://askomdch.com/wp-content/themes/astra/assets/css/minified/compatibility/woocommerce/woocommerce-layout.min.css?ver=3.7.5" media="all"/>
    <link id="woocommerce-smallscreen-css" rel="stylesheet" href="https://askomdch.com/wp-content/themes/astra/assets/css/minified/compatibility/woocommerce/woocommerce-smallscreen.min.css?ver=3.7.5" media="only screen and (max-width: 921px)"/>
    <link id="woocommerce-general-css" rel="stylesheet" href="https://askomdch.com/wp-content/themes/astra/assets/css/minified/compatibility/woocommerce/woocommerce.min.css?ver=3.7.5" media="all"/>
    <style id="woocommerce-general-inline-css">
#customer_details h3:not(.elementor-widget-woocommerce-checkout-page h3){font-size:1.2rem;padding:20px 0 14px;margin:0 0 20px;border-bottom:1px solid #ebebeb;}form #order_review_heading:not(.elementor-widget-woocommerce-checkout-page #order_review_heading){border-width:2px 2px 0 2px;border-style:solid;font-size:1.2rem;margin:0;padding:1.5em 1.5em 1em;border-color:#ebebeb;}form #order_review:not(.elementor-widget-woocommerce-checkout-page #order_review){padding:0 2em;border-width:0 2px 2px;border-style:solid;border-color:#ebebeb;}ul#shipping_method li:not(.elementor-widget-woocommerce-cart #shipping_method li){margin:0;padding:0.25em 0 0.25em 22px;text-indent:-22px;list-style:none outside;}.woocommerce span.onsale, .wc-block-grid__product .wc-block-grid__product-onsale{background-color:#54595f;color:#ffffff;}.woocommerce a.button, .woocommerce button.button, .woocommerce .woocommerce-message a.button, .woocommerce #respond input#submit.alt, .woocommerce a.button.alt, .woocommerce button.button.alt, .woocommerce input.button.alt, .woocommerce input.button,.woocommerce input.button:disabled, .woocommerce input.button:disabled[disabled], .woocommerce input.button:disabled:hover, .woocommerce input.button:disabled[disabled]:hover, .woocommerce #respond input#submit, .woocommerce button.button.alt.disabled, .wc-block-grid__products .wc-block-grid__product .wp-block-button__link, .wc-block-grid__product-onsale{color:#ffffff;border-color:#3197d6;background-color:#3197d6;}.woocommerce a.button:hover, .woocommerce button.button:hover, .woocommerce .woocommerce-message a.button:hover,.woocommerce #respond input#submit:hover,.woocommerce #respond input#submit.alt:hover, .woocommerce a.button.alt:hover, .woocommerce button.button.alt:hover, .woocommerce input.button.alt:hover, .woocommerce input.button:hover, .woocommerce button.button.alt.disabled:hover, .wc-block-grid__products .wc-block-grid__product .wp-block-button__link:hover{color:#ffffff;border-color:#0084d6;background-color:#0084d6;}.woocommerce-message, .woocommerce-info{border-top-color:#4e4e4e;}.woocommerce-message::before,.woocommerce-info::before{color:#4e4e4e;}.woocommerce ul.products li.product .price, .woocommerce div.product p.price, .woocommerce div.product span.price, .widget_layered_nav_filters ul li.chosen a, .woocommerce-page ul.products li.product .ast-woo-product-category, .wc-layered-nav-rating a{color:#333333;}.woocommerce nav.woocommerce-pagination ul,.woocommerce nav.woocommerce-pagination ul li{border-color:#4e4e4e;}.woocommerce nav.woocommerce-pagination ul li a:focus, .woocommerce nav.woocommerce-pagination ul li a:hover, .woocommerce nav.woocommerce-pagination ul li span.current{background:#4e4e4e;color:#ffffff;}.woocommerce-MyAccount-navigation-link.is-active a{color:#0084d6;}.woocommerce .widget_price_filter .ui-slider .ui-slider-range, .woocommerce .widget_price_filter .ui-slider .ui-slider-handle{background-color:#4e4e4e;}.woocommerce a.button, .woocommerce button.button, .woocommerce .woocommerce-message a.button, .woocommerce #respond input#submit.alt, .woocommerce a.button.alt, .woocommerce button.button.alt, .woocommerce input.button.alt, .woocommerce input.button,.woocommerce-cart table.cart td.actions .button, .woocommerce form.checkout_coupon .button, .woocommerce #respond input#submit, .wc-block-grid__products .wc-block-grid__product .wp-block-button__link{border-radius:0;padding-top:17px;padding-right:30px;padding-bottom:17px;padding-left:30px;}.woocommerce .star-rating, .woocommerce .comment-form-rating .stars a, .woocommerce .star-rating::before{color:#4e4e4e;}.woocommerce div.product .woocommerce-tabs ul.tabs li.active:before{background:#4e4e4e;}.woocommerce a.remove:hover{color:#4e4e4e;border-color:#4e4e4e;background-color:#ffffff;}.woocommerce ul.product-categories &gt; li ul li:before{content:"\e900";padding:0 5px 0 5px;display:inline-block;font-family:Astra;transform:rotate(-90deg);font-size:0.7rem;}@media (min-width:545px) and (max-width:921px){.woocommerce.tablet-columns-6 ul.products li.product, .woocommerce-page.tablet-columns-6 ul.products li.product{width:calc(16.66% - 16.66px);}.woocommerce.tablet-columns-5 ul.products li.product, .woocommerce-page.tablet-columns-5 ul.products li.product{width:calc(20% - 16px);}.woocommerce.tablet-columns-4 ul.products li.product, .woocommerce-page.tablet-columns-4 ul.products li.product{width:calc(25% - 15px);}.woocommerce.tablet-columns-3 ul.products li.product, .woocommerce-page.tablet-columns-3 ul.products li.product{width:calc(33.33% - 14px);}.woocommerce.tablet-columns-2 ul.products li.product, .woocommerce-page.tablet-columns-2 ul.products li.product{width:calc(50% - 10px);}.woocommerce.tablet-columns-1 ul.products li.product, .woocommerce-page.tablet-columns-1 ul.products li.product{width:100%;}.woocommerce div.product .related.products ul.products li.product{width:calc(33.33% - 14px);}}@media (min-width:545px) and (max-width:921px){.woocommerce[class*="columns-"].columns-3 &gt; ul.products li.product, .woocommerce[class*="columns-"].columns-4 &gt; ul.products li.product, .woocommerce[class*="columns-"].columns-5 &gt; ul.products li.product, .woocommerce[class*="columns-"].columns-6 &gt; ul.products li.product{width:calc(33.33% - 14px);margin-right:20px;}.woocommerce[class*="columns-"].columns-3 &gt; ul.products li.product:nth-child(3n), .woocommerce[class*="columns-"].columns-4 &gt; ul.products li.product:nth-child(3n), .woocommerce[class*="columns-"].columns-5 &gt; ul.products li.product:nth-child(3n), .woocommerce[class*="columns-"].columns-6 &gt; ul.products li.product:nth-child(3n){margin-right:0;clear:right;}.woocommerce[class*="columns-"].columns-3 &gt; ul.products li.product:nth-child(3n+1), .woocommerce[class*="columns-"].columns-4 &gt; ul.products li.product:nth-child(3n+1), .woocommerce[class*="columns-"].columns-5 &gt; ul.products li.product:nth-child(3n+1), .woocommerce[class*="columns-"].columns-6 &gt; ul.products li.product:nth-child(3n+1){clear:left;}.woocommerce[class*="columns-"] ul.products li.product:nth-child(n), .woocommerce-page[class*="columns-"] ul.products li.product:nth-child(n){margin-right:20px;clear:none;}.woocommerce.tablet-columns-2 ul.products li.product:nth-child(2n), .woocommerce-page.tablet-columns-2 ul.products li.product:nth-child(2n), .woocommerce.tablet-columns-3 ul.products li.product:nth-child(3n), .woocommerce-page.tablet-columns-3 ul.products li.product:nth-child(3n), .woocommerce.tablet-columns-4 ul.products li.product:nth-child(4n), .woocommerce-page.tablet-columns-4 ul.products li.product:nth-child(4n), .woocommerce.tablet-columns-5 ul.products li.product:nth-child(5n), .woocommerce-page.tablet-columns-5 ul.products li.product:nth-child(5n), .woocommerce.tablet-columns-6 ul.products li.product:nth-child(6n), .woocommerce-page.tablet-columns-6 ul.products li.product:nth-child(6n){margin-right:0;clear:right;}.woocommerce.tablet-columns-2 ul.products li.product:nth-child(2n+1), .woocommerce-page.tablet-columns-2 ul.products li.product:nth-child(2n+1), .woocommerce.tablet-columns-3 ul.products li.product:nth-child(3n+1), .woocommerce-page.tablet-columns-3 ul.products li.product:nth-child(3n+1), .woocommerce.tablet-columns-4 ul.products li.product:nth-child(4n+1), .woocommerce-page.tablet-columns-4 ul.products li.product:nth-child(4n+1), .woocommerce.tablet-columns-5 ul.products li.product:nth-child(5n+1), .woocommerce-page.tablet-columns-5 ul.products li.product:nth-child(5n+1), .woocommerce.tablet-columns-6 ul.products li.product:nth-child(6n+1), .woocommerce-page.tablet-columns-6 ul.products li.product:nth-child(6n+1){clear:left;}.woocommerce div.product .related.products ul.products li.product:nth-child(3n), .woocommerce-page.tablet-columns-1 .site-main ul.products li.product{margin-right:0;clear:right;}.woocommerce div.product .related.products ul.products li.product:nth-child(3n+1){clear:left;}}@media (min-width:922px){.woocommerce #reviews #comments{width:55%;float:left;}.woocommerce #reviews #review_form_wrapper{width:45%;padding-left:2em;float:right;}.woocommerce form.checkout_coupon{width:50%;}}@media (max-width:921px){.ast-header-break-point.ast-woocommerce-cart-menu .header-main-layout-1.ast-mobile-header-stack.ast-no-menu-items .ast-site-header-cart, .ast-header-break-point.ast-woocommerce-cart-menu .header-main-layout-3.ast-mobile-header-stack.ast-no-menu-items .ast-site-header-cart{padding-right:0;padding-left:0;}.ast-header-break-point.ast-woocommerce-cart-menu .header-main-layout-1.ast-mobile-header-stack .main-header-bar{text-align:center;}.ast-header-break-point.ast-woocommerce-cart-menu .header-main-layout-1.ast-mobile-header-stack .ast-site-header-cart, .ast-header-break-point.ast-woocommerce-cart-menu .header-main-layout-1.ast-mobile-header-stack .ast-mobile-menu-buttons{display:inline-block;}.ast-header-break-point.ast-woocommerce-cart-menu .header-main-layout-2.ast-mobile-header-inline .site-branding{flex:auto;}.ast-header-break-point.ast-woocommerce-cart-menu .header-main-layout-3.ast-mobile-header-stack .site-branding{flex:0 0 100%;}.ast-header-break-point.ast-woocommerce-cart-menu .header-main-layout-3.ast-mobile-header-stack .main-header-container{display:flex;justify-content:center;}.woocommerce-cart .woocommerce-shipping-calculator .button{width:100%;}.woocommerce div.product div.images, .woocommerce div.product div.summary, .woocommerce #content div.product div.images, .woocommerce #content div.product div.summary, .woocommerce-page div.product div.images, .woocommerce-page div.product div.summary, .woocommerce-page #content div.product div.images, .woocommerce-page #content div.product div.summary{float:none;width:100%;}.woocommerce-cart table.cart td.actions .ast-return-to-shop{display:block;text-align:center;margin-top:1em;}}@media (max-width:544px){.ast-separate-container .ast-woocommerce-container{padding:.54em 1em 1.33333em;}.woocommerce-message, .woocommerce-error, .woocommerce-info{display:flex;flex-wrap:wrap;}.woocommerce-message a.button, .woocommerce-error a.button, .woocommerce-info a.button{order:1;margin-top:.5em;}.woocommerce .woocommerce-ordering, .woocommerce-page .woocommerce-ordering{float:none;margin-bottom:2em;width:100%;}.woocommerce ul.products a.button, .woocommerce-page ul.products a.button{padding:0.5em 0.75em;}.woocommerce table.cart td.actions .button, .woocommerce #content table.cart td.actions .button, .woocommerce-page table.cart td.actions .button, .woocommerce-page #content table.cart td.actions .button{padding-left:1em;padding-right:1em;}.woocommerce #content table.cart .button, .woocommerce-page #content table.cart .button{width:100%;}.woocommerce #content table.cart .product-thumbnail, .woocommerce-page #content table.cart .product-thumbnail{display:block;text-align:center !important;}.woocommerce #content table.cart .product-thumbnail::before, .woocommerce-page #content table.cart .product-thumbnail::before{display:none;}.woocommerce #content table.cart td.actions .coupon, .woocommerce-page #content table.cart td.actions .coupon{float:none;}.woocommerce #content table.cart td.actions .coupon .button, .woocommerce-page #content table.cart td.actions .coupon .button{flex:1;}.woocommerce #content div.product .woocommerce-tabs ul.tabs li a, .woocommerce-page #content div.product .woocommerce-tabs ul.tabs li a{display:block;}.woocommerce div.product .related.products ul.products li.product, .woocommerce.mobile-columns-2 ul.products li.product, .woocommerce-page.mobile-columns-2 ul.products li.product{width:calc(50% - 10px);}.woocommerce.mobile-columns-6 ul.products li.product, .woocommerce-page.mobile-columns-6 ul.products li.product{width:calc(16.66% - 16.66px);}.woocommerce.mobile-columns-5 ul.products li.product, .woocommerce-page.mobile-columns-5 ul.products li.product{width:calc(20% - 16px);}.woocommerce.mobile-columns-4 ul.products li.product, .woocommerce-page.mobile-columns-4 ul.products li.product{width:calc(25% - 15px);}.woocommerce.mobile-columns-3 ul.products li.product, .woocommerce-page.mobile-columns-3 ul.products li.product{width:calc(33.33% - 14px);}.woocommerce.mobile-columns-1 ul.products li.product, .woocommerce-page.mobile-columns-1 ul.products li.product{width:100%;}}@media (max-width:544px){.woocommerce ul.products a.button.loading::after, .woocommerce-page ul.products a.button.loading::after{display:inline-block;margin-left:5px;position:initial;}.woocommerce.mobile-columns-1 .site-main ul.products li.product:nth-child(n), .woocommerce-page.mobile-columns-1 .site-main ul.products li.product:nth-child(n){margin-right:0;}.woocommerce #content div.product .woocommerce-tabs ul.tabs li, .woocommerce-page #content div.product .woocommerce-tabs ul.tabs li{display:block;margin-right:0;}.woocommerce[class*="columns-"].columns-3 &gt; ul.products li.product, .woocommerce[class*="columns-"].columns-4 &gt; ul.products li.product, .woocommerce[class*="columns-"].columns-5 &gt; ul.products li.product, .woocommerce[class*="columns-"].columns-6 &gt; ul.products li.product{width:calc(50% - 10px);margin-right:20px;}.woocommerce[class*="columns-"] ul.products li.product:nth-child(n), .woocommerce-page[class*="columns-"] ul.products li.product:nth-child(n){margin-right:20px;clear:none;}.woocommerce-page[class*=columns-].columns-3&gt;ul.products li.product:nth-child(2n), .woocommerce-page[class*=columns-].columns-4&gt;ul.products li.product:nth-child(2n), .woocommerce-page[class*=columns-].columns-5&gt;ul.products li.product:nth-child(2n), .woocommerce-page[class*=columns-].columns-6&gt;ul.products li.product:nth-child(2n), .woocommerce[class*=columns-].columns-3&gt;ul.products li.product:nth-child(2n), .woocommerce[class*=columns-].columns-4&gt;ul.products li.product:nth-child(2n), .woocommerce[class*=columns-].columns-5&gt;ul.products li.product:nth-child(2n), .woocommerce[class*=columns-].columns-6&gt;ul.products li.product:nth-child(2n){margin-right:0;clear:right;}.woocommerce[class*="columns-"].columns-3 &gt; ul.products li.product:nth-child(2n+1), .woocommerce[class*="columns-"].columns-4 &gt; ul.products li.product:nth-child(2n+1), .woocommerce[class*="columns-"].columns-5 &gt; ul.products li.product:nth-child(2n+1), .woocommerce[class*="columns-"].columns-6 &gt; ul.products li.product:nth-child(2n+1){clear:left;}.woocommerce-page[class*=columns-] ul.products li.product:nth-child(n), .woocommerce[class*=columns-] ul.products li.product:nth-child(n){margin-right:20px;clear:none;}.woocommerce.mobile-columns-6 ul.products li.product:nth-child(6n), .woocommerce-page.mobile-columns-6 ul.products li.product:nth-child(6n), .woocommerce.mobile-columns-5 ul.products li.product:nth-child(5n), .woocommerce-page.mobile-columns-5 ul.products li.product:nth-child(5n), .woocommerce.mobile-columns-4 ul.products li.product:nth-child(4n), .woocommerce-page.mobile-columns-4 ul.products li.product:nth-child(4n), .woocommerce.mobile-columns-3 ul.products li.product:nth-child(3n), .woocommerce-page.mobile-columns-3 ul.products li.product:nth-child(3n), .woocommerce.mobile-columns-2 ul.products li.product:nth-child(2n), .woocommerce-page.mobile-columns-2 ul.products li.product:nth-child(2n), .woocommerce div.product .related.products ul.products li.product:nth-child(2n){margin-right:0;clear:right;}.woocommerce.mobile-columns-6 ul.products li.product:nth-child(6n+1), .woocommerce-page.mobile-columns-6 ul.products li.product:nth-child(6n+1), .woocommerce.mobile-columns-5 ul.products li.product:nth-child(5n+1), .woocommerce-page.mobile-columns-5 ul.products li.product:nth-child(5n+1), .woocommerce.mobile-columns-4 ul.products li.product:nth-child(4n+1), .woocommerce-page.mobile-columns-4 ul.products li.product:nth-child(4n+1), .woocommerce.mobile-columns-3 ul.products li.product:nth-child(3n+1), .woocommerce-page.mobile-columns-3 ul.products li.product:nth-child(3n+1), .woocommerce.mobile-columns-2 ul.products li.product:nth-child(2n+1), .woocommerce-page.mobile-columns-2 ul.products li.product:nth-child(2n+1), .woocommerce div.product .related.products ul.products li.product:nth-child(2n+1){clear:left;}}@media (min-width:922px){.ast-woo-shop-archive .site-content &gt; .ast-container{max-width:1240px;}}@media (min-width:922px){.woocommerce #content .ast-woocommerce-container div.product div.images, .woocommerce .ast-woocommerce-container div.product div.images, .woocommerce-page #content .ast-woocommerce-container div.product div.images, .woocommerce-page .ast-woocommerce-container div.product div.images{width:50%;}.woocommerce #content .ast-woocommerce-container div.product div.summary, .woocommerce .ast-woocommerce-container div.product div.summary, .woocommerce-page #content .ast-woocommerce-container div.product div.summary, .woocommerce-page .ast-woocommerce-container div.product div.summary{width:46%;}.woocommerce.woocommerce-checkout form #customer_details.col2-set .col-1, .woocommerce.woocommerce-checkout form #customer_details.col2-set .col-2, .woocommerce-page.woocommerce-checkout form #customer_details.col2-set .col-1, .woocommerce-page.woocommerce-checkout form #customer_details.col2-set .col-2{float:none;width:auto;}}.woocommerce a.button , .woocommerce button.button.alt ,.woocommerce-page table.cart td.actions .button, .woocommerce-page #content table.cart td.actions .button , .woocommerce a.button.alt ,.woocommerce .woocommerce-message a.button , .ast-site-header-cart .widget_shopping_cart .buttons .button.checkout, .woocommerce button.button.alt.disabled , .wc-block-grid__products .wc-block-grid__product .wp-block-button__link {border:solid;border-top-width:0;border-right-width:0;border-left-width:0;border-bottom-width:0;border-color:#3197d6;}.woocommerce a.button:hover , .woocommerce button.button.alt:hover , .woocommerce-page table.cart td.actions .button:hover, .woocommerce-page #content table.cart td.actions .button:hover, .woocommerce a.button.alt:hover ,.woocommerce .woocommerce-message a.button:hover , .ast-site-header-cart .widget_shopping_cart .buttons .button.checkout:hover , .woocommerce button.button.alt.disabled:hover , .wc-block-grid__products .wc-block-grid__product .wp-block-button__link:hover{border-color:#0084d6;}.widget_product_search button{flex:0 0 auto;padding:10px 20px;;}@media (min-width:922px){.woocommerce.woocommerce-checkout form #customer_details.col2-set, .woocommerce-page.woocommerce-checkout form #customer_details.col2-set{width:55%;float:left;margin-right:4.347826087%;}.woocommerce.woocommerce-checkout form #order_review, .woocommerce.woocommerce-checkout form #order_review_heading, .woocommerce-page.woocommerce-checkout form #order_review, .woocommerce-page.woocommerce-checkout form #order_review_heading{width:40%;float:right;margin-right:0;clear:right;}}
</style>
    <style id="woocommerce-inline-inline-css">
.woocommerce form .form-row .required { visibility: visible; }
</style>
    <script id="jquery-core-js" src="https://askomdch.com/wp-includes/js/jquery/jquery.min.js?ver=3.6.0"/>
    <script id="jquery-migrate-js" src="https://askomdch.com/wp-includes/js/jquery/jquery-migrate.min.js?ver=3.3.2"/>
    <link rel="canonical" href="https://askomdch.com/account/"/>
    <noscript>
      <style>.woocommerce-product-gallery{ opacity: 1 !important; }</style>
    </noscript>
    <style>.recentcomments a{display:inline !important;padding:0 !important;margin:0 !important;}</style>
  </head>
  <body class="page-template-default page page-id-1235 theme-astra woocommerce-account woocommerce-page woocommerce-no-js ast-single-post ast-mobile-inherit-site-logo ast-woocommerce-cart-menu ast-inherit-site-logo-transparent ast-theme-transparent-header ast-hfb-header ast-desktop ast-plain-container ast-no-sidebar astra-3.7.5" itemtype="https://schema.org/WebPage" itemscope="itemscope">
    <a shape="rect" class="skip-link screen-reader-text" href="#content" role="link" title="Skip to content">
Skip to content</a>
    <div class="hfeed site" id="page">
      <header class="site-header ast-primary-submenu-animation-slide-up header-main-layout-1 ast-primary-menu-enabled ast-builder-menu-toggle-icon ast-mobile-header-inline" id="masthead" itemtype="https://schema.org/WPHeader" itemscope="itemscope" itemid="#masthead">
        <div id="ast-desktop-header" data-toggle-type="dropdown">
          <div class="ast-main-header-wrap main-header-bar-wrap">
            <div class="ast-primary-header-bar ast-primary-header main-header-bar site-header-focus-item" data-section="section-primary-header-builder">
              <div class="site-primary-header-wrap ast-builder-grid-row-container site-header-focus-item ast-container" data-section="section-primary-header-builder">
                <div class="ast-builder-grid-row ast-builder-grid-row-has-sides ast-builder-grid-row-no-center">
                  <div class="site-header-primary-section-left site-header-section ast-flex site-header-section-left">
                    <div class="ast-builder-layout-element ast-flex site-header-focus-item" data-section="title_tagline">
                      <div class="site-branding ast-site-identity" itemtype="https://schema.org/Organization" itemscope="itemscope">
                        <div class="ast-site-title-wrap">
                          <span class="site-title" itemprop="name">
                            <a shape="rect" href="https://askomdch.com/" rel="home" itemprop="url">
AskOmDch
</a>
                          </span>
                        </div>
                      </div>
                    </div>
                  </div>
                  <div class="site-header-primary-section-right site-header-section ast-flex ast-grid-right-section">
                    <div class="ast-builder-menu-1 ast-builder-menu ast-flex ast-builder-menu-1-focus-item ast-builder-layout-element site-header-focus-item" data-section="section-hb-menu-1">
                      <div class="ast-main-header-bar-alignment">
                        <div class="main-header-bar-navigation">
                          <nav class="site-navigation ast-flex-grow-1 navigation-accessibility site-header-focus-item" id="primary-site-navigation" aria-label="Site Navigation" itemtype="https://schema.org/SiteNavigationElement" itemscope="itemscope">
                            <div class="main-navigation ast-inline-flex">
                              <ul class="main-header-menu ast-menu-shadow ast-nav-menu ast-flex submenu-with-border astra-menu-animation-slide-up stack-on-mobile" id="ast-hf-menu-1">
                                <li class="menu-item menu-item-type-post_type menu-item-object-page menu-item-home menu-item-1226" id="menu-item-1226">
                                  <a shape="rect" class="menu-link" href="https://askomdch.com/">Home</a>
                                </li>
                                <li class="menu-item menu-item-type-post_type menu-item-object-page menu-item-1227" id="menu-item-1227">
                                  <a shape="rect" class="menu-link" href="https://askomdch.com/store/">Store</a>
                                </li>
                                <li class="menu-item menu-item-type-taxonomy menu-item-object-product_cat menu-item-1228" id="menu-item-1228">
                                  <a shape="rect" class="menu-link" href="https://askomdch.com/product-category/men/">Men</a>
                                </li>
                                <li class="menu-item menu-item-type-taxonomy menu-item-object-product_cat menu-item-1229" id="menu-item-1229">
                                  <a shape="rect" class="menu-link" href="https://askomdch.com/product-category/women/">Women</a>
                                </li>
                                <li class="menu-item menu-item-type-taxonomy menu-item-object-product_cat menu-item-1230" id="menu-item-1230">
                                  <a shape="rect" class="menu-link" href="https://askomdch.com/product-category/accessories/">Accessories</a>
                                </li>
                                <li class="menu-item menu-item-type-post_type menu-item-object-page current-menu-item page_item page-item-1235 current_page_item menu-item-1237" id="menu-item-1237">
                                  <a shape="rect" class="menu-link" href="https://askomdch.com/account/" aria-current="page">Account</a>
                                </li>
                                <li class="menu-item menu-item-type-post_type menu-item-object-page menu-item-1232" id="menu-item-1232">
                                  <a shape="rect" class="menu-link" href="https://askomdch.com/about/">About</a>
                                </li>
                                <li class="menu-item menu-item-type-post_type menu-item-object-page menu-item-1233" id="menu-item-1233">
                                  <a shape="rect" class="menu-link" href="https://askomdch.com/contact-us/">Contact Us</a>
                                </li>
                              </ul>
                            </div>
                          </nav>
                        </div>
                      </div>
                    </div>
                    <div class="ast-builder-layout-element site-header-focus-item ast-header-woo-cart" data-section="section-header-woo-cart">
                      <div class="ast-site-header-cart ast-menu-cart-with-border ast-menu-cart-fill" id="ast-site-header-cart">
                        <div class="ast-site-header-cart-li">
                          <a shape="rect" class="cart-container" href="https://askomdch.com/cart/" title="View your shopping cart"/>
                          <div class="ast-cart-menu-wrap">
                            <span class="count">
0 </span>
                          </div>
                        </div>
                        <div class="ast-site-header-cart-data">
                          <div class="widget woocommerce widget_shopping_cart">
                            <div class="widget_shopping_cart_content"/>
                          </div>
                        </div>
                      </div>
                    </div>
                  </div>
                </div>
              </div>
            </div>
          </div>
          <div class="ast-desktop-header-content content-align-flex-start"/>
        </div>
        <div class="ast-mobile-header-wrap" id="ast-mobile-header" data-type="dropdown">
          <div class="ast-main-header-wrap main-header-bar-wrap">
            <div class="ast-primary-header-bar ast-primary-header main-header-bar site-primary-header-wrap site-header-focus-item ast-builder-grid-row-layout-default ast-builder-grid-row-tablet-layout-default ast-builder-grid-row-mobile-layout-default" data-section="section-primary-header-builder">
              <div class="ast-builder-grid-row ast-builder-grid-row-has-sides ast-builder-grid-row-no-center">
                <div class="site-header-primary-section-left site-header-section ast-flex site-header-section-left">
                  <div class="ast-builder-layout-element ast-flex site-header-focus-item" data-section="title_tagline">
                    <div class="site-branding ast-site-identity" itemtype="https://schema.org/Organization" itemscope="itemscope">
                      <div class="ast-site-title-wrap">
                        <span class="site-title" itemprop="name">
                          <a shape="rect" href="https://askomdch.com/" rel="home" itemprop="url">
AskOmDch
</a>
                        </span>
                      </div>
                    </div>
                  </div>
                </div>
                <div class="site-header-primary-section-right site-header-section ast-flex ast-grid-right-section">
                  <div class="ast-builder-layout-element site-header-focus-item ast-header-woo-cart" data-section="section-header-woo-cart">
                    <div class="ast-site-header-cart ast-menu-cart-with-border ast-menu-cart-fill" id="ast-site-header-cart">
                      <div class="ast-site-header-cart-li">
                        <a shape="rect" class="cart-container" href="https://askomdch.com/cart/" title="View your shopping cart"/>
                        <div class="ast-cart-menu-wrap">
                          <span class="count">
0 </span>
                        </div>
                      </div>
                      <div class="ast-site-header-cart-data">
                        <div class="widget woocommerce widget_shopping_cart">
                          <div class="widget_shopping_cart_content"/>
                        </div>
                      </div>
                    </div>
                  </div>
                  <div class="ast-builder-layout-element ast-flex site-header-focus-item" data-section="section-header-mobile-trigger">
                    <div class="ast-button-wrap">
                      <button type="button" class="menu-toggle main-header-menu-toggle ast-mobile-menu-trigger-minimal" aria-expanded="false">
                        <span class="screen-reader-text">Main Menu</span>
                        <span class="mobile-menu-toggle-icon">
                          <span class="ahfb-svg-iconset ast-inline-flex svg-baseline">
                            <svg class="ast-mobile-svg ast-menu2-svg" fill="currentColor" version="1.1" width="24" height="28" viewbox="0 0 24 28">
                              <path d="M24 21v2c0 0.547-0.453 1-1 1h-22c-0.547 0-1-0.453-1-1v-2c0-0.547 0.453-1 1-1h22c0.547 0 1 0.453 1 1zM24 13v2c0 0.547-0.453 1-1 1h-22c-0.547 0-1-0.453-1-1v-2c0-0.547 0.453-1 1-1h22c0.547 0 1 0.453 1 1zM24 5v2c0 0.547-0.453 1-1 1h-22c-0.547 0-1-0.453-1-1v-2c0-0.547 0.453-1 1-1h22c0.547 0 1 0.453 1 1z"/>
                            </svg>
                          </span>
                          <span class="ahfb-svg-iconset ast-inline-flex svg-baseline">
                            <svg class="ast-mobile-svg ast-close-svg" fill="currentColor" version="1.1" width="24" height="24" viewbox="0 0 24 24">
                              <path d="M5.293 6.707l5.293 5.293-5.293 5.293c-0.391 0.391-0.391 1.024 0 1.414s1.024 0.391 1.414 0l5.293-5.293 5.293 5.293c0.391 0.391 1.024 0.391 1.414 0s0.391-1.024 0-1.414l-5.293-5.293 5.293-5.293c0.391-0.391 0.391-1.024 0-1.414s-1.024-0.391-1.414 0l-5.293 5.293-5.293-5.293c-0.391-0.391-1.024-0.391-1.414 0s-0.391 1.024 0 1.414z"/>
                            </svg>
                          </span>
                        </span>
                      </button>
                    </div>
                  </div>
                </div>
              </div>
            </div>
          </div>
          <div class="ast-mobile-header-content content-align-flex-start">
            <div class="ast-builder-menu-1 ast-builder-menu ast-flex ast-builder-menu-1-focus-item ast-builder-layout-element site-header-focus-item" data-section="section-hb-menu-1">
              <div class="ast-main-header-bar-alignment">
                <div class="main-header-bar-navigation">
                  <nav class="site-navigation ast-flex-grow-1 navigation-accessibility site-header-focus-item" id="primary-site-navigation" aria-label="Site Navigation" itemtype="https://schema.org/SiteNavigationElement" itemscope="itemscope">
                    <div class="main-navigation ast-inline-flex">
                      <ul class="main-header-menu ast-menu-shadow ast-nav-menu ast-flex submenu-with-border astra-menu-animation-slide-up stack-on-mobile" id="ast-hf-menu-1">
                        <li class="menu-item menu-item-type-post_type menu-item-object-page menu-item-home menu-item-1226">
                          <a shape="rect" class="menu-link" href="https://askomdch.com/">Home</a>
                        </li>
                        <li class="menu-item menu-item-type-post_type menu-item-object-page menu-item-1227">
                          <a shape="rect" class="menu-link" href="https://askomdch.com/store/">Store</a>
                        </li>
                        <li class="menu-item menu-item-type-taxonomy menu-item-object-product_cat menu-item-1228">
                          <a shape="rect" class="menu-link" href="https://askomdch.com/product-category/men/">Men</a>
                        </li>
                        <li class="menu-item menu-item-type-taxonomy menu-item-object-product_cat menu-item-1229">
                          <a shape="rect" class="menu-link" href="https://askomdch.com/product-category/women/">Women</a>
                        </li>
                        <li class="menu-item menu-item-type-taxonomy menu-item-object-product_cat menu-item-1230">
                          <a shape="rect" class="menu-link" href="https://askomdch.com/product-category/accessories/">Accessories</a>
                        </li>
                        <li class="menu-item menu-item-type-post_type menu-item-object-page current-menu-item page_item page-item-1235 current_page_item menu-item-1237">
                          <a shape="rect" class="menu-link" href="https://askomdch.com/account/" aria-current="page">Account</a>
                        </li>
                        <li class="menu-item menu-item-type-post_type menu-item-object-page menu-item-1232">
                          <a shape="rect" class="menu-link" href="https://askomdch.com/about/">About</a>
                        </li>
                        <li class="menu-item menu-item-type-post_type menu-item-object-page menu-item-1233">
                          <a shape="rect" class="menu-link" href="https://askomdch.com/contact-us/">Contact Us</a>
                        </li>
                      </ul>
                    </div>
                  </nav>
                </div>
              </div>
            </div>
          </div>
        </div>
      </header>
      <div class="site-content" id="content">
        <div class="ast-container">
          <div class="content-area primary" id="primary">
            <main id="main" class="site-main">
              <article class="post-1235 page type-page status-publish ast-article-single" id="post-1235" itemtype="https://schema.org/CreativeWork" itemscope="itemscope">
                <header class="entry-header ast-header-without-markup"/>
                <div class="entry-content clear" itemprop="text">
                  <div class="wp-block-cover alignfull has-background-dim" style="background-color:#001d35;min-height:400px">
                    <div class="wp-block-cover__inner-container">
                      <h1 class="has-text-align-center">Account</h1>
                    </div>
                  </div>
                  <div class="wp-block-group alignfull">
                    <div class="wp-block-group__inner-container">
                      <div class="wp-block-columns">
                        <div class="wp-block-column" style="flex-basis:100%"/>
                      </div>
                      <div class="woocommerce">
                        <div class="woocommerce-notices-wrapper"/>
                        <div class="u-columns col2-set" id="customer_login">
                          <div class="u-column1 col-1">
                            <h2>Login</h2>
                            <form enctype="application/x-www-form-urlencoded" method="post" class="woocommerce-form woocommerce-form-login login">
                              <p class="woocommerce-form-row woocommerce-form-row--wide form-row form-row-wide">
                                <label for="username">
Username or email address                                   <span class="required">*</span>
                                </label>
                                <input type="text" class="woocommerce-Input woocommerce-Input--text input-text" id="username" name="username" autocomplete="username" value=""/>
                              </p>
                              <p class="woocommerce-form-row woocommerce-form-row--wide form-row form-row-wide">
                                <label for="password">
Password                                   <span class="required">*</span>
                                </label>
                                <input type="password" class="woocommerce-Input woocommerce-Input--text input-text" id="password" name="password" autocomplete="current-password"/>
                              </p>
                              <p class="form-row">
                                <label class="woocommerce-form__label woocommerce-form__label-for-checkbox woocommerce-form-login__rememberme">
                                  <input type="checkbox" class="woocommerce-form__input woocommerce-form__input-checkbox" id="rememberme" name="rememberme" value="forever"/>
                                  <span>Remember me</span>
                                </label>
                                <input type="hidden" id="woocommerce-login-nonce" name="woocommerce-login-nonce" value="4cacd59938"/>
                                <input type="hidden" name="_wp_http_referer" value="/account/"/>
                                <button type="submit" class="woocommerce-button button woocommerce-form-login__submit" name="login" value="Log in">Log in</button>
                              </p>
                              <p class="woocommerce-LostPassword lost_password">
                                <a shape="rect" href="https://askomdch.com/account/lost-password/">Lost your password?</a>
                              </p>
                            </form>
                          </div>
                          <div class="u-column2 col-2">
                            <h2>Register</h2>
                            <form enctype="application/x-www-form-urlencoded" method="post" class="woocommerce-form woocommerce-form-register register">
                              <p class="woocommerce-form-row woocommerce-form-row--wide form-row form-row-wide">
                                <label for="reg_username">
Username                                   <span class="required">*</span>
                                </label>
                                <input type="text" class="woocommerce-Input woocommerce-Input--text input-text" id="reg_username" name="username" autocomplete="username" value=""/>
                              </p>
                              <p class="woocommerce-form-row woocommerce-form-row--wide form-row form-row-wide">
                                <label for="reg_email">
Email address                                   <span class="required">*</span>
                                </label>
                                <input type="email" class="woocommerce-Input woocommerce-Input--text input-text" id="reg_email" name="email" autocomplete="email" value=""/>
                              </p>
                              <p class="woocommerce-form-row woocommerce-form-row--wide form-row form-row-wide">
                                <label for="reg_password">
Password                                   <span class="required">*</span>
                                </label>
                                <input type="password" class="woocommerce-Input woocommerce-Input--text input-text" id="reg_password" name="password" autocomplete="new-password"/>
                              </p>
                              <div class="woocommerce-privacy-policy-text">
                                <p>TEST MODE ENABLED. DO NOT ENTER YOUR PERSONAL DATA.</p>
                              </div>
                              <p class="woocommerce-form-row form-row">
                                <input type="hidden" id="woocommerce-register-nonce" name="woocommerce-register-nonce" value="ab11f2f464"/>
                                <input type="hidden" name="_wp_http_referer" value="/account/"/>
                                <button type="submit" class="woocommerce-Button woocommerce-button button woocommerce-form-register__submit" name="register" value="Register">Register</button>
                              </p>
                            </form>
                          </div>
                        </div>
                      </div>
                    </div>
                  </div>
                  <p/>
                </div>
              </article>
            </main>
          </div>
        </div>
      </div>
      <div class="astra-mobile-cart-overlay"/>
      <div class="astra-cart-drawer open-right" id="astra-mobile-cart-drawer">
        <div class="astra-cart-drawer-header">
          <button type="button" class="astra-cart-drawer-close">
            <span class="ahfb-svg-iconset ast-inline-flex svg-baseline">
              <svg class="ast-mobile-svg ast-close-svg" fill="currentColor" version="1.1" width="24" height="24" viewbox="0 0 24 24">
                <path d="M5.293 6.707l5.293 5.293-5.293 5.293c-0.391 0.391-0.391 1.024 0 1.414s1.024 0.391 1.414 0l5.293-5.293 5.293 5.293c0.391 0.391 1.024 0.391 1.414 0s0.391-1.024 0-1.414l-5.293-5.293 5.293-5.293c0.391-0.391 0.391-1.024 0-1.414s-1.024-0.391-1.414 0l-5.293 5.293-5.293-5.293c-0.391-0.391-1.024-0.391-1.414 0s-0.391 1.024 0 1.414z"/>
              </svg>
            </span>
          </button>
          <div class="astra-cart-drawer-title">
Shopping Cart </div>
        </div>
        <div class="astra-cart-drawer-content">
          <div class="widget woocommerce widget_shopping_cart">
            <div class="widget_shopping_cart_content"/>
          </div>
        </div>
      </div>
      <footer class="site-footer" id="colophon" itemtype="https://schema.org/WPFooter" itemscope="itemscope" itemid="#colophon">
        <div class="site-primary-footer-wrap ast-builder-grid-row-container site-footer-focus-item ast-builder-grid-row-4-equal ast-builder-grid-row-tablet-4-equal ast-builder-grid-row-mobile-full ast-footer-row-stack ast-footer-row-tablet-stack ast-footer-row-mobile-stack" data-section="section-primary-footer-builder">
          <div class="ast-builder-grid-row-container-inner">
            <div class="ast-builder-footer-grid-columns site-primary-footer-inner-wrap ast-builder-grid-row">
              <div class="site-footer-primary-section-1 site-footer-section site-footer-section-1">
                <aside class="footer-widget-area widget-area site-footer-focus-item" data-section="sidebar-widgets-footer-widget-1" aria-label="Footer Widget 1">
                  <div class="footer-widget-area-inner site-info-inner">
                    <section id="nav_menu-7" class="widget widget_nav_menu">
                      <h2 class="widget-title">Quick Links</h2>
                      <nav class="menu-quick-links-container" aria-label="Quick Links">
                        <ul class="menu" id="menu-quick-links">
                          <li class="menu-item menu-item-type-post_type menu-item-object-page menu-item-home menu-item-1254" id="menu-item-1254">
                            <a shape="rect" class="menu-link" href="https://askomdch.com/">Home</a>
                          </li>
                          <li class="menu-item menu-item-type-post_type menu-item-object-page menu-item-1255" id="menu-item-1255">
                            <a shape="rect" class="menu-link" href="https://askomdch.com/about/">About</a>
                          </li>
                          <li class="menu-item menu-item-type-post_type menu-item-object-page current-menu-item page_item page-item-1235 current_page_item menu-item-1256" id="menu-item-1256">
                            <a shape="rect" class="menu-link" href="https://askomdch.com/account/" aria-current="page">My Account</a>
                          </li>
                          <li class="menu-item menu-item-type-post_type menu-item-object-page menu-item-1257" id="menu-item-1257">
                            <a shape="rect" class="menu-link" href="https://askomdch.com/cart/">Cart</a>
                          </li>
                          <li class="menu-item menu-item-type-post_type menu-item-object-page menu-item-1258" id="menu-item-1258">
                            <a shape="rect" class="menu-link" href="https://askomdch.com/contact-us/">Contact Us</a>
                          </li>
                        </ul>
                      </nav>
                    </section>
                  </div>
                </aside>
              </div>
              <div class="site-footer-primary-section-2 site-footer-section site-footer-section-2">
                <aside class="footer-widget-area widget-area site-footer-focus-item" data-section="sidebar-widgets-footer-widget-2" aria-label="Footer Widget 2">
                  <div class="footer-widget-area-inner site-info-inner">
                    <section id="nav_menu-8" class="widget widget_nav_menu">
                      <h2 class="widget-title">For Her</h2>
                      <nav class="menu-for-her-container" aria-label="For Her">
                        <ul class="menu" id="menu-for-her">
                          <li class="menu-item menu-item-type-taxonomy menu-item-object-product_cat menu-item-1264" id="menu-item-1264">
                            <a shape="rect" class="menu-link" href="https://askomdch.com/product-category/women/">Women</a>
                          </li>
                          <li class="menu-item menu-item-type-taxonomy menu-item-object-product_cat menu-item-1266" id="menu-item-1266">
                            <a shape="rect" class="menu-link" href="https://askomdch.com/product-category/womens-jeans/">Women’s Jeans</a>
                          </li>
                          <li class="menu-item menu-item-type-taxonomy menu-item-object-product_cat menu-item-1265" id="menu-item-1265">
                            <a shape="rect" class="menu-link" href="https://askomdch.com/product-category/womens-shirts/">Women’s Shirts</a>
                          </li>
                          <li class="menu-item menu-item-type-taxonomy menu-item-object-product_cat menu-item-1267" id="menu-item-1267">
                            <a shape="rect" class="menu-link" href="https://askomdch.com/product-category/womens-shoes/">Women’s Shoes</a>
                          </li>
                          <li class="menu-item menu-item-type-taxonomy menu-item-object-product_cat menu-item-1268" id="menu-item-1268">
                            <a shape="rect" class="menu-link" href="https://askomdch.com/product-category/accessories/">Accessories</a>
                          </li>
                        </ul>
                      </nav>
                    </section>
                  </div>
                </aside>
              </div>
              <div class="site-footer-primary-section-3 site-footer-section site-footer-section-3">
                <aside class="footer-widget-area widget-area site-footer-focus-item" data-section="sidebar-widgets-footer-widget-3" aria-label="Footer Widget 3">
                  <div class="footer-widget-area-inner site-info-inner">
                    <section id="nav_menu-12" class="widget widget_nav_menu">
                      <h2 class="widget-title">For Him</h2>
                      <nav class="menu-for-him-container" aria-label="For Him">
                        <ul class="menu" id="menu-for-him">
                          <li class="menu-item menu-item-type-taxonomy menu-item-object-product_cat menu-item-1263" id="menu-item-1263">
                            <a shape="rect" class="menu-link" href="https://askomdch.com/product-category/men/">Men</a>
                          </li>
                          <li class="menu-item menu-item-type-taxonomy menu-item-object-product_cat menu-item-1259" id="menu-item-1259">
                            <a shape="rect" class="menu-link" href="https://askomdch.com/product-category/mens-jeans/">Men’s Jeans</a>
                          </li>
                          <li class="menu-item menu-item-type-taxonomy menu-item-object-product_cat menu-item-1260" id="menu-item-1260">
                            <a shape="rect" class="menu-link" href="https://askomdch.com/product-category/mens-shirts/">Men’s Shirts</a>
                          </li>
                          <li class="menu-item menu-item-type-taxonomy menu-item-object-product_cat menu-item-1261" id="menu-item-1261">
                            <a shape="rect" class="menu-link" href="https://askomdch.com/product-category/mens-shoes/">Men’s Shoes</a>
                          </li>
                          <li class="menu-item menu-item-type-taxonomy menu-item-object-product_cat menu-item-1262" id="menu-item-1262">
                            <a shape="rect" class="menu-link" href="https://askomdch.com/product-category/accessories/">Accessories</a>
                          </li>
                        </ul>
                      </nav>
                    </section>
                  </div>
                </aside>
              </div>
              <div class="site-footer-primary-section-4 site-footer-section site-footer-section-4">
                <aside class="footer-widget-area widget-area site-footer-focus-item" data-section="sidebar-widgets-footer-widget-4" aria-label="Footer Widget 4">
                  <div class="footer-widget-area-inner site-info-inner">
                    <section id="text-2" class="widget widget_text">
                      <h2 class="widget-title">AOD on Mobile</h2>
                      <div class="textwidget">
                        <p>
                          <a shape="rect" href="https://www.apple.com/in/app-store/" target="_blank" rel="noopener">
                            <img class="alignnone wp-image-1475 size-full" src="https://askomdch.com/wp-content/uploads/2021/06/image-60-compressed.jpg" alt="" width="300" height="90"/>
                          </a>
                          <a shape="rect" href="https://play.google.com/store" target="_blank" rel="noopener">
                            <img class="alignnone wp-image-1473 size-full" src="https://askomdch.com/wp-content/uploads/2021/06/image-41-compressed.jpg" alt="" width="300" height="90"/>
                          </a>
                        </p>
                      </div>
                    </section>
                  </div>
                </aside>
              </div>
            </div>
          </div>
        </div>
        <div class="site-below-footer-wrap ast-builder-grid-row-container site-footer-focus-item ast-builder-grid-row-2-equal ast-builder-grid-row-tablet-2-equal ast-builder-grid-row-mobile-full ast-footer-row-stack ast-footer-row-tablet-stack ast-footer-row-mobile-stack" data-section="section-below-footer-builder">
          <div class="ast-builder-grid-row-container-inner">
            <div class="ast-builder-footer-grid-columns site-below-footer-inner-wrap ast-builder-grid-row">
              <div class="site-footer-below-section-1 site-footer-section site-footer-section-1">
                <div class="ast-builder-layout-element ast-flex site-footer-focus-item ast-footer-copyright" data-section="section-footer-builder">
                  <div class="ast-footer-copyright">
                    <p>Copyright © 2022 AskOmDch</p>
                  </div>
                </div>
              </div>
              <div class="site-footer-below-section-2 site-footer-section site-footer-section-2">
                <div class="footer-widget-area widget-area site-footer-focus-item ast-footer-html-1" data-section="section-fb-html-1">
                  <div class="ast-header-html inner-link-style-">
                    <div class="ast-builder-html-element">
                      <p>Powered by AskOmDch</p>
                    </div>
                  </div>
                </div>
              </div>
            </div>
          </div>
        </div>
      </footer>
    </div>
    <script type="text/javascript">
		(function () {
			var c = document.body.className;
			c = c.replace(/woocommerce-no-js/, 'woocommerce-js');
			document.body.className = c;
		})();
	</script>
    <script id="astra-theme-js-js-extra">
var astra = {"break_point":"921","isRtl":""};
</script>
    <script id="astra-theme-js-js" src="https://askomdch.com/wp-content/themes/astra/assets/js/minified/frontend.min.js?ver=3.7.5"/>
    <script id="astra-mobile-cart-js" src="https://askomdch.com/wp-content/themes/astra/assets/js/minified/mobile-cart.min.js?ver=3.7.5"/>
    <script id="js-cookie-js" src="https://askomdch.com/wp-content/plugins/woocommerce/assets/js/js-cookie/js.cookie.min.js?ver=2.1.4-wc.5.8.1"/>
    <script id="wc-cart-fragments-js-extra">
var wc_cart_fragments_params = {"ajax_url":"\/wp-admin\/admin-ajax.php","wc_ajax_url":"\/?wc-ajax=%%endpoint%%","cart_hash_key":"wc_cart_hash_ce7302d8a5b087b54dd768c76987f650","fragment_name":"wc_fragments_ce7302d8a5b087b54dd768c76987f650","request_timeout":"5000"};
</script>
    <script id="wc-cart-fragments-js" src="https://askomdch.com/wp-content/plugins/woocommerce/assets/js/frontend/cart-fragments.min.js?ver=5.8.1"/>
    <script id="rocket-browser-checker-js-after">
"use strict";var _createClass=function(){function defineProperties(target,props){for(var i=0;i&lt;props.length;i++){var descriptor=props[i];descriptor.enumerable=descriptor.enumerable||!1,descriptor.configurable=!0,"value"in descriptor&amp;&amp;(descriptor.writable=!0),Object.defineProperty(target,descriptor.key,descriptor)}}return function(Constructor,protoProps,staticProps){return protoProps&amp;&amp;defineProperties(Constructor.prototype,protoProps),staticProps&amp;&amp;defineProperties(Constructor,staticProps),Constructor}}();function _classCallCheck(instance,Constructor){if(!(instance instanceof Constructor))throw new TypeError("Cannot call a class as a function")}var RocketBrowserCompatibilityChecker=function(){function RocketBrowserCompatibilityChecker(options){_classCallCheck(this,RocketBrowserCompatibilityChecker),this.passiveSupported=!1,this._checkPassiveOption(this),this.options=!!this.passiveSupported&amp;&amp;options}return _createClass(RocketBrowserCompatibilityChecker,[{key:"_checkPassiveOption",value:function(self){try{var options={get passive(){return!(self.passiveSupported=!0)}};window.addEventListener("test",null,options),window.removeEventListener("test",null,options)}catch(err){self.passiveSupported=!1}}},{key:"initRequestIdleCallback",value:function(){!1 in window&amp;&amp;(window.requestIdleCallback=function(cb){var start=Date.now();return setTimeout(function(){cb({didTimeout:!1,timeRemaining:function(){return Math.max(0,50-(Date.now()-start))}})},1)}),!1 in window&amp;&amp;(window.cancelIdleCallback=function(id){return clearTimeout(id)})}},{key:"isDataSaverModeOn",value:function(){return"connection"in navigator&amp;&amp;!0===navigator.connection.saveData}},{key:"supportsLinkPrefetch",value:function(){var elem=document.createElement("link");return elem.relList&amp;&amp;elem.relList.supports&amp;&amp;elem.relList.supports("prefetch")&amp;&amp;window.IntersectionObserver&amp;&amp;"isIntersecting"in IntersectionObserverEntry.prototype}},{key:"isSlowConnection",value:function(){return"connection"in navigator&amp;&amp;"effectiveType"in navigator.connection&amp;&amp;("2g"===navigator.connection.effectiveType||"slow-2g"===navigator.connection.effectiveType)}}]),RocketBrowserCompatibilityChecker}();
</script>
    <script id="rocket-preload-links-js-extra">
var RocketPreloadLinksConfig = {"excludeUris":"\/(.+\/)?feed\/?.+\/?|\/(?:.+\/)?embed\/|\/checkout\/|\/cart\/|\/account\/|\/wc-api\/v(.*)|\/(index\\.php\/)?wp\\-json(\/.*|$)|\/wp-admin\/|\/logout\/|\/wp-login.php","usesTrailingSlash":"1","imageExt":"jpg|jpeg|gif|png|tiff|bmp|webp|avif","fileExt":"jpg|jpeg|gif|png|tiff|bmp|webp|avif|php|pdf|html|htm","siteUrl":"https:\/\/askomdch.com","onHoverDelay":"100","rateThrottle":"3"};
</script>
    <script id="rocket-preload-links-js-after">
(function() {
"use strict";var r="function"==typeof Symbol&amp;&amp;"symbol"==typeof Symbol.iterator?function(e){return typeof e}:function(e){return e&amp;&amp;"function"==typeof Symbol&amp;&amp;e.constructor===Symbol&amp;&amp;e!==Symbol.prototype?"symbol":typeof e},e=function(){function i(e,t){for(var n=0;n&lt;t.length;n++){var i=t[n];i.enumerable=i.enumerable||!1,i.configurable=!0,"value"in i&amp;&amp;(i.writable=!0),Object.defineProperty(e,i.key,i)}}return function(e,t,n){return t&amp;&amp;i(e.prototype,t),n&amp;&amp;i(e,n),e}}();function i(e,t){if(!(e instanceof t))throw new TypeError("Cannot call a class as a function")}var t=function(){function n(e,t){i(this,n),this.browser=e,this.config=t,this.options=this.browser.options,this.prefetched=new Set,this.eventTime=null,this.threshold=1111,this.numOnHover=0}return e(n,[{key:"init",value:function(){!this.browser.supportsLinkPrefetch()||this.browser.isDataSaverModeOn()||this.browser.isSlowConnection()||(this.regex={excludeUris:RegExp(this.config.excludeUris,"i"),images:RegExp(".("+this.config.imageExt+")$","i"),fileExt:RegExp(".("+this.config.fileExt+")$","i")},this._initListeners(this))}},{key:"_initListeners",value:function(e){-1&lt;this.config.onHoverDelay&amp;&amp;document.addEventListener("mouseover",e.listener.bind(e),e.listenerOptions),document.addEventListener("mousedown",e.listener.bind(e),e.listenerOptions),document.addEventListener("touchstart",e.listener.bind(e),e.listenerOptions)}},{key:"listener",value:function(e){var t=e.target.closest("a"),n=this._prepareUrl(t);if(null!==n)switch(e.type){case"mousedown":case"touchstart":this._addPrefetchLink(n);break;case"mouseover":this._earlyPrefetch(t,n,"mouseout")}}},{key:"_earlyPrefetch",value:function(t,e,n){var i=this,r=setTimeout(function(){if(r=null,0===i.numOnHover)setTimeout(function(){return i.numOnHover=0},1e3);else if(i.numOnHover&gt;i.config.rateThrottle)return;i.numOnHover++,i._addPrefetchLink(e)},this.config.onHoverDelay);t.addEventListener(n,function e(){t.removeEventListener(n,e,{passive:!0}),null!==r&amp;&amp;(clearTimeout(r),r=null)},{passive:!0})}},{key:"_addPrefetchLink",value:function(i){return this.prefetched.add(i.href),new Promise(function(e,t){var n=document.createElement("link");n.rel="prefetch",n.href=i.href,n.onload=e,n.onerror=t,document.head.appendChild(n)}).catch(function(){})}},{key:"_prepareUrl",value:function(e){if(null===e||"object"!==(void 0===e?"undefined":r(e))||!1 in e||-1===["http:","https:"].indexOf(e.protocol))return null;var t=e.href.substring(0,this.config.siteUrl.length),n=this._getPathname(e.href,t),i={original:e.href,protocol:e.protocol,origin:t,pathname:n,href:t+n};return this._isLinkOk(i)?i:null}},{key:"_getPathname",value:function(e,t){var n=t?e.substring(this.config.siteUrl.length):e;return n.startsWith("/")||(n="/"+n),this._shouldAddTrailingSlash(n)?n+"/":n}},{key:"_shouldAddTrailingSlash",value:function(e){return this.config.usesTrailingSlash&amp;&amp;!e.endsWith("/")&amp;&amp;!this.regex.fileExt.test(e)}},{key:"_isLinkOk",value:function(e){return null!==e&amp;&amp;"object"===(void 0===e?"undefined":r(e))&amp;&amp;(!this.prefetched.has(e.href)&amp;&amp;e.origin===this.config.siteUrl&amp;&amp;-1===e.href.indexOf("?")&amp;&amp;-1===e.href.indexOf("#")&amp;&amp;!this.regex.excludeUris.test(e.href)&amp;&amp;!this.regex.images.test(e.href))}}],[{key:"run",value:function(){"undefined"!=typeof RocketPreloadLinksConfig&amp;&amp;new n(new RocketBrowserCompatibilityChecker({capture:!0,passive:!0}),RocketPreloadLinksConfig).init()}}]),n}();t.run();
}());
</script>
    <script>
			/(trident|msie)/i.test(navigator.userAgent)&amp;&amp;document.getElementById&amp;&amp;window.addEventListener&amp;&amp;window.addEventListener("hashchange",function(){var t,e=location.hash.substring(1);/^[A-z0-9_-]+$/.test(e)&amp;&amp;(t=document.getElementById(e))&amp;&amp;(/^(?:a|select|input|button|textarea)$/i.test(t.tagName)||(t.tabIndex=-1),t.focus())},!1);
			</script>
  </body>
</html>
HTTP/1.1 200 OK
Date: Sun, 06 Nov 2022 17:16:26 GMT
Content-Type: text/html; charset=UTF-8
Transfer-Encoding: chunked
Connection: keep-alive
vary: Accept-Encoding
expires: Wed, 11 Jan 1984 05:00:00 GMT
Cache-Control: no-cache, must-revalidate, max-age=0
x-frame-options: SAMEORIGIN
x-frame-options: SAMEORIGIN
strict-transport-security: max-age=63072000
x-content-type-options: nosniff
x-xss-protection: 1; mode=block
CF-Cache-Status: DYNAMIC
Report-To: {"endpoints":[{"url":"https:\/\/a.nel.cloudflare.com\/report\/v3?s=NoWTEwxVeyPWTCvO4Dxe4c24fNLUHe2TkzhorMaNrwQsw%2FxKWpBPLwVqzMP4XAWsDemdanPltJ7TPSsivs4rOqO5m5uEYvXTSOKYYrAxNMdD1fvAJ1B2TGMS0Ix4Byg%3D"}],"group":"cf-nel","max_age":604800}
NEL: {"success_fraction":0,"report_to":"cf-nel","max_age":604800}
Server: cloudflare
CF-RAY: 765f7a185ecdf96d-BRU
Content-Encoding: gzip
alt-svc: h3=":443"; ma=86400, h3-29=":443"; ma=86400

<html lang="en-US">
  <head>
    <meta charset="UTF-8"/>
    <meta name="viewport" content="width=device-width, initial-scale=1"/>
    <link rel="profile" href="https://gmpg.org/xfn/11"/>
    <title>Account – AskOmDch</title>
    <meta name="robots" content="max-image-preview:large, noindex, follow"/>
    <link id="astra-theme-css-css" rel="stylesheet" href="https://askomdch.com/wp-content/themes/astra/assets/css/minified/frontend.min.css?ver=3.7.5" media="all"/>
    <style id="astra-theme-css-inline-css">
html{font-size:93.75%;}a,.page-title{color:#4e4e4e;}a:hover,a:focus{color:#0084d6;}body,button,input,select,textarea,.ast-button,.ast-custom-button{font-family:'Lato',sans-serif;font-weight:400;font-size:15px;font-size:1rem;}blockquote{color:#000000;}h1,.entry-content h1,.entry-content h1 a,h2,.entry-content h2,.entry-content h2 a,h3,.entry-content h3,.entry-content h3 a,h4,.entry-content h4,.entry-content h4 a,h5,.entry-content h5,.entry-content h5 a,h6,.entry-content h6,.entry-content h6 a,.site-title,.site-title a{font-family:'Lato',sans-serif;font-weight:700;}.site-title{font-size:35px;font-size:2.3333333333333rem;display:block;}header .custom-logo-link img{max-width:140px;}.astra-logo-svg{width:140px;}.ast-archive-description .ast-archive-title{font-size:40px;font-size:2.6666666666667rem;}.site-header .site-description{font-size:15px;font-size:1rem;display:none;}.entry-title{font-size:30px;font-size:2rem;}h1,.entry-content h1,.entry-content h1 a{font-size:58px;font-size:3.8666666666667rem;font-family:'Lato',sans-serif;}h2,.entry-content h2,.entry-content h2 a{font-size:42px;font-size:2.8rem;font-family:'Lato',sans-serif;}h3,.entry-content h3,.entry-content h3 a{font-size:30px;font-size:2rem;font-family:'Lato',sans-serif;}h4,.entry-content h4,.entry-content h4 a{font-size:20px;font-size:1.3333333333333rem;font-family:'Lato',sans-serif;}h5,.entry-content h5,.entry-content h5 a{font-size:18px;font-size:1.2rem;font-family:'Lato',sans-serif;}h6,.entry-content h6,.entry-content h6 a{font-size:15px;font-size:1rem;font-family:'Lato',sans-serif;}.ast-single-post .entry-title,.page-title{font-size:30px;font-size:2rem;}::selection{background-color:#54595f;color:#ffffff;}body,h1,.entry-title a,.entry-content h1,.entry-content h1 a,h2,.entry-content h2,.entry-content h2 a,h3,.entry-content h3,.entry-content h3 a,h4,.entry-content h4,.entry-content h4 a,h5,.entry-content h5,.entry-content h5 a,h6,.entry-content h6,.entry-content h6 a{color:#333333;}.tagcloud a:hover,.tagcloud a:focus,.tagcloud a.current-item{color:#ffffff;border-color:#4e4e4e;background-color:#4e4e4e;}input:focus,input[type="text"]:focus,input[type="email"]:focus,input[type="url"]:focus,input[type="password"]:focus,input[type="reset"]:focus,input[type="search"]:focus,textarea:focus{border-color:#4e4e4e;}input[type="radio"]:checked,input[type=reset],input[type="checkbox"]:checked,input[type="checkbox"]:hover:checked,input[type="checkbox"]:focus:checked,input[type=range]::-webkit-slider-thumb{border-color:#4e4e4e;background-color:#4e4e4e;box-shadow:none;}.site-footer a:hover + .post-count,.site-footer a:focus + .post-count{background:#4e4e4e;border-color:#4e4e4e;}.single .nav-links .nav-previous,.single .nav-links .nav-next{color:#4e4e4e;}.entry-meta,.entry-meta *{line-height:1.45;color:#4e4e4e;}.entry-meta a:hover,.entry-meta a:hover *,.entry-meta a:focus,.entry-meta a:focus *,.page-links &gt; .page-link,.page-links .page-link:hover,.post-navigation a:hover{color:#0084d6;}#cat option,.secondary .calendar_wrap thead a,.secondary .calendar_wrap thead a:visited{color:#4e4e4e;}.secondary .calendar_wrap #today,.ast-progress-val span{background:#4e4e4e;}.secondary a:hover + .post-count,.secondary a:focus + .post-count{background:#4e4e4e;border-color:#4e4e4e;}.calendar_wrap #today &gt; a{color:#ffffff;}.page-links .page-link,.single .post-navigation a{color:#4e4e4e;}.widget-title{font-size:21px;font-size:1.4rem;color:#333333;}@media (max-width:921px){#ast-desktop-header{display:none;}}@media (min-width:921px){#ast-mobile-header{display:none;}}.ast-site-header-cart .cart-container,.ast-edd-site-header-cart .ast-edd-cart-container {transition: all 0.2s linear;}.ast-site-header-cart .ast-woo-header-cart-info-wrap,.ast-edd-site-header-cart .ast-edd-header-cart-info-wrap {padding: 0 2px;font-weight: 600;line-height: 2.7;display: inline-block;}.ast-site-header-cart i.astra-icon {font-size: 20px;font-size: 1.3em;font-style: normal;font-weight: normal;position: relative;padding: 0 2px;}.ast-site-header-cart i.astra-icon.no-cart-total:after,.ast-header-break-point.ast-header-custom-item-outside .ast-edd-header-cart-info-wrap,.ast-header-break-point.ast-header-custom-item-outside .ast-woo-header-cart-info-wrap {display: none;}.ast-site-header-cart.ast-menu-cart-fill i.astra-icon,.ast-edd-site-header-cart.ast-edd-menu-cart-fill span.astra-icon {font-size: 1.1em;}.astra-cart-drawer {position: fixed;display: block;visibility: hidden;overflow: auto;-webkit-overflow-scrolling: touch;z-index: 9999;background-color: #fff;transition: all 0.5s ease;transform: translate3d(0,0,0);}.astra-cart-drawer.open-right {width: 80%;height: 100%;left: 100%;top: 0px;transform: translate3d(0%,0,0);}.astra-cart-drawer.active {transform: translate3d(-100%,0,0);visibility: visible;}.astra-cart-drawer .astra-cart-drawer-header {text-align: center;text-transform: uppercase;font-weight: 400;border-bottom: 1px solid #f0f0f0;padding: 0 0 0.675rem;}.astra-cart-drawer .astra-cart-drawer-close .ast-close-svg {width: 22px;height: 22px; }.astra-cart-drawer .astra-cart-drawer-title {padding-top: 5px;}.astra-cart-drawer .astra-cart-drawer-content .woocommerce-mini-cart {padding: 1em 1.5em;}.astra-cart-drawer .astra-cart-drawer-content .woocommerce-mini-cart a.remove {width: 20px;height: 20px;line-height: 16px;}.astra-cart-drawer .astra-cart-drawer-content .woocommerce-mini-cart__total {padding: 1em 1.5em;margin: 0;text-align: center;}.astra-cart-drawer .astra-cart-drawer-content .woocommerce-mini-cart__buttons {padding: 10px;text-align: center;} .astra-cart-drawer .astra-cart-drawer-content .woocommerce-mini-cart__buttons .button.checkout {margin-right: 0;}.astra-cart-drawer .astra-cart-drawer-content .edd-cart-item {padding: .5em 2.6em .5em 1.5em;}.astra-cart-drawer .astra-cart-drawer-content .edd-cart-item .edd-remove-from-cart::after {width: 20px;height: 20px;line-height: 16px;}.astra-cart-drawer .astra-cart-drawer-content .edd-cart-number-of-items {padding: 1em 1.5em 1em 1.5em;margin-bottom: 0;text-align: center;}.astra-cart-drawer .astra-cart-drawer-content .edd_total {padding: .5em 1.5em;margin: 0;text-align: center;}.astra-cart-drawer .astra-cart-drawer-content .cart_item.edd_checkout {padding: 1em 1.5em 0;text-align: center;margin-top: 0;}.astra-cart-drawer .woocommerce-mini-cart__empty-message,.astra-cart-drawer .cart_item.empty {text-align: center;margin-top: 10px;}body.admin-bar .astra-cart-drawer {padding-top: 32px;}body.admin-bar .astra-cart-drawer .astra-cart-drawer-close {top: 32px;}@media (max-width: 782px) {body.admin-bar .astra-cart-drawer {padding-top: 46px;}body.admin-bar .astra-cart-drawer .astra-cart-drawer-close {top: 46px;}}.ast-mobile-cart-active body.ast-hfb-header {overflow: hidden;}.ast-mobile-cart-active .astra-mobile-cart-overlay {opacity: 1;cursor: pointer;visibility: visible;z-index: 999;}@media (max-width: 545px) {.astra-cart-drawer.active {width: 100%;}}.ast-site-header-cart i.astra-icon:after {content: attr(data-cart-total);position: absolute;font-style: normal;top: -10px;right: -12px;font-weight: bold;box-shadow: 1px 1px 3px 0px rgba(0,0,0,0.3);font-size: 11px;padding-left: 0px;padding-right: 2px;line-height: 17px;letter-spacing: -.5px;height: 18px;min-width: 18px;border-radius: 99px;text-align: center;z-index: 3;}li.woocommerce-custom-menu-item .ast-site-header-cart i.astra-icon:after,li.edd-custom-menu-item .ast-edd-site-header-cart span.astra-icon:after {padding-left: 2px;}.astra-cart-drawer .astra-cart-drawer-close {position: absolute;top: 0;right: 0;margin: 0;padding: .6em 1em .4em;color: #ababab;background-color: transparent;}.astra-mobile-cart-overlay {background-color: rgba(0,0,0,0.4);position: fixed;top: 0;right: 0;bottom: 0;left: 0;visibility: hidden;opacity: 0;transition: opacity 0.2s ease-in-out;}.astra-cart-drawer .astra-cart-drawer-content .edd-cart-item .edd-remove-from-cart {right: 1.2em;}.ast-header-break-point.ast-woocommerce-cart-menu.ast-hfb-header .ast-cart-menu-wrap,.ast-header-break-point.ast-hfb-header .ast-cart-menu-wrap,.ast-header-break-point .ast-edd-site-header-cart-wrap .ast-edd-cart-menu-wrap {width: 2em;height: 2em;font-size: 1.4em;line-height: 2;vertical-align: middle;text-align: right;}.ast-site-header-cart.ast-menu-cart-outline .ast-cart-menu-wrap,.ast-site-header-cart.ast-menu-cart-fill .ast-cart-menu-wrap,.ast-edd-site-header-cart.ast-edd-menu-cart-outline .ast-edd-cart-menu-wrap,.ast-edd-site-header-cart.ast-edd-menu-cart-fill .ast-edd-cart-menu-wrap {line-height: 1.8;}.ast-site-header-cart .cart-container *,.ast-edd-site-header-cart .ast-edd-cart-container * {transition: all 0s linear;}.wp-block-buttons.aligncenter{justify-content:center;}@media (min-width:1200px){.wp-block-group .has-background{padding:20px;}}@media (min-width:1200px){.ast-no-sidebar.ast-separate-container .entry-content .wp-block-group.alignwide,.ast-no-sidebar.ast-separate-container .entry-content .wp-block-cover.alignwide{margin-left:-20px;margin-right:-20px;padding-left:20px;padding-right:20px;}.ast-no-sidebar.ast-separate-container .entry-content .wp-block-cover.alignfull,.ast-no-sidebar.ast-separate-container .entry-content .wp-block-group.alignfull{margin-left:-6.67em;margin-right:-6.67em;padding-left:6.67em;padding-right:6.67em;}}@media (min-width:1200px){.wp-block-cover-image.alignwide .wp-block-cover__inner-container,.wp-block-cover.alignwide .wp-block-cover__inner-container,.wp-block-cover-image.alignfull .wp-block-cover__inner-container,.wp-block-cover.alignfull .wp-block-cover__inner-container{width:100%;}}.ast-plain-container.ast-no-sidebar #primary{margin-top:0;margin-bottom:0;}@media (max-width:921px){.ast-theme-transparent-header #primary,.ast-theme-transparent-header #secondary{padding:0;}}.wp-block-columns{margin-bottom:unset;}.wp-block-image.size-full{margin:2rem 0;}.wp-block-separator.has-background{padding:0;}.wp-block-gallery{margin-bottom:1.6em;}.wp-block-group{padding-top:4em;padding-bottom:4em;}.wp-block-group__inner-container .wp-block-columns:last-child,.wp-block-group__inner-container :last-child,.wp-block-table table{margin-bottom:0;}.blocks-gallery-grid{width:100%;}.wp-block-navigation-link__content{padding:5px 0;}.wp-block-group .wp-block-group .has-text-align-center,.wp-block-group .wp-block-column .has-text-align-center{max-width:100%;}.has-text-align-center{margin:0 auto;}@media (min-width:1200px){.wp-block-cover__inner-container,.alignwide .wp-block-group__inner-container,.alignfull .wp-block-group__inner-container{max-width:1200px;margin:0 auto;}.wp-block-group.alignnone,.wp-block-group.aligncenter,.wp-block-group.alignleft,.wp-block-group.alignright,.wp-block-group.alignwide,.wp-block-columns.alignwide{margin:2rem 0 1rem 0;}}@media (max-width:1200px){.wp-block-group{padding:3em;}.wp-block-group .wp-block-group{padding:1.5em;}.wp-block-columns,.wp-block-column{margin:1rem 0;}}@media (min-width:921px){.wp-block-columns .wp-block-group{padding:2em;}}@media (max-width:544px){.wp-block-cover-image .wp-block-cover__inner-container,.wp-block-cover .wp-block-cover__inner-container{width:unset;}.wp-block-cover,.wp-block-cover-image{padding:2em 0;}.wp-block-group,.wp-block-cover{padding:2em;}.wp-block-media-text__media img,.wp-block-media-text__media video{width:unset;max-width:100%;}.wp-block-media-text.has-background .wp-block-media-text__content{padding:1em;}}@media (max-width:921px){.ast-plain-container.ast-no-sidebar #primary{padding:0;}}@media (min-width:544px){.entry-content .wp-block-media-text.has-media-on-the-right .wp-block-media-text__content{padding:0 8% 0 0;}.entry-content .wp-block-media-text .wp-block-media-text__content{padding:0 0 0 8%;}.ast-plain-container .site-content .entry-content .has-custom-content-position.is-position-bottom-left &gt; *,.ast-plain-container .site-content .entry-content .has-custom-content-position.is-position-bottom-right &gt; *,.ast-plain-container .site-content .entry-content .has-custom-content-position.is-position-top-left &gt; *,.ast-plain-container .site-content .entry-content .has-custom-content-position.is-position-top-right &gt; *,.ast-plain-container .site-content .entry-content .has-custom-content-position.is-position-center-right &gt; *,.ast-plain-container .site-content .entry-content .has-custom-content-position.is-position-center-left &gt; *{margin:0;}}@media (max-width:544px){.entry-content .wp-block-media-text .wp-block-media-text__content{padding:8% 0;}.wp-block-media-text .wp-block-media-text__media img{width:auto;max-width:100%;}}@media (max-width:921px){.ast-separate-container .ast-article-post,.ast-separate-container .ast-article-single{padding:1.5em 2.14em;}.ast-separate-container #primary,.ast-separate-container #secondary{padding:1.5em 0;}#primary,#secondary{padding:1.5em 0;margin:0;}.ast-left-sidebar #content &gt; .ast-container{display:flex;flex-direction:column-reverse;width:100%;}.ast-author-box img.avatar{margin:20px 0 0 0;}}@media (min-width:922px){.ast-separate-container.ast-right-sidebar #primary,.ast-separate-container.ast-left-sidebar #primary{border:0;}.search-no-results.ast-separate-container #primary{margin-bottom:4em;}}.elementor-button-wrapper .elementor-button{border-style:solid;text-decoration:none;border-top-width:0;border-right-width:0;border-left-width:0;border-bottom-width:0;}body .elementor-button.elementor-size-sm,body .elementor-button.elementor-size-xs,body .elementor-button.elementor-size-md,body .elementor-button.elementor-size-lg,body .elementor-button.elementor-size-xl,body .elementor-button{border-radius:0;padding-top:17px;padding-right:30px;padding-bottom:17px;padding-left:30px;}.elementor-button-wrapper .elementor-button{border-color:#3197d6;background-color:#3197d6;}.elementor-button-wrapper .elementor-button:hover,.elementor-button-wrapper .elementor-button:focus{color:#ffffff;background-color:#0084d6;border-color:#0084d6;}.wp-block-button .wp-block-button__link ,.elementor-button-wrapper .elementor-button,.elementor-button-wrapper .elementor-button:visited{color:#ffffff;}.elementor-button-wrapper .elementor-button{font-family:inherit;font-weight:inherit;line-height:1;text-transform:uppercase;letter-spacing:1px;}body .elementor-button.elementor-size-sm,body .elementor-button.elementor-size-xs,body .elementor-button.elementor-size-md,body .elementor-button.elementor-size-lg,body .elementor-button.elementor-size-xl,body .elementor-button{font-size:15px;font-size:1rem;}.wp-block-button .wp-block-button__link:hover,.wp-block-button .wp-block-button__link:focus{color:#ffffff;background-color:#0084d6;border-color:#0084d6;}.wp-block-button .wp-block-button__link{border-style:solid;border-top-width:0;border-right-width:0;border-left-width:0;border-bottom-width:0;border-color:#3197d6;background-color:#3197d6;color:#ffffff;font-family:inherit;font-weight:inherit;line-height:1;text-transform:uppercase;letter-spacing:1px;font-size:15px;font-size:1rem;border-radius:0;}.wp-block-buttons .wp-block-button .wp-block-button__link{padding-top:17px;padding-right:30px;padding-bottom:17px;padding-left:30px;}.menu-toggle,button,.ast-button,.ast-custom-button,.button,input#submit,input[type="button"],input[type="submit"],input[type="reset"]{border-style:solid;border-top-width:0;border-right-width:0;border-left-width:0;border-bottom-width:0;color:#ffffff;border-color:#3197d6;background-color:#3197d6;border-radius:0;padding-top:17px;padding-right:30px;padding-bottom:17px;padding-left:30px;font-family:inherit;font-weight:inherit;font-size:15px;font-size:1rem;line-height:1;text-transform:uppercase;letter-spacing:1px;}button:focus,.menu-toggle:hover,button:hover,.ast-button:hover,.ast-custom-button:hover .button:hover,.ast-custom-button:hover ,input[type=reset]:hover,input[type=reset]:focus,input#submit:hover,input#submit:focus,input[type="button"]:hover,input[type="button"]:focus,input[type="submit"]:hover,input[type="submit"]:focus{color:#ffffff;background-color:#0084d6;border-color:#0084d6;}@media (min-width:544px){.ast-container{max-width:100%;}}@media (max-width:544px){.ast-separate-container .ast-article-post,.ast-separate-container .ast-article-single,.ast-separate-container .comments-title,.ast-separate-container .ast-archive-description{padding:1.5em 1em;}.ast-separate-container #content .ast-container{padding-left:0.54em;padding-right:0.54em;}.ast-separate-container .ast-comment-list li.depth-1{padding:1.5em 1em;margin-bottom:1.5em;}.ast-separate-container .ast-comment-list .bypostauthor{padding:.5em;}.ast-search-menu-icon.ast-dropdown-active .search-field{width:170px;}}@media (max-width:921px){.ast-mobile-header-stack .main-header-bar .ast-search-menu-icon{display:inline-block;}.ast-header-break-point.ast-header-custom-item-outside .ast-mobile-header-stack .main-header-bar .ast-search-icon{margin:0;}.ast-comment-avatar-wrap img{max-width:2.5em;}.ast-separate-container .ast-comment-list li.depth-1{padding:1.5em 2.14em;}.ast-separate-container .comment-respond{padding:2em 2.14em;}.ast-comment-meta{padding:0 1.8888em 1.3333em;}}body,.ast-separate-container{background-color:#f9f9f9;;}.ast-no-sidebar.ast-separate-container .entry-content .alignfull {margin-left: -6.67em;margin-right: -6.67em;width: auto;}@media (max-width: 1200px) {.ast-no-sidebar.ast-separate-container .entry-content .alignfull {margin-left: -2.4em;margin-right: -2.4em;}}@media (max-width: 768px) {.ast-no-sidebar.ast-separate-container .entry-content .alignfull {margin-left: -2.14em;margin-right: -2.14em;}}@media (max-width: 544px) {.ast-no-sidebar.ast-separate-container .entry-content .alignfull {margin-left: -1em;margin-right: -1em;}}.ast-no-sidebar.ast-separate-container .entry-content .alignwide {margin-left: -20px;margin-right: -20px;}.ast-no-sidebar.ast-separate-container .entry-content .wp-block-column .alignfull,.ast-no-sidebar.ast-separate-container .entry-content .wp-block-column .alignwide {margin-left: auto;margin-right: auto;width: 100%;}@media (max-width:921px){.site-title{display:block;}.ast-archive-description .ast-archive-title{font-size:40px;}.site-header .site-description{display:none;}.entry-title{font-size:30px;}h1,.entry-content h1,.entry-content h1 a{font-size:30px;}h2,.entry-content h2,.entry-content h2 a{font-size:25px;}h3,.entry-content h3,.entry-content h3 a{font-size:20px;}.ast-single-post .entry-title,.page-title{font-size:30px;}.astra-logo-svg{width:120px;}header .custom-logo-link img,.ast-header-break-point .site-logo-img .custom-mobile-logo-link img{max-width:120px;}}@media (max-width:544px){.site-title{display:block;}.ast-archive-description .ast-archive-title{font-size:40px;}.site-header .site-description{display:none;}.entry-title{font-size:30px;}h1,.entry-content h1,.entry-content h1 a{font-size:30px;}h2,.entry-content h2,.entry-content h2 a{font-size:25px;}h3,.entry-content h3,.entry-content h3 a{font-size:20px;}.ast-single-post .entry-title,.page-title{font-size:30px;}header .custom-logo-link img,.ast-header-break-point .site-branding img,.ast-header-break-point .custom-logo-link img{max-width:120px;}.astra-logo-svg{width:120px;}.ast-header-break-point .site-logo-img .custom-mobile-logo-link img{max-width:120px;}}@media (max-width:921px){html{font-size:85.5%;}}@media (max-width:544px){html{font-size:85.5%;}}@media (min-width:922px){.ast-container{max-width:1240px;}}@font-face {font-family: "Astra";src: url(https://askomdch.com/wp-content/themes/astra/assets/fonts/astra.woff) format("woff"),url(https://askomdch.com/wp-content/themes/astra/assets/fonts/astra.ttf) format("truetype"),url(https://askomdch.com/wp-content/themes/astra/assets/fonts/astra.svg#astra) format("svg");font-weight: normal;font-style: normal;font-display: fallback;}@media (min-width:922px){.main-header-menu .sub-menu .menu-item.ast-left-align-sub-menu:hover &gt; .sub-menu,.main-header-menu .sub-menu .menu-item.ast-left-align-sub-menu.focus &gt; .sub-menu{margin-left:-2px;}}.ast-theme-transparent-header [data-section="section-header-mobile-trigger"] .ast-button-wrap .ast-mobile-menu-trigger-minimal{background:transparent;}.footer-widget-area[data-section^="section-fb-html-"] .ast-builder-html-element{text-align:center;}.astra-icon-down_arrow::after {content: "\e900";font-family: Astra;}.astra-icon-close::after {content: "\e5cd";font-family: Astra;}.astra-icon-drag_handle::after {content: "\e25d";font-family: Astra;}.astra-icon-format_align_justify::after {content: "\e235";font-family: Astra;}.astra-icon-menu::after {content: "\e5d2";font-family: Astra;}.astra-icon-reorder::after {content: "\e8fe";font-family: Astra;}.astra-icon-search::after {content: "\e8b6";font-family: Astra;}.astra-icon-zoom_in::after {content: "\e56b";font-family: Astra;}.astra-icon-check-circle::after {content: "\e901";font-family: Astra;}.astra-icon-shopping-cart::after {content: "\f07a";font-family: Astra;}.astra-icon-shopping-bag::after {content: "\f290";font-family: Astra;}.astra-icon-shopping-basket::after {content: "\f291";font-family: Astra;}.astra-icon-circle-o::after {content: "\e903";font-family: Astra;}.astra-icon-certificate::after {content: "\e902";font-family: Astra;}blockquote {padding: 1.2em;}.ast-header-break-point .ast-mobile-header-wrap .ast-above-header-wrap .main-header-bar-navigation .inline-on-mobile .menu-item .menu-link,.ast-header-break-point .ast-mobile-header-wrap .ast-main-header-wrap .main-header-bar-navigation .inline-on-mobile .menu-item .menu-link,.ast-header-break-point .ast-mobile-header-wrap .ast-below-header-wrap .main-header-bar-navigation .inline-on-mobile .menu-item .menu-link {border: none;}.ast-header-break-point .ast-mobile-header-wrap .ast-above-header-wrap .main-header-bar-navigation .inline-on-mobile .menu-item-has-children &gt; .ast-menu-toggle::before,.ast-header-break-point .ast-mobile-header-wrap .ast-main-header-wrap .main-header-bar-navigation .inline-on-mobile .menu-item-has-children &gt; .ast-menu-toggle::before,.ast-header-break-point .ast-mobile-header-wrap .ast-below-header-wrap .main-header-bar-navigation .inline-on-mobile .menu-item-has-children &gt; .ast-menu-toggle::before {font-size: .6rem;}.ast-header-break-point .ast-mobile-header-wrap .ast-flex.inline-on-mobile {flex-wrap: unset;}.ast-header-break-point .ast-mobile-header-wrap .ast-flex.inline-on-mobile .menu-item.ast-submenu-expanded &gt; .sub-menu .menu-link {padding: .1em 1em;}.ast-header-break-point .ast-mobile-header-wrap .ast-flex.inline-on-mobile .menu-item.ast-submenu-expanded &gt; .sub-menu &gt; .menu-item .ast-menu-toggle::before {transform: rotate(-90deg);}.ast-header-break-point .ast-mobile-header-wrap .ast-flex.inline-on-mobile .menu-item.ast-submenu-expanded &gt; .sub-menu &gt; .menu-item.ast-submenu-expanded .ast-menu-toggle::before {transform: rotate(-270deg);}.ast-header-break-point .ast-mobile-header-wrap .ast-flex.inline-on-mobile .menu-item &gt; .sub-menu &gt; .menu-item .menu-link:before {content: none;}.ast-header-break-point .ast-mobile-header-wrap .ast-flex.inline-on-mobile {flex-wrap: unset;}.ast-header-break-point .ast-mobile-header-wrap .ast-flex.inline-on-mobile .menu-item.ast-submenu-expanded &gt; .sub-menu .menu-link {padding: .1em 1em;}.ast-header-break-point .ast-mobile-header-wrap .ast-flex.inline-on-mobile .menu-item.ast-submenu-expanded &gt; .sub-menu &gt; .menu-item .ast-menu-toggle::before {transform: rotate(-90deg);}.ast-header-break-point .ast-mobile-header-wrap .ast-flex.inline-on-mobile .menu-item.ast-submenu-expanded &gt; .sub-menu &gt; .menu-item.ast-submenu-expanded .ast-menu-toggle::before {transform: rotate(-270deg);}.ast-header-break-point .ast-mobile-header-wrap .ast-flex.inline-on-mobile .menu-item &gt; .sub-menu &gt; .menu-item .menu-link:before {content: none;}.ast-header-break-point .inline-on-mobile .sub-menu {width: 150px;}.ast-header-break-point .ast-mobile-header-wrap .ast-flex.inline-on-mobile .menu-item.menu-item-has-children {margin-right: 10px;}.ast-header-break-point .ast-mobile-header-wrap .ast-flex.inline-on-mobile .menu-item.ast-submenu-expanded &gt; .sub-menu {display: block;position: absolute;right: auto;left: 0;}.ast-header-break-point .ast-mobile-header-wrap .ast-flex.inline-on-mobile .menu-item.ast-submenu-expanded &gt; .sub-menu .menu-item .ast-menu-toggle {padding: 0;right: 1em;}.ast-header-break-point .ast-mobile-header-wrap .ast-flex.inline-on-mobile .menu-item.ast-submenu-expanded &gt; .sub-menu &gt; .menu-item &gt; .sub-menu {left: 100%;right: auto;}.ast-header-break-point .ast-mobile-header-wrap .ast-flex.inline-on-mobile .ast-menu-toggle {right: -15px;}.ast-header-break-point .ast-mobile-header-wrap .ast-flex.inline-on-mobile .menu-item.menu-item-has-children {margin-right: 10px;}.ast-header-break-point .ast-mobile-header-wrap .ast-flex.inline-on-mobile .menu-item.ast-submenu-expanded &gt; .sub-menu {display: block;position: absolute;right: auto;left: 0;}.ast-header-break-point .ast-mobile-header-wrap .ast-flex.inline-on-mobile .menu-item.ast-submenu-expanded &gt; .sub-menu &gt; .menu-item &gt; .sub-menu {left: 100%;right: auto;}.ast-header-break-point .ast-mobile-header-wrap .ast-flex.inline-on-mobile .ast-menu-toggle {right: -15px;}:root .has-ast-global-color-0-color{color:var(--ast-global-color-0);}:root .has-ast-global-color-0-background-color{background-color:var(--ast-global-color-0);}:root .wp-block-button .has-ast-global-color-0-color{color:var(--ast-global-color-0);}:root .wp-block-button .has-ast-global-color-0-background-color{background-color:var(--ast-global-color-0);}:root .has-ast-global-color-1-color{color:var(--ast-global-color-1);}:root .has-ast-global-color-1-background-color{background-color:var(--ast-global-color-1);}:root .wp-block-button .has-ast-global-color-1-color{color:var(--ast-global-color-1);}:root .wp-block-button .has-ast-global-color-1-background-color{background-color:var(--ast-global-color-1);}:root .has-ast-global-color-2-color{color:var(--ast-global-color-2);}:root .has-ast-global-color-2-background-color{background-color:var(--ast-global-color-2);}:root .wp-block-button .has-ast-global-color-2-color{color:var(--ast-global-color-2);}:root .wp-block-button .has-ast-global-color-2-background-color{background-color:var(--ast-global-color-2);}:root .has-ast-global-color-3-color{color:var(--ast-global-color-3);}:root .has-ast-global-color-3-background-color{background-color:var(--ast-global-color-3);}:root .wp-block-button .has-ast-global-color-3-color{color:var(--ast-global-color-3);}:root .wp-block-button .has-ast-global-color-3-background-color{background-color:var(--ast-global-color-3);}:root .has-ast-global-color-4-color{color:var(--ast-global-color-4);}:root .has-ast-global-color-4-background-color{background-color:var(--ast-global-color-4);}:root .wp-block-button .has-ast-global-color-4-color{color:var(--ast-global-color-4);}:root .wp-block-button .has-ast-global-color-4-background-color{background-color:var(--ast-global-color-4);}:root .has-ast-global-color-5-color{color:var(--ast-global-color-5);}:root .has-ast-global-color-5-background-color{background-color:var(--ast-global-color-5);}:root .wp-block-button .has-ast-global-color-5-color{color:var(--ast-global-color-5);}:root .wp-block-button .has-ast-global-color-5-background-color{background-color:var(--ast-global-color-5);}:root .has-ast-global-color-6-color{color:var(--ast-global-color-6);}:root .has-ast-global-color-6-background-color{background-color:var(--ast-global-color-6);}:root .wp-block-button .has-ast-global-color-6-color{color:var(--ast-global-color-6);}:root .wp-block-button .has-ast-global-color-6-background-color{background-color:var(--ast-global-color-6);}:root .has-ast-global-color-7-color{color:var(--ast-global-color-7);}:root .has-ast-global-color-7-background-color{background-color:var(--ast-global-color-7);}:root .wp-block-button .has-ast-global-color-7-color{color:var(--ast-global-color-7);}:root .wp-block-button .has-ast-global-color-7-background-color{background-color:var(--ast-global-color-7);}:root .has-ast-global-color-8-color{color:var(--ast-global-color-8);}:root .has-ast-global-color-8-background-color{background-color:var(--ast-global-color-8);}:root .wp-block-button .has-ast-global-color-8-color{color:var(--ast-global-color-8);}:root .wp-block-button .has-ast-global-color-8-background-color{background-color:var(--ast-global-color-8);}:root{--ast-global-color-0:#0170B9;--ast-global-color-1:#3a3a3a;--ast-global-color-2:#3a3a3a;--ast-global-color-3:#4B4F58;--ast-global-color-4:#F5F5F5;--ast-global-color-5:#FFFFFF;--ast-global-color-6:#F2F5F7;--ast-global-color-7:#424242;--ast-global-color-8:#000000;}.ast-theme-transparent-header #masthead .site-logo-img .transparent-custom-logo .astra-logo-svg{width:140px;}.ast-theme-transparent-header #masthead .site-logo-img .transparent-custom-logo img{ max-width:140px;}@media (min-width:921px){.ast-theme-transparent-header #masthead{position:absolute;left:0;right:0;}.ast-theme-transparent-header .main-header-bar,.ast-theme-transparent-header.ast-header-break-point .main-header-bar{background:none;}body.elementor-editor-active.ast-theme-transparent-header #masthead,.fl-builder-edit .ast-theme-transparent-header #masthead,body.vc_editor.ast-theme-transparent-header #masthead,body.brz-ed.ast-theme-transparent-header #masthead{z-index:0;}.ast-header-break-point.ast-replace-site-logo-transparent.ast-theme-transparent-header .custom-mobile-logo-link{display:none;}.ast-header-break-point.ast-replace-site-logo-transparent.ast-theme-transparent-header .transparent-custom-logo{display:inline-block;}.ast-theme-transparent-header .ast-above-header,.ast-theme-transparent-header .ast-above-header.ast-above-header-bar{background-image:none;background-color:transparent;}.ast-theme-transparent-header .ast-below-header{background-image:none;background-color:transparent;}}@media (min-width:922px){.ast-theme-transparent-header .main-header-bar,.ast-theme-transparent-header.ast-header-break-point .main-header-bar-wrap .main-header-menu,.ast-theme-transparent-header.ast-header-break-point .main-header-bar-wrap .main-header-bar,.ast-theme-transparent-header.ast-header-break-point .ast-mobile-header-wrap .main-header-bar{background-color:rgba(0,0,0,0.07);}.ast-theme-transparent-header .main-header-bar .ast-search-menu-icon form{background-color:rgba(0,0,0,0.07);}.ast-theme-transparent-header .ast-above-header,.ast-theme-transparent-header .ast-above-header.ast-above-header-bar,.ast-theme-transparent-header .ast-below-header,.ast-header-break-point.ast-theme-transparent-header .ast-above-header,.ast-header-break-point.ast-theme-transparent-header .ast-below-header{background-color:rgba(0,0,0,0.07);}.ast-theme-transparent-header .site-title a,.ast-theme-transparent-header .site-title a:focus,.ast-theme-transparent-header .site-title a:hover,.ast-theme-transparent-header .site-title a:visited{color:#ffffff;}.ast-theme-transparent-header .site-header .site-description{color:#ffffff;}.ast-theme-transparent-header .ast-builder-menu .main-header-menu .menu-item .sub-menu .menu-item .menu-link,.ast-theme-transparent-header .ast-builder-menu .main-header-menu .menu-item .sub-menu .menu-item &gt; .ast-menu-toggle,.ast-theme-transparent-header .main-header-menu .menu-item .sub-menu .menu-link,.ast-header-break-point.ast-flyout-menu-enable.ast-header-break-point .main-header-bar-navigation .main-header-menu .menu-item .sub-menu .menu-link{color:#333333;}.ast-theme-transparent-header .ast-builder-menu .main-header-menu .menu-item .sub-menu .menu-link:hover,.ast-theme-transparent-header .ast-builder-menu .main-header-menu .menu-item .sub-menu .menu-item:hover &gt; .menu-link,.ast-theme-transparent-header .ast-builder-menu .main-header-menu .menu-item .sub-menu .menu-item.focus &gt; .menu-item,.ast-theme-transparent-header .ast-builder-menu .main-header-menu .menu-item .sub-menu .menu-item.current-menu-item &gt; .menu-link,.ast-theme-transparent-header .ast-builder-menu .main-header-menu .menu-item .sub-menu .menu-item.current-menu-item &gt; .ast-menu-toggle,.ast-theme-transparent-header .ast-builder-menu .main-header-menu .menu-item .sub-menu .menu-item:hover &gt; .ast-menu-toggle,.ast-theme-transparent-header .ast-builder-menu .main-header-menu .menu-item .sub-menu .menu-item.focus &gt; .ast-menu-toggle,.ast-theme-transparent-header .main-header-menu .menu-item .sub-menu .menu-item:hover &gt; .menu-link,.ast-header-break-point.ast-flyout-menu-enable.ast-header-break-point .main-header-bar-navigation .main-header-menu .menu-item .sub-menu .menu-link{color:#000000;}.ast-theme-transparent-header .ast-builder-menu .main-header-menu,.ast-theme-transparent-header .ast-builder-menu .main-header-menu .menu-link,.ast-theme-transparent-header [CLASS*="ast-builder-menu-"] .main-header-menu .menu-item &gt; .menu-link,.ast-theme-transparent-header .ast-masthead-custom-menu-items,.ast-theme-transparent-header .ast-masthead-custom-menu-items a,.ast-theme-transparent-header .ast-builder-menu .main-header-menu .menu-item &gt; .ast-menu-toggle,.ast-theme-transparent-header .ast-builder-menu .main-header-menu .menu-item &gt; .ast-menu-toggle,.ast-theme-transparent-header .ast-above-header-navigation a,.ast-header-break-point.ast-theme-transparent-header .ast-above-header-navigation a,.ast-header-break-point.ast-theme-transparent-header .ast-above-header-navigation &gt; ul.ast-above-header-menu &gt; .menu-item-has-children:not(.current-menu-item) &gt; .ast-menu-toggle,.ast-theme-transparent-header .ast-below-header-menu,.ast-theme-transparent-header .ast-below-header-menu a,.ast-header-break-point.ast-theme-transparent-header .ast-below-header-menu a,.ast-header-break-point.ast-theme-transparent-header .ast-below-header-menu,.ast-theme-transparent-header .main-header-menu .menu-link{color:#cecece;}.ast-theme-transparent-header .ast-builder-menu .main-header-menu .menu-item:hover &gt; .menu-link,.ast-theme-transparent-header .ast-builder-menu .main-header-menu .menu-item:hover &gt; .ast-menu-toggle,.ast-theme-transparent-header .ast-builder-menu .main-header-menu .ast-masthead-custom-menu-items a:hover,.ast-theme-transparent-header .ast-builder-menu .main-header-menu .focus &gt; .menu-link,.ast-theme-transparent-header .ast-builder-menu .main-header-menu .focus &gt; .ast-menu-toggle,.ast-theme-transparent-header .ast-builder-menu .main-header-menu .current-menu-item &gt; .menu-link,.ast-theme-transparent-header .ast-builder-menu .main-header-menu .current-menu-ancestor &gt; .menu-link,.ast-theme-transparent-header .ast-builder-menu .main-header-menu .current-menu-item &gt; .ast-menu-toggle,.ast-theme-transparent-header .ast-builder-menu .main-header-menu .current-menu-ancestor &gt; .ast-menu-toggle,.ast-theme-transparent-header [CLASS*="ast-builder-menu-"] .main-header-menu .current-menu-item &gt; .menu-link,.ast-theme-transparent-header [CLASS*="ast-builder-menu-"] .main-header-menu .current-menu-ancestor &gt; .menu-link,.ast-theme-transparent-header [CLASS*="ast-builder-menu-"] .main-header-menu .current-menu-item &gt; .ast-menu-toggle,.ast-theme-transparent-header [CLASS*="ast-builder-menu-"] .main-header-menu .current-menu-ancestor &gt; .ast-menu-toggle,.ast-theme-transparent-header .main-header-menu .menu-item:hover &gt; .menu-link,.ast-theme-transparent-header .main-header-menu .current-menu-item &gt; .menu-link,.ast-theme-transparent-header .main-header-menu .current-menu-ancestor &gt; .menu-link{color:#ffffff;}.ast-theme-transparent-header div.ast-masthead-custom-menu-items,.ast-theme-transparent-header div.ast-masthead-custom-menu-items .widget,.ast-theme-transparent-header div.ast-masthead-custom-menu-items .widget-title,.ast-theme-transparent-header .site-header-section [CLASS*="ast-header-html-"] .ast-builder-html-element{color:#000000;}.ast-theme-transparent-header div.ast-masthead-custom-menu-items a,.ast-theme-transparent-header div.ast-masthead-custom-menu-items .widget a,.ast-theme-transparent-header .site-header-section [CLASS*="ast-header-html-"] .ast-builder-html-element a{color:#cecece;}.ast-theme-transparent-header div.ast-masthead-custom-menu-items a:hover,.ast-theme-transparent-header div.ast-masthead-custom-menu-items .widget a:hover,.ast-theme-transparent-header .site-header-section [CLASS*="ast-header-html-"] .ast-builder-html-element a:hover{color:#ffffff;}}@media (max-width:921px){.transparent-custom-logo{display:none;}}@media (min-width:921px){.ast-transparent-mobile-logo{display:none;}}@media (max-width:921px){.ast-transparent-mobile-logo{display:block;}}@media (min-width:921px){.ast-theme-transparent-header #ast-desktop-header &gt; [CLASS*="-header-wrap"]:nth-last-child(2) &gt; [CLASS*="-header-bar"]{border-bottom-width:0;border-bottom-style:solid;border-bottom-color:rgba(0,0,0,0);}}.ast-breadcrumbs .trail-browse,.ast-breadcrumbs .trail-items,.ast-breadcrumbs .trail-items li{display:inline-block;margin:0;padding:0;border:none;background:inherit;text-indent:0;}.ast-breadcrumbs .trail-browse{font-size:inherit;font-style:inherit;font-weight:inherit;color:inherit;}.ast-breadcrumbs .trail-items{list-style:none;}.trail-items li::after{padding:0 0.3em;content:"\00bb";}.trail-items li:last-of-type::after{display:none;}h1,.entry-content h1,h2,.entry-content h2,h3,.entry-content h3,h4,.entry-content h4,h5,.entry-content h5,h6,.entry-content h6{color:var(--ast-global-color-2);}@media (max-width:921px){.ast-builder-grid-row-container.ast-builder-grid-row-tablet-3-firstrow .ast-builder-grid-row &gt; *:first-child,.ast-builder-grid-row-container.ast-builder-grid-row-tablet-3-lastrow .ast-builder-grid-row &gt; *:last-child{grid-column:1 / -1;}}@media (max-width:544px){.ast-builder-grid-row-container.ast-builder-grid-row-mobile-3-firstrow .ast-builder-grid-row &gt; *:first-child,.ast-builder-grid-row-container.ast-builder-grid-row-mobile-3-lastrow .ast-builder-grid-row &gt; *:last-child{grid-column:1 / -1;}}.ast-builder-layout-element[data-section="title_tagline"]{display:flex;}@media (max-width:921px){.ast-header-break-point .ast-builder-layout-element[data-section="title_tagline"]{display:flex;}}@media (max-width:544px){.ast-header-break-point .ast-builder-layout-element[data-section="title_tagline"]{display:flex;}}.ast-builder-menu-1{font-family:inherit;font-weight:normal;}.ast-builder-menu-1 .menu-item.current-menu-item &gt; .menu-link,.ast-builder-menu-1 .inline-on-mobile .menu-item.current-menu-item &gt; .ast-menu-toggle,.ast-builder-menu-1 .current-menu-ancestor &gt; .menu-link{color:#602bb7;}.ast-builder-menu-1 .menu-item.current-menu-item &gt; .ast-menu-toggle{color:#602bb7;}.ast-builder-menu-1 .sub-menu,.ast-builder-menu-1 .inline-on-mobile .sub-menu{border-top-width:1px;border-bottom-width:1px;border-right-width:1px;border-left-width:1px;border-color:#dddddd;border-style:solid;border-radius:0;}.ast-builder-menu-1 .main-header-menu &gt; .menu-item &gt; .sub-menu,.ast-builder-menu-1 .main-header-menu &gt; .menu-item &gt; .astra-full-megamenu-wrapper{margin-top:0;}.ast-desktop .ast-builder-menu-1 .main-header-menu &gt; .menu-item &gt; .sub-menu:before,.ast-desktop .ast-builder-menu-1 .main-header-menu &gt; .menu-item &gt; .astra-full-megamenu-wrapper:before{height:calc( 0px + 5px );}.ast-desktop .ast-builder-menu-1 .menu-item .sub-menu .menu-link{border-bottom-width:1px;border-color:#eaeaea;border-style:solid;}.ast-desktop .ast-builder-menu-1 .menu-item .sub-menu .menu-item:last-child .menu-link{border-bottom-width:0;}@media (max-width:921px){.ast-header-break-point .ast-builder-menu-1 .menu-item.menu-item-has-children &gt; .ast-menu-toggle{top:0;}.ast-builder-menu-1 .menu-item-has-children &gt; .menu-link:after{content:unset;}}@media (max-width:544px){.ast-header-break-point .ast-builder-menu-1 .menu-item.menu-item-has-children &gt; .ast-menu-toggle{top:0;}}.ast-builder-menu-1{display:flex;}@media (max-width:921px){.ast-header-break-point .ast-builder-menu-1{display:flex;}}@media (max-width:544px){.ast-header-break-point .ast-builder-menu-1{display:flex;}}.ast-site-header-cart .ast-cart-menu-wrap,.ast-site-header-cart .ast-addon-cart-wrap{color:#d2d2d2;}.ast-site-header-cart .ast-cart-menu-wrap .count,.ast-site-header-cart .ast-cart-menu-wrap .count:after,.ast-site-header-cart .ast-addon-cart-wrap .count,.ast-site-header-cart .ast-addon-cart-wrap .ast-icon-shopping-cart:after{color:#d2d2d2;border-color:#d2d2d2;}.ast-site-header-cart .ast-addon-cart-wrap .ast-icon-shopping-cart:after{color:#ffffff;background-color:#d2d2d2;}.ast-site-header-cart .ast-woo-header-cart-info-wrap{color:#d2d2d2;}.ast-site-header-cart .ast-addon-cart-wrap i.astra-icon:after{color:#ffffff;background-color:#d2d2d2;}.ast-theme-transparent-header .ast-site-header-cart .ast-cart-menu-wrap,.ast-theme-transparent-header .ast-site-header-cart .ast-addon-cart-wrap{color:#d2d2d2;}.ast-theme-transparent-header .ast-site-header-cart .ast-cart-menu-wrap .count,.ast-theme-transparent-header .ast-site-header-cart .ast-cart-menu-wrap .count:after,.ast-theme-transparent-header .ast-site-header-cart .ast-addon-cart-wrap .count,.ast-theme-transparent-header .ast-site-header-cart .ast-addon-cart-wrap .ast-icon-shopping-cart:after{color:#d2d2d2;border-color:#d2d2d2;}.ast-theme-transparent-header .ast-site-header-cart .ast-addon-cart-wrap .ast-icon-shopping-cart:after{color:#ffffff;background-color:#d2d2d2;}.ast-theme-transparent-header .ast-site-header-cart .ast-woo-header-cart-info-wrap{color:#d2d2d2;}.ast-theme-transparent-header .ast-site-header-cart .ast-addon-cart-wrap i.astra-icon:after{color:#ffffff;background-color:#d2d2d2;}#ast-site-header-cart .widget_shopping_cart .mini_cart_item{border-bottom-color:rgb(0,0,0);}@media (max-width:921px){#astra-mobile-cart-drawer .widget_shopping_cart .mini_cart_item{border-bottom-color:rgb(0,0,0);}}@media (max-width:544px){#astra-mobile-cart-drawer .widget_shopping_cart .mini_cart_item{border-bottom-color:rgb(0,0,0);}}.ast-site-header-cart .ast-cart-menu-wrap,.ast-site-header-cart .ast-addon-cart-wrap{color:#d2d2d2;}.ast-site-header-cart .ast-cart-menu-wrap:hover .count,.ast-site-header-cart .ast-addon-cart-wrap:hover .count{color:#000000;background-color:#d2d2d2;}.ast-menu-cart-outline .ast-cart-menu-wrap .count,.ast-menu-cart-outline .ast-addon-cart-wrap{color:#d2d2d2;}.ast-site-header-cart .ast-menu-cart-outline .ast-woo-header-cart-info-wrap{color:#d2d2d2;}.ast-menu-cart-fill .ast-cart-menu-wrap .count,.ast-menu-cart-fill .ast-cart-menu-wrap,.ast-menu-cart-fill .ast-addon-cart-wrap .ast-woo-header-cart-info-wrap,.ast-menu-cart-fill .ast-addon-cart-wrap{background-color:#d2d2d2;color:#000000;}.ast-theme-transparent-header .ast-site-header-cart .ast-cart-menu-wrap,.ast-theme-transparent-header .ast-site-header-cart .ast-addon-cart-wrap{color:#d2d2d2;}.ast-theme-transparent-header .ast-site-header-cart .ast-cart-menu-wrap:hover .count,.ast-theme-transparent-header .ast-site-header-cart .ast-addon-cart-wrap:hover .count{color:#000000;background-color:#d2d2d2;}.ast-theme-transparent-header .ast-menu-cart-outline .ast-cart-menu-wrap .count,.ast-theme-transparent-header .ast-menu-cart-outline .ast-addon-cart-wrap{color:#d2d2d2;}.ast-theme-transparent-header .ast-site-header-cart .ast-menu-cart-outline .ast-woo-header-cart-info-wrap{color:#d2d2d2;}.ast-theme-transparent-header .ast-menu-cart-fill .ast-cart-menu-wrap .count,.ast-theme-transparent-header .ast-menu-cart-fill .ast-cart-menu-wrap,.ast-theme-transparent-header .ast-menu-cart-fill .ast-addon-cart-wrap .ast-woo-header-cart-info-wrap,.ast-theme-transparent-header .ast-menu-cart-fill .ast-addon-cart-wrap{background-color:#d2d2d2;color:#000000;}.ast-site-header-cart.ast-menu-cart-outline .ast-cart-menu-wrap,.ast-site-header-cart.ast-menu-cart-fill .ast-cart-menu-wrap,.ast-site-header-cart.ast-menu-cart-outline .ast-cart-menu-wrap .count,.ast-site-header-cart.ast-menu-cart-fill .ast-cart-menu-wrap .count,.ast-site-header-cart.ast-menu-cart-outline .ast-addon-cart-wrap,.ast-site-header-cart.ast-menu-cart-fill .ast-addon-cart-wrap,.ast-site-header-cart.ast-menu-cart-outline .ast-woo-header-cart-info-wrap,.ast-site-header-cart.ast-menu-cart-fill .ast-woo-header-cart-info-wrap{border-radius:3px;}.ast-header-woo-cart{display:flex;}@media (max-width:921px){.ast-header-break-point .ast-header-woo-cart{display:flex;}}@media (max-width:544px){.ast-header-break-point .ast-header-woo-cart{display:none;}}.site-below-footer-wrap{padding-top:20px;padding-bottom:20px;}.site-below-footer-wrap[data-section="section-below-footer-builder"]{background-color:#ffffff;;background-image:none;;min-height:80px;border-style:solid;border-width:0px;border-top-width:1px;border-top-color:rgba(122,122,122,0.13);}.site-below-footer-wrap[data-section="section-below-footer-builder"] .ast-builder-grid-row{max-width:1200px;margin-left:auto;margin-right:auto;}.site-below-footer-wrap[data-section="section-below-footer-builder"] .ast-builder-grid-row,.site-below-footer-wrap[data-section="section-below-footer-builder"] .site-footer-section{align-items:flex-start;}.site-below-footer-wrap[data-section="section-below-footer-builder"].ast-footer-row-inline .site-footer-section{display:flex;margin-bottom:0;}.ast-builder-grid-row-2-equal .ast-builder-grid-row{grid-template-columns:repeat( 2,1fr );}@media (max-width:921px){.site-below-footer-wrap[data-section="section-below-footer-builder"].ast-footer-row-tablet-inline .site-footer-section{display:flex;margin-bottom:0;}.site-below-footer-wrap[data-section="section-below-footer-builder"].ast-footer-row-tablet-stack .site-footer-section{display:block;margin-bottom:10px;}.ast-builder-grid-row-container.ast-builder-grid-row-tablet-2-equal .ast-builder-grid-row{grid-template-columns:repeat( 2,1fr );}}@media (max-width:544px){.site-below-footer-wrap[data-section="section-below-footer-builder"].ast-footer-row-mobile-inline .site-footer-section{display:flex;margin-bottom:0;}.site-below-footer-wrap[data-section="section-below-footer-builder"].ast-footer-row-mobile-stack .site-footer-section{display:block;margin-bottom:10px;}.ast-builder-grid-row-container.ast-builder-grid-row-mobile-full .ast-builder-grid-row{grid-template-columns:1fr;}}@media (max-width:921px){.site-below-footer-wrap[data-section="section-below-footer-builder"]{padding-left:30px;padding-right:30px;}}.site-below-footer-wrap[data-section="section-below-footer-builder"]{display:grid;}@media (max-width:921px){.ast-header-break-point .site-below-footer-wrap[data-section="section-below-footer-builder"]{display:grid;}}@media (max-width:544px){.ast-header-break-point .site-below-footer-wrap[data-section="section-below-footer-builder"]{display:grid;}}.ast-builder-html-element img.alignnone{display:inline-block;}.ast-builder-html-element p:first-child{margin-top:0;}.ast-builder-html-element p:last-child{margin-bottom:0;}.ast-header-break-point .main-header-bar .ast-builder-html-element{line-height:1.85714285714286;}.footer-widget-area[data-section="section-fb-html-1"]{display:block;}@media (max-width:921px){.ast-header-break-point .footer-widget-area[data-section="section-fb-html-1"]{display:block;}}@media (max-width:544px){.ast-header-break-point .footer-widget-area[data-section="section-fb-html-1"]{display:block;}}.footer-widget-area[data-section="section-fb-html-1"] .ast-builder-html-element{text-align:right;}@media (max-width:921px){.footer-widget-area[data-section="section-fb-html-1"] .ast-builder-html-element{text-align:right;}}@media (max-width:544px){.footer-widget-area[data-section="section-fb-html-1"] .ast-builder-html-element{text-align:center;}}.ast-footer-copyright{text-align:left;}.ast-footer-copyright {color:#000000;}@media (max-width:921px){.ast-footer-copyright{text-align:left;}}@media (max-width:544px){.ast-footer-copyright{text-align:center;}}.ast-footer-copyright.ast-builder-layout-element{display:flex;}@media (max-width:921px){.ast-header-break-point .ast-footer-copyright.ast-builder-layout-element{display:flex;}}@media (max-width:544px){.ast-header-break-point .ast-footer-copyright.ast-builder-layout-element{display:flex;}}.site-footer{background-color:#ffffff;;background-image:none;;}.site-primary-footer-wrap{padding-top:45px;padding-bottom:45px;}.site-primary-footer-wrap[data-section="section-primary-footer-builder"]{background-color:#ffffff;;background-image:none;;}.site-primary-footer-wrap[data-section="section-primary-footer-builder"] .ast-builder-grid-row{grid-column-gap:200px;max-width:1200px;margin-left:auto;margin-right:auto;}.site-primary-footer-wrap[data-section="section-primary-footer-builder"] .ast-builder-grid-row,.site-primary-footer-wrap[data-section="section-primary-footer-builder"] .site-footer-section{align-items:flex-start;}.site-primary-footer-wrap[data-section="section-primary-footer-builder"].ast-footer-row-inline .site-footer-section{display:flex;margin-bottom:0;}.ast-builder-grid-row-4-equal .ast-builder-grid-row{grid-template-columns:repeat( 4,1fr );}@media (max-width:921px){.site-primary-footer-wrap[data-section="section-primary-footer-builder"].ast-footer-row-tablet-inline .site-footer-section{display:flex;margin-bottom:0;}.site-primary-footer-wrap[data-section="section-primary-footer-builder"].ast-footer-row-tablet-stack .site-footer-section{display:block;margin-bottom:10px;}.ast-builder-grid-row-container.ast-builder-grid-row-tablet-4-equal .ast-builder-grid-row{grid-template-columns:repeat( 4,1fr );}}@media (max-width:544px){.site-primary-footer-wrap[data-section="section-primary-footer-builder"].ast-footer-row-mobile-inline .site-footer-section{display:flex;margin-bottom:0;}.site-primary-footer-wrap[data-section="section-primary-footer-builder"].ast-footer-row-mobile-stack .site-footer-section{display:block;margin-bottom:10px;}.ast-builder-grid-row-container.ast-builder-grid-row-mobile-full .ast-builder-grid-row{grid-template-columns:1fr;}}.site-primary-footer-wrap[data-section="section-primary-footer-builder"]{padding-top:55px;padding-bottom:55px;}@media (max-width:921px){.site-primary-footer-wrap[data-section="section-primary-footer-builder"]{padding-left:30px;padding-right:30px;}}@media (max-width:544px){.site-primary-footer-wrap[data-section="section-primary-footer-builder"]{padding-top:40px;padding-bottom:20px;}}.site-primary-footer-wrap[data-section="section-primary-footer-builder"]{display:grid;}@media (max-width:921px){.ast-header-break-point .site-primary-footer-wrap[data-section="section-primary-footer-builder"]{display:grid;}}@media (max-width:544px){.ast-header-break-point .site-primary-footer-wrap[data-section="section-primary-footer-builder"]{display:grid;}}.footer-widget-area[data-section="sidebar-widgets-footer-widget-1"] .footer-widget-area-inner{text-align:left;}@media (max-width:921px){.footer-widget-area[data-section="sidebar-widgets-footer-widget-1"] .footer-widget-area-inner{text-align:left;}}@media (max-width:544px){.footer-widget-area[data-section="sidebar-widgets-footer-widget-1"] .footer-widget-area-inner{text-align:center;}}.footer-widget-area[data-section="sidebar-widgets-footer-widget-1"] .footer-widget-area-inner{color:#434343;}.footer-widget-area[data-section="sidebar-widgets-footer-widget-1"] .footer-widget-area-inner a{color:#434343;}.footer-widget-area[data-section="sidebar-widgets-footer-widget-1"] .footer-widget-area-inner a:hover{color:#3197d6;}.footer-widget-area[data-section="sidebar-widgets-footer-widget-1"] .widget-title{color:#000000;}.footer-widget-area[data-section="sidebar-widgets-footer-widget-1"]{display:block;}@media (max-width:921px){.ast-header-break-point .footer-widget-area[data-section="sidebar-widgets-footer-widget-1"]{display:block;}}@media (max-width:544px){.ast-header-break-point .footer-widget-area[data-section="sidebar-widgets-footer-widget-1"]{display:block;}}.footer-widget-area[data-section="sidebar-widgets-footer-widget-2"] .footer-widget-area-inner{color:#434343;}.footer-widget-area[data-section="sidebar-widgets-footer-widget-2"] .footer-widget-area-inner a{color:#434343;}.footer-widget-area[data-section="sidebar-widgets-footer-widget-2"] .footer-widget-area-inner a:hover{color:#3197d6;}.footer-widget-area[data-section="sidebar-widgets-footer-widget-2"] .widget-title{color:#000000;}.footer-widget-area[data-section="sidebar-widgets-footer-widget-2"]{display:block;}@media (max-width:921px){.ast-header-break-point .footer-widget-area[data-section="sidebar-widgets-footer-widget-2"]{display:block;}}@media (max-width:544px){.ast-header-break-point .footer-widget-area[data-section="sidebar-widgets-footer-widget-2"]{display:block;}}.footer-widget-area[data-section="sidebar-widgets-footer-widget-3"] .footer-widget-area-inner{color:#434343;}.footer-widget-area[data-section="sidebar-widgets-footer-widget-3"] .footer-widget-area-inner a{color:#434343;}.footer-widget-area[data-section="sidebar-widgets-footer-widget-3"] .footer-widget-area-inner a:hover{color:#3197d6;}.footer-widget-area[data-section="sidebar-widgets-footer-widget-3"] .widget-title{color:#000000;}.footer-widget-area[data-section="sidebar-widgets-footer-widget-3"]{display:block;}@media (max-width:921px){.ast-header-break-point .footer-widget-area[data-section="sidebar-widgets-footer-widget-3"]{display:block;}}@media (max-width:544px){.ast-header-break-point .footer-widget-area[data-section="sidebar-widgets-footer-widget-3"]{display:block;}}.footer-widget-area[data-section="sidebar-widgets-footer-widget-4"] .footer-widget-area-inner{color:#434343;}.footer-widget-area[data-section="sidebar-widgets-footer-widget-4"] .footer-widget-area-inner a{color:#434343;}.footer-widget-area[data-section="sidebar-widgets-footer-widget-4"] .footer-widget-area-inner a:hover{color:#3197d6;}.footer-widget-area[data-section="sidebar-widgets-footer-widget-4"] .widget-title{color:#000000;}.footer-widget-area[data-section="sidebar-widgets-footer-widget-4"]{display:block;}@media (max-width:921px){.ast-header-break-point .footer-widget-area[data-section="sidebar-widgets-footer-widget-4"]{display:block;}}@media (max-width:544px){.ast-header-break-point .footer-widget-area[data-section="sidebar-widgets-footer-widget-4"]{display:block;}}.footer-widget-area[data-section="sidebar-widgets-footer-widget-2"] .footer-widget-area-inner{text-align:left;}@media (max-width:921px){.footer-widget-area[data-section="sidebar-widgets-footer-widget-2"] .footer-widget-area-inner{text-align:left;}}@media (max-width:544px){.footer-widget-area[data-section="sidebar-widgets-footer-widget-2"] .footer-widget-area-inner{text-align:center;}}.footer-widget-area[data-section="sidebar-widgets-footer-widget-1"] .footer-widget-area-inner{color:#434343;}.footer-widget-area[data-section="sidebar-widgets-footer-widget-1"] .footer-widget-area-inner a{color:#434343;}.footer-widget-area[data-section="sidebar-widgets-footer-widget-1"] .footer-widget-area-inner a:hover{color:#3197d6;}.footer-widget-area[data-section="sidebar-widgets-footer-widget-1"] .widget-title{color:#000000;}.footer-widget-area[data-section="sidebar-widgets-footer-widget-1"]{display:block;}@media (max-width:921px){.ast-header-break-point .footer-widget-area[data-section="sidebar-widgets-footer-widget-1"]{display:block;}}@media (max-width:544px){.ast-header-break-point .footer-widget-area[data-section="sidebar-widgets-footer-widget-1"]{display:block;}}.footer-widget-area[data-section="sidebar-widgets-footer-widget-2"] .footer-widget-area-inner{color:#434343;}.footer-widget-area[data-section="sidebar-widgets-footer-widget-2"] .footer-widget-area-inner a{color:#434343;}.footer-widget-area[data-section="sidebar-widgets-footer-widget-2"] .footer-widget-area-inner a:hover{color:#3197d6;}.footer-widget-area[data-section="sidebar-widgets-footer-widget-2"] .widget-title{color:#000000;}.footer-widget-area[data-section="sidebar-widgets-footer-widget-2"]{display:block;}@media (max-width:921px){.ast-header-break-point .footer-widget-area[data-section="sidebar-widgets-footer-widget-2"]{display:block;}}@media (max-width:544px){.ast-header-break-point .footer-widget-area[data-section="sidebar-widgets-footer-widget-2"]{display:block;}}.footer-widget-area[data-section="sidebar-widgets-footer-widget-3"] .footer-widget-area-inner{color:#434343;}.footer-widget-area[data-section="sidebar-widgets-footer-widget-3"] .footer-widget-area-inner a{color:#434343;}.footer-widget-area[data-section="sidebar-widgets-footer-widget-3"] .footer-widget-area-inner a:hover{color:#3197d6;}.footer-widget-area[data-section="sidebar-widgets-footer-widget-3"] .widget-title{color:#000000;}.footer-widget-area[data-section="sidebar-widgets-footer-widget-3"]{display:block;}@media (max-width:921px){.ast-header-break-point .footer-widget-area[data-section="sidebar-widgets-footer-widget-3"]{display:block;}}@media (max-width:544px){.ast-header-break-point .footer-widget-area[data-section="sidebar-widgets-footer-widget-3"]{display:block;}}.footer-widget-area[data-section="sidebar-widgets-footer-widget-4"] .footer-widget-area-inner{color:#434343;}.footer-widget-area[data-section="sidebar-widgets-footer-widget-4"] .footer-widget-area-inner a{color:#434343;}.footer-widget-area[data-section="sidebar-widgets-footer-widget-4"] .footer-widget-area-inner a:hover{color:#3197d6;}.footer-widget-area[data-section="sidebar-widgets-footer-widget-4"] .widget-title{color:#000000;}.footer-widget-area[data-section="sidebar-widgets-footer-widget-4"]{display:block;}@media (max-width:921px){.ast-header-break-point .footer-widget-area[data-section="sidebar-widgets-footer-widget-4"]{display:block;}}@media (max-width:544px){.ast-header-break-point .footer-widget-area[data-section="sidebar-widgets-footer-widget-4"]{display:block;}}.footer-widget-area[data-section="sidebar-widgets-footer-widget-3"] .footer-widget-area-inner{text-align:left;}@media (max-width:921px){.footer-widget-area[data-section="sidebar-widgets-footer-widget-3"] .footer-widget-area-inner{text-align:left;}}@media (max-width:544px){.footer-widget-area[data-section="sidebar-widgets-footer-widget-3"] .footer-widget-area-inner{text-align:center;}}.footer-widget-area[data-section="sidebar-widgets-footer-widget-1"] .footer-widget-area-inner{color:#434343;}.footer-widget-area[data-section="sidebar-widgets-footer-widget-1"] .footer-widget-area-inner a{color:#434343;}.footer-widget-area[data-section="sidebar-widgets-footer-widget-1"] .footer-widget-area-inner a:hover{color:#3197d6;}.footer-widget-area[data-section="sidebar-widgets-footer-widget-1"] .widget-title{color:#000000;}.footer-widget-area[data-section="sidebar-widgets-footer-widget-1"]{display:block;}@media (max-width:921px){.ast-header-break-point .footer-widget-area[data-section="sidebar-widgets-footer-widget-1"]{display:block;}}@media (max-width:544px){.ast-header-break-point .footer-widget-area[data-section="sidebar-widgets-footer-widget-1"]{display:block;}}.footer-widget-area[data-section="sidebar-widgets-footer-widget-2"] .footer-widget-area-inner{color:#434343;}.footer-widget-area[data-section="sidebar-widgets-footer-widget-2"] .footer-widget-area-inner a{color:#434343;}.footer-widget-area[data-section="sidebar-widgets-footer-widget-2"] .footer-widget-area-inner a:hover{color:#3197d6;}.footer-widget-area[data-section="sidebar-widgets-footer-widget-2"] .widget-title{color:#000000;}.footer-widget-area[data-section="sidebar-widgets-footer-widget-2"]{display:block;}@media (max-width:921px){.ast-header-break-point .footer-widget-area[data-section="sidebar-widgets-footer-widget-2"]{display:block;}}@media (max-width:544px){.ast-header-break-point .footer-widget-area[data-section="sidebar-widgets-footer-widget-2"]{display:block;}}.footer-widget-area[data-section="sidebar-widgets-footer-widget-3"] .footer-widget-area-inner{color:#434343;}.footer-widget-area[data-section="sidebar-widgets-footer-widget-3"] .footer-widget-area-inner a{color:#434343;}.footer-widget-area[data-section="sidebar-widgets-footer-widget-3"] .footer-widget-area-inner a:hover{color:#3197d6;}.footer-widget-area[data-section="sidebar-widgets-footer-widget-3"] .widget-title{color:#000000;}.footer-widget-area[data-section="sidebar-widgets-footer-widget-3"]{display:block;}@media (max-width:921px){.ast-header-break-point .footer-widget-area[data-section="sidebar-widgets-footer-widget-3"]{display:block;}}@media (max-width:544px){.ast-header-break-point .footer-widget-area[data-section="sidebar-widgets-footer-widget-3"]{display:block;}}.footer-widget-area[data-section="sidebar-widgets-footer-widget-4"] .footer-widget-area-inner{color:#434343;}.footer-widget-area[data-section="sidebar-widgets-footer-widget-4"] .footer-widget-area-inner a{color:#434343;}.footer-widget-area[data-section="sidebar-widgets-footer-widget-4"] .footer-widget-area-inner a:hover{color:#3197d6;}.footer-widget-area[data-section="sidebar-widgets-footer-widget-4"] .widget-title{color:#000000;}.footer-widget-area[data-section="sidebar-widgets-footer-widget-4"]{display:block;}@media (max-width:921px){.ast-header-break-point .footer-widget-area[data-section="sidebar-widgets-footer-widget-4"]{display:block;}}@media (max-width:544px){.ast-header-break-point .footer-widget-area[data-section="sidebar-widgets-footer-widget-4"]{display:block;}}.footer-widget-area[data-section="sidebar-widgets-footer-widget-4"] .footer-widget-area-inner{text-align:left;}@media (max-width:921px){.footer-widget-area[data-section="sidebar-widgets-footer-widget-4"] .footer-widget-area-inner{text-align:left;}}@media (max-width:544px){.footer-widget-area[data-section="sidebar-widgets-footer-widget-4"] .footer-widget-area-inner{text-align:center;}}.footer-widget-area[data-section="sidebar-widgets-footer-widget-1"] .footer-widget-area-inner{color:#434343;}.footer-widget-area[data-section="sidebar-widgets-footer-widget-1"] .footer-widget-area-inner a{color:#434343;}.footer-widget-area[data-section="sidebar-widgets-footer-widget-1"] .footer-widget-area-inner a:hover{color:#3197d6;}.footer-widget-area[data-section="sidebar-widgets-footer-widget-1"] .widget-title{color:#000000;}.footer-widget-area[data-section="sidebar-widgets-footer-widget-1"]{display:block;}@media (max-width:921px){.ast-header-break-point .footer-widget-area[data-section="sidebar-widgets-footer-widget-1"]{display:block;}}@media (max-width:544px){.ast-header-break-point .footer-widget-area[data-section="sidebar-widgets-footer-widget-1"]{display:block;}}.footer-widget-area[data-section="sidebar-widgets-footer-widget-2"] .footer-widget-area-inner{color:#434343;}.footer-widget-area[data-section="sidebar-widgets-footer-widget-2"] .footer-widget-area-inner a{color:#434343;}.footer-widget-area[data-section="sidebar-widgets-footer-widget-2"] .footer-widget-area-inner a:hover{color:#3197d6;}.footer-widget-area[data-section="sidebar-widgets-footer-widget-2"] .widget-title{color:#000000;}.footer-widget-area[data-section="sidebar-widgets-footer-widget-2"]{display:block;}@media (max-width:921px){.ast-header-break-point .footer-widget-area[data-section="sidebar-widgets-footer-widget-2"]{display:block;}}@media (max-width:544px){.ast-header-break-point .footer-widget-area[data-section="sidebar-widgets-footer-widget-2"]{display:block;}}.footer-widget-area[data-section="sidebar-widgets-footer-widget-3"] .footer-widget-area-inner{color:#434343;}.footer-widget-area[data-section="sidebar-widgets-footer-widget-3"] .footer-widget-area-inner a{color:#434343;}.footer-widget-area[data-section="sidebar-widgets-footer-widget-3"] .footer-widget-area-inner a:hover{color:#3197d6;}.footer-widget-area[data-section="sidebar-widgets-footer-widget-3"] .widget-title{color:#000000;}.footer-widget-area[data-section="sidebar-widgets-footer-widget-3"]{display:block;}@media (max-width:921px){.ast-header-break-point .footer-widget-area[data-section="sidebar-widgets-footer-widget-3"]{display:block;}}@media (max-width:544px){.ast-header-break-point .footer-widget-area[data-section="sidebar-widgets-footer-widget-3"]{display:block;}}.footer-widget-area[data-section="sidebar-widgets-footer-widget-4"] .footer-widget-area-inner{color:#434343;}.footer-widget-area[data-section="sidebar-widgets-footer-widget-4"] .footer-widget-area-inner a{color:#434343;}.footer-widget-area[data-section="sidebar-widgets-footer-widget-4"] .footer-widget-area-inner a:hover{color:#3197d6;}.footer-widget-area[data-section="sidebar-widgets-footer-widget-4"] .widget-title{color:#000000;}.footer-widget-area[data-section="sidebar-widgets-footer-widget-4"]{display:block;}@media (max-width:921px){.ast-header-break-point .footer-widget-area[data-section="sidebar-widgets-footer-widget-4"]{display:block;}}@media (max-width:544px){.ast-header-break-point .footer-widget-area[data-section="sidebar-widgets-footer-widget-4"]{display:block;}}.ast-header-break-point .main-header-bar{border-bottom-width:1px;}@media (min-width:922px){.main-header-bar{border-bottom-width:1px;}}.ast-flex{-webkit-align-content:center;-ms-flex-line-pack:center;align-content:center;-webkit-box-align:center;-webkit-align-items:center;-moz-box-align:center;-ms-flex-align:center;align-items:center;}.main-header-bar{padding:1em 0;}.ast-site-identity{padding:0;}.header-main-layout-1 .ast-flex.main-header-container, .header-main-layout-3 .ast-flex.main-header-container{-webkit-align-content:center;-ms-flex-line-pack:center;align-content:center;-webkit-box-align:center;-webkit-align-items:center;-moz-box-align:center;-ms-flex-align:center;align-items:center;}.header-main-layout-1 .ast-flex.main-header-container, .header-main-layout-3 .ast-flex.main-header-container{-webkit-align-content:center;-ms-flex-line-pack:center;align-content:center;-webkit-box-align:center;-webkit-align-items:center;-moz-box-align:center;-ms-flex-align:center;align-items:center;}.main-header-menu .sub-menu .menu-item.menu-item-has-children &gt; .menu-link:after{position:absolute;right:1em;top:50%;transform:translate(0,-50%) rotate(270deg);}.ast-header-break-point .main-header-bar .main-header-bar-navigation .page_item_has_children &gt; .ast-menu-toggle::before, .ast-header-break-point .main-header-bar .main-header-bar-navigation .menu-item-has-children &gt; .ast-menu-toggle::before, .ast-mobile-popup-drawer .main-header-bar-navigation .menu-item-has-children&gt;.ast-menu-toggle::before, .ast-header-break-point .ast-mobile-header-wrap .main-header-bar-navigation .menu-item-has-children &gt; .ast-menu-toggle::before{font-weight:bold;content:"\e900";font-family:Astra;text-decoration:inherit;display:inline-block;}.ast-header-break-point .main-navigation ul.sub-menu .menu-item .menu-link:before{content:"\e900";font-family:Astra;font-size:.65em;text-decoration:inherit;display:inline-block;transform:translate(0, -2px) rotateZ(270deg);margin-right:5px;}.widget_search .search-form:after{font-family:Astra;font-size:1.2em;font-weight:normal;content:"\e8b6";position:absolute;top:50%;right:15px;transform:translate(0, -50%);}.astra-search-icon::before{content:"\e8b6";font-family:Astra;font-style:normal;font-weight:normal;text-decoration:inherit;text-align:center;-webkit-font-smoothing:antialiased;-moz-osx-font-smoothing:grayscale;}.main-header-bar .main-header-bar-navigation .page_item_has_children &gt; a:after, .main-header-bar .main-header-bar-navigation .menu-item-has-children &gt; a:after, .site-header-focus-item .main-header-bar-navigation .menu-item-has-children &gt; .menu-link:after{content:"\e900";display:inline-block;font-family:Astra;font-size:.6rem;font-weight:bold;text-rendering:auto;-webkit-font-smoothing:antialiased;-moz-osx-font-smoothing:grayscale;margin-left:10px;line-height:normal;}.ast-mobile-popup-drawer .main-header-bar-navigation .ast-submenu-expanded&gt;.ast-menu-toggle::before{transform:rotateX(180deg);}.ast-header-break-point .main-header-bar-navigation .menu-item-has-children &gt; .menu-link:after{display:none;}.ast-separate-container .blog-layout-1, .ast-separate-container .blog-layout-2, .ast-separate-container .blog-layout-3{background-color:transparent;background-image:none;}.ast-separate-container .ast-article-post{background-color:#ffffff;;}.ast-separate-container .ast-article-single:not(.ast-related-post), .ast-separate-container .comments-area .comment-respond,.ast-separate-container .comments-area .ast-comment-list li, .ast-separate-container .ast-woocommerce-container, .ast-separate-container .error-404, .ast-separate-container .no-results, .single.ast-separate-container .ast-author-meta, .ast-separate-container .related-posts-title-wrapper, .ast-separate-container.ast-two-container #secondary .widget,.ast-separate-container .comments-count-wrapper, .ast-box-layout.ast-plain-container .site-content,.ast-padded-layout.ast-plain-container .site-content, .ast-separate-container .comments-area .comments-title{background-color:#ffffff;;}.ast-mobile-header-content &gt; *,.ast-desktop-header-content &gt; * {padding: 10px 0;height: auto;}.ast-mobile-header-content &gt; *:first-child,.ast-desktop-header-content &gt; *:first-child {padding-top: 10px;}.ast-mobile-header-content &gt; .ast-builder-menu,.ast-desktop-header-content &gt; .ast-builder-menu {padding-top: 0;}.ast-mobile-header-content &gt; *:last-child,.ast-desktop-header-content &gt; *:last-child {padding-bottom: 0;}.ast-mobile-header-content .ast-search-menu-icon.ast-inline-search label,.ast-desktop-header-content .ast-search-menu-icon.ast-inline-search label {width: 100%;}.ast-desktop-header-content .main-header-bar-navigation .ast-submenu-expanded &gt; .ast-menu-toggle::before {transform: rotateX(180deg);}#ast-desktop-header .ast-desktop-header-content,.ast-mobile-header-content .ast-search-icon,.ast-desktop-header-content .ast-search-icon,.ast-mobile-header-wrap .ast-mobile-header-content,.ast-main-header-nav-open.ast-popup-nav-open .ast-mobile-header-wrap .ast-mobile-header-content,.ast-main-header-nav-open.ast-popup-nav-open .ast-desktop-header-content {display: none;}.ast-main-header-nav-open.ast-header-break-point #ast-desktop-header .ast-desktop-header-content,.ast-main-header-nav-open.ast-header-break-point .ast-mobile-header-wrap .ast-mobile-header-content {display: block;}.ast-desktop .ast-desktop-header-content .astra-menu-animation-slide-up &gt; .menu-item &gt; .sub-menu,.ast-desktop .ast-desktop-header-content .astra-menu-animation-slide-up &gt; .menu-item .menu-item &gt; .sub-menu,.ast-desktop .ast-desktop-header-content .astra-menu-animation-slide-down &gt; .menu-item &gt; .sub-menu,.ast-desktop .ast-desktop-header-content .astra-menu-animation-slide-down &gt; .menu-item .menu-item &gt; .sub-menu,.ast-desktop .ast-desktop-header-content .astra-menu-animation-fade &gt; .menu-item &gt; .sub-menu,.ast-desktop .ast-desktop-header-content .astra-menu-animation-fade &gt; .menu-item .menu-item &gt; .sub-menu {opacity: 1;visibility: visible;}.ast-hfb-header.ast-default-menu-enable.ast-header-break-point .ast-mobile-header-wrap .ast-mobile-header-content .main-header-bar-navigation {width: unset;margin: unset;}.ast-mobile-header-content.content-align-flex-end .main-header-bar-navigation .menu-item-has-children &gt; .ast-menu-toggle,.ast-desktop-header-content.content-align-flex-end .main-header-bar-navigation .menu-item-has-children &gt; .ast-menu-toggle {left: calc( 20px - 0.907em);}.ast-mobile-header-content .ast-search-menu-icon,.ast-mobile-header-content .ast-search-menu-icon.slide-search,.ast-desktop-header-content .ast-search-menu-icon,.ast-desktop-header-content .ast-search-menu-icon.slide-search {width: 100%;position: relative;display: block;right: auto;transform: none;}.ast-mobile-header-content .ast-search-menu-icon.slide-search .search-form,.ast-mobile-header-content .ast-search-menu-icon .search-form,.ast-desktop-header-content .ast-search-menu-icon.slide-search .search-form,.ast-desktop-header-content .ast-search-menu-icon .search-form {right: 0;visibility: visible;opacity: 1;position: relative;top: auto;transform: none;padding: 0;display: block;overflow: hidden;}.ast-mobile-header-content .ast-search-menu-icon.ast-inline-search .search-field,.ast-mobile-header-content .ast-search-menu-icon .search-field,.ast-desktop-header-content .ast-search-menu-icon.ast-inline-search .search-field,.ast-desktop-header-content .ast-search-menu-icon .search-field {width: 100%;padding-right: 5.5em;}.ast-mobile-header-content .ast-search-menu-icon .search-submit,.ast-desktop-header-content .ast-search-menu-icon .search-submit {display: block;position: absolute;height: 100%;top: 0;right: 0;padding: 0 1em;border-radius: 0;}.ast-hfb-header.ast-default-menu-enable.ast-header-break-point .ast-mobile-header-wrap .ast-mobile-header-content .main-header-bar-navigation ul .sub-menu .menu-link {padding-left: 30px;}.ast-hfb-header.ast-default-menu-enable.ast-header-break-point .ast-mobile-header-wrap .ast-mobile-header-content .main-header-bar-navigation .sub-menu .menu-item .menu-item .menu-link {padding-left: 40px;}.ast-mobile-popup-drawer.active .ast-mobile-popup-inner{background-color:#ffffff;;}.ast-mobile-header-wrap .ast-mobile-header-content, .ast-desktop-header-content{background-color:#ffffff;;}.ast-mobile-popup-content &gt; *, .ast-mobile-header-content &gt; *, .ast-desktop-popup-content &gt; *, .ast-desktop-header-content &gt; *{padding-top:0;padding-bottom:0;}.content-align-flex-start .ast-builder-layout-element{justify-content:flex-start;}.content-align-flex-start .main-header-menu{text-align:left;}.ast-mobile-popup-drawer.active .menu-toggle-close{color:#3a3a3a;}.ast-mobile-header-wrap .ast-primary-header-bar,.ast-primary-header-bar .site-primary-header-wrap{min-height:70px;}.ast-desktop .ast-primary-header-bar .main-header-menu &gt; .menu-item{line-height:70px;}.ast-desktop .ast-primary-header-bar .ast-header-woo-cart,.ast-desktop .ast-primary-header-bar .ast-header-edd-cart{line-height:70px;}@media (max-width:921px){#masthead .ast-mobile-header-wrap .ast-primary-header-bar,#masthead .ast-mobile-header-wrap .ast-below-header-bar{padding-left:20px;padding-right:20px;}}.ast-header-break-point .ast-primary-header-bar{border-bottom-width:1px;border-bottom-style:solid;}@media (min-width:922px){.ast-primary-header-bar{border-bottom-width:1px;border-bottom-style:solid;}}.ast-primary-header-bar{background-color:#ffffff;;background-image:none;;}.ast-primary-header-bar{display:block;}@media (max-width:921px){.ast-header-break-point .ast-primary-header-bar{display:grid;}}@media (max-width:544px){.ast-header-break-point .ast-primary-header-bar{display:grid;}}[data-section="section-header-mobile-trigger"] .ast-button-wrap .ast-mobile-menu-trigger-minimal{color:#000000;border:none;background:transparent;}[data-section="section-header-mobile-trigger"] .ast-button-wrap .mobile-menu-toggle-icon .ast-mobile-svg{width:20px;height:20px;fill:#000000;}[data-section="section-header-mobile-trigger"] .ast-button-wrap .mobile-menu-wrap .mobile-menu{color:#000000;}
</style>
    <link id="astra-menu-animation-css" rel="stylesheet" href="https://askomdch.com/wp-content/themes/astra/assets/css/minified/menu-animation.min.css?ver=3.7.5" media="all"/>
    <link id="wp-block-library-css" rel="stylesheet" href="https://askomdch.com/wp-includes/css/dist/block-library/style.min.css?ver=5.8.1" media="all"/>
    <link id="wc-blocks-vendors-style-css" rel="stylesheet" href="https://askomdch.com/wp-content/plugins/woocommerce/packages/woocommerce-blocks/build/wc-blocks-vendors-style.css?ver=5.9.1" media="all"/>
    <link id="wc-blocks-style-css" rel="stylesheet" href="https://askomdch.com/wp-content/plugins/woocommerce/packages/woocommerce-blocks/build/wc-blocks-style.css?ver=5.9.1" media="all"/>
    <style id="global-styles-inline-css">
body{--wp--preset--color--black: #000000;--wp--preset--color--cyan-bluish-gray: #abb8c3;--wp--preset--color--white: #ffffff;--wp--preset--color--pale-pink: #f78da7;--wp--preset--color--vivid-red: #cf2e2e;--wp--preset--color--luminous-vivid-orange: #ff6900;--wp--preset--color--luminous-vivid-amber: #fcb900;--wp--preset--color--light-green-cyan: #7bdcb5;--wp--preset--color--vivid-green-cyan: #00d084;--wp--preset--color--pale-cyan-blue: #8ed1fc;--wp--preset--color--vivid-cyan-blue: #0693e3;--wp--preset--color--vivid-purple: #9b51e0;--wp--preset--color--ast-global-color-0: var(--ast-global-color-0);--wp--preset--color--ast-global-color-1: var(--ast-global-color-1);--wp--preset--color--ast-global-color-2: var(--ast-global-color-2);--wp--preset--color--ast-global-color-3: var(--ast-global-color-3);--wp--preset--color--ast-global-color-4: var(--ast-global-color-4);--wp--preset--color--ast-global-color-5: var(--ast-global-color-5);--wp--preset--color--ast-global-color-6: var(--ast-global-color-6);--wp--preset--color--ast-global-color-7: var(--ast-global-color-7);--wp--preset--color--ast-global-color-8: var(--ast-global-color-8);--wp--preset--gradient--vivid-cyan-blue-to-vivid-purple: linear-gradient(135deg,rgba(6,147,227,1) 0%,rgb(155,81,224) 100%);--wp--preset--gradient--light-green-cyan-to-vivid-green-cyan: linear-gradient(135deg,rgb(122,220,180) 0%,rgb(0,208,130) 100%);--wp--preset--gradient--luminous-vivid-amber-to-luminous-vivid-orange: linear-gradient(135deg,rgba(252,185,0,1) 0%,rgba(255,105,0,1) 100%);--wp--preset--gradient--luminous-vivid-orange-to-vivid-red: linear-gradient(135deg,rgba(255,105,0,1) 0%,rgb(207,46,46) 100%);--wp--preset--gradient--very-light-gray-to-cyan-bluish-gray: linear-gradient(135deg,rgb(238,238,238) 0%,rgb(169,184,195) 100%);--wp--preset--gradient--cool-to-warm-spectrum: linear-gradient(135deg,rgb(74,234,220) 0%,rgb(151,120,209) 20%,rgb(207,42,186) 40%,rgb(238,44,130) 60%,rgb(251,105,98) 80%,rgb(254,248,76) 100%);--wp--preset--gradient--blush-light-purple: linear-gradient(135deg,rgb(255,206,236) 0%,rgb(152,150,240) 100%);--wp--preset--gradient--blush-bordeaux: linear-gradient(135deg,rgb(254,205,165) 0%,rgb(254,45,45) 50%,rgb(107,0,62) 100%);--wp--preset--gradient--luminous-dusk: linear-gradient(135deg,rgb(255,203,112) 0%,rgb(199,81,192) 50%,rgb(65,88,208) 100%);--wp--preset--gradient--pale-ocean: linear-gradient(135deg,rgb(255,245,203) 0%,rgb(182,227,212) 50%,rgb(51,167,181) 100%);--wp--preset--gradient--electric-grass: linear-gradient(135deg,rgb(202,248,128) 0%,rgb(113,206,126) 100%);--wp--preset--gradient--midnight: linear-gradient(135deg,rgb(2,3,129) 0%,rgb(40,116,252) 100%);--wp--preset--font-size--small: 13px;--wp--preset--font-size--normal: 16px;--wp--preset--font-size--medium: 20px;--wp--preset--font-size--large: 36px;--wp--preset--font-size--huge: 42px;}.has-black-color{color: var(--wp--preset--color--black) !important;}.has-cyan-bluish-gray-color{color: var(--wp--preset--color--cyan-bluish-gray) !important;}.has-white-color{color: var(--wp--preset--color--white) !important;}.has-pale-pink-color{color: var(--wp--preset--color--pale-pink) !important;}.has-vivid-red-color{color: var(--wp--preset--color--vivid-red) !important;}.has-luminous-vivid-orange-color{color: var(--wp--preset--color--luminous-vivid-orange) !important;}.has-luminous-vivid-amber-color{color: var(--wp--preset--color--luminous-vivid-amber) !important;}.has-light-green-cyan-color{color: var(--wp--preset--color--light-green-cyan) !important;}.has-vivid-green-cyan-color{color: var(--wp--preset--color--vivid-green-cyan) !important;}.has-pale-cyan-blue-color{color: var(--wp--preset--color--pale-cyan-blue) !important;}.has-vivid-cyan-blue-color{color: var(--wp--preset--color--vivid-cyan-blue) !important;}.has-vivid-purple-color{color: var(--wp--preset--color--vivid-purple) !important;}.has-ast-global-color-0-color{color: var(--wp--preset--color--ast-global-color-0) !important;}.has-ast-global-color-1-color{color: var(--wp--preset--color--ast-global-color-1) !important;}.has-ast-global-color-2-color{color: var(--wp--preset--color--ast-global-color-2) !important;}.has-ast-global-color-3-color{color: var(--wp--preset--color--ast-global-color-3) !important;}.has-ast-global-color-4-color{color: var(--wp--preset--color--ast-global-color-4) !important;}.has-ast-global-color-5-color{color: var(--wp--preset--color--ast-global-color-5) !important;}.has-ast-global-color-6-color{color: var(--wp--preset--color--ast-global-color-6) !important;}.has-ast-global-color-7-color{color: var(--wp--preset--color--ast-global-color-7) !important;}.has-ast-global-color-8-color{color: var(--wp--preset--color--ast-global-color-8) !important;}.has-black-background-color{background-color: var(--wp--preset--color--black) !important;}.has-cyan-bluish-gray-background-color{background-color: var(--wp--preset--color--cyan-bluish-gray) !important;}.has-white-background-color{background-color: var(--wp--preset--color--white) !important;}.has-pale-pink-background-color{background-color: var(--wp--preset--color--pale-pink) !important;}.has-vivid-red-background-color{background-color: var(--wp--preset--color--vivid-red) !important;}.has-luminous-vivid-orange-background-color{background-color: var(--wp--preset--color--luminous-vivid-orange) !important;}.has-luminous-vivid-amber-background-color{background-color: var(--wp--preset--color--luminous-vivid-amber) !important;}.has-light-green-cyan-background-color{background-color: var(--wp--preset--color--light-green-cyan) !important;}.has-vivid-green-cyan-background-color{background-color: var(--wp--preset--color--vivid-green-cyan) !important;}.has-pale-cyan-blue-background-color{background-color: var(--wp--preset--color--pale-cyan-blue) !important;}.has-vivid-cyan-blue-background-color{background-color: var(--wp--preset--color--vivid-cyan-blue) !important;}.has-vivid-purple-background-color{background-color: var(--wp--preset--color--vivid-purple) !important;}.has-ast-global-color-0-background-color{background-color: var(--wp--preset--color--ast-global-color-0) !important;}.has-ast-global-color-1-background-color{background-color: var(--wp--preset--color--ast-global-color-1) !important;}.has-ast-global-color-2-background-color{background-color: var(--wp--preset--color--ast-global-color-2) !important;}.has-ast-global-color-3-background-color{background-color: var(--wp--preset--color--ast-global-color-3) !important;}.has-ast-global-color-4-background-color{background-color: var(--wp--preset--color--ast-global-color-4) !important;}.has-ast-global-color-5-background-color{background-color: var(--wp--preset--color--ast-global-color-5) !important;}.has-ast-global-color-6-background-color{background-color: var(--wp--preset--color--ast-global-color-6) !important;}.has-ast-global-color-7-background-color{background-color: var(--wp--preset--color--ast-global-color-7) !important;}.has-ast-global-color-8-background-color{background-color: var(--wp--preset--color--ast-global-color-8) !important;}.has-vivid-cyan-blue-to-vivid-purple-gradient-background{background: var(--wp--preset--gradient--vivid-cyan-blue-to-vivid-purple) !important;}.has-light-green-cyan-to-vivid-green-cyan-gradient-background{background: var(--wp--preset--gradient--light-green-cyan-to-vivid-green-cyan) !important;}.has-luminous-vivid-amber-to-luminous-vivid-orange-gradient-background{background: var(--wp--preset--gradient--luminous-vivid-amber-to-luminous-vivid-orange) !important;}.has-luminous-vivid-orange-to-vivid-red-gradient-background{background: var(--wp--preset--gradient--luminous-vivid-orange-to-vivid-red) !important;}.has-very-light-gray-to-cyan-bluish-gray-gradient-background{background: var(--wp--preset--gradient--very-light-gray-to-cyan-bluish-gray) !important;}.has-cool-to-warm-spectrum-gradient-background{background: var(--wp--preset--gradient--cool-to-warm-spectrum) !important;}.has-blush-light-purple-gradient-background{background: var(--wp--preset--gradient--blush-light-purple) !important;}.has-blush-bordeaux-gradient-background{background: var(--wp--preset--gradient--blush-bordeaux) !important;}.has-luminous-dusk-gradient-background{background: var(--wp--preset--gradient--luminous-dusk) !important;}.has-pale-ocean-gradient-background{background: var(--wp--preset--gradient--pale-ocean) !important;}.has-electric-grass-gradient-background{background: var(--wp--preset--gradient--electric-grass) !important;}.has-midnight-gradient-background{background: var(--wp--preset--gradient--midnight) !important;}.has-small-font-size{font-size: var(--wp--preset--font-size--small) !important;}.has-normal-font-size{font-size: var(--wp--preset--font-size--normal) !important;}.has-medium-font-size{font-size: var(--wp--preset--font-size--medium) !important;}.has-large-font-size{font-size: var(--wp--preset--font-size--large) !important;}.has-huge-font-size{font-size: var(--wp--preset--font-size--huge) !important;}
</style>
    <link id="woocommerce-layout-css" rel="stylesheet" href="https://askomdch.com/wp-content/themes/astra/assets/css/minified/compatibility/woocommerce/woocommerce-layout.min.css?ver=3.7.5" media="all"/>
    <link id="woocommerce-smallscreen-css" rel="stylesheet" href="https://askomdch.com/wp-content/themes/astra/assets/css/minified/compatibility/woocommerce/woocommerce-smallscreen.min.css?ver=3.7.5" media="only screen and (max-width: 921px)"/>
    <link id="woocommerce-general-css" rel="stylesheet" href="https://askomdch.com/wp-content/themes/astra/assets/css/minified/compatibility/woocommerce/woocommerce.min.css?ver=3.7.5" media="all"/>
    <style id="woocommerce-general-inline-css">
#customer_details h3:not(.elementor-widget-woocommerce-checkout-page h3){font-size:1.2rem;padding:20px 0 14px;margin:0 0 20px;border-bottom:1px solid #ebebeb;}form #order_review_heading:not(.elementor-widget-woocommerce-checkout-page #order_review_heading){border-width:2px 2px 0 2px;border-style:solid;font-size:1.2rem;margin:0;padding:1.5em 1.5em 1em;border-color:#ebebeb;}form #order_review:not(.elementor-widget-woocommerce-checkout-page #order_review){padding:0 2em;border-width:0 2px 2px;border-style:solid;border-color:#ebebeb;}ul#shipping_method li:not(.elementor-widget-woocommerce-cart #shipping_method li){margin:0;padding:0.25em 0 0.25em 22px;text-indent:-22px;list-style:none outside;}.woocommerce span.onsale, .wc-block-grid__product .wc-block-grid__product-onsale{background-color:#54595f;color:#ffffff;}.woocommerce a.button, .woocommerce button.button, .woocommerce .woocommerce-message a.button, .woocommerce #respond input#submit.alt, .woocommerce a.button.alt, .woocommerce button.button.alt, .woocommerce input.button.alt, .woocommerce input.button,.woocommerce input.button:disabled, .woocommerce input.button:disabled[disabled], .woocommerce input.button:disabled:hover, .woocommerce input.button:disabled[disabled]:hover, .woocommerce #respond input#submit, .woocommerce button.button.alt.disabled, .wc-block-grid__products .wc-block-grid__product .wp-block-button__link, .wc-block-grid__product-onsale{color:#ffffff;border-color:#3197d6;background-color:#3197d6;}.woocommerce a.button:hover, .woocommerce button.button:hover, .woocommerce .woocommerce-message a.button:hover,.woocommerce #respond input#submit:hover,.woocommerce #respond input#submit.alt:hover, .woocommerce a.button.alt:hover, .woocommerce button.button.alt:hover, .woocommerce input.button.alt:hover, .woocommerce input.button:hover, .woocommerce button.button.alt.disabled:hover, .wc-block-grid__products .wc-block-grid__product .wp-block-button__link:hover{color:#ffffff;border-color:#0084d6;background-color:#0084d6;}.woocommerce-message, .woocommerce-info{border-top-color:#4e4e4e;}.woocommerce-message::before,.woocommerce-info::before{color:#4e4e4e;}.woocommerce ul.products li.product .price, .woocommerce div.product p.price, .woocommerce div.product span.price, .widget_layered_nav_filters ul li.chosen a, .woocommerce-page ul.products li.product .ast-woo-product-category, .wc-layered-nav-rating a{color:#333333;}.woocommerce nav.woocommerce-pagination ul,.woocommerce nav.woocommerce-pagination ul li{border-color:#4e4e4e;}.woocommerce nav.woocommerce-pagination ul li a:focus, .woocommerce nav.woocommerce-pagination ul li a:hover, .woocommerce nav.woocommerce-pagination ul li span.current{background:#4e4e4e;color:#ffffff;}.woocommerce-MyAccount-navigation-link.is-active a{color:#0084d6;}.woocommerce .widget_price_filter .ui-slider .ui-slider-range, .woocommerce .widget_price_filter .ui-slider .ui-slider-handle{background-color:#4e4e4e;}.woocommerce a.button, .woocommerce button.button, .woocommerce .woocommerce-message a.button, .woocommerce #respond input#submit.alt, .woocommerce a.button.alt, .woocommerce button.button.alt, .woocommerce input.button.alt, .woocommerce input.button,.woocommerce-cart table.cart td.actions .button, .woocommerce form.checkout_coupon .button, .woocommerce #respond input#submit, .wc-block-grid__products .wc-block-grid__product .wp-block-button__link{border-radius:0;padding-top:17px;padding-right:30px;padding-bottom:17px;padding-left:30px;}.woocommerce .star-rating, .woocommerce .comment-form-rating .stars a, .woocommerce .star-rating::before{color:#4e4e4e;}.woocommerce div.product .woocommerce-tabs ul.tabs li.active:before{background:#4e4e4e;}.woocommerce a.remove:hover{color:#4e4e4e;border-color:#4e4e4e;background-color:#ffffff;}.woocommerce ul.product-categories &gt; li ul li:before{content:"\e900";padding:0 5px 0 5px;display:inline-block;font-family:Astra;transform:rotate(-90deg);font-size:0.7rem;}@media (min-width:545px) and (max-width:921px){.woocommerce.tablet-columns-6 ul.products li.product, .woocommerce-page.tablet-columns-6 ul.products li.product{width:calc(16.66% - 16.66px);}.woocommerce.tablet-columns-5 ul.products li.product, .woocommerce-page.tablet-columns-5 ul.products li.product{width:calc(20% - 16px);}.woocommerce.tablet-columns-4 ul.products li.product, .woocommerce-page.tablet-columns-4 ul.products li.product{width:calc(25% - 15px);}.woocommerce.tablet-columns-3 ul.products li.product, .woocommerce-page.tablet-columns-3 ul.products li.product{width:calc(33.33% - 14px);}.woocommerce.tablet-columns-2 ul.products li.product, .woocommerce-page.tablet-columns-2 ul.products li.product{width:calc(50% - 10px);}.woocommerce.tablet-columns-1 ul.products li.product, .woocommerce-page.tablet-columns-1 ul.products li.product{width:100%;}.woocommerce div.product .related.products ul.products li.product{width:calc(33.33% - 14px);}}@media (min-width:545px) and (max-width:921px){.woocommerce[class*="columns-"].columns-3 &gt; ul.products li.product, .woocommerce[class*="columns-"].columns-4 &gt; ul.products li.product, .woocommerce[class*="columns-"].columns-5 &gt; ul.products li.product, .woocommerce[class*="columns-"].columns-6 &gt; ul.products li.product{width:calc(33.33% - 14px);margin-right:20px;}.woocommerce[class*="columns-"].columns-3 &gt; ul.products li.product:nth-child(3n), .woocommerce[class*="columns-"].columns-4 &gt; ul.products li.product:nth-child(3n), .woocommerce[class*="columns-"].columns-5 &gt; ul.products li.product:nth-child(3n), .woocommerce[class*="columns-"].columns-6 &gt; ul.products li.product:nth-child(3n){margin-right:0;clear:right;}.woocommerce[class*="columns-"].columns-3 &gt; ul.products li.product:nth-child(3n+1), .woocommerce[class*="columns-"].columns-4 &gt; ul.products li.product:nth-child(3n+1), .woocommerce[class*="columns-"].columns-5 &gt; ul.products li.product:nth-child(3n+1), .woocommerce[class*="columns-"].columns-6 &gt; ul.products li.product:nth-child(3n+1){clear:left;}.woocommerce[class*="columns-"] ul.products li.product:nth-child(n), .woocommerce-page[class*="columns-"] ul.products li.product:nth-child(n){margin-right:20px;clear:none;}.woocommerce.tablet-columns-2 ul.products li.product:nth-child(2n), .woocommerce-page.tablet-columns-2 ul.products li.product:nth-child(2n), .woocommerce.tablet-columns-3 ul.products li.product:nth-child(3n), .woocommerce-page.tablet-columns-3 ul.products li.product:nth-child(3n), .woocommerce.tablet-columns-4 ul.products li.product:nth-child(4n), .woocommerce-page.tablet-columns-4 ul.products li.product:nth-child(4n), .woocommerce.tablet-columns-5 ul.products li.product:nth-child(5n), .woocommerce-page.tablet-columns-5 ul.products li.product:nth-child(5n), .woocommerce.tablet-columns-6 ul.products li.product:nth-child(6n), .woocommerce-page.tablet-columns-6 ul.products li.product:nth-child(6n){margin-right:0;clear:right;}.woocommerce.tablet-columns-2 ul.products li.product:nth-child(2n+1), .woocommerce-page.tablet-columns-2 ul.products li.product:nth-child(2n+1), .woocommerce.tablet-columns-3 ul.products li.product:nth-child(3n+1), .woocommerce-page.tablet-columns-3 ul.products li.product:nth-child(3n+1), .woocommerce.tablet-columns-4 ul.products li.product:nth-child(4n+1), .woocommerce-page.tablet-columns-4 ul.products li.product:nth-child(4n+1), .woocommerce.tablet-columns-5 ul.products li.product:nth-child(5n+1), .woocommerce-page.tablet-columns-5 ul.products li.product:nth-child(5n+1), .woocommerce.tablet-columns-6 ul.products li.product:nth-child(6n+1), .woocommerce-page.tablet-columns-6 ul.products li.product:nth-child(6n+1){clear:left;}.woocommerce div.product .related.products ul.products li.product:nth-child(3n), .woocommerce-page.tablet-columns-1 .site-main ul.products li.product{margin-right:0;clear:right;}.woocommerce div.product .related.products ul.products li.product:nth-child(3n+1){clear:left;}}@media (min-width:922px){.woocommerce #reviews #comments{width:55%;float:left;}.woocommerce #reviews #review_form_wrapper{width:45%;padding-left:2em;float:right;}.woocommerce form.checkout_coupon{width:50%;}}@media (max-width:921px){.ast-header-break-point.ast-woocommerce-cart-menu .header-main-layout-1.ast-mobile-header-stack.ast-no-menu-items .ast-site-header-cart, .ast-header-break-point.ast-woocommerce-cart-menu .header-main-layout-3.ast-mobile-header-stack.ast-no-menu-items .ast-site-header-cart{padding-right:0;padding-left:0;}.ast-header-break-point.ast-woocommerce-cart-menu .header-main-layout-1.ast-mobile-header-stack .main-header-bar{text-align:center;}.ast-header-break-point.ast-woocommerce-cart-menu .header-main-layout-1.ast-mobile-header-stack .ast-site-header-cart, .ast-header-break-point.ast-woocommerce-cart-menu .header-main-layout-1.ast-mobile-header-stack .ast-mobile-menu-buttons{display:inline-block;}.ast-header-break-point.ast-woocommerce-cart-menu .header-main-layout-2.ast-mobile-header-inline .site-branding{flex:auto;}.ast-header-break-point.ast-woocommerce-cart-menu .header-main-layout-3.ast-mobile-header-stack .site-branding{flex:0 0 100%;}.ast-header-break-point.ast-woocommerce-cart-menu .header-main-layout-3.ast-mobile-header-stack .main-header-container{display:flex;justify-content:center;}.woocommerce-cart .woocommerce-shipping-calculator .button{width:100%;}.woocommerce div.product div.images, .woocommerce div.product div.summary, .woocommerce #content div.product div.images, .woocommerce #content div.product div.summary, .woocommerce-page div.product div.images, .woocommerce-page div.product div.summary, .woocommerce-page #content div.product div.images, .woocommerce-page #content div.product div.summary{float:none;width:100%;}.woocommerce-cart table.cart td.actions .ast-return-to-shop{display:block;text-align:center;margin-top:1em;}}@media (max-width:544px){.ast-separate-container .ast-woocommerce-container{padding:.54em 1em 1.33333em;}.woocommerce-message, .woocommerce-error, .woocommerce-info{display:flex;flex-wrap:wrap;}.woocommerce-message a.button, .woocommerce-error a.button, .woocommerce-info a.button{order:1;margin-top:.5em;}.woocommerce .woocommerce-ordering, .woocommerce-page .woocommerce-ordering{float:none;margin-bottom:2em;width:100%;}.woocommerce ul.products a.button, .woocommerce-page ul.products a.button{padding:0.5em 0.75em;}.woocommerce table.cart td.actions .button, .woocommerce #content table.cart td.actions .button, .woocommerce-page table.cart td.actions .button, .woocommerce-page #content table.cart td.actions .button{padding-left:1em;padding-right:1em;}.woocommerce #content table.cart .button, .woocommerce-page #content table.cart .button{width:100%;}.woocommerce #content table.cart .product-thumbnail, .woocommerce-page #content table.cart .product-thumbnail{display:block;text-align:center !important;}.woocommerce #content table.cart .product-thumbnail::before, .woocommerce-page #content table.cart .product-thumbnail::before{display:none;}.woocommerce #content table.cart td.actions .coupon, .woocommerce-page #content table.cart td.actions .coupon{float:none;}.woocommerce #content table.cart td.actions .coupon .button, .woocommerce-page #content table.cart td.actions .coupon .button{flex:1;}.woocommerce #content div.product .woocommerce-tabs ul.tabs li a, .woocommerce-page #content div.product .woocommerce-tabs ul.tabs li a{display:block;}.woocommerce div.product .related.products ul.products li.product, .woocommerce.mobile-columns-2 ul.products li.product, .woocommerce-page.mobile-columns-2 ul.products li.product{width:calc(50% - 10px);}.woocommerce.mobile-columns-6 ul.products li.product, .woocommerce-page.mobile-columns-6 ul.products li.product{width:calc(16.66% - 16.66px);}.woocommerce.mobile-columns-5 ul.products li.product, .woocommerce-page.mobile-columns-5 ul.products li.product{width:calc(20% - 16px);}.woocommerce.mobile-columns-4 ul.products li.product, .woocommerce-page.mobile-columns-4 ul.products li.product{width:calc(25% - 15px);}.woocommerce.mobile-columns-3 ul.products li.product, .woocommerce-page.mobile-columns-3 ul.products li.product{width:calc(33.33% - 14px);}.woocommerce.mobile-columns-1 ul.products li.product, .woocommerce-page.mobile-columns-1 ul.products li.product{width:100%;}}@media (max-width:544px){.woocommerce ul.products a.button.loading::after, .woocommerce-page ul.products a.button.loading::after{display:inline-block;margin-left:5px;position:initial;}.woocommerce.mobile-columns-1 .site-main ul.products li.product:nth-child(n), .woocommerce-page.mobile-columns-1 .site-main ul.products li.product:nth-child(n){margin-right:0;}.woocommerce #content div.product .woocommerce-tabs ul.tabs li, .woocommerce-page #content div.product .woocommerce-tabs ul.tabs li{display:block;margin-right:0;}.woocommerce[class*="columns-"].columns-3 &gt; ul.products li.product, .woocommerce[class*="columns-"].columns-4 &gt; ul.products li.product, .woocommerce[class*="columns-"].columns-5 &gt; ul.products li.product, .woocommerce[class*="columns-"].columns-6 &gt; ul.products li.product{width:calc(50% - 10px);margin-right:20px;}.woocommerce[class*="columns-"] ul.products li.product:nth-child(n), .woocommerce-page[class*="columns-"] ul.products li.product:nth-child(n){margin-right:20px;clear:none;}.woocommerce-page[class*=columns-].columns-3&gt;ul.products li.product:nth-child(2n), .woocommerce-page[class*=columns-].columns-4&gt;ul.products li.product:nth-child(2n), .woocommerce-page[class*=columns-].columns-5&gt;ul.products li.product:nth-child(2n), .woocommerce-page[class*=columns-].columns-6&gt;ul.products li.product:nth-child(2n), .woocommerce[class*=columns-].columns-3&gt;ul.products li.product:nth-child(2n), .woocommerce[class*=columns-].columns-4&gt;ul.products li.product:nth-child(2n), .woocommerce[class*=columns-].columns-5&gt;ul.products li.product:nth-child(2n), .woocommerce[class*=columns-].columns-6&gt;ul.products li.product:nth-child(2n){margin-right:0;clear:right;}.woocommerce[class*="columns-"].columns-3 &gt; ul.products li.product:nth-child(2n+1), .woocommerce[class*="columns-"].columns-4 &gt; ul.products li.product:nth-child(2n+1), .woocommerce[class*="columns-"].columns-5 &gt; ul.products li.product:nth-child(2n+1), .woocommerce[class*="columns-"].columns-6 &gt; ul.products li.product:nth-child(2n+1){clear:left;}.woocommerce-page[class*=columns-] ul.products li.product:nth-child(n), .woocommerce[class*=columns-] ul.products li.product:nth-child(n){margin-right:20px;clear:none;}.woocommerce.mobile-columns-6 ul.products li.product:nth-child(6n), .woocommerce-page.mobile-columns-6 ul.products li.product:nth-child(6n), .woocommerce.mobile-columns-5 ul.products li.product:nth-child(5n), .woocommerce-page.mobile-columns-5 ul.products li.product:nth-child(5n), .woocommerce.mobile-columns-4 ul.products li.product:nth-child(4n), .woocommerce-page.mobile-columns-4 ul.products li.product:nth-child(4n), .woocommerce.mobile-columns-3 ul.products li.product:nth-child(3n), .woocommerce-page.mobile-columns-3 ul.products li.product:nth-child(3n), .woocommerce.mobile-columns-2 ul.products li.product:nth-child(2n), .woocommerce-page.mobile-columns-2 ul.products li.product:nth-child(2n), .woocommerce div.product .related.products ul.products li.product:nth-child(2n){margin-right:0;clear:right;}.woocommerce.mobile-columns-6 ul.products li.product:nth-child(6n+1), .woocommerce-page.mobile-columns-6 ul.products li.product:nth-child(6n+1), .woocommerce.mobile-columns-5 ul.products li.product:nth-child(5n+1), .woocommerce-page.mobile-columns-5 ul.products li.product:nth-child(5n+1), .woocommerce.mobile-columns-4 ul.products li.product:nth-child(4n+1), .woocommerce-page.mobile-columns-4 ul.products li.product:nth-child(4n+1), .woocommerce.mobile-columns-3 ul.products li.product:nth-child(3n+1), .woocommerce-page.mobile-columns-3 ul.products li.product:nth-child(3n+1), .woocommerce.mobile-columns-2 ul.products li.product:nth-child(2n+1), .woocommerce-page.mobile-columns-2 ul.products li.product:nth-child(2n+1), .woocommerce div.product .related.products ul.products li.product:nth-child(2n+1){clear:left;}}@media (min-width:922px){.ast-woo-shop-archive .site-content &gt; .ast-container{max-width:1240px;}}@media (min-width:922px){.woocommerce #content .ast-woocommerce-container div.product div.images, .woocommerce .ast-woocommerce-container div.product div.images, .woocommerce-page #content .ast-woocommerce-container div.product div.images, .woocommerce-page .ast-woocommerce-container div.product div.images{width:50%;}.woocommerce #content .ast-woocommerce-container div.product div.summary, .woocommerce .ast-woocommerce-container div.product div.summary, .woocommerce-page #content .ast-woocommerce-container div.product div.summary, .woocommerce-page .ast-woocommerce-container div.product div.summary{width:46%;}.woocommerce.woocommerce-checkout form #customer_details.col2-set .col-1, .woocommerce.woocommerce-checkout form #customer_details.col2-set .col-2, .woocommerce-page.woocommerce-checkout form #customer_details.col2-set .col-1, .woocommerce-page.woocommerce-checkout form #customer_details.col2-set .col-2{float:none;width:auto;}}.woocommerce a.button , .woocommerce button.button.alt ,.woocommerce-page table.cart td.actions .button, .woocommerce-page #content table.cart td.actions .button , .woocommerce a.button.alt ,.woocommerce .woocommerce-message a.button , .ast-site-header-cart .widget_shopping_cart .buttons .button.checkout, .woocommerce button.button.alt.disabled , .wc-block-grid__products .wc-block-grid__product .wp-block-button__link {border:solid;border-top-width:0;border-right-width:0;border-left-width:0;border-bottom-width:0;border-color:#3197d6;}.woocommerce a.button:hover , .woocommerce button.button.alt:hover , .woocommerce-page table.cart td.actions .button:hover, .woocommerce-page #content table.cart td.actions .button:hover, .woocommerce a.button.alt:hover ,.woocommerce .woocommerce-message a.button:hover , .ast-site-header-cart .widget_shopping_cart .buttons .button.checkout:hover , .woocommerce button.button.alt.disabled:hover , .wc-block-grid__products .wc-block-grid__product .wp-block-button__link:hover{border-color:#0084d6;}.widget_product_search button{flex:0 0 auto;padding:10px 20px;;}@media (min-width:922px){.woocommerce.woocommerce-checkout form #customer_details.col2-set, .woocommerce-page.woocommerce-checkout form #customer_details.col2-set{width:55%;float:left;margin-right:4.347826087%;}.woocommerce.woocommerce-checkout form #order_review, .woocommerce.woocommerce-checkout form #order_review_heading, .woocommerce-page.woocommerce-checkout form #order_review, .woocommerce-page.woocommerce-checkout form #order_review_heading{width:40%;float:right;margin-right:0;clear:right;}}
</style>
    <style id="woocommerce-inline-inline-css">
.woocommerce form .form-row .required { visibility: visible; }
</style>
    <script id="jquery-core-js" src="https://askomdch.com/wp-includes/js/jquery/jquery.min.js?ver=3.6.0"/>
    <script id="jquery-migrate-js" src="https://askomdch.com/wp-includes/js/jquery/jquery-migrate.min.js?ver=3.3.2"/>
    <link rel="canonical" href="https://askomdch.com/account/"/>
    <noscript>
      <style>.woocommerce-product-gallery{ opacity: 1 !important; }</style>
    </noscript>
    <style>.recentcomments a{display:inline !important;padding:0 !important;margin:0 !important;}</style>
  </head>
  <body class="page-template-default page page-id-1235 theme-astra woocommerce-account woocommerce-page woocommerce-no-js ast-single-post ast-mobile-inherit-site-logo ast-woocommerce-cart-menu ast-inherit-site-logo-transparent ast-theme-transparent-header ast-hfb-header ast-desktop ast-plain-container ast-no-sidebar astra-3.7.5" itemtype="https://schema.org/WebPage" itemscope="itemscope">
    <a shape="rect" class="skip-link screen-reader-text" href="#content" role="link" title="Skip to content">
Skip to content</a>
    <div class="hfeed site" id="page">
      <header class="site-header ast-primary-submenu-animation-slide-up header-main-layout-1 ast-primary-menu-enabled ast-builder-menu-toggle-icon ast-mobile-header-inline" id="masthead" itemtype="https://schema.org/WPHeader" itemscope="itemscope" itemid="#masthead">
        <div id="ast-desktop-header" data-toggle-type="dropdown">
          <div class="ast-main-header-wrap main-header-bar-wrap">
            <div class="ast-primary-header-bar ast-primary-header main-header-bar site-header-focus-item" data-section="section-primary-header-builder">
              <div class="site-primary-header-wrap ast-builder-grid-row-container site-header-focus-item ast-container" data-section="section-primary-header-builder">
                <div class="ast-builder-grid-row ast-builder-grid-row-has-sides ast-builder-grid-row-no-center">
                  <div class="site-header-primary-section-left site-header-section ast-flex site-header-section-left">
                    <div class="ast-builder-layout-element ast-flex site-header-focus-item" data-section="title_tagline">
                      <div class="site-branding ast-site-identity" itemtype="https://schema.org/Organization" itemscope="itemscope">
                        <div class="ast-site-title-wrap">
                          <span class="site-title" itemprop="name">
                            <a shape="rect" href="https://askomdch.com/" rel="home" itemprop="url">
AskOmDch
</a>
                          </span>
                        </div>
                      </div>
                    </div>
                  </div>
                  <div class="site-header-primary-section-right site-header-section ast-flex ast-grid-right-section">
                    <div class="ast-builder-menu-1 ast-builder-menu ast-flex ast-builder-menu-1-focus-item ast-builder-layout-element site-header-focus-item" data-section="section-hb-menu-1">
                      <div class="ast-main-header-bar-alignment">
                        <div class="main-header-bar-navigation">
                          <nav class="site-navigation ast-flex-grow-1 navigation-accessibility site-header-focus-item" id="primary-site-navigation" aria-label="Site Navigation" itemtype="https://schema.org/SiteNavigationElement" itemscope="itemscope">
                            <div class="main-navigation ast-inline-flex">
                              <ul class="main-header-menu ast-menu-shadow ast-nav-menu ast-flex submenu-with-border astra-menu-animation-slide-up stack-on-mobile" id="ast-hf-menu-1">
                                <li class="menu-item menu-item-type-post_type menu-item-object-page menu-item-home menu-item-1226" id="menu-item-1226">
                                  <a shape="rect" class="menu-link" href="https://askomdch.com/">Home</a>
                                </li>
                                <li class="menu-item menu-item-type-post_type menu-item-object-page menu-item-1227" id="menu-item-1227">
                                  <a shape="rect" class="menu-link" href="https://askomdch.com/store/">Store</a>
                                </li>
                                <li class="menu-item menu-item-type-taxonomy menu-item-object-product_cat menu-item-1228" id="menu-item-1228">
                                  <a shape="rect" class="menu-link" href="https://askomdch.com/product-category/men/">Men</a>
                                </li>
                                <li class="menu-item menu-item-type-taxonomy menu-item-object-product_cat menu-item-1229" id="menu-item-1229">
                                  <a shape="rect" class="menu-link" href="https://askomdch.com/product-category/women/">Women</a>
                                </li>
                                <li class="menu-item menu-item-type-taxonomy menu-item-object-product_cat menu-item-1230" id="menu-item-1230">
                                  <a shape="rect" class="menu-link" href="https://askomdch.com/product-category/accessories/">Accessories</a>
                                </li>
                                <li class="menu-item menu-item-type-post_type menu-item-object-page current-menu-item page_item page-item-1235 current_page_item menu-item-1237" id="menu-item-1237">
                                  <a shape="rect" class="menu-link" href="https://askomdch.com/account/" aria-current="page">Account</a>
                                </li>
                                <li class="menu-item menu-item-type-post_type menu-item-object-page menu-item-1232" id="menu-item-1232">
                                  <a shape="rect" class="menu-link" href="https://askomdch.com/about/">About</a>
                                </li>
                                <li class="menu-item menu-item-type-post_type menu-item-object-page menu-item-1233" id="menu-item-1233">
                                  <a shape="rect" class="menu-link" href="https://askomdch.com/contact-us/">Contact Us</a>
                                </li>
                              </ul>
                            </div>
                          </nav>
                        </div>
                      </div>
                    </div>
                    <div class="ast-builder-layout-element site-header-focus-item ast-header-woo-cart" data-section="section-header-woo-cart">
                      <div class="ast-site-header-cart ast-menu-cart-with-border ast-menu-cart-fill" id="ast-site-header-cart">
                        <div class="ast-site-header-cart-li">
                          <a shape="rect" class="cart-container" href="https://askomdch.com/cart/" title="View your shopping cart"/>
                          <div class="ast-cart-menu-wrap">
                            <span class="count">
0 </span>
                          </div>
                        </div>
                        <div class="ast-site-header-cart-data">
                          <div class="widget woocommerce widget_shopping_cart">
                            <div class="widget_shopping_cart_content"/>
                          </div>
                        </div>
                      </div>
                    </div>
                  </div>
                </div>
              </div>
            </div>
          </div>
          <div class="ast-desktop-header-content content-align-flex-start"/>
        </div>
        <div class="ast-mobile-header-wrap" id="ast-mobile-header" data-type="dropdown">
          <div class="ast-main-header-wrap main-header-bar-wrap">
            <div class="ast-primary-header-bar ast-primary-header main-header-bar site-primary-header-wrap site-header-focus-item ast-builder-grid-row-layout-default ast-builder-grid-row-tablet-layout-default ast-builder-grid-row-mobile-layout-default" data-section="section-primary-header-builder">
              <div class="ast-builder-grid-row ast-builder-grid-row-has-sides ast-builder-grid-row-no-center">
                <div class="site-header-primary-section-left site-header-section ast-flex site-header-section-left">
                  <div class="ast-builder-layout-element ast-flex site-header-focus-item" data-section="title_tagline">
                    <div class="site-branding ast-site-identity" itemtype="https://schema.org/Organization" itemscope="itemscope">
                      <div class="ast-site-title-wrap">
                        <span class="site-title" itemprop="name">
                          <a shape="rect" href="https://askomdch.com/" rel="home" itemprop="url">
AskOmDch
</a>
                        </span>
                      </div>
                    </div>
                  </div>
                </div>
                <div class="site-header-primary-section-right site-header-section ast-flex ast-grid-right-section">
                  <div class="ast-builder-layout-element site-header-focus-item ast-header-woo-cart" data-section="section-header-woo-cart">
                    <div class="ast-site-header-cart ast-menu-cart-with-border ast-menu-cart-fill" id="ast-site-header-cart">
                      <div class="ast-site-header-cart-li">
                        <a shape="rect" class="cart-container" href="https://askomdch.com/cart/" title="View your shopping cart"/>
                        <div class="ast-cart-menu-wrap">
                          <span class="count">
0 </span>
                        </div>
                      </div>
                      <div class="ast-site-header-cart-data">
                        <div class="widget woocommerce widget_shopping_cart">
                          <div class="widget_shopping_cart_content"/>
                        </div>
                      </div>
                    </div>
                  </div>
                  <div class="ast-builder-layout-element ast-flex site-header-focus-item" data-section="section-header-mobile-trigger">
                    <div class="ast-button-wrap">
                      <button type="button" class="menu-toggle main-header-menu-toggle ast-mobile-menu-trigger-minimal" aria-expanded="false">
                        <span class="screen-reader-text">Main Menu</span>
                        <span class="mobile-menu-toggle-icon">
                          <span class="ahfb-svg-iconset ast-inline-flex svg-baseline">
                            <svg class="ast-mobile-svg ast-menu2-svg" fill="currentColor" version="1.1" width="24" height="28" viewbox="0 0 24 28">
                              <path d="M24 21v2c0 0.547-0.453 1-1 1h-22c-0.547 0-1-0.453-1-1v-2c0-0.547 0.453-1 1-1h22c0.547 0 1 0.453 1 1zM24 13v2c0 0.547-0.453 1-1 1h-22c-0.547 0-1-0.453-1-1v-2c0-0.547 0.453-1 1-1h22c0.547 0 1 0.453 1 1zM24 5v2c0 0.547-0.453 1-1 1h-22c-0.547 0-1-0.453-1-1v-2c0-0.547 0.453-1 1-1h22c0.547 0 1 0.453 1 1z"/>
                            </svg>
                          </span>
                          <span class="ahfb-svg-iconset ast-inline-flex svg-baseline">
                            <svg class="ast-mobile-svg ast-close-svg" fill="currentColor" version="1.1" width="24" height="24" viewbox="0 0 24 24">
                              <path d="M5.293 6.707l5.293 5.293-5.293 5.293c-0.391 0.391-0.391 1.024 0 1.414s1.024 0.391 1.414 0l5.293-5.293 5.293 5.293c0.391 0.391 1.024 0.391 1.414 0s0.391-1.024 0-1.414l-5.293-5.293 5.293-5.293c0.391-0.391 0.391-1.024 0-1.414s-1.024-0.391-1.414 0l-5.293 5.293-5.293-5.293c-0.391-0.391-1.024-0.391-1.414 0s-0.391 1.024 0 1.414z"/>
                            </svg>
                          </span>
                        </span>
                      </button>
                    </div>
                  </div>
                </div>
              </div>
            </div>
          </div>
          <div class="ast-mobile-header-content content-align-flex-start">
            <div class="ast-builder-menu-1 ast-builder-menu ast-flex ast-builder-menu-1-focus-item ast-builder-layout-element site-header-focus-item" data-section="section-hb-menu-1">
              <div class="ast-main-header-bar-alignment">
                <div class="main-header-bar-navigation">
                  <nav class="site-navigation ast-flex-grow-1 navigation-accessibility site-header-focus-item" id="primary-site-navigation" aria-label="Site Navigation" itemtype="https://schema.org/SiteNavigationElement" itemscope="itemscope">
                    <div class="main-navigation ast-inline-flex">
                      <ul class="main-header-menu ast-menu-shadow ast-nav-menu ast-flex submenu-with-border astra-menu-animation-slide-up stack-on-mobile" id="ast-hf-menu-1">
                        <li class="menu-item menu-item-type-post_type menu-item-object-page menu-item-home menu-item-1226">
                          <a shape="rect" class="menu-link" href="https://askomdch.com/">Home</a>
                        </li>
                        <li class="menu-item menu-item-type-post_type menu-item-object-page menu-item-1227">
                          <a shape="rect" class="menu-link" href="https://askomdch.com/store/">Store</a>
                        </li>
                        <li class="menu-item menu-item-type-taxonomy menu-item-object-product_cat menu-item-1228">
                          <a shape="rect" class="menu-link" href="https://askomdch.com/product-category/men/">Men</a>
                        </li>
                        <li class="menu-item menu-item-type-taxonomy menu-item-object-product_cat menu-item-1229">
                          <a shape="rect" class="menu-link" href="https://askomdch.com/product-category/women/">Women</a>
                        </li>
                        <li class="menu-item menu-item-type-taxonomy menu-item-object-product_cat menu-item-1230">
                          <a shape="rect" class="menu-link" href="https://askomdch.com/product-category/accessories/">Accessories</a>
                        </li>
                        <li class="menu-item menu-item-type-post_type menu-item-object-page current-menu-item page_item page-item-1235 current_page_item menu-item-1237">
                          <a shape="rect" class="menu-link" href="https://askomdch.com/account/" aria-current="page">Account</a>
                        </li>
                        <li class="menu-item menu-item-type-post_type menu-item-object-page menu-item-1232">
                          <a shape="rect" class="menu-link" href="https://askomdch.com/about/">About</a>
                        </li>
                        <li class="menu-item menu-item-type-post_type menu-item-object-page menu-item-1233">
                          <a shape="rect" class="menu-link" href="https://askomdch.com/contact-us/">Contact Us</a>
                        </li>
                      </ul>
                    </div>
                  </nav>
                </div>
              </div>
            </div>
          </div>
        </div>
      </header>
      <div class="site-content" id="content">
        <div class="ast-container">
          <div class="content-area primary" id="primary">
            <main id="main" class="site-main">
              <article class="post-1235 page type-page status-publish ast-article-single" id="post-1235" itemtype="https://schema.org/CreativeWork" itemscope="itemscope">
                <header class="entry-header ast-header-without-markup"/>
                <div class="entry-content clear" itemprop="text">
                  <div class="wp-block-cover alignfull has-background-dim" style="background-color:#001d35;min-height:400px">
                    <div class="wp-block-cover__inner-container">
                      <h1 class="has-text-align-center">Account</h1>
                    </div>
                  </div>
                  <div class="wp-block-group alignfull">
                    <div class="wp-block-group__inner-container">
                      <div class="wp-block-columns">
                        <div class="wp-block-column" style="flex-basis:100%"/>
                      </div>
                      <div class="woocommerce">
                        <div class="woocommerce-notices-wrapper"/>
                        <div class="u-columns col2-set" id="customer_login">
                          <div class="u-column1 col-1">
                            <h2>Login</h2>
                            <form enctype="application/x-www-form-urlencoded" method="post" class="woocommerce-form woocommerce-form-login login">
                              <p class="woocommerce-form-row woocommerce-form-row--wide form-row form-row-wide">
                                <label for="username">
Username or email address                                   <span class="required">*</span>
                                </label>
                                <input type="text" class="woocommerce-Input woocommerce-Input--text input-text" id="username" name="username" autocomplete="username" value=""/>
                              </p>
                              <p class="woocommerce-form-row woocommerce-form-row--wide form-row form-row-wide">
                                <label for="password">
Password                                   <span class="required">*</span>
                                </label>
                                <input type="password" class="woocommerce-Input woocommerce-Input--text input-text" id="password" name="password" autocomplete="current-password"/>
                              </p>
                              <p class="form-row">
                                <label class="woocommerce-form__label woocommerce-form__label-for-checkbox woocommerce-form-login__rememberme">
                                  <input type="checkbox" class="woocommerce-form__input woocommerce-form__input-checkbox" id="rememberme" name="rememberme" value="forever"/>
                                  <span>Remember me</span>
                                </label>
                                <input type="hidden" id="woocommerce-login-nonce" name="woocommerce-login-nonce" value="4cacd59938"/>
                                <input type="hidden" name="_wp_http_referer" value="/account/"/>
                                <button type="submit" class="woocommerce-button button woocommerce-form-login__submit" name="login" value="Log in">Log in</button>
                              </p>
                              <p class="woocommerce-LostPassword lost_password">
                                <a shape="rect" href="https://askomdch.com/account/lost-password/">Lost your password?</a>
                              </p>
                            </form>
                          </div>
                          <div class="u-column2 col-2">
                            <h2>Register</h2>
                            <form enctype="application/x-www-form-urlencoded" method="post" class="woocommerce-form woocommerce-form-register register">
                              <p class="woocommerce-form-row woocommerce-form-row--wide form-row form-row-wide">
                                <label for="reg_username">
Username                                   <span class="required">*</span>
                                </label>
                                <input type="text" class="woocommerce-Input woocommerce-Input--text input-text" id="reg_username" name="username" autocomplete="username" value=""/>
                              </p>
                              <p class="woocommerce-form-row woocommerce-form-row--wide form-row form-row-wide">
                                <label for="reg_email">
Email address                                   <span class="required">*</span>
                                </label>
                                <input type="email" class="woocommerce-Input woocommerce-Input--text input-text" id="reg_email" name="email" autocomplete="email" value=""/>
                              </p>
                              <p class="woocommerce-form-row woocommerce-form-row--wide form-row form-row-wide">
                                <label for="reg_password">
Password                                   <span class="required">*</span>
                                </label>
                                <input type="password" class="woocommerce-Input woocommerce-Input--text input-text" id="reg_password" name="password" autocomplete="new-password"/>
                              </p>
                              <div class="woocommerce-privacy-policy-text">
                                <p>TEST MODE ENABLED. DO NOT ENTER YOUR PERSONAL DATA.</p>
                              </div>
                              <p class="woocommerce-form-row form-row">
                                <input type="hidden" id="woocommerce-register-nonce" name="woocommerce-register-nonce" value="ab11f2f464"/>
                                <input type="hidden" name="_wp_http_referer" value="/account/"/>
                                <button type="submit" class="woocommerce-Button woocommerce-button button woocommerce-form-register__submit" name="register" value="Register">Register</button>
                              </p>
                            </form>
                          </div>
                        </div>
                      </div>
                    </div>
                  </div>
                  <p/>
                </div>
              </article>
            </main>
          </div>
        </div>
      </div>
      <div class="astra-mobile-cart-overlay"/>
      <div class="astra-cart-drawer open-right" id="astra-mobile-cart-drawer">
        <div class="astra-cart-drawer-header">
          <button type="button" class="astra-cart-drawer-close">
            <span class="ahfb-svg-iconset ast-inline-flex svg-baseline">
              <svg class="ast-mobile-svg ast-close-svg" fill="currentColor" version="1.1" width="24" height="24" viewbox="0 0 24 24">
                <path d="M5.293 6.707l5.293 5.293-5.293 5.293c-0.391 0.391-0.391 1.024 0 1.414s1.024 0.391 1.414 0l5.293-5.293 5.293 5.293c0.391 0.391 1.024 0.391 1.414 0s0.391-1.024 0-1.414l-5.293-5.293 5.293-5.293c0.391-0.391 0.391-1.024 0-1.414s-1.024-0.391-1.414 0l-5.293 5.293-5.293-5.293c-0.391-0.391-1.024-0.391-1.414 0s-0.391 1.024 0 1.414z"/>
              </svg>
            </span>
          </button>
          <div class="astra-cart-drawer-title">
Shopping Cart </div>
        </div>
        <div class="astra-cart-drawer-content">
          <div class="widget woocommerce widget_shopping_cart">
            <div class="widget_shopping_cart_content"/>
          </div>
        </div>
      </div>
      <footer class="site-footer" id="colophon" itemtype="https://schema.org/WPFooter" itemscope="itemscope" itemid="#colophon">
        <div class="site-primary-footer-wrap ast-builder-grid-row-container site-footer-focus-item ast-builder-grid-row-4-equal ast-builder-grid-row-tablet-4-equal ast-builder-grid-row-mobile-full ast-footer-row-stack ast-footer-row-tablet-stack ast-footer-row-mobile-stack" data-section="section-primary-footer-builder">
          <div class="ast-builder-grid-row-container-inner">
            <div class="ast-builder-footer-grid-columns site-primary-footer-inner-wrap ast-builder-grid-row">
              <div class="site-footer-primary-section-1 site-footer-section site-footer-section-1">
                <aside class="footer-widget-area widget-area site-footer-focus-item" data-section="sidebar-widgets-footer-widget-1" aria-label="Footer Widget 1">
                  <div class="footer-widget-area-inner site-info-inner">
                    <section id="nav_menu-7" class="widget widget_nav_menu">
                      <h2 class="widget-title">Quick Links</h2>
                      <nav class="menu-quick-links-container" aria-label="Quick Links">
                        <ul class="menu" id="menu-quick-links">
                          <li class="menu-item menu-item-type-post_type menu-item-object-page menu-item-home menu-item-1254" id="menu-item-1254">
                            <a shape="rect" class="menu-link" href="https://askomdch.com/">Home</a>
                          </li>
                          <li class="menu-item menu-item-type-post_type menu-item-object-page menu-item-1255" id="menu-item-1255">
                            <a shape="rect" class="menu-link" href="https://askomdch.com/about/">About</a>
                          </li>
                          <li class="menu-item menu-item-type-post_type menu-item-object-page current-menu-item page_item page-item-1235 current_page_item menu-item-1256" id="menu-item-1256">
                            <a shape="rect" class="menu-link" href="https://askomdch.com/account/" aria-current="page">My Account</a>
                          </li>
                          <li class="menu-item menu-item-type-post_type menu-item-object-page menu-item-1257" id="menu-item-1257">
                            <a shape="rect" class="menu-link" href="https://askomdch.com/cart/">Cart</a>
                          </li>
                          <li class="menu-item menu-item-type-post_type menu-item-object-page menu-item-1258" id="menu-item-1258">
                            <a shape="rect" class="menu-link" href="https://askomdch.com/contact-us/">Contact Us</a>
                          </li>
                        </ul>
                      </nav>
                    </section>
                  </div>
                </aside>
              </div>
              <div class="site-footer-primary-section-2 site-footer-section site-footer-section-2">
                <aside class="footer-widget-area widget-area site-footer-focus-item" data-section="sidebar-widgets-footer-widget-2" aria-label="Footer Widget 2">
                  <div class="footer-widget-area-inner site-info-inner">
                    <section id="nav_menu-8" class="widget widget_nav_menu">
                      <h2 class="widget-title">For Her</h2>
                      <nav class="menu-for-her-container" aria-label="For Her">
                        <ul class="menu" id="menu-for-her">
                          <li class="menu-item menu-item-type-taxonomy menu-item-object-product_cat menu-item-1264" id="menu-item-1264">
                            <a shape="rect" class="menu-link" href="https://askomdch.com/product-category/women/">Women</a>
                          </li>
                          <li class="menu-item menu-item-type-taxonomy menu-item-object-product_cat menu-item-1266" id="menu-item-1266">
                            <a shape="rect" class="menu-link" href="https://askomdch.com/product-category/womens-jeans/">Women’s Jeans</a>
                          </li>
                          <li class="menu-item menu-item-type-taxonomy menu-item-object-product_cat menu-item-1265" id="menu-item-1265">
                            <a shape="rect" class="menu-link" href="https://askomdch.com/product-category/womens-shirts/">Women’s Shirts</a>
                          </li>
                          <li class="menu-item menu-item-type-taxonomy menu-item-object-product_cat menu-item-1267" id="menu-item-1267">
                            <a shape="rect" class="menu-link" href="https://askomdch.com/product-category/womens-shoes/">Women’s Shoes</a>
                          </li>
                          <li class="menu-item menu-item-type-taxonomy menu-item-object-product_cat menu-item-1268" id="menu-item-1268">
                            <a shape="rect" class="menu-link" href="https://askomdch.com/product-category/accessories/">Accessories</a>
                          </li>
                        </ul>
                      </nav>
                    </section>
                  </div>
                </aside>
              </div>
              <div class="site-footer-primary-section-3 site-footer-section site-footer-section-3">
                <aside class="footer-widget-area widget-area site-footer-focus-item" data-section="sidebar-widgets-footer-widget-3" aria-label="Footer Widget 3">
                  <div class="footer-widget-area-inner site-info-inner">
                    <section id="nav_menu-12" class="widget widget_nav_menu">
                      <h2 class="widget-title">For Him</h2>
                      <nav class="menu-for-him-container" aria-label="For Him">
                        <ul class="menu" id="menu-for-him">
                          <li class="menu-item menu-item-type-taxonomy menu-item-object-product_cat menu-item-1263" id="menu-item-1263">
                            <a shape="rect" class="menu-link" href="https://askomdch.com/product-category/men/">Men</a>
                          </li>
                          <li class="menu-item menu-item-type-taxonomy menu-item-object-product_cat menu-item-1259" id="menu-item-1259">
                            <a shape="rect" class="menu-link" href="https://askomdch.com/product-category/mens-jeans/">Men’s Jeans</a>
                          </li>
                          <li class="menu-item menu-item-type-taxonomy menu-item-object-product_cat menu-item-1260" id="menu-item-1260">
                            <a shape="rect" class="menu-link" href="https://askomdch.com/product-category/mens-shirts/">Men’s Shirts</a>
                          </li>
                          <li class="menu-item menu-item-type-taxonomy menu-item-object-product_cat menu-item-1261" id="menu-item-1261">
                            <a shape="rect" class="menu-link" href="https://askomdch.com/product-category/mens-shoes/">Men’s Shoes</a>
                          </li>
                          <li class="menu-item menu-item-type-taxonomy menu-item-object-product_cat menu-item-1262" id="menu-item-1262">
                            <a shape="rect" class="menu-link" href="https://askomdch.com/product-category/accessories/">Accessories</a>
                          </li>
                        </ul>
                      </nav>
                    </section>
                  </div>
                </aside>
              </div>
              <div class="site-footer-primary-section-4 site-footer-section site-footer-section-4">
                <aside class="footer-widget-area widget-area site-footer-focus-item" data-section="sidebar-widgets-footer-widget-4" aria-label="Footer Widget 4">
                  <div class="footer-widget-area-inner site-info-inner">
                    <section id="text-2" class="widget widget_text">
                      <h2 class="widget-title">AOD on Mobile</h2>
                      <div class="textwidget">
                        <p>
                          <a shape="rect" href="https://www.apple.com/in/app-store/" target="_blank" rel="noopener">
                            <img class="alignnone wp-image-1475 size-full" src="https://askomdch.com/wp-content/uploads/2021/06/image-60-compressed.jpg" alt="" width="300" height="90"/>
                          </a>
                          <a shape="rect" href="https://play.google.com/store" target="_blank" rel="noopener">
                            <img class="alignnone wp-image-1473 size-full" src="https://askomdch.com/wp-content/uploads/2021/06/image-41-compressed.jpg" alt="" width="300" height="90"/>
                          </a>
                        </p>
                      </div>
                    </section>
                  </div>
                </aside>
              </div>
            </div>
          </div>
        </div>
        <div class="site-below-footer-wrap ast-builder-grid-row-container site-footer-focus-item ast-builder-grid-row-2-equal ast-builder-grid-row-tablet-2-equal ast-builder-grid-row-mobile-full ast-footer-row-stack ast-footer-row-tablet-stack ast-footer-row-mobile-stack" data-section="section-below-footer-builder">
          <div class="ast-builder-grid-row-container-inner">
            <div class="ast-builder-footer-grid-columns site-below-footer-inner-wrap ast-builder-grid-row">
              <div class="site-footer-below-section-1 site-footer-section site-footer-section-1">
                <div class="ast-builder-layout-element ast-flex site-footer-focus-item ast-footer-copyright" data-section="section-footer-builder">
                  <div class="ast-footer-copyright">
                    <p>Copyright © 2022 AskOmDch</p>
                  </div>
                </div>
              </div>
              <div class="site-footer-below-section-2 site-footer-section site-footer-section-2">
                <div class="footer-widget-area widget-area site-footer-focus-item ast-footer-html-1" data-section="section-fb-html-1">
                  <div class="ast-header-html inner-link-style-">
                    <div class="ast-builder-html-element">
                      <p>Powered by AskOmDch</p>
                    </div>
                  </div>
                </div>
              </div>
            </div>
          </div>
        </div>
      </footer>
    </div>
    <script type="text/javascript">
		(function () {
			var c = document.body.className;
			c = c.replace(/woocommerce-no-js/, 'woocommerce-js');
			document.body.className = c;
		})();
	</script>
    <script id="astra-theme-js-js-extra">
var astra = {"break_point":"921","isRtl":""};
</script>
    <script id="astra-theme-js-js" src="https://askomdch.com/wp-content/themes/astra/assets/js/minified/frontend.min.js?ver=3.7.5"/>
    <script id="astra-mobile-cart-js" src="https://askomdch.com/wp-content/themes/astra/assets/js/minified/mobile-cart.min.js?ver=3.7.5"/>
    <script id="js-cookie-js" src="https://askomdch.com/wp-content/plugins/woocommerce/assets/js/js-cookie/js.cookie.min.js?ver=2.1.4-wc.5.8.1"/>
    <script id="wc-cart-fragments-js-extra">
var wc_cart_fragments_params = {"ajax_url":"\/wp-admin\/admin-ajax.php","wc_ajax_url":"\/?wc-ajax=%%endpoint%%","cart_hash_key":"wc_cart_hash_ce7302d8a5b087b54dd768c76987f650","fragment_name":"wc_fragments_ce7302d8a5b087b54dd768c76987f650","request_timeout":"5000"};
</script>
    <script id="wc-cart-fragments-js" src="https://askomdch.com/wp-content/plugins/woocommerce/assets/js/frontend/cart-fragments.min.js?ver=5.8.1"/>
    <script id="rocket-browser-checker-js-after">
"use strict";var _createClass=function(){function defineProperties(target,props){for(var i=0;i&lt;props.length;i++){var descriptor=props[i];descriptor.enumerable=descriptor.enumerable||!1,descriptor.configurable=!0,"value"in descriptor&amp;&amp;(descriptor.writable=!0),Object.defineProperty(target,descriptor.key,descriptor)}}return function(Constructor,protoProps,staticProps){return protoProps&amp;&amp;defineProperties(Constructor.prototype,protoProps),staticProps&amp;&amp;defineProperties(Constructor,staticProps),Constructor}}();function _classCallCheck(instance,Constructor){if(!(instance instanceof Constructor))throw new TypeError("Cannot call a class as a function")}var RocketBrowserCompatibilityChecker=function(){function RocketBrowserCompatibilityChecker(options){_classCallCheck(this,RocketBrowserCompatibilityChecker),this.passiveSupported=!1,this._checkPassiveOption(this),this.options=!!this.passiveSupported&amp;&amp;options}return _createClass(RocketBrowserCompatibilityChecker,[{key:"_checkPassiveOption",value:function(self){try{var options={get passive(){return!(self.passiveSupported=!0)}};window.addEventListener("test",null,options),window.removeEventListener("test",null,options)}catch(err){self.passiveSupported=!1}}},{key:"initRequestIdleCallback",value:function(){!1 in window&amp;&amp;(window.requestIdleCallback=function(cb){var start=Date.now();return setTimeout(function(){cb({didTimeout:!1,timeRemaining:function(){return Math.max(0,50-(Date.now()-start))}})},1)}),!1 in window&amp;&amp;(window.cancelIdleCallback=function(id){return clearTimeout(id)})}},{key:"isDataSaverModeOn",value:function(){return"connection"in navigator&amp;&amp;!0===navigator.connection.saveData}},{key:"supportsLinkPrefetch",value:function(){var elem=document.createElement("link");return elem.relList&amp;&amp;elem.relList.supports&amp;&amp;elem.relList.supports("prefetch")&amp;&amp;window.IntersectionObserver&amp;&amp;"isIntersecting"in IntersectionObserverEntry.prototype}},{key:"isSlowConnection",value:function(){return"connection"in navigator&amp;&amp;"effectiveType"in navigator.connection&amp;&amp;("2g"===navigator.connection.effectiveType||"slow-2g"===navigator.connection.effectiveType)}}]),RocketBrowserCompatibilityChecker}();
</script>
    <script id="rocket-preload-links-js-extra">
var RocketPreloadLinksConfig = {"excludeUris":"\/(.+\/)?feed\/?.+\/?|\/(?:.+\/)?embed\/|\/checkout\/|\/cart\/|\/account\/|\/wc-api\/v(.*)|\/(index\\.php\/)?wp\\-json(\/.*|$)|\/wp-admin\/|\/logout\/|\/wp-login.php","usesTrailingSlash":"1","imageExt":"jpg|jpeg|gif|png|tiff|bmp|webp|avif","fileExt":"jpg|jpeg|gif|png|tiff|bmp|webp|avif|php|pdf|html|htm","siteUrl":"https:\/\/askomdch.com","onHoverDelay":"100","rateThrottle":"3"};
</script>
    <script id="rocket-preload-links-js-after">
(function() {
"use strict";var r="function"==typeof Symbol&amp;&amp;"symbol"==typeof Symbol.iterator?function(e){return typeof e}:function(e){return e&amp;&amp;"function"==typeof Symbol&amp;&amp;e.constructor===Symbol&amp;&amp;e!==Symbol.prototype?"symbol":typeof e},e=function(){function i(e,t){for(var n=0;n&lt;t.length;n++){var i=t[n];i.enumerable=i.enumerable||!1,i.configurable=!0,"value"in i&amp;&amp;(i.writable=!0),Object.defineProperty(e,i.key,i)}}return function(e,t,n){return t&amp;&amp;i(e.prototype,t),n&amp;&amp;i(e,n),e}}();function i(e,t){if(!(e instanceof t))throw new TypeError("Cannot call a class as a function")}var t=function(){function n(e,t){i(this,n),this.browser=e,this.config=t,this.options=this.browser.options,this.prefetched=new Set,this.eventTime=null,this.threshold=1111,this.numOnHover=0}return e(n,[{key:"init",value:function(){!this.browser.supportsLinkPrefetch()||this.browser.isDataSaverModeOn()||this.browser.isSlowConnection()||(this.regex={excludeUris:RegExp(this.config.excludeUris,"i"),images:RegExp(".("+this.config.imageExt+")$","i"),fileExt:RegExp(".("+this.config.fileExt+")$","i")},this._initListeners(this))}},{key:"_initListeners",value:function(e){-1&lt;this.config.onHoverDelay&amp;&amp;document.addEventListener("mouseover",e.listener.bind(e),e.listenerOptions),document.addEventListener("mousedown",e.listener.bind(e),e.listenerOptions),document.addEventListener("touchstart",e.listener.bind(e),e.listenerOptions)}},{key:"listener",value:function(e){var t=e.target.closest("a"),n=this._prepareUrl(t);if(null!==n)switch(e.type){case"mousedown":case"touchstart":this._addPrefetchLink(n);break;case"mouseover":this._earlyPrefetch(t,n,"mouseout")}}},{key:"_earlyPrefetch",value:function(t,e,n){var i=this,r=setTimeout(function(){if(r=null,0===i.numOnHover)setTimeout(function(){return i.numOnHover=0},1e3);else if(i.numOnHover&gt;i.config.rateThrottle)return;i.numOnHover++,i._addPrefetchLink(e)},this.config.onHoverDelay);t.addEventListener(n,function e(){t.removeEventListener(n,e,{passive:!0}),null!==r&amp;&amp;(clearTimeout(r),r=null)},{passive:!0})}},{key:"_addPrefetchLink",value:function(i){return this.prefetched.add(i.href),new Promise(function(e,t){var n=document.createElement("link");n.rel="prefetch",n.href=i.href,n.onload=e,n.onerror=t,document.head.appendChild(n)}).catch(function(){})}},{key:"_prepareUrl",value:function(e){if(null===e||"object"!==(void 0===e?"undefined":r(e))||!1 in e||-1===["http:","https:"].indexOf(e.protocol))return null;var t=e.href.substring(0,this.config.siteUrl.length),n=this._getPathname(e.href,t),i={original:e.href,protocol:e.protocol,origin:t,pathname:n,href:t+n};return this._isLinkOk(i)?i:null}},{key:"_getPathname",value:function(e,t){var n=t?e.substring(this.config.siteUrl.length):e;return n.startsWith("/")||(n="/"+n),this._shouldAddTrailingSlash(n)?n+"/":n}},{key:"_shouldAddTrailingSlash",value:function(e){return this.config.usesTrailingSlash&amp;&amp;!e.endsWith("/")&amp;&amp;!this.regex.fileExt.test(e)}},{key:"_isLinkOk",value:function(e){return null!==e&amp;&amp;"object"===(void 0===e?"undefined":r(e))&amp;&amp;(!this.prefetched.has(e.href)&amp;&amp;e.origin===this.config.siteUrl&amp;&amp;-1===e.href.indexOf("?")&amp;&amp;-1===e.href.indexOf("#")&amp;&amp;!this.regex.excludeUris.test(e.href)&amp;&amp;!this.regex.images.test(e.href))}}],[{key:"run",value:function(){"undefined"!=typeof RocketPreloadLinksConfig&amp;&amp;new n(new RocketBrowserCompatibilityChecker({capture:!0,passive:!0}),RocketPreloadLinksConfig).init()}}]),n}();t.run();
}());
</script>
    <script>
			/(trident|msie)/i.test(navigator.userAgent)&amp;&amp;document.getElementById&amp;&amp;window.addEventListener&amp;&amp;window.addEventListener("hashchange",function(){var t,e=location.hash.substring(1);/^[A-z0-9_-]+$/.test(e)&amp;&amp;(t=document.getElementById(e))&amp;&amp;(/^(?:a|select|input|button|textarea)$/i.test(t.tagName)||(t.tabIndex=-1),t.focus())},!1);
			</script>
  </body>
</html>
<html lang="en-US">
  <head>
    <meta charset="UTF-8"/>
    <meta name="viewport" content="width=device-width, initial-scale=1"/>
    <link rel="profile" href="https://gmpg.org/xfn/11"/>
    <title>Account – AskOmDch</title>
    <meta name="robots" content="max-image-preview:large, noindex, follow"/>
    <link id="astra-theme-css-css" rel="stylesheet" href="https://askomdch.com/wp-content/themes/astra/assets/css/minified/frontend.min.css?ver=3.7.5" media="all"/>
    <style id="astra-theme-css-inline-css">
html{font-size:93.75%;}a,.page-title{color:#4e4e4e;}a:hover,a:focus{color:#0084d6;}body,button,input,select,textarea,.ast-button,.ast-custom-button{font-family:'Lato',sans-serif;font-weight:400;font-size:15px;font-size:1rem;}blockquote{color:#000000;}h1,.entry-content h1,.entry-content h1 a,h2,.entry-content h2,.entry-content h2 a,h3,.entry-content h3,.entry-content h3 a,h4,.entry-content h4,.entry-content h4 a,h5,.entry-content h5,.entry-content h5 a,h6,.entry-content h6,.entry-content h6 a,.site-title,.site-title a{font-family:'Lato',sans-serif;font-weight:700;}.site-title{font-size:35px;font-size:2.3333333333333rem;display:block;}header .custom-logo-link img{max-width:140px;}.astra-logo-svg{width:140px;}.ast-archive-description .ast-archive-title{font-size:40px;font-size:2.6666666666667rem;}.site-header .site-description{font-size:15px;font-size:1rem;display:none;}.entry-title{font-size:30px;font-size:2rem;}h1,.entry-content h1,.entry-content h1 a{font-size:58px;font-size:3.8666666666667rem;font-family:'Lato',sans-serif;}h2,.entry-content h2,.entry-content h2 a{font-size:42px;font-size:2.8rem;font-family:'Lato',sans-serif;}h3,.entry-content h3,.entry-content h3 a{font-size:30px;font-size:2rem;font-family:'Lato',sans-serif;}h4,.entry-content h4,.entry-content h4 a{font-size:20px;font-size:1.3333333333333rem;font-family:'Lato',sans-serif;}h5,.entry-content h5,.entry-content h5 a{font-size:18px;font-size:1.2rem;font-family:'Lato',sans-serif;}h6,.entry-content h6,.entry-content h6 a{font-size:15px;font-size:1rem;font-family:'Lato',sans-serif;}.ast-single-post .entry-title,.page-title{font-size:30px;font-size:2rem;}::selection{background-color:#54595f;color:#ffffff;}body,h1,.entry-title a,.entry-content h1,.entry-content h1 a,h2,.entry-content h2,.entry-content h2 a,h3,.entry-content h3,.entry-content h3 a,h4,.entry-content h4,.entry-content h4 a,h5,.entry-content h5,.entry-content h5 a,h6,.entry-content h6,.entry-content h6 a{color:#333333;}.tagcloud a:hover,.tagcloud a:focus,.tagcloud a.current-item{color:#ffffff;border-color:#4e4e4e;background-color:#4e4e4e;}input:focus,input[type="text"]:focus,input[type="email"]:focus,input[type="url"]:focus,input[type="password"]:focus,input[type="reset"]:focus,input[type="search"]:focus,textarea:focus{border-color:#4e4e4e;}input[type="radio"]:checked,input[type=reset],input[type="checkbox"]:checked,input[type="checkbox"]:hover:checked,input[type="checkbox"]:focus:checked,input[type=range]::-webkit-slider-thumb{border-color:#4e4e4e;background-color:#4e4e4e;box-shadow:none;}.site-footer a:hover + .post-count,.site-footer a:focus + .post-count{background:#4e4e4e;border-color:#4e4e4e;}.single .nav-links .nav-previous,.single .nav-links .nav-next{color:#4e4e4e;}.entry-meta,.entry-meta *{line-height:1.45;color:#4e4e4e;}.entry-meta a:hover,.entry-meta a:hover *,.entry-meta a:focus,.entry-meta a:focus *,.page-links &gt; .page-link,.page-links .page-link:hover,.post-navigation a:hover{color:#0084d6;}#cat option,.secondary .calendar_wrap thead a,.secondary .calendar_wrap thead a:visited{color:#4e4e4e;}.secondary .calendar_wrap #today,.ast-progress-val span{background:#4e4e4e;}.secondary a:hover + .post-count,.secondary a:focus + .post-count{background:#4e4e4e;border-color:#4e4e4e;}.calendar_wrap #today &gt; a{color:#ffffff;}.page-links .page-link,.single .post-navigation a{color:#4e4e4e;}.widget-title{font-size:21px;font-size:1.4rem;color:#333333;}@media (max-width:921px){#ast-desktop-header{display:none;}}@media (min-width:921px){#ast-mobile-header{display:none;}}.ast-site-header-cart .cart-container,.ast-edd-site-header-cart .ast-edd-cart-container {transition: all 0.2s linear;}.ast-site-header-cart .ast-woo-header-cart-info-wrap,.ast-edd-site-header-cart .ast-edd-header-cart-info-wrap {padding: 0 2px;font-weight: 600;line-height: 2.7;display: inline-block;}.ast-site-header-cart i.astra-icon {font-size: 20px;font-size: 1.3em;font-style: normal;font-weight: normal;position: relative;padding: 0 2px;}.ast-site-header-cart i.astra-icon.no-cart-total:after,.ast-header-break-point.ast-header-custom-item-outside .ast-edd-header-cart-info-wrap,.ast-header-break-point.ast-header-custom-item-outside .ast-woo-header-cart-info-wrap {display: none;}.ast-site-header-cart.ast-menu-cart-fill i.astra-icon,.ast-edd-site-header-cart.ast-edd-menu-cart-fill span.astra-icon {font-size: 1.1em;}.astra-cart-drawer {position: fixed;display: block;visibility: hidden;overflow: auto;-webkit-overflow-scrolling: touch;z-index: 9999;background-color: #fff;transition: all 0.5s ease;transform: translate3d(0,0,0);}.astra-cart-drawer.open-right {width: 80%;height: 100%;left: 100%;top: 0px;transform: translate3d(0%,0,0);}.astra-cart-drawer.active {transform: translate3d(-100%,0,0);visibility: visible;}.astra-cart-drawer .astra-cart-drawer-header {text-align: center;text-transform: uppercase;font-weight: 400;border-bottom: 1px solid #f0f0f0;padding: 0 0 0.675rem;}.astra-cart-drawer .astra-cart-drawer-close .ast-close-svg {width: 22px;height: 22px; }.astra-cart-drawer .astra-cart-drawer-title {padding-top: 5px;}.astra-cart-drawer .astra-cart-drawer-content .woocommerce-mini-cart {padding: 1em 1.5em;}.astra-cart-drawer .astra-cart-drawer-content .woocommerce-mini-cart a.remove {width: 20px;height: 20px;line-height: 16px;}.astra-cart-drawer .astra-cart-drawer-content .woocommerce-mini-cart__total {padding: 1em 1.5em;margin: 0;text-align: center;}.astra-cart-drawer .astra-cart-drawer-content .woocommerce-mini-cart__buttons {padding: 10px;text-align: center;} .astra-cart-drawer .astra-cart-drawer-content .woocommerce-mini-cart__buttons .button.checkout {margin-right: 0;}.astra-cart-drawer .astra-cart-drawer-content .edd-cart-item {padding: .5em 2.6em .5em 1.5em;}.astra-cart-drawer .astra-cart-drawer-content .edd-cart-item .edd-remove-from-cart::after {width: 20px;height: 20px;line-height: 16px;}.astra-cart-drawer .astra-cart-drawer-content .edd-cart-number-of-items {padding: 1em 1.5em 1em 1.5em;margin-bottom: 0;text-align: center;}.astra-cart-drawer .astra-cart-drawer-content .edd_total {padding: .5em 1.5em;margin: 0;text-align: center;}.astra-cart-drawer .astra-cart-drawer-content .cart_item.edd_checkout {padding: 1em 1.5em 0;text-align: center;margin-top: 0;}.astra-cart-drawer .woocommerce-mini-cart__empty-message,.astra-cart-drawer .cart_item.empty {text-align: center;margin-top: 10px;}body.admin-bar .astra-cart-drawer {padding-top: 32px;}body.admin-bar .astra-cart-drawer .astra-cart-drawer-close {top: 32px;}@media (max-width: 782px) {body.admin-bar .astra-cart-drawer {padding-top: 46px;}body.admin-bar .astra-cart-drawer .astra-cart-drawer-close {top: 46px;}}.ast-mobile-cart-active body.ast-hfb-header {overflow: hidden;}.ast-mobile-cart-active .astra-mobile-cart-overlay {opacity: 1;cursor: pointer;visibility: visible;z-index: 999;}@media (max-width: 545px) {.astra-cart-drawer.active {width: 100%;}}.ast-site-header-cart i.astra-icon:after {content: attr(data-cart-total);position: absolute;font-style: normal;top: -10px;right: -12px;font-weight: bold;box-shadow: 1px 1px 3px 0px rgba(0,0,0,0.3);font-size: 11px;padding-left: 0px;padding-right: 2px;line-height: 17px;letter-spacing: -.5px;height: 18px;min-width: 18px;border-radius: 99px;text-align: center;z-index: 3;}li.woocommerce-custom-menu-item .ast-site-header-cart i.astra-icon:after,li.edd-custom-menu-item .ast-edd-site-header-cart span.astra-icon:after {padding-left: 2px;}.astra-cart-drawer .astra-cart-drawer-close {position: absolute;top: 0;right: 0;margin: 0;padding: .6em 1em .4em;color: #ababab;background-color: transparent;}.astra-mobile-cart-overlay {background-color: rgba(0,0,0,0.4);position: fixed;top: 0;right: 0;bottom: 0;left: 0;visibility: hidden;opacity: 0;transition: opacity 0.2s ease-in-out;}.astra-cart-drawer .astra-cart-drawer-content .edd-cart-item .edd-remove-from-cart {right: 1.2em;}.ast-header-break-point.ast-woocommerce-cart-menu.ast-hfb-header .ast-cart-menu-wrap,.ast-header-break-point.ast-hfb-header .ast-cart-menu-wrap,.ast-header-break-point .ast-edd-site-header-cart-wrap .ast-edd-cart-menu-wrap {width: 2em;height: 2em;font-size: 1.4em;line-height: 2;vertical-align: middle;text-align: right;}.ast-site-header-cart.ast-menu-cart-outline .ast-cart-menu-wrap,.ast-site-header-cart.ast-menu-cart-fill .ast-cart-menu-wrap,.ast-edd-site-header-cart.ast-edd-menu-cart-outline .ast-edd-cart-menu-wrap,.ast-edd-site-header-cart.ast-edd-menu-cart-fill .ast-edd-cart-menu-wrap {line-height: 1.8;}.ast-site-header-cart .cart-container *,.ast-edd-site-header-cart .ast-edd-cart-container * {transition: all 0s linear;}.wp-block-buttons.aligncenter{justify-content:center;}@media (min-width:1200px){.wp-block-group .has-background{padding:20px;}}@media (min-width:1200px){.ast-no-sidebar.ast-separate-container .entry-content .wp-block-group.alignwide,.ast-no-sidebar.ast-separate-container .entry-content .wp-block-cover.alignwide{margin-left:-20px;margin-right:-20px;padding-left:20px;padding-right:20px;}.ast-no-sidebar.ast-separate-container .entry-content .wp-block-cover.alignfull,.ast-no-sidebar.ast-separate-container .entry-content .wp-block-group.alignfull{margin-left:-6.67em;margin-right:-6.67em;padding-left:6.67em;padding-right:6.67em;}}@media (min-width:1200px){.wp-block-cover-image.alignwide .wp-block-cover__inner-container,.wp-block-cover.alignwide .wp-block-cover__inner-container,.wp-block-cover-image.alignfull .wp-block-cover__inner-container,.wp-block-cover.alignfull .wp-block-cover__inner-container{width:100%;}}.ast-plain-container.ast-no-sidebar #primary{margin-top:0;margin-bottom:0;}@media (max-width:921px){.ast-theme-transparent-header #primary,.ast-theme-transparent-header #secondary{padding:0;}}.wp-block-columns{margin-bottom:unset;}.wp-block-image.size-full{margin:2rem 0;}.wp-block-separator.has-background{padding:0;}.wp-block-gallery{margin-bottom:1.6em;}.wp-block-group{padding-top:4em;padding-bottom:4em;}.wp-block-group__inner-container .wp-block-columns:last-child,.wp-block-group__inner-container :last-child,.wp-block-table table{margin-bottom:0;}.blocks-gallery-grid{width:100%;}.wp-block-navigation-link__content{padding:5px 0;}.wp-block-group .wp-block-group .has-text-align-center,.wp-block-group .wp-block-column .has-text-align-center{max-width:100%;}.has-text-align-center{margin:0 auto;}@media (min-width:1200px){.wp-block-cover__inner-container,.alignwide .wp-block-group__inner-container,.alignfull .wp-block-group__inner-container{max-width:1200px;margin:0 auto;}.wp-block-group.alignnone,.wp-block-group.aligncenter,.wp-block-group.alignleft,.wp-block-group.alignright,.wp-block-group.alignwide,.wp-block-columns.alignwide{margin:2rem 0 1rem 0;}}@media (max-width:1200px){.wp-block-group{padding:3em;}.wp-block-group .wp-block-group{padding:1.5em;}.wp-block-columns,.wp-block-column{margin:1rem 0;}}@media (min-width:921px){.wp-block-columns .wp-block-group{padding:2em;}}@media (max-width:544px){.wp-block-cover-image .wp-block-cover__inner-container,.wp-block-cover .wp-block-cover__inner-container{width:unset;}.wp-block-cover,.wp-block-cover-image{padding:2em 0;}.wp-block-group,.wp-block-cover{padding:2em;}.wp-block-media-text__media img,.wp-block-media-text__media video{width:unset;max-width:100%;}.wp-block-media-text.has-background .wp-block-media-text__content{padding:1em;}}@media (max-width:921px){.ast-plain-container.ast-no-sidebar #primary{padding:0;}}@media (min-width:544px){.entry-content .wp-block-media-text.has-media-on-the-right .wp-block-media-text__content{padding:0 8% 0 0;}.entry-content .wp-block-media-text .wp-block-media-text__content{padding:0 0 0 8%;}.ast-plain-container .site-content .entry-content .has-custom-content-position.is-position-bottom-left &gt; *,.ast-plain-container .site-content .entry-content .has-custom-content-position.is-position-bottom-right &gt; *,.ast-plain-container .site-content .entry-content .has-custom-content-position.is-position-top-left &gt; *,.ast-plain-container .site-content .entry-content .has-custom-content-position.is-position-top-right &gt; *,.ast-plain-container .site-content .entry-content .has-custom-content-position.is-position-center-right &gt; *,.ast-plain-container .site-content .entry-content .has-custom-content-position.is-position-center-left &gt; *{margin:0;}}@media (max-width:544px){.entry-content .wp-block-media-text .wp-block-media-text__content{padding:8% 0;}.wp-block-media-text .wp-block-media-text__media img{width:auto;max-width:100%;}}@media (max-width:921px){.ast-separate-container .ast-article-post,.ast-separate-container .ast-article-single{padding:1.5em 2.14em;}.ast-separate-container #primary,.ast-separate-container #secondary{padding:1.5em 0;}#primary,#secondary{padding:1.5em 0;margin:0;}.ast-left-sidebar #content &gt; .ast-container{display:flex;flex-direction:column-reverse;width:100%;}.ast-author-box img.avatar{margin:20px 0 0 0;}}@media (min-width:922px){.ast-separate-container.ast-right-sidebar #primary,.ast-separate-container.ast-left-sidebar #primary{border:0;}.search-no-results.ast-separate-container #primary{margin-bottom:4em;}}.elementor-button-wrapper .elementor-button{border-style:solid;text-decoration:none;border-top-width:0;border-right-width:0;border-left-width:0;border-bottom-width:0;}body .elementor-button.elementor-size-sm,body .elementor-button.elementor-size-xs,body .elementor-button.elementor-size-md,body .elementor-button.elementor-size-lg,body .elementor-button.elementor-size-xl,body .elementor-button{border-radius:0;padding-top:17px;padding-right:30px;padding-bottom:17px;padding-left:30px;}.elementor-button-wrapper .elementor-button{border-color:#3197d6;background-color:#3197d6;}.elementor-button-wrapper .elementor-button:hover,.elementor-button-wrapper .elementor-button:focus{color:#ffffff;background-color:#0084d6;border-color:#0084d6;}.wp-block-button .wp-block-button__link ,.elementor-button-wrapper .elementor-button,.elementor-button-wrapper .elementor-button:visited{color:#ffffff;}.elementor-button-wrapper .elementor-button{font-family:inherit;font-weight:inherit;line-height:1;text-transform:uppercase;letter-spacing:1px;}body .elementor-button.elementor-size-sm,body .elementor-button.elementor-size-xs,body .elementor-button.elementor-size-md,body .elementor-button.elementor-size-lg,body .elementor-button.elementor-size-xl,body .elementor-button{font-size:15px;font-size:1rem;}.wp-block-button .wp-block-button__link:hover,.wp-block-button .wp-block-button__link:focus{color:#ffffff;background-color:#0084d6;border-color:#0084d6;}.wp-block-button .wp-block-button__link{border-style:solid;border-top-width:0;border-right-width:0;border-left-width:0;border-bottom-width:0;border-color:#3197d6;background-color:#3197d6;color:#ffffff;font-family:inherit;font-weight:inherit;line-height:1;text-transform:uppercase;letter-spacing:1px;font-size:15px;font-size:1rem;border-radius:0;}.wp-block-buttons .wp-block-button .wp-block-button__link{padding-top:17px;padding-right:30px;padding-bottom:17px;padding-left:30px;}.menu-toggle,button,.ast-button,.ast-custom-button,.button,input#submit,input[type="button"],input[type="submit"],input[type="reset"]{border-style:solid;border-top-width:0;border-right-width:0;border-left-width:0;border-bottom-width:0;color:#ffffff;border-color:#3197d6;background-color:#3197d6;border-radius:0;padding-top:17px;padding-right:30px;padding-bottom:17px;padding-left:30px;font-family:inherit;font-weight:inherit;font-size:15px;font-size:1rem;line-height:1;text-transform:uppercase;letter-spacing:1px;}button:focus,.menu-toggle:hover,button:hover,.ast-button:hover,.ast-custom-button:hover .button:hover,.ast-custom-button:hover ,input[type=reset]:hover,input[type=reset]:focus,input#submit:hover,input#submit:focus,input[type="button"]:hover,input[type="button"]:focus,input[type="submit"]:hover,input[type="submit"]:focus{color:#ffffff;background-color:#0084d6;border-color:#0084d6;}@media (min-width:544px){.ast-container{max-width:100%;}}@media (max-width:544px){.ast-separate-container .ast-article-post,.ast-separate-container .ast-article-single,.ast-separate-container .comments-title,.ast-separate-container .ast-archive-description{padding:1.5em 1em;}.ast-separate-container #content .ast-container{padding-left:0.54em;padding-right:0.54em;}.ast-separate-container .ast-comment-list li.depth-1{padding:1.5em 1em;margin-bottom:1.5em;}.ast-separate-container .ast-comment-list .bypostauthor{padding:.5em;}.ast-search-menu-icon.ast-dropdown-active .search-field{width:170px;}}@media (max-width:921px){.ast-mobile-header-stack .main-header-bar .ast-search-menu-icon{display:inline-block;}.ast-header-break-point.ast-header-custom-item-outside .ast-mobile-header-stack .main-header-bar .ast-search-icon{margin:0;}.ast-comment-avatar-wrap img{max-width:2.5em;}.ast-separate-container .ast-comment-list li.depth-1{padding:1.5em 2.14em;}.ast-separate-container .comment-respond{padding:2em 2.14em;}.ast-comment-meta{padding:0 1.8888em 1.3333em;}}body,.ast-separate-container{background-color:#f9f9f9;;}.ast-no-sidebar.ast-separate-container .entry-content .alignfull {margin-left: -6.67em;margin-right: -6.67em;width: auto;}@media (max-width: 1200px) {.ast-no-sidebar.ast-separate-container .entry-content .alignfull {margin-left: -2.4em;margin-right: -2.4em;}}@media (max-width: 768px) {.ast-no-sidebar.ast-separate-container .entry-content .alignfull {margin-left: -2.14em;margin-right: -2.14em;}}@media (max-width: 544px) {.ast-no-sidebar.ast-separate-container .entry-content .alignfull {margin-left: -1em;margin-right: -1em;}}.ast-no-sidebar.ast-separate-container .entry-content .alignwide {margin-left: -20px;margin-right: -20px;}.ast-no-sidebar.ast-separate-container .entry-content .wp-block-column .alignfull,.ast-no-sidebar.ast-separate-container .entry-content .wp-block-column .alignwide {margin-left: auto;margin-right: auto;width: 100%;}@media (max-width:921px){.site-title{display:block;}.ast-archive-description .ast-archive-title{font-size:40px;}.site-header .site-description{display:none;}.entry-title{font-size:30px;}h1,.entry-content h1,.entry-content h1 a{font-size:30px;}h2,.entry-content h2,.entry-content h2 a{font-size:25px;}h3,.entry-content h3,.entry-content h3 a{font-size:20px;}.ast-single-post .entry-title,.page-title{font-size:30px;}.astra-logo-svg{width:120px;}header .custom-logo-link img,.ast-header-break-point .site-logo-img .custom-mobile-logo-link img{max-width:120px;}}@media (max-width:544px){.site-title{display:block;}.ast-archive-description .ast-archive-title{font-size:40px;}.site-header .site-description{display:none;}.entry-title{font-size:30px;}h1,.entry-content h1,.entry-content h1 a{font-size:30px;}h2,.entry-content h2,.entry-content h2 a{font-size:25px;}h3,.entry-content h3,.entry-content h3 a{font-size:20px;}.ast-single-post .entry-title,.page-title{font-size:30px;}header .custom-logo-link img,.ast-header-break-point .site-branding img,.ast-header-break-point .custom-logo-link img{max-width:120px;}.astra-logo-svg{width:120px;}.ast-header-break-point .site-logo-img .custom-mobile-logo-link img{max-width:120px;}}@media (max-width:921px){html{font-size:85.5%;}}@media (max-width:544px){html{font-size:85.5%;}}@media (min-width:922px){.ast-container{max-width:1240px;}}@font-face {font-family: "Astra";src: url(https://askomdch.com/wp-content/themes/astra/assets/fonts/astra.woff) format("woff"),url(https://askomdch.com/wp-content/themes/astra/assets/fonts/astra.ttf) format("truetype"),url(https://askomdch.com/wp-content/themes/astra/assets/fonts/astra.svg#astra) format("svg");font-weight: normal;font-style: normal;font-display: fallback;}@media (min-width:922px){.main-header-menu .sub-menu .menu-item.ast-left-align-sub-menu:hover &gt; .sub-menu,.main-header-menu .sub-menu .menu-item.ast-left-align-sub-menu.focus &gt; .sub-menu{margin-left:-2px;}}.ast-theme-transparent-header [data-section="section-header-mobile-trigger"] .ast-button-wrap .ast-mobile-menu-trigger-minimal{background:transparent;}.footer-widget-area[data-section^="section-fb-html-"] .ast-builder-html-element{text-align:center;}.astra-icon-down_arrow::after {content: "\e900";font-family: Astra;}.astra-icon-close::after {content: "\e5cd";font-family: Astra;}.astra-icon-drag_handle::after {content: "\e25d";font-family: Astra;}.astra-icon-format_align_justify::after {content: "\e235";font-family: Astra;}.astra-icon-menu::after {content: "\e5d2";font-family: Astra;}.astra-icon-reorder::after {content: "\e8fe";font-family: Astra;}.astra-icon-search::after {content: "\e8b6";font-family: Astra;}.astra-icon-zoom_in::after {content: "\e56b";font-family: Astra;}.astra-icon-check-circle::after {content: "\e901";font-family: Astra;}.astra-icon-shopping-cart::after {content: "\f07a";font-family: Astra;}.astra-icon-shopping-bag::after {content: "\f290";font-family: Astra;}.astra-icon-shopping-basket::after {content: "\f291";font-family: Astra;}.astra-icon-circle-o::after {content: "\e903";font-family: Astra;}.astra-icon-certificate::after {content: "\e902";font-family: Astra;}blockquote {padding: 1.2em;}.ast-header-break-point .ast-mobile-header-wrap .ast-above-header-wrap .main-header-bar-navigation .inline-on-mobile .menu-item .menu-link,.ast-header-break-point .ast-mobile-header-wrap .ast-main-header-wrap .main-header-bar-navigation .inline-on-mobile .menu-item .menu-link,.ast-header-break-point .ast-mobile-header-wrap .ast-below-header-wrap .main-header-bar-navigation .inline-on-mobile .menu-item .menu-link {border: none;}.ast-header-break-point .ast-mobile-header-wrap .ast-above-header-wrap .main-header-bar-navigation .inline-on-mobile .menu-item-has-children &gt; .ast-menu-toggle::before,.ast-header-break-point .ast-mobile-header-wrap .ast-main-header-wrap .main-header-bar-navigation .inline-on-mobile .menu-item-has-children &gt; .ast-menu-toggle::before,.ast-header-break-point .ast-mobile-header-wrap .ast-below-header-wrap .main-header-bar-navigation .inline-on-mobile .menu-item-has-children &gt; .ast-menu-toggle::before {font-size: .6rem;}.ast-header-break-point .ast-mobile-header-wrap .ast-flex.inline-on-mobile {flex-wrap: unset;}.ast-header-break-point .ast-mobile-header-wrap .ast-flex.inline-on-mobile .menu-item.ast-submenu-expanded &gt; .sub-menu .menu-link {padding: .1em 1em;}.ast-header-break-point .ast-mobile-header-wrap .ast-flex.inline-on-mobile .menu-item.ast-submenu-expanded &gt; .sub-menu &gt; .menu-item .ast-menu-toggle::before {transform: rotate(-90deg);}.ast-header-break-point .ast-mobile-header-wrap .ast-flex.inline-on-mobile .menu-item.ast-submenu-expanded &gt; .sub-menu &gt; .menu-item.ast-submenu-expanded .ast-menu-toggle::before {transform: rotate(-270deg);}.ast-header-break-point .ast-mobile-header-wrap .ast-flex.inline-on-mobile .menu-item &gt; .sub-menu &gt; .menu-item .menu-link:before {content: none;}.ast-header-break-point .ast-mobile-header-wrap .ast-flex.inline-on-mobile {flex-wrap: unset;}.ast-header-break-point .ast-mobile-header-wrap .ast-flex.inline-on-mobile .menu-item.ast-submenu-expanded &gt; .sub-menu .menu-link {padding: .1em 1em;}.ast-header-break-point .ast-mobile-header-wrap .ast-flex.inline-on-mobile .menu-item.ast-submenu-expanded &gt; .sub-menu &gt; .menu-item .ast-menu-toggle::before {transform: rotate(-90deg);}.ast-header-break-point .ast-mobile-header-wrap .ast-flex.inline-on-mobile .menu-item.ast-submenu-expanded &gt; .sub-menu &gt; .menu-item.ast-submenu-expanded .ast-menu-toggle::before {transform: rotate(-270deg);}.ast-header-break-point .ast-mobile-header-wrap .ast-flex.inline-on-mobile .menu-item &gt; .sub-menu &gt; .menu-item .menu-link:before {content: none;}.ast-header-break-point .inline-on-mobile .sub-menu {width: 150px;}.ast-header-break-point .ast-mobile-header-wrap .ast-flex.inline-on-mobile .menu-item.menu-item-has-children {margin-right: 10px;}.ast-header-break-point .ast-mobile-header-wrap .ast-flex.inline-on-mobile .menu-item.ast-submenu-expanded &gt; .sub-menu {display: block;position: absolute;right: auto;left: 0;}.ast-header-break-point .ast-mobile-header-wrap .ast-flex.inline-on-mobile .menu-item.ast-submenu-expanded &gt; .sub-menu .menu-item .ast-menu-toggle {padding: 0;right: 1em;}.ast-header-break-point .ast-mobile-header-wrap .ast-flex.inline-on-mobile .menu-item.ast-submenu-expanded &gt; .sub-menu &gt; .menu-item &gt; .sub-menu {left: 100%;right: auto;}.ast-header-break-point .ast-mobile-header-wrap .ast-flex.inline-on-mobile .ast-menu-toggle {right: -15px;}.ast-header-break-point .ast-mobile-header-wrap .ast-flex.inline-on-mobile .menu-item.menu-item-has-children {margin-right: 10px;}.ast-header-break-point .ast-mobile-header-wrap .ast-flex.inline-on-mobile .menu-item.ast-submenu-expanded &gt; .sub-menu {display: block;position: absolute;right: auto;left: 0;}.ast-header-break-point .ast-mobile-header-wrap .ast-flex.inline-on-mobile .menu-item.ast-submenu-expanded &gt; .sub-menu &gt; .menu-item &gt; .sub-menu {left: 100%;right: auto;}.ast-header-break-point .ast-mobile-header-wrap .ast-flex.inline-on-mobile .ast-menu-toggle {right: -15px;}:root .has-ast-global-color-0-color{color:var(--ast-global-color-0);}:root .has-ast-global-color-0-background-color{background-color:var(--ast-global-color-0);}:root .wp-block-button .has-ast-global-color-0-color{color:var(--ast-global-color-0);}:root .wp-block-button .has-ast-global-color-0-background-color{background-color:var(--ast-global-color-0);}:root .has-ast-global-color-1-color{color:var(--ast-global-color-1);}:root .has-ast-global-color-1-background-color{background-color:var(--ast-global-color-1);}:root .wp-block-button .has-ast-global-color-1-color{color:var(--ast-global-color-1);}:root .wp-block-button .has-ast-global-color-1-background-color{background-color:var(--ast-global-color-1);}:root .has-ast-global-color-2-color{color:var(--ast-global-color-2);}:root .has-ast-global-color-2-background-color{background-color:var(--ast-global-color-2);}:root .wp-block-button .has-ast-global-color-2-color{color:var(--ast-global-color-2);}:root .wp-block-button .has-ast-global-color-2-background-color{background-color:var(--ast-global-color-2);}:root .has-ast-global-color-3-color{color:var(--ast-global-color-3);}:root .has-ast-global-color-3-background-color{background-color:var(--ast-global-color-3);}:root .wp-block-button .has-ast-global-color-3-color{color:var(--ast-global-color-3);}:root .wp-block-button .has-ast-global-color-3-background-color{background-color:var(--ast-global-color-3);}:root .has-ast-global-color-4-color{color:var(--ast-global-color-4);}:root .has-ast-global-color-4-background-color{background-color:var(--ast-global-color-4);}:root .wp-block-button .has-ast-global-color-4-color{color:var(--ast-global-color-4);}:root .wp-block-button .has-ast-global-color-4-background-color{background-color:var(--ast-global-color-4);}:root .has-ast-global-color-5-color{color:var(--ast-global-color-5);}:root .has-ast-global-color-5-background-color{background-color:var(--ast-global-color-5);}:root .wp-block-button .has-ast-global-color-5-color{color:var(--ast-global-color-5);}:root .wp-block-button .has-ast-global-color-5-background-color{background-color:var(--ast-global-color-5);}:root .has-ast-global-color-6-color{color:var(--ast-global-color-6);}:root .has-ast-global-color-6-background-color{background-color:var(--ast-global-color-6);}:root .wp-block-button .has-ast-global-color-6-color{color:var(--ast-global-color-6);}:root .wp-block-button .has-ast-global-color-6-background-color{background-color:var(--ast-global-color-6);}:root .has-ast-global-color-7-color{color:var(--ast-global-color-7);}:root .has-ast-global-color-7-background-color{background-color:var(--ast-global-color-7);}:root .wp-block-button .has-ast-global-color-7-color{color:var(--ast-global-color-7);}:root .wp-block-button .has-ast-global-color-7-background-color{background-color:var(--ast-global-color-7);}:root .has-ast-global-color-8-color{color:var(--ast-global-color-8);}:root .has-ast-global-color-8-background-color{background-color:var(--ast-global-color-8);}:root .wp-block-button .has-ast-global-color-8-color{color:var(--ast-global-color-8);}:root .wp-block-button .has-ast-global-color-8-background-color{background-color:var(--ast-global-color-8);}:root{--ast-global-color-0:#0170B9;--ast-global-color-1:#3a3a3a;--ast-global-color-2:#3a3a3a;--ast-global-color-3:#4B4F58;--ast-global-color-4:#F5F5F5;--ast-global-color-5:#FFFFFF;--ast-global-color-6:#F2F5F7;--ast-global-color-7:#424242;--ast-global-color-8:#000000;}.ast-theme-transparent-header #masthead .site-logo-img .transparent-custom-logo .astra-logo-svg{width:140px;}.ast-theme-transparent-header #masthead .site-logo-img .transparent-custom-logo img{ max-width:140px;}@media (min-width:921px){.ast-theme-transparent-header #masthead{position:absolute;left:0;right:0;}.ast-theme-transparent-header .main-header-bar,.ast-theme-transparent-header.ast-header-break-point .main-header-bar{background:none;}body.elementor-editor-active.ast-theme-transparent-header #masthead,.fl-builder-edit .ast-theme-transparent-header #masthead,body.vc_editor.ast-theme-transparent-header #masthead,body.brz-ed.ast-theme-transparent-header #masthead{z-index:0;}.ast-header-break-point.ast-replace-site-logo-transparent.ast-theme-transparent-header .custom-mobile-logo-link{display:none;}.ast-header-break-point.ast-replace-site-logo-transparent.ast-theme-transparent-header .transparent-custom-logo{display:inline-block;}.ast-theme-transparent-header .ast-above-header,.ast-theme-transparent-header .ast-above-header.ast-above-header-bar{background-image:none;background-color:transparent;}.ast-theme-transparent-header .ast-below-header{background-image:none;background-color:transparent;}}@media (min-width:922px){.ast-theme-transparent-header .main-header-bar,.ast-theme-transparent-header.ast-header-break-point .main-header-bar-wrap .main-header-menu,.ast-theme-transparent-header.ast-header-break-point .main-header-bar-wrap .main-header-bar,.ast-theme-transparent-header.ast-header-break-point .ast-mobile-header-wrap .main-header-bar{background-color:rgba(0,0,0,0.07);}.ast-theme-transparent-header .main-header-bar .ast-search-menu-icon form{background-color:rgba(0,0,0,0.07);}.ast-theme-transparent-header .ast-above-header,.ast-theme-transparent-header .ast-above-header.ast-above-header-bar,.ast-theme-transparent-header .ast-below-header,.ast-header-break-point.ast-theme-transparent-header .ast-above-header,.ast-header-break-point.ast-theme-transparent-header .ast-below-header{background-color:rgba(0,0,0,0.07);}.ast-theme-transparent-header .site-title a,.ast-theme-transparent-header .site-title a:focus,.ast-theme-transparent-header .site-title a:hover,.ast-theme-transparent-header .site-title a:visited{color:#ffffff;}.ast-theme-transparent-header .site-header .site-description{color:#ffffff;}.ast-theme-transparent-header .ast-builder-menu .main-header-menu .menu-item .sub-menu .menu-item .menu-link,.ast-theme-transparent-header .ast-builder-menu .main-header-menu .menu-item .sub-menu .menu-item &gt; .ast-menu-toggle,.ast-theme-transparent-header .main-header-menu .menu-item .sub-menu .menu-link,.ast-header-break-point.ast-flyout-menu-enable.ast-header-break-point .main-header-bar-navigation .main-header-menu .menu-item .sub-menu .menu-link{color:#333333;}.ast-theme-transparent-header .ast-builder-menu .main-header-menu .menu-item .sub-menu .menu-link:hover,.ast-theme-transparent-header .ast-builder-menu .main-header-menu .menu-item .sub-menu .menu-item:hover &gt; .menu-link,.ast-theme-transparent-header .ast-builder-menu .main-header-menu .menu-item .sub-menu .menu-item.focus &gt; .menu-item,.ast-theme-transparent-header .ast-builder-menu .main-header-menu .menu-item .sub-menu .menu-item.current-menu-item &gt; .menu-link,.ast-theme-transparent-header .ast-builder-menu .main-header-menu .menu-item .sub-menu .menu-item.current-menu-item &gt; .ast-menu-toggle,.ast-theme-transparent-header .ast-builder-menu .main-header-menu .menu-item .sub-menu .menu-item:hover &gt; .ast-menu-toggle,.ast-theme-transparent-header .ast-builder-menu .main-header-menu .menu-item .sub-menu .menu-item.focus &gt; .ast-menu-toggle,.ast-theme-transparent-header .main-header-menu .menu-item .sub-menu .menu-item:hover &gt; .menu-link,.ast-header-break-point.ast-flyout-menu-enable.ast-header-break-point .main-header-bar-navigation .main-header-menu .menu-item .sub-menu .menu-link{color:#000000;}.ast-theme-transparent-header .ast-builder-menu .main-header-menu,.ast-theme-transparent-header .ast-builder-menu .main-header-menu .menu-link,.ast-theme-transparent-header [CLASS*="ast-builder-menu-"] .main-header-menu .menu-item &gt; .menu-link,.ast-theme-transparent-header .ast-masthead-custom-menu-items,.ast-theme-transparent-header .ast-masthead-custom-menu-items a,.ast-theme-transparent-header .ast-builder-menu .main-header-menu .menu-item &gt; .ast-menu-toggle,.ast-theme-transparent-header .ast-builder-menu .main-header-menu .menu-item &gt; .ast-menu-toggle,.ast-theme-transparent-header .ast-above-header-navigation a,.ast-header-break-point.ast-theme-transparent-header .ast-above-header-navigation a,.ast-header-break-point.ast-theme-transparent-header .ast-above-header-navigation &gt; ul.ast-above-header-menu &gt; .menu-item-has-children:not(.current-menu-item) &gt; .ast-menu-toggle,.ast-theme-transparent-header .ast-below-header-menu,.ast-theme-transparent-header .ast-below-header-menu a,.ast-header-break-point.ast-theme-transparent-header .ast-below-header-menu a,.ast-header-break-point.ast-theme-transparent-header .ast-below-header-menu,.ast-theme-transparent-header .main-header-menu .menu-link{color:#cecece;}.ast-theme-transparent-header .ast-builder-menu .main-header-menu .menu-item:hover &gt; .menu-link,.ast-theme-transparent-header .ast-builder-menu .main-header-menu .menu-item:hover &gt; .ast-menu-toggle,.ast-theme-transparent-header .ast-builder-menu .main-header-menu .ast-masthead-custom-menu-items a:hover,.ast-theme-transparent-header .ast-builder-menu .main-header-menu .focus &gt; .menu-link,.ast-theme-transparent-header .ast-builder-menu .main-header-menu .focus &gt; .ast-menu-toggle,.ast-theme-transparent-header .ast-builder-menu .main-header-menu .current-menu-item &gt; .menu-link,.ast-theme-transparent-header .ast-builder-menu .main-header-menu .current-menu-ancestor &gt; .menu-link,.ast-theme-transparent-header .ast-builder-menu .main-header-menu .current-menu-item &gt; .ast-menu-toggle,.ast-theme-transparent-header .ast-builder-menu .main-header-menu .current-menu-ancestor &gt; .ast-menu-toggle,.ast-theme-transparent-header [CLASS*="ast-builder-menu-"] .main-header-menu .current-menu-item &gt; .menu-link,.ast-theme-transparent-header [CLASS*="ast-builder-menu-"] .main-header-menu .current-menu-ancestor &gt; .menu-link,.ast-theme-transparent-header [CLASS*="ast-builder-menu-"] .main-header-menu .current-menu-item &gt; .ast-menu-toggle,.ast-theme-transparent-header [CLASS*="ast-builder-menu-"] .main-header-menu .current-menu-ancestor &gt; .ast-menu-toggle,.ast-theme-transparent-header .main-header-menu .menu-item:hover &gt; .menu-link,.ast-theme-transparent-header .main-header-menu .current-menu-item &gt; .menu-link,.ast-theme-transparent-header .main-header-menu .current-menu-ancestor &gt; .menu-link{color:#ffffff;}.ast-theme-transparent-header div.ast-masthead-custom-menu-items,.ast-theme-transparent-header div.ast-masthead-custom-menu-items .widget,.ast-theme-transparent-header div.ast-masthead-custom-menu-items .widget-title,.ast-theme-transparent-header .site-header-section [CLASS*="ast-header-html-"] .ast-builder-html-element{color:#000000;}.ast-theme-transparent-header div.ast-masthead-custom-menu-items a,.ast-theme-transparent-header div.ast-masthead-custom-menu-items .widget a,.ast-theme-transparent-header .site-header-section [CLASS*="ast-header-html-"] .ast-builder-html-element a{color:#cecece;}.ast-theme-transparent-header div.ast-masthead-custom-menu-items a:hover,.ast-theme-transparent-header div.ast-masthead-custom-menu-items .widget a:hover,.ast-theme-transparent-header .site-header-section [CLASS*="ast-header-html-"] .ast-builder-html-element a:hover{color:#ffffff;}}@media (max-width:921px){.transparent-custom-logo{display:none;}}@media (min-width:921px){.ast-transparent-mobile-logo{display:none;}}@media (max-width:921px){.ast-transparent-mobile-logo{display:block;}}@media (min-width:921px){.ast-theme-transparent-header #ast-desktop-header &gt; [CLASS*="-header-wrap"]:nth-last-child(2) &gt; [CLASS*="-header-bar"]{border-bottom-width:0;border-bottom-style:solid;border-bottom-color:rgba(0,0,0,0);}}.ast-breadcrumbs .trail-browse,.ast-breadcrumbs .trail-items,.ast-breadcrumbs .trail-items li{display:inline-block;margin:0;padding:0;border:none;background:inherit;text-indent:0;}.ast-breadcrumbs .trail-browse{font-size:inherit;font-style:inherit;font-weight:inherit;color:inherit;}.ast-breadcrumbs .trail-items{list-style:none;}.trail-items li::after{padding:0 0.3em;content:"\00bb";}.trail-items li:last-of-type::after{display:none;}h1,.entry-content h1,h2,.entry-content h2,h3,.entry-content h3,h4,.entry-content h4,h5,.entry-content h5,h6,.entry-content h6{color:var(--ast-global-color-2);}@media (max-width:921px){.ast-builder-grid-row-container.ast-builder-grid-row-tablet-3-firstrow .ast-builder-grid-row &gt; *:first-child,.ast-builder-grid-row-container.ast-builder-grid-row-tablet-3-lastrow .ast-builder-grid-row &gt; *:last-child{grid-column:1 / -1;}}@media (max-width:544px){.ast-builder-grid-row-container.ast-builder-grid-row-mobile-3-firstrow .ast-builder-grid-row &gt; *:first-child,.ast-builder-grid-row-container.ast-builder-grid-row-mobile-3-lastrow .ast-builder-grid-row &gt; *:last-child{grid-column:1 / -1;}}.ast-builder-layout-element[data-section="title_tagline"]{display:flex;}@media (max-width:921px){.ast-header-break-point .ast-builder-layout-element[data-section="title_tagline"]{display:flex;}}@media (max-width:544px){.ast-header-break-point .ast-builder-layout-element[data-section="title_tagline"]{display:flex;}}.ast-builder-menu-1{font-family:inherit;font-weight:normal;}.ast-builder-menu-1 .menu-item.current-menu-item &gt; .menu-link,.ast-builder-menu-1 .inline-on-mobile .menu-item.current-menu-item &gt; .ast-menu-toggle,.ast-builder-menu-1 .current-menu-ancestor &gt; .menu-link{color:#602bb7;}.ast-builder-menu-1 .menu-item.current-menu-item &gt; .ast-menu-toggle{color:#602bb7;}.ast-builder-menu-1 .sub-menu,.ast-builder-menu-1 .inline-on-mobile .sub-menu{border-top-width:1px;border-bottom-width:1px;border-right-width:1px;border-left-width:1px;border-color:#dddddd;border-style:solid;border-radius:0;}.ast-builder-menu-1 .main-header-menu &gt; .menu-item &gt; .sub-menu,.ast-builder-menu-1 .main-header-menu &gt; .menu-item &gt; .astra-full-megamenu-wrapper{margin-top:0;}.ast-desktop .ast-builder-menu-1 .main-header-menu &gt; .menu-item &gt; .sub-menu:before,.ast-desktop .ast-builder-menu-1 .main-header-menu &gt; .menu-item &gt; .astra-full-megamenu-wrapper:before{height:calc( 0px + 5px );}.ast-desktop .ast-builder-menu-1 .menu-item .sub-menu .menu-link{border-bottom-width:1px;border-color:#eaeaea;border-style:solid;}.ast-desktop .ast-builder-menu-1 .menu-item .sub-menu .menu-item:last-child .menu-link{border-bottom-width:0;}@media (max-width:921px){.ast-header-break-point .ast-builder-menu-1 .menu-item.menu-item-has-children &gt; .ast-menu-toggle{top:0;}.ast-builder-menu-1 .menu-item-has-children &gt; .menu-link:after{content:unset;}}@media (max-width:544px){.ast-header-break-point .ast-builder-menu-1 .menu-item.menu-item-has-children &gt; .ast-menu-toggle{top:0;}}.ast-builder-menu-1{display:flex;}@media (max-width:921px){.ast-header-break-point .ast-builder-menu-1{display:flex;}}@media (max-width:544px){.ast-header-break-point .ast-builder-menu-1{display:flex;}}.ast-site-header-cart .ast-cart-menu-wrap,.ast-site-header-cart .ast-addon-cart-wrap{color:#d2d2d2;}.ast-site-header-cart .ast-cart-menu-wrap .count,.ast-site-header-cart .ast-cart-menu-wrap .count:after,.ast-site-header-cart .ast-addon-cart-wrap .count,.ast-site-header-cart .ast-addon-cart-wrap .ast-icon-shopping-cart:after{color:#d2d2d2;border-color:#d2d2d2;}.ast-site-header-cart .ast-addon-cart-wrap .ast-icon-shopping-cart:after{color:#ffffff;background-color:#d2d2d2;}.ast-site-header-cart .ast-woo-header-cart-info-wrap{color:#d2d2d2;}.ast-site-header-cart .ast-addon-cart-wrap i.astra-icon:after{color:#ffffff;background-color:#d2d2d2;}.ast-theme-transparent-header .ast-site-header-cart .ast-cart-menu-wrap,.ast-theme-transparent-header .ast-site-header-cart .ast-addon-cart-wrap{color:#d2d2d2;}.ast-theme-transparent-header .ast-site-header-cart .ast-cart-menu-wrap .count,.ast-theme-transparent-header .ast-site-header-cart .ast-cart-menu-wrap .count:after,.ast-theme-transparent-header .ast-site-header-cart .ast-addon-cart-wrap .count,.ast-theme-transparent-header .ast-site-header-cart .ast-addon-cart-wrap .ast-icon-shopping-cart:after{color:#d2d2d2;border-color:#d2d2d2;}.ast-theme-transparent-header .ast-site-header-cart .ast-addon-cart-wrap .ast-icon-shopping-cart:after{color:#ffffff;background-color:#d2d2d2;}.ast-theme-transparent-header .ast-site-header-cart .ast-woo-header-cart-info-wrap{color:#d2d2d2;}.ast-theme-transparent-header .ast-site-header-cart .ast-addon-cart-wrap i.astra-icon:after{color:#ffffff;background-color:#d2d2d2;}#ast-site-header-cart .widget_shopping_cart .mini_cart_item{border-bottom-color:rgb(0,0,0);}@media (max-width:921px){#astra-mobile-cart-drawer .widget_shopping_cart .mini_cart_item{border-bottom-color:rgb(0,0,0);}}@media (max-width:544px){#astra-mobile-cart-drawer .widget_shopping_cart .mini_cart_item{border-bottom-color:rgb(0,0,0);}}.ast-site-header-cart .ast-cart-menu-wrap,.ast-site-header-cart .ast-addon-cart-wrap{color:#d2d2d2;}.ast-site-header-cart .ast-cart-menu-wrap:hover .count,.ast-site-header-cart .ast-addon-cart-wrap:hover .count{color:#000000;background-color:#d2d2d2;}.ast-menu-cart-outline .ast-cart-menu-wrap .count,.ast-menu-cart-outline .ast-addon-cart-wrap{color:#d2d2d2;}.ast-site-header-cart .ast-menu-cart-outline .ast-woo-header-cart-info-wrap{color:#d2d2d2;}.ast-menu-cart-fill .ast-cart-menu-wrap .count,.ast-menu-cart-fill .ast-cart-menu-wrap,.ast-menu-cart-fill .ast-addon-cart-wrap .ast-woo-header-cart-info-wrap,.ast-menu-cart-fill .ast-addon-cart-wrap{background-color:#d2d2d2;color:#000000;}.ast-theme-transparent-header .ast-site-header-cart .ast-cart-menu-wrap,.ast-theme-transparent-header .ast-site-header-cart .ast-addon-cart-wrap{color:#d2d2d2;}.ast-theme-transparent-header .ast-site-header-cart .ast-cart-menu-wrap:hover .count,.ast-theme-transparent-header .ast-site-header-cart .ast-addon-cart-wrap:hover .count{color:#000000;background-color:#d2d2d2;}.ast-theme-transparent-header .ast-menu-cart-outline .ast-cart-menu-wrap .count,.ast-theme-transparent-header .ast-menu-cart-outline .ast-addon-cart-wrap{color:#d2d2d2;}.ast-theme-transparent-header .ast-site-header-cart .ast-menu-cart-outline .ast-woo-header-cart-info-wrap{color:#d2d2d2;}.ast-theme-transparent-header .ast-menu-cart-fill .ast-cart-menu-wrap .count,.ast-theme-transparent-header .ast-menu-cart-fill .ast-cart-menu-wrap,.ast-theme-transparent-header .ast-menu-cart-fill .ast-addon-cart-wrap .ast-woo-header-cart-info-wrap,.ast-theme-transparent-header .ast-menu-cart-fill .ast-addon-cart-wrap{background-color:#d2d2d2;color:#000000;}.ast-site-header-cart.ast-menu-cart-outline .ast-cart-menu-wrap,.ast-site-header-cart.ast-menu-cart-fill .ast-cart-menu-wrap,.ast-site-header-cart.ast-menu-cart-outline .ast-cart-menu-wrap .count,.ast-site-header-cart.ast-menu-cart-fill .ast-cart-menu-wrap .count,.ast-site-header-cart.ast-menu-cart-outline .ast-addon-cart-wrap,.ast-site-header-cart.ast-menu-cart-fill .ast-addon-cart-wrap,.ast-site-header-cart.ast-menu-cart-outline .ast-woo-header-cart-info-wrap,.ast-site-header-cart.ast-menu-cart-fill .ast-woo-header-cart-info-wrap{border-radius:3px;}.ast-header-woo-cart{display:flex;}@media (max-width:921px){.ast-header-break-point .ast-header-woo-cart{display:flex;}}@media (max-width:544px){.ast-header-break-point .ast-header-woo-cart{display:none;}}.site-below-footer-wrap{padding-top:20px;padding-bottom:20px;}.site-below-footer-wrap[data-section="section-below-footer-builder"]{background-color:#ffffff;;background-image:none;;min-height:80px;border-style:solid;border-width:0px;border-top-width:1px;border-top-color:rgba(122,122,122,0.13);}.site-below-footer-wrap[data-section="section-below-footer-builder"] .ast-builder-grid-row{max-width:1200px;margin-left:auto;margin-right:auto;}.site-below-footer-wrap[data-section="section-below-footer-builder"] .ast-builder-grid-row,.site-below-footer-wrap[data-section="section-below-footer-builder"] .site-footer-section{align-items:flex-start;}.site-below-footer-wrap[data-section="section-below-footer-builder"].ast-footer-row-inline .site-footer-section{display:flex;margin-bottom:0;}.ast-builder-grid-row-2-equal .ast-builder-grid-row{grid-template-columns:repeat( 2,1fr );}@media (max-width:921px){.site-below-footer-wrap[data-section="section-below-footer-builder"].ast-footer-row-tablet-inline .site-footer-section{display:flex;margin-bottom:0;}.site-below-footer-wrap[data-section="section-below-footer-builder"].ast-footer-row-tablet-stack .site-footer-section{display:block;margin-bottom:10px;}.ast-builder-grid-row-container.ast-builder-grid-row-tablet-2-equal .ast-builder-grid-row{grid-template-columns:repeat( 2,1fr );}}@media (max-width:544px){.site-below-footer-wrap[data-section="section-below-footer-builder"].ast-footer-row-mobile-inline .site-footer-section{display:flex;margin-bottom:0;}.site-below-footer-wrap[data-section="section-below-footer-builder"].ast-footer-row-mobile-stack .site-footer-section{display:block;margin-bottom:10px;}.ast-builder-grid-row-container.ast-builder-grid-row-mobile-full .ast-builder-grid-row{grid-template-columns:1fr;}}@media (max-width:921px){.site-below-footer-wrap[data-section="section-below-footer-builder"]{padding-left:30px;padding-right:30px;}}.site-below-footer-wrap[data-section="section-below-footer-builder"]{display:grid;}@media (max-width:921px){.ast-header-break-point .site-below-footer-wrap[data-section="section-below-footer-builder"]{display:grid;}}@media (max-width:544px){.ast-header-break-point .site-below-footer-wrap[data-section="section-below-footer-builder"]{display:grid;}}.ast-builder-html-element img.alignnone{display:inline-block;}.ast-builder-html-element p:first-child{margin-top:0;}.ast-builder-html-element p:last-child{margin-bottom:0;}.ast-header-break-point .main-header-bar .ast-builder-html-element{line-height:1.85714285714286;}.footer-widget-area[data-section="section-fb-html-1"]{display:block;}@media (max-width:921px){.ast-header-break-point .footer-widget-area[data-section="section-fb-html-1"]{display:block;}}@media (max-width:544px){.ast-header-break-point .footer-widget-area[data-section="section-fb-html-1"]{display:block;}}.footer-widget-area[data-section="section-fb-html-1"] .ast-builder-html-element{text-align:right;}@media (max-width:921px){.footer-widget-area[data-section="section-fb-html-1"] .ast-builder-html-element{text-align:right;}}@media (max-width:544px){.footer-widget-area[data-section="section-fb-html-1"] .ast-builder-html-element{text-align:center;}}.ast-footer-copyright{text-align:left;}.ast-footer-copyright {color:#000000;}@media (max-width:921px){.ast-footer-copyright{text-align:left;}}@media (max-width:544px){.ast-footer-copyright{text-align:center;}}.ast-footer-copyright.ast-builder-layout-element{display:flex;}@media (max-width:921px){.ast-header-break-point .ast-footer-copyright.ast-builder-layout-element{display:flex;}}@media (max-width:544px){.ast-header-break-point .ast-footer-copyright.ast-builder-layout-element{display:flex;}}.site-footer{background-color:#ffffff;;background-image:none;;}.site-primary-footer-wrap{padding-top:45px;padding-bottom:45px;}.site-primary-footer-wrap[data-section="section-primary-footer-builder"]{background-color:#ffffff;;background-image:none;;}.site-primary-footer-wrap[data-section="section-primary-footer-builder"] .ast-builder-grid-row{grid-column-gap:200px;max-width:1200px;margin-left:auto;margin-right:auto;}.site-primary-footer-wrap[data-section="section-primary-footer-builder"] .ast-builder-grid-row,.site-primary-footer-wrap[data-section="section-primary-footer-builder"] .site-footer-section{align-items:flex-start;}.site-primary-footer-wrap[data-section="section-primary-footer-builder"].ast-footer-row-inline .site-footer-section{display:flex;margin-bottom:0;}.ast-builder-grid-row-4-equal .ast-builder-grid-row{grid-template-columns:repeat( 4,1fr );}@media (max-width:921px){.site-primary-footer-wrap[data-section="section-primary-footer-builder"].ast-footer-row-tablet-inline .site-footer-section{display:flex;margin-bottom:0;}.site-primary-footer-wrap[data-section="section-primary-footer-builder"].ast-footer-row-tablet-stack .site-footer-section{display:block;margin-bottom:10px;}.ast-builder-grid-row-container.ast-builder-grid-row-tablet-4-equal .ast-builder-grid-row{grid-template-columns:repeat( 4,1fr );}}@media (max-width:544px){.site-primary-footer-wrap[data-section="section-primary-footer-builder"].ast-footer-row-mobile-inline .site-footer-section{display:flex;margin-bottom:0;}.site-primary-footer-wrap[data-section="section-primary-footer-builder"].ast-footer-row-mobile-stack .site-footer-section{display:block;margin-bottom:10px;}.ast-builder-grid-row-container.ast-builder-grid-row-mobile-full .ast-builder-grid-row{grid-template-columns:1fr;}}.site-primary-footer-wrap[data-section="section-primary-footer-builder"]{padding-top:55px;padding-bottom:55px;}@media (max-width:921px){.site-primary-footer-wrap[data-section="section-primary-footer-builder"]{padding-left:30px;padding-right:30px;}}@media (max-width:544px){.site-primary-footer-wrap[data-section="section-primary-footer-builder"]{padding-top:40px;padding-bottom:20px;}}.site-primary-footer-wrap[data-section="section-primary-footer-builder"]{display:grid;}@media (max-width:921px){.ast-header-break-point .site-primary-footer-wrap[data-section="section-primary-footer-builder"]{display:grid;}}@media (max-width:544px){.ast-header-break-point .site-primary-footer-wrap[data-section="section-primary-footer-builder"]{display:grid;}}.footer-widget-area[data-section="sidebar-widgets-footer-widget-1"] .footer-widget-area-inner{text-align:left;}@media (max-width:921px){.footer-widget-area[data-section="sidebar-widgets-footer-widget-1"] .footer-widget-area-inner{text-align:left;}}@media (max-width:544px){.footer-widget-area[data-section="sidebar-widgets-footer-widget-1"] .footer-widget-area-inner{text-align:center;}}.footer-widget-area[data-section="sidebar-widgets-footer-widget-1"] .footer-widget-area-inner{color:#434343;}.footer-widget-area[data-section="sidebar-widgets-footer-widget-1"] .footer-widget-area-inner a{color:#434343;}.footer-widget-area[data-section="sidebar-widgets-footer-widget-1"] .footer-widget-area-inner a:hover{color:#3197d6;}.footer-widget-area[data-section="sidebar-widgets-footer-widget-1"] .widget-title{color:#000000;}.footer-widget-area[data-section="sidebar-widgets-footer-widget-1"]{display:block;}@media (max-width:921px){.ast-header-break-point .footer-widget-area[data-section="sidebar-widgets-footer-widget-1"]{display:block;}}@media (max-width:544px){.ast-header-break-point .footer-widget-area[data-section="sidebar-widgets-footer-widget-1"]{display:block;}}.footer-widget-area[data-section="sidebar-widgets-footer-widget-2"] .footer-widget-area-inner{color:#434343;}.footer-widget-area[data-section="sidebar-widgets-footer-widget-2"] .footer-widget-area-inner a{color:#434343;}.footer-widget-area[data-section="sidebar-widgets-footer-widget-2"] .footer-widget-area-inner a:hover{color:#3197d6;}.footer-widget-area[data-section="sidebar-widgets-footer-widget-2"] .widget-title{color:#000000;}.footer-widget-area[data-section="sidebar-widgets-footer-widget-2"]{display:block;}@media (max-width:921px){.ast-header-break-point .footer-widget-area[data-section="sidebar-widgets-footer-widget-2"]{display:block;}}@media (max-width:544px){.ast-header-break-point .footer-widget-area[data-section="sidebar-widgets-footer-widget-2"]{display:block;}}.footer-widget-area[data-section="sidebar-widgets-footer-widget-3"] .footer-widget-area-inner{color:#434343;}.footer-widget-area[data-section="sidebar-widgets-footer-widget-3"] .footer-widget-area-inner a{color:#434343;}.footer-widget-area[data-section="sidebar-widgets-footer-widget-3"] .footer-widget-area-inner a:hover{color:#3197d6;}.footer-widget-area[data-section="sidebar-widgets-footer-widget-3"] .widget-title{color:#000000;}.footer-widget-area[data-section="sidebar-widgets-footer-widget-3"]{display:block;}@media (max-width:921px){.ast-header-break-point .footer-widget-area[data-section="sidebar-widgets-footer-widget-3"]{display:block;}}@media (max-width:544px){.ast-header-break-point .footer-widget-area[data-section="sidebar-widgets-footer-widget-3"]{display:block;}}.footer-widget-area[data-section="sidebar-widgets-footer-widget-4"] .footer-widget-area-inner{color:#434343;}.footer-widget-area[data-section="sidebar-widgets-footer-widget-4"] .footer-widget-area-inner a{color:#434343;}.footer-widget-area[data-section="sidebar-widgets-footer-widget-4"] .footer-widget-area-inner a:hover{color:#3197d6;}.footer-widget-area[data-section="sidebar-widgets-footer-widget-4"] .widget-title{color:#000000;}.footer-widget-area[data-section="sidebar-widgets-footer-widget-4"]{display:block;}@media (max-width:921px){.ast-header-break-point .footer-widget-area[data-section="sidebar-widgets-footer-widget-4"]{display:block;}}@media (max-width:544px){.ast-header-break-point .footer-widget-area[data-section="sidebar-widgets-footer-widget-4"]{display:block;}}.footer-widget-area[data-section="sidebar-widgets-footer-widget-2"] .footer-widget-area-inner{text-align:left;}@media (max-width:921px){.footer-widget-area[data-section="sidebar-widgets-footer-widget-2"] .footer-widget-area-inner{text-align:left;}}@media (max-width:544px){.footer-widget-area[data-section="sidebar-widgets-footer-widget-2"] .footer-widget-area-inner{text-align:center;}}.footer-widget-area[data-section="sidebar-widgets-footer-widget-1"] .footer-widget-area-inner{color:#434343;}.footer-widget-area[data-section="sidebar-widgets-footer-widget-1"] .footer-widget-area-inner a{color:#434343;}.footer-widget-area[data-section="sidebar-widgets-footer-widget-1"] .footer-widget-area-inner a:hover{color:#3197d6;}.footer-widget-area[data-section="sidebar-widgets-footer-widget-1"] .widget-title{color:#000000;}.footer-widget-area[data-section="sidebar-widgets-footer-widget-1"]{display:block;}@media (max-width:921px){.ast-header-break-point .footer-widget-area[data-section="sidebar-widgets-footer-widget-1"]{display:block;}}@media (max-width:544px){.ast-header-break-point .footer-widget-area[data-section="sidebar-widgets-footer-widget-1"]{display:block;}}.footer-widget-area[data-section="sidebar-widgets-footer-widget-2"] .footer-widget-area-inner{color:#434343;}.footer-widget-area[data-section="sidebar-widgets-footer-widget-2"] .footer-widget-area-inner a{color:#434343;}.footer-widget-area[data-section="sidebar-widgets-footer-widget-2"] .footer-widget-area-inner a:hover{color:#3197d6;}.footer-widget-area[data-section="sidebar-widgets-footer-widget-2"] .widget-title{color:#000000;}.footer-widget-area[data-section="sidebar-widgets-footer-widget-2"]{display:block;}@media (max-width:921px){.ast-header-break-point .footer-widget-area[data-section="sidebar-widgets-footer-widget-2"]{display:block;}}@media (max-width:544px){.ast-header-break-point .footer-widget-area[data-section="sidebar-widgets-footer-widget-2"]{display:block;}}.footer-widget-area[data-section="sidebar-widgets-footer-widget-3"] .footer-widget-area-inner{color:#434343;}.footer-widget-area[data-section="sidebar-widgets-footer-widget-3"] .footer-widget-area-inner a{color:#434343;}.footer-widget-area[data-section="sidebar-widgets-footer-widget-3"] .footer-widget-area-inner a:hover{color:#3197d6;}.footer-widget-area[data-section="sidebar-widgets-footer-widget-3"] .widget-title{color:#000000;}.footer-widget-area[data-section="sidebar-widgets-footer-widget-3"]{display:block;}@media (max-width:921px){.ast-header-break-point .footer-widget-area[data-section="sidebar-widgets-footer-widget-3"]{display:block;}}@media (max-width:544px){.ast-header-break-point .footer-widget-area[data-section="sidebar-widgets-footer-widget-3"]{display:block;}}.footer-widget-area[data-section="sidebar-widgets-footer-widget-4"] .footer-widget-area-inner{color:#434343;}.footer-widget-area[data-section="sidebar-widgets-footer-widget-4"] .footer-widget-area-inner a{color:#434343;}.footer-widget-area[data-section="sidebar-widgets-footer-widget-4"] .footer-widget-area-inner a:hover{color:#3197d6;}.footer-widget-area[data-section="sidebar-widgets-footer-widget-4"] .widget-title{color:#000000;}.footer-widget-area[data-section="sidebar-widgets-footer-widget-4"]{display:block;}@media (max-width:921px){.ast-header-break-point .footer-widget-area[data-section="sidebar-widgets-footer-widget-4"]{display:block;}}@media (max-width:544px){.ast-header-break-point .footer-widget-area[data-section="sidebar-widgets-footer-widget-4"]{display:block;}}.footer-widget-area[data-section="sidebar-widgets-footer-widget-3"] .footer-widget-area-inner{text-align:left;}@media (max-width:921px){.footer-widget-area[data-section="sidebar-widgets-footer-widget-3"] .footer-widget-area-inner{text-align:left;}}@media (max-width:544px){.footer-widget-area[data-section="sidebar-widgets-footer-widget-3"] .footer-widget-area-inner{text-align:center;}}.footer-widget-area[data-section="sidebar-widgets-footer-widget-1"] .footer-widget-area-inner{color:#434343;}.footer-widget-area[data-section="sidebar-widgets-footer-widget-1"] .footer-widget-area-inner a{color:#434343;}.footer-widget-area[data-section="sidebar-widgets-footer-widget-1"] .footer-widget-area-inner a:hover{color:#3197d6;}.footer-widget-area[data-section="sidebar-widgets-footer-widget-1"] .widget-title{color:#000000;}.footer-widget-area[data-section="sidebar-widgets-footer-widget-1"]{display:block;}@media (max-width:921px){.ast-header-break-point .footer-widget-area[data-section="sidebar-widgets-footer-widget-1"]{display:block;}}@media (max-width:544px){.ast-header-break-point .footer-widget-area[data-section="sidebar-widgets-footer-widget-1"]{display:block;}}.footer-widget-area[data-section="sidebar-widgets-footer-widget-2"] .footer-widget-area-inner{color:#434343;}.footer-widget-area[data-section="sidebar-widgets-footer-widget-2"] .footer-widget-area-inner a{color:#434343;}.footer-widget-area[data-section="sidebar-widgets-footer-widget-2"] .footer-widget-area-inner a:hover{color:#3197d6;}.footer-widget-area[data-section="sidebar-widgets-footer-widget-2"] .widget-title{color:#000000;}.footer-widget-area[data-section="sidebar-widgets-footer-widget-2"]{display:block;}@media (max-width:921px){.ast-header-break-point .footer-widget-area[data-section="sidebar-widgets-footer-widget-2"]{display:block;}}@media (max-width:544px){.ast-header-break-point .footer-widget-area[data-section="sidebar-widgets-footer-widget-2"]{display:block;}}.footer-widget-area[data-section="sidebar-widgets-footer-widget-3"] .footer-widget-area-inner{color:#434343;}.footer-widget-area[data-section="sidebar-widgets-footer-widget-3"] .footer-widget-area-inner a{color:#434343;}.footer-widget-area[data-section="sidebar-widgets-footer-widget-3"] .footer-widget-area-inner a:hover{color:#3197d6;}.footer-widget-area[data-section="sidebar-widgets-footer-widget-3"] .widget-title{color:#000000;}.footer-widget-area[data-section="sidebar-widgets-footer-widget-3"]{display:block;}@media (max-width:921px){.ast-header-break-point .footer-widget-area[data-section="sidebar-widgets-footer-widget-3"]{display:block;}}@media (max-width:544px){.ast-header-break-point .footer-widget-area[data-section="sidebar-widgets-footer-widget-3"]{display:block;}}.footer-widget-area[data-section="sidebar-widgets-footer-widget-4"] .footer-widget-area-inner{color:#434343;}.footer-widget-area[data-section="sidebar-widgets-footer-widget-4"] .footer-widget-area-inner a{color:#434343;}.footer-widget-area[data-section="sidebar-widgets-footer-widget-4"] .footer-widget-area-inner a:hover{color:#3197d6;}.footer-widget-area[data-section="sidebar-widgets-footer-widget-4"] .widget-title{color:#000000;}.footer-widget-area[data-section="sidebar-widgets-footer-widget-4"]{display:block;}@media (max-width:921px){.ast-header-break-point .footer-widget-area[data-section="sidebar-widgets-footer-widget-4"]{display:block;}}@media (max-width:544px){.ast-header-break-point .footer-widget-area[data-section="sidebar-widgets-footer-widget-4"]{display:block;}}.footer-widget-area[data-section="sidebar-widgets-footer-widget-4"] .footer-widget-area-inner{text-align:left;}@media (max-width:921px){.footer-widget-area[data-section="sidebar-widgets-footer-widget-4"] .footer-widget-area-inner{text-align:left;}}@media (max-width:544px){.footer-widget-area[data-section="sidebar-widgets-footer-widget-4"] .footer-widget-area-inner{text-align:center;}}.footer-widget-area[data-section="sidebar-widgets-footer-widget-1"] .footer-widget-area-inner{color:#434343;}.footer-widget-area[data-section="sidebar-widgets-footer-widget-1"] .footer-widget-area-inner a{color:#434343;}.footer-widget-area[data-section="sidebar-widgets-footer-widget-1"] .footer-widget-area-inner a:hover{color:#3197d6;}.footer-widget-area[data-section="sidebar-widgets-footer-widget-1"] .widget-title{color:#000000;}.footer-widget-area[data-section="sidebar-widgets-footer-widget-1"]{display:block;}@media (max-width:921px){.ast-header-break-point .footer-widget-area[data-section="sidebar-widgets-footer-widget-1"]{display:block;}}@media (max-width:544px){.ast-header-break-point .footer-widget-area[data-section="sidebar-widgets-footer-widget-1"]{display:block;}}.footer-widget-area[data-section="sidebar-widgets-footer-widget-2"] .footer-widget-area-inner{color:#434343;}.footer-widget-area[data-section="sidebar-widgets-footer-widget-2"] .footer-widget-area-inner a{color:#434343;}.footer-widget-area[data-section="sidebar-widgets-footer-widget-2"] .footer-widget-area-inner a:hover{color:#3197d6;}.footer-widget-area[data-section="sidebar-widgets-footer-widget-2"] .widget-title{color:#000000;}.footer-widget-area[data-section="sidebar-widgets-footer-widget-2"]{display:block;}@media (max-width:921px){.ast-header-break-point .footer-widget-area[data-section="sidebar-widgets-footer-widget-2"]{display:block;}}@media (max-width:544px){.ast-header-break-point .footer-widget-area[data-section="sidebar-widgets-footer-widget-2"]{display:block;}}.footer-widget-area[data-section="sidebar-widgets-footer-widget-3"] .footer-widget-area-inner{color:#434343;}.footer-widget-area[data-section="sidebar-widgets-footer-widget-3"] .footer-widget-area-inner a{color:#434343;}.footer-widget-area[data-section="sidebar-widgets-footer-widget-3"] .footer-widget-area-inner a:hover{color:#3197d6;}.footer-widget-area[data-section="sidebar-widgets-footer-widget-3"] .widget-title{color:#000000;}.footer-widget-area[data-section="sidebar-widgets-footer-widget-3"]{display:block;}@media (max-width:921px){.ast-header-break-point .footer-widget-area[data-section="sidebar-widgets-footer-widget-3"]{display:block;}}@media (max-width:544px){.ast-header-break-point .footer-widget-area[data-section="sidebar-widgets-footer-widget-3"]{display:block;}}.footer-widget-area[data-section="sidebar-widgets-footer-widget-4"] .footer-widget-area-inner{color:#434343;}.footer-widget-area[data-section="sidebar-widgets-footer-widget-4"] .footer-widget-area-inner a{color:#434343;}.footer-widget-area[data-section="sidebar-widgets-footer-widget-4"] .footer-widget-area-inner a:hover{color:#3197d6;}.footer-widget-area[data-section="sidebar-widgets-footer-widget-4"] .widget-title{color:#000000;}.footer-widget-area[data-section="sidebar-widgets-footer-widget-4"]{display:block;}@media (max-width:921px){.ast-header-break-point .footer-widget-area[data-section="sidebar-widgets-footer-widget-4"]{display:block;}}@media (max-width:544px){.ast-header-break-point .footer-widget-area[data-section="sidebar-widgets-footer-widget-4"]{display:block;}}.ast-header-break-point .main-header-bar{border-bottom-width:1px;}@media (min-width:922px){.main-header-bar{border-bottom-width:1px;}}.ast-flex{-webkit-align-content:center;-ms-flex-line-pack:center;align-content:center;-webkit-box-align:center;-webkit-align-items:center;-moz-box-align:center;-ms-flex-align:center;align-items:center;}.main-header-bar{padding:1em 0;}.ast-site-identity{padding:0;}.header-main-layout-1 .ast-flex.main-header-container, .header-main-layout-3 .ast-flex.main-header-container{-webkit-align-content:center;-ms-flex-line-pack:center;align-content:center;-webkit-box-align:center;-webkit-align-items:center;-moz-box-align:center;-ms-flex-align:center;align-items:center;}.header-main-layout-1 .ast-flex.main-header-container, .header-main-layout-3 .ast-flex.main-header-container{-webkit-align-content:center;-ms-flex-line-pack:center;align-content:center;-webkit-box-align:center;-webkit-align-items:center;-moz-box-align:center;-ms-flex-align:center;align-items:center;}.main-header-menu .sub-menu .menu-item.menu-item-has-children &gt; .menu-link:after{position:absolute;right:1em;top:50%;transform:translate(0,-50%) rotate(270deg);}.ast-header-break-point .main-header-bar .main-header-bar-navigation .page_item_has_children &gt; .ast-menu-toggle::before, .ast-header-break-point .main-header-bar .main-header-bar-navigation .menu-item-has-children &gt; .ast-menu-toggle::before, .ast-mobile-popup-drawer .main-header-bar-navigation .menu-item-has-children&gt;.ast-menu-toggle::before, .ast-header-break-point .ast-mobile-header-wrap .main-header-bar-navigation .menu-item-has-children &gt; .ast-menu-toggle::before{font-weight:bold;content:"\e900";font-family:Astra;text-decoration:inherit;display:inline-block;}.ast-header-break-point .main-navigation ul.sub-menu .menu-item .menu-link:before{content:"\e900";font-family:Astra;font-size:.65em;text-decoration:inherit;display:inline-block;transform:translate(0, -2px) rotateZ(270deg);margin-right:5px;}.widget_search .search-form:after{font-family:Astra;font-size:1.2em;font-weight:normal;content:"\e8b6";position:absolute;top:50%;right:15px;transform:translate(0, -50%);}.astra-search-icon::before{content:"\e8b6";font-family:Astra;font-style:normal;font-weight:normal;text-decoration:inherit;text-align:center;-webkit-font-smoothing:antialiased;-moz-osx-font-smoothing:grayscale;}.main-header-bar .main-header-bar-navigation .page_item_has_children &gt; a:after, .main-header-bar .main-header-bar-navigation .menu-item-has-children &gt; a:after, .site-header-focus-item .main-header-bar-navigation .menu-item-has-children &gt; .menu-link:after{content:"\e900";display:inline-block;font-family:Astra;font-size:.6rem;font-weight:bold;text-rendering:auto;-webkit-font-smoothing:antialiased;-moz-osx-font-smoothing:grayscale;margin-left:10px;line-height:normal;}.ast-mobile-popup-drawer .main-header-bar-navigation .ast-submenu-expanded&gt;.ast-menu-toggle::before{transform:rotateX(180deg);}.ast-header-break-point .main-header-bar-navigation .menu-item-has-children &gt; .menu-link:after{display:none;}.ast-separate-container .blog-layout-1, .ast-separate-container .blog-layout-2, .ast-separate-container .blog-layout-3{background-color:transparent;background-image:none;}.ast-separate-container .ast-article-post{background-color:#ffffff;;}.ast-separate-container .ast-article-single:not(.ast-related-post), .ast-separate-container .comments-area .comment-respond,.ast-separate-container .comments-area .ast-comment-list li, .ast-separate-container .ast-woocommerce-container, .ast-separate-container .error-404, .ast-separate-container .no-results, .single.ast-separate-container .ast-author-meta, .ast-separate-container .related-posts-title-wrapper, .ast-separate-container.ast-two-container #secondary .widget,.ast-separate-container .comments-count-wrapper, .ast-box-layout.ast-plain-container .site-content,.ast-padded-layout.ast-plain-container .site-content, .ast-separate-container .comments-area .comments-title{background-color:#ffffff;;}.ast-mobile-header-content &gt; *,.ast-desktop-header-content &gt; * {padding: 10px 0;height: auto;}.ast-mobile-header-content &gt; *:first-child,.ast-desktop-header-content &gt; *:first-child {padding-top: 10px;}.ast-mobile-header-content &gt; .ast-builder-menu,.ast-desktop-header-content &gt; .ast-builder-menu {padding-top: 0;}.ast-mobile-header-content &gt; *:last-child,.ast-desktop-header-content &gt; *:last-child {padding-bottom: 0;}.ast-mobile-header-content .ast-search-menu-icon.ast-inline-search label,.ast-desktop-header-content .ast-search-menu-icon.ast-inline-search label {width: 100%;}.ast-desktop-header-content .main-header-bar-navigation .ast-submenu-expanded &gt; .ast-menu-toggle::before {transform: rotateX(180deg);}#ast-desktop-header .ast-desktop-header-content,.ast-mobile-header-content .ast-search-icon,.ast-desktop-header-content .ast-search-icon,.ast-mobile-header-wrap .ast-mobile-header-content,.ast-main-header-nav-open.ast-popup-nav-open .ast-mobile-header-wrap .ast-mobile-header-content,.ast-main-header-nav-open.ast-popup-nav-open .ast-desktop-header-content {display: none;}.ast-main-header-nav-open.ast-header-break-point #ast-desktop-header .ast-desktop-header-content,.ast-main-header-nav-open.ast-header-break-point .ast-mobile-header-wrap .ast-mobile-header-content {display: block;}.ast-desktop .ast-desktop-header-content .astra-menu-animation-slide-up &gt; .menu-item &gt; .sub-menu,.ast-desktop .ast-desktop-header-content .astra-menu-animation-slide-up &gt; .menu-item .menu-item &gt; .sub-menu,.ast-desktop .ast-desktop-header-content .astra-menu-animation-slide-down &gt; .menu-item &gt; .sub-menu,.ast-desktop .ast-desktop-header-content .astra-menu-animation-slide-down &gt; .menu-item .menu-item &gt; .sub-menu,.ast-desktop .ast-desktop-header-content .astra-menu-animation-fade &gt; .menu-item &gt; .sub-menu,.ast-desktop .ast-desktop-header-content .astra-menu-animation-fade &gt; .menu-item .menu-item &gt; .sub-menu {opacity: 1;visibility: visible;}.ast-hfb-header.ast-default-menu-enable.ast-header-break-point .ast-mobile-header-wrap .ast-mobile-header-content .main-header-bar-navigation {width: unset;margin: unset;}.ast-mobile-header-content.content-align-flex-end .main-header-bar-navigation .menu-item-has-children &gt; .ast-menu-toggle,.ast-desktop-header-content.content-align-flex-end .main-header-bar-navigation .menu-item-has-children &gt; .ast-menu-toggle {left: calc( 20px - 0.907em);}.ast-mobile-header-content .ast-search-menu-icon,.ast-mobile-header-content .ast-search-menu-icon.slide-search,.ast-desktop-header-content .ast-search-menu-icon,.ast-desktop-header-content .ast-search-menu-icon.slide-search {width: 100%;position: relative;display: block;right: auto;transform: none;}.ast-mobile-header-content .ast-search-menu-icon.slide-search .search-form,.ast-mobile-header-content .ast-search-menu-icon .search-form,.ast-desktop-header-content .ast-search-menu-icon.slide-search .search-form,.ast-desktop-header-content .ast-search-menu-icon .search-form {right: 0;visibility: visible;opacity: 1;position: relative;top: auto;transform: none;padding: 0;display: block;overflow: hidden;}.ast-mobile-header-content .ast-search-menu-icon.ast-inline-search .search-field,.ast-mobile-header-content .ast-search-menu-icon .search-field,.ast-desktop-header-content .ast-search-menu-icon.ast-inline-search .search-field,.ast-desktop-header-content .ast-search-menu-icon .search-field {width: 100%;padding-right: 5.5em;}.ast-mobile-header-content .ast-search-menu-icon .search-submit,.ast-desktop-header-content .ast-search-menu-icon .search-submit {display: block;position: absolute;height: 100%;top: 0;right: 0;padding: 0 1em;border-radius: 0;}.ast-hfb-header.ast-default-menu-enable.ast-header-break-point .ast-mobile-header-wrap .ast-mobile-header-content .main-header-bar-navigation ul .sub-menu .menu-link {padding-left: 30px;}.ast-hfb-header.ast-default-menu-enable.ast-header-break-point .ast-mobile-header-wrap .ast-mobile-header-content .main-header-bar-navigation .sub-menu .menu-item .menu-item .menu-link {padding-left: 40px;}.ast-mobile-popup-drawer.active .ast-mobile-popup-inner{background-color:#ffffff;;}.ast-mobile-header-wrap .ast-mobile-header-content, .ast-desktop-header-content{background-color:#ffffff;;}.ast-mobile-popup-content &gt; *, .ast-mobile-header-content &gt; *, .ast-desktop-popup-content &gt; *, .ast-desktop-header-content &gt; *{padding-top:0;padding-bottom:0;}.content-align-flex-start .ast-builder-layout-element{justify-content:flex-start;}.content-align-flex-start .main-header-menu{text-align:left;}.ast-mobile-popup-drawer.active .menu-toggle-close{color:#3a3a3a;}.ast-mobile-header-wrap .ast-primary-header-bar,.ast-primary-header-bar .site-primary-header-wrap{min-height:70px;}.ast-desktop .ast-primary-header-bar .main-header-menu &gt; .menu-item{line-height:70px;}.ast-desktop .ast-primary-header-bar .ast-header-woo-cart,.ast-desktop .ast-primary-header-bar .ast-header-edd-cart{line-height:70px;}@media (max-width:921px){#masthead .ast-mobile-header-wrap .ast-primary-header-bar,#masthead .ast-mobile-header-wrap .ast-below-header-bar{padding-left:20px;padding-right:20px;}}.ast-header-break-point .ast-primary-header-bar{border-bottom-width:1px;border-bottom-style:solid;}@media (min-width:922px){.ast-primary-header-bar{border-bottom-width:1px;border-bottom-style:solid;}}.ast-primary-header-bar{background-color:#ffffff;;background-image:none;;}.ast-primary-header-bar{display:block;}@media (max-width:921px){.ast-header-break-point .ast-primary-header-bar{display:grid;}}@media (max-width:544px){.ast-header-break-point .ast-primary-header-bar{display:grid;}}[data-section="section-header-mobile-trigger"] .ast-button-wrap .ast-mobile-menu-trigger-minimal{color:#000000;border:none;background:transparent;}[data-section="section-header-mobile-trigger"] .ast-button-wrap .mobile-menu-toggle-icon .ast-mobile-svg{width:20px;height:20px;fill:#000000;}[data-section="section-header-mobile-trigger"] .ast-button-wrap .mobile-menu-wrap .mobile-menu{color:#000000;}
</style>
    <link id="astra-menu-animation-css" rel="stylesheet" href="https://askomdch.com/wp-content/themes/astra/assets/css/minified/menu-animation.min.css?ver=3.7.5" media="all"/>
    <link id="wp-block-library-css" rel="stylesheet" href="https://askomdch.com/wp-includes/css/dist/block-library/style.min.css?ver=5.8.1" media="all"/>
    <link id="wc-blocks-vendors-style-css" rel="stylesheet" href="https://askomdch.com/wp-content/plugins/woocommerce/packages/woocommerce-blocks/build/wc-blocks-vendors-style.css?ver=5.9.1" media="all"/>
    <link id="wc-blocks-style-css" rel="stylesheet" href="https://askomdch.com/wp-content/plugins/woocommerce/packages/woocommerce-blocks/build/wc-blocks-style.css?ver=5.9.1" media="all"/>
    <style id="global-styles-inline-css">
body{--wp--preset--color--black: #000000;--wp--preset--color--cyan-bluish-gray: #abb8c3;--wp--preset--color--white: #ffffff;--wp--preset--color--pale-pink: #f78da7;--wp--preset--color--vivid-red: #cf2e2e;--wp--preset--color--luminous-vivid-orange: #ff6900;--wp--preset--color--luminous-vivid-amber: #fcb900;--wp--preset--color--light-green-cyan: #7bdcb5;--wp--preset--color--vivid-green-cyan: #00d084;--wp--preset--color--pale-cyan-blue: #8ed1fc;--wp--preset--color--vivid-cyan-blue: #0693e3;--wp--preset--color--vivid-purple: #9b51e0;--wp--preset--color--ast-global-color-0: var(--ast-global-color-0);--wp--preset--color--ast-global-color-1: var(--ast-global-color-1);--wp--preset--color--ast-global-color-2: var(--ast-global-color-2);--wp--preset--color--ast-global-color-3: var(--ast-global-color-3);--wp--preset--color--ast-global-color-4: var(--ast-global-color-4);--wp--preset--color--ast-global-color-5: var(--ast-global-color-5);--wp--preset--color--ast-global-color-6: var(--ast-global-color-6);--wp--preset--color--ast-global-color-7: var(--ast-global-color-7);--wp--preset--color--ast-global-color-8: var(--ast-global-color-8);--wp--preset--gradient--vivid-cyan-blue-to-vivid-purple: linear-gradient(135deg,rgba(6,147,227,1) 0%,rgb(155,81,224) 100%);--wp--preset--gradient--light-green-cyan-to-vivid-green-cyan: linear-gradient(135deg,rgb(122,220,180) 0%,rgb(0,208,130) 100%);--wp--preset--gradient--luminous-vivid-amber-to-luminous-vivid-orange: linear-gradient(135deg,rgba(252,185,0,1) 0%,rgba(255,105,0,1) 100%);--wp--preset--gradient--luminous-vivid-orange-to-vivid-red: linear-gradient(135deg,rgba(255,105,0,1) 0%,rgb(207,46,46) 100%);--wp--preset--gradient--very-light-gray-to-cyan-bluish-gray: linear-gradient(135deg,rgb(238,238,238) 0%,rgb(169,184,195) 100%);--wp--preset--gradient--cool-to-warm-spectrum: linear-gradient(135deg,rgb(74,234,220) 0%,rgb(151,120,209) 20%,rgb(207,42,186) 40%,rgb(238,44,130) 60%,rgb(251,105,98) 80%,rgb(254,248,76) 100%);--wp--preset--gradient--blush-light-purple: linear-gradient(135deg,rgb(255,206,236) 0%,rgb(152,150,240) 100%);--wp--preset--gradient--blush-bordeaux: linear-gradient(135deg,rgb(254,205,165) 0%,rgb(254,45,45) 50%,rgb(107,0,62) 100%);--wp--preset--gradient--luminous-dusk: linear-gradient(135deg,rgb(255,203,112) 0%,rgb(199,81,192) 50%,rgb(65,88,208) 100%);--wp--preset--gradient--pale-ocean: linear-gradient(135deg,rgb(255,245,203) 0%,rgb(182,227,212) 50%,rgb(51,167,181) 100%);--wp--preset--gradient--electric-grass: linear-gradient(135deg,rgb(202,248,128) 0%,rgb(113,206,126) 100%);--wp--preset--gradient--midnight: linear-gradient(135deg,rgb(2,3,129) 0%,rgb(40,116,252) 100%);--wp--preset--font-size--small: 13px;--wp--preset--font-size--normal: 16px;--wp--preset--font-size--medium: 20px;--wp--preset--font-size--large: 36px;--wp--preset--font-size--huge: 42px;}.has-black-color{color: var(--wp--preset--color--black) !important;}.has-cyan-bluish-gray-color{color: var(--wp--preset--color--cyan-bluish-gray) !important;}.has-white-color{color: var(--wp--preset--color--white) !important;}.has-pale-pink-color{color: var(--wp--preset--color--pale-pink) !important;}.has-vivid-red-color{color: var(--wp--preset--color--vivid-red) !important;}.has-luminous-vivid-orange-color{color: var(--wp--preset--color--luminous-vivid-orange) !important;}.has-luminous-vivid-amber-color{color: var(--wp--preset--color--luminous-vivid-amber) !important;}.has-light-green-cyan-color{color: var(--wp--preset--color--light-green-cyan) !important;}.has-vivid-green-cyan-color{color: var(--wp--preset--color--vivid-green-cyan) !important;}.has-pale-cyan-blue-color{color: var(--wp--preset--color--pale-cyan-blue) !important;}.has-vivid-cyan-blue-color{color: var(--wp--preset--color--vivid-cyan-blue) !important;}.has-vivid-purple-color{color: var(--wp--preset--color--vivid-purple) !important;}.has-ast-global-color-0-color{color: var(--wp--preset--color--ast-global-color-0) !important;}.has-ast-global-color-1-color{color: var(--wp--preset--color--ast-global-color-1) !important;}.has-ast-global-color-2-color{color: var(--wp--preset--color--ast-global-color-2) !important;}.has-ast-global-color-3-color{color: var(--wp--preset--color--ast-global-color-3) !important;}.has-ast-global-color-4-color{color: var(--wp--preset--color--ast-global-color-4) !important;}.has-ast-global-color-5-color{color: var(--wp--preset--color--ast-global-color-5) !important;}.has-ast-global-color-6-color{color: var(--wp--preset--color--ast-global-color-6) !important;}.has-ast-global-color-7-color{color: var(--wp--preset--color--ast-global-color-7) !important;}.has-ast-global-color-8-color{color: var(--wp--preset--color--ast-global-color-8) !important;}.has-black-background-color{background-color: var(--wp--preset--color--black) !important;}.has-cyan-bluish-gray-background-color{background-color: var(--wp--preset--color--cyan-bluish-gray) !important;}.has-white-background-color{background-color: var(--wp--preset--color--white) !important;}.has-pale-pink-background-color{background-color: var(--wp--preset--color--pale-pink) !important;}.has-vivid-red-background-color{background-color: var(--wp--preset--color--vivid-red) !important;}.has-luminous-vivid-orange-background-color{background-color: var(--wp--preset--color--luminous-vivid-orange) !important;}.has-luminous-vivid-amber-background-color{background-color: var(--wp--preset--color--luminous-vivid-amber) !important;}.has-light-green-cyan-background-color{background-color: var(--wp--preset--color--light-green-cyan) !important;}.has-vivid-green-cyan-background-color{background-color: var(--wp--preset--color--vivid-green-cyan) !important;}.has-pale-cyan-blue-background-color{background-color: var(--wp--preset--color--pale-cyan-blue) !important;}.has-vivid-cyan-blue-background-color{background-color: var(--wp--preset--color--vivid-cyan-blue) !important;}.has-vivid-purple-background-color{background-color: var(--wp--preset--color--vivid-purple) !important;}.has-ast-global-color-0-background-color{background-color: var(--wp--preset--color--ast-global-color-0) !important;}.has-ast-global-color-1-background-color{background-color: var(--wp--preset--color--ast-global-color-1) !important;}.has-ast-global-color-2-background-color{background-color: var(--wp--preset--color--ast-global-color-2) !important;}.has-ast-global-color-3-background-color{background-color: var(--wp--preset--color--ast-global-color-3) !important;}.has-ast-global-color-4-background-color{background-color: var(--wp--preset--color--ast-global-color-4) !important;}.has-ast-global-color-5-background-color{background-color: var(--wp--preset--color--ast-global-color-5) !important;}.has-ast-global-color-6-background-color{background-color: var(--wp--preset--color--ast-global-color-6) !important;}.has-ast-global-color-7-background-color{background-color: var(--wp--preset--color--ast-global-color-7) !important;}.has-ast-global-color-8-background-color{background-color: var(--wp--preset--color--ast-global-color-8) !important;}.has-vivid-cyan-blue-to-vivid-purple-gradient-background{background: var(--wp--preset--gradient--vivid-cyan-blue-to-vivid-purple) !important;}.has-light-green-cyan-to-vivid-green-cyan-gradient-background{background: var(--wp--preset--gradient--light-green-cyan-to-vivid-green-cyan) !important;}.has-luminous-vivid-amber-to-luminous-vivid-orange-gradient-background{background: var(--wp--preset--gradient--luminous-vivid-amber-to-luminous-vivid-orange) !important;}.has-luminous-vivid-orange-to-vivid-red-gradient-background{background: var(--wp--preset--gradient--luminous-vivid-orange-to-vivid-red) !important;}.has-very-light-gray-to-cyan-bluish-gray-gradient-background{background: var(--wp--preset--gradient--very-light-gray-to-cyan-bluish-gray) !important;}.has-cool-to-warm-spectrum-gradient-background{background: var(--wp--preset--gradient--cool-to-warm-spectrum) !important;}.has-blush-light-purple-gradient-background{background: var(--wp--preset--gradient--blush-light-purple) !important;}.has-blush-bordeaux-gradient-background{background: var(--wp--preset--gradient--blush-bordeaux) !important;}.has-luminous-dusk-gradient-background{background: var(--wp--preset--gradient--luminous-dusk) !important;}.has-pale-ocean-gradient-background{background: var(--wp--preset--gradient--pale-ocean) !important;}.has-electric-grass-gradient-background{background: var(--wp--preset--gradient--electric-grass) !important;}.has-midnight-gradient-background{background: var(--wp--preset--gradient--midnight) !important;}.has-small-font-size{font-size: var(--wp--preset--font-size--small) !important;}.has-normal-font-size{font-size: var(--wp--preset--font-size--normal) !important;}.has-medium-font-size{font-size: var(--wp--preset--font-size--medium) !important;}.has-large-font-size{font-size: var(--wp--preset--font-size--large) !important;}.has-huge-font-size{font-size: var(--wp--preset--font-size--huge) !important;}
</style>
    <link id="woocommerce-layout-css" rel="stylesheet" href="https://askomdch.com/wp-content/themes/astra/assets/css/minified/compatibility/woocommerce/woocommerce-layout.min.css?ver=3.7.5" media="all"/>
    <link id="woocommerce-smallscreen-css" rel="stylesheet" href="https://askomdch.com/wp-content/themes/astra/assets/css/minified/compatibility/woocommerce/woocommerce-smallscreen.min.css?ver=3.7.5" media="only screen and (max-width: 921px)"/>
    <link id="woocommerce-general-css" rel="stylesheet" href="https://askomdch.com/wp-content/themes/astra/assets/css/minified/compatibility/woocommerce/woocommerce.min.css?ver=3.7.5" media="all"/>
    <style id="woocommerce-general-inline-css">
#customer_details h3:not(.elementor-widget-woocommerce-checkout-page h3){font-size:1.2rem;padding:20px 0 14px;margin:0 0 20px;border-bottom:1px solid #ebebeb;}form #order_review_heading:not(.elementor-widget-woocommerce-checkout-page #order_review_heading){border-width:2px 2px 0 2px;border-style:solid;font-size:1.2rem;margin:0;padding:1.5em 1.5em 1em;border-color:#ebebeb;}form #order_review:not(.elementor-widget-woocommerce-checkout-page #order_review){padding:0 2em;border-width:0 2px 2px;border-style:solid;border-color:#ebebeb;}ul#shipping_method li:not(.elementor-widget-woocommerce-cart #shipping_method li){margin:0;padding:0.25em 0 0.25em 22px;text-indent:-22px;list-style:none outside;}.woocommerce span.onsale, .wc-block-grid__product .wc-block-grid__product-onsale{background-color:#54595f;color:#ffffff;}.woocommerce a.button, .woocommerce button.button, .woocommerce .woocommerce-message a.button, .woocommerce #respond input#submit.alt, .woocommerce a.button.alt, .woocommerce button.button.alt, .woocommerce input.button.alt, .woocommerce input.button,.woocommerce input.button:disabled, .woocommerce input.button:disabled[disabled], .woocommerce input.button:disabled:hover, .woocommerce input.button:disabled[disabled]:hover, .woocommerce #respond input#submit, .woocommerce button.button.alt.disabled, .wc-block-grid__products .wc-block-grid__product .wp-block-button__link, .wc-block-grid__product-onsale{color:#ffffff;border-color:#3197d6;background-color:#3197d6;}.woocommerce a.button:hover, .woocommerce button.button:hover, .woocommerce .woocommerce-message a.button:hover,.woocommerce #respond input#submit:hover,.woocommerce #respond input#submit.alt:hover, .woocommerce a.button.alt:hover, .woocommerce button.button.alt:hover, .woocommerce input.button.alt:hover, .woocommerce input.button:hover, .woocommerce button.button.alt.disabled:hover, .wc-block-grid__products .wc-block-grid__product .wp-block-button__link:hover{color:#ffffff;border-color:#0084d6;background-color:#0084d6;}.woocommerce-message, .woocommerce-info{border-top-color:#4e4e4e;}.woocommerce-message::before,.woocommerce-info::before{color:#4e4e4e;}.woocommerce ul.products li.product .price, .woocommerce div.product p.price, .woocommerce div.product span.price, .widget_layered_nav_filters ul li.chosen a, .woocommerce-page ul.products li.product .ast-woo-product-category, .wc-layered-nav-rating a{color:#333333;}.woocommerce nav.woocommerce-pagination ul,.woocommerce nav.woocommerce-pagination ul li{border-color:#4e4e4e;}.woocommerce nav.woocommerce-pagination ul li a:focus, .woocommerce nav.woocommerce-pagination ul li a:hover, .woocommerce nav.woocommerce-pagination ul li span.current{background:#4e4e4e;color:#ffffff;}.woocommerce-MyAccount-navigation-link.is-active a{color:#0084d6;}.woocommerce .widget_price_filter .ui-slider .ui-slider-range, .woocommerce .widget_price_filter .ui-slider .ui-slider-handle{background-color:#4e4e4e;}.woocommerce a.button, .woocommerce button.button, .woocommerce .woocommerce-message a.button, .woocommerce #respond input#submit.alt, .woocommerce a.button.alt, .woocommerce button.button.alt, .woocommerce input.button.alt, .woocommerce input.button,.woocommerce-cart table.cart td.actions .button, .woocommerce form.checkout_coupon .button, .woocommerce #respond input#submit, .wc-block-grid__products .wc-block-grid__product .wp-block-button__link{border-radius:0;padding-top:17px;padding-right:30px;padding-bottom:17px;padding-left:30px;}.woocommerce .star-rating, .woocommerce .comment-form-rating .stars a, .woocommerce .star-rating::before{color:#4e4e4e;}.woocommerce div.product .woocommerce-tabs ul.tabs li.active:before{background:#4e4e4e;}.woocommerce a.remove:hover{color:#4e4e4e;border-color:#4e4e4e;background-color:#ffffff;}.woocommerce ul.product-categories &gt; li ul li:before{content:"\e900";padding:0 5px 0 5px;display:inline-block;font-family:Astra;transform:rotate(-90deg);font-size:0.7rem;}@media (min-width:545px) and (max-width:921px){.woocommerce.tablet-columns-6 ul.products li.product, .woocommerce-page.tablet-columns-6 ul.products li.product{width:calc(16.66% - 16.66px);}.woocommerce.tablet-columns-5 ul.products li.product, .woocommerce-page.tablet-columns-5 ul.products li.product{width:calc(20% - 16px);}.woocommerce.tablet-columns-4 ul.products li.product, .woocommerce-page.tablet-columns-4 ul.products li.product{width:calc(25% - 15px);}.woocommerce.tablet-columns-3 ul.products li.product, .woocommerce-page.tablet-columns-3 ul.products li.product{width:calc(33.33% - 14px);}.woocommerce.tablet-columns-2 ul.products li.product, .woocommerce-page.tablet-columns-2 ul.products li.product{width:calc(50% - 10px);}.woocommerce.tablet-columns-1 ul.products li.product, .woocommerce-page.tablet-columns-1 ul.products li.product{width:100%;}.woocommerce div.product .related.products ul.products li.product{width:calc(33.33% - 14px);}}@media (min-width:545px) and (max-width:921px){.woocommerce[class*="columns-"].columns-3 &gt; ul.products li.product, .woocommerce[class*="columns-"].columns-4 &gt; ul.products li.product, .woocommerce[class*="columns-"].columns-5 &gt; ul.products li.product, .woocommerce[class*="columns-"].columns-6 &gt; ul.products li.product{width:calc(33.33% - 14px);margin-right:20px;}.woocommerce[class*="columns-"].columns-3 &gt; ul.products li.product:nth-child(3n), .woocommerce[class*="columns-"].columns-4 &gt; ul.products li.product:nth-child(3n), .woocommerce[class*="columns-"].columns-5 &gt; ul.products li.product:nth-child(3n), .woocommerce[class*="columns-"].columns-6 &gt; ul.products li.product:nth-child(3n){margin-right:0;clear:right;}.woocommerce[class*="columns-"].columns-3 &gt; ul.products li.product:nth-child(3n+1), .woocommerce[class*="columns-"].columns-4 &gt; ul.products li.product:nth-child(3n+1), .woocommerce[class*="columns-"].columns-5 &gt; ul.products li.product:nth-child(3n+1), .woocommerce[class*="columns-"].columns-6 &gt; ul.products li.product:nth-child(3n+1){clear:left;}.woocommerce[class*="columns-"] ul.products li.product:nth-child(n), .woocommerce-page[class*="columns-"] ul.products li.product:nth-child(n){margin-right:20px;clear:none;}.woocommerce.tablet-columns-2 ul.products li.product:nth-child(2n), .woocommerce-page.tablet-columns-2 ul.products li.product:nth-child(2n), .woocommerce.tablet-columns-3 ul.products li.product:nth-child(3n), .woocommerce-page.tablet-columns-3 ul.products li.product:nth-child(3n), .woocommerce.tablet-columns-4 ul.products li.product:nth-child(4n), .woocommerce-page.tablet-columns-4 ul.products li.product:nth-child(4n), .woocommerce.tablet-columns-5 ul.products li.product:nth-child(5n), .woocommerce-page.tablet-columns-5 ul.products li.product:nth-child(5n), .woocommerce.tablet-columns-6 ul.products li.product:nth-child(6n), .woocommerce-page.tablet-columns-6 ul.products li.product:nth-child(6n){margin-right:0;clear:right;}.woocommerce.tablet-columns-2 ul.products li.product:nth-child(2n+1), .woocommerce-page.tablet-columns-2 ul.products li.product:nth-child(2n+1), .woocommerce.tablet-columns-3 ul.products li.product:nth-child(3n+1), .woocommerce-page.tablet-columns-3 ul.products li.product:nth-child(3n+1), .woocommerce.tablet-columns-4 ul.products li.product:nth-child(4n+1), .woocommerce-page.tablet-columns-4 ul.products li.product:nth-child(4n+1), .woocommerce.tablet-columns-5 ul.products li.product:nth-child(5n+1), .woocommerce-page.tablet-columns-5 ul.products li.product:nth-child(5n+1), .woocommerce.tablet-columns-6 ul.products li.product:nth-child(6n+1), .woocommerce-page.tablet-columns-6 ul.products li.product:nth-child(6n+1){clear:left;}.woocommerce div.product .related.products ul.products li.product:nth-child(3n), .woocommerce-page.tablet-columns-1 .site-main ul.products li.product{margin-right:0;clear:right;}.woocommerce div.product .related.products ul.products li.product:nth-child(3n+1){clear:left;}}@media (min-width:922px){.woocommerce #reviews #comments{width:55%;float:left;}.woocommerce #reviews #review_form_wrapper{width:45%;padding-left:2em;float:right;}.woocommerce form.checkout_coupon{width:50%;}}@media (max-width:921px){.ast-header-break-point.ast-woocommerce-cart-menu .header-main-layout-1.ast-mobile-header-stack.ast-no-menu-items .ast-site-header-cart, .ast-header-break-point.ast-woocommerce-cart-menu .header-main-layout-3.ast-mobile-header-stack.ast-no-menu-items .ast-site-header-cart{padding-right:0;padding-left:0;}.ast-header-break-point.ast-woocommerce-cart-menu .header-main-layout-1.ast-mobile-header-stack .main-header-bar{text-align:center;}.ast-header-break-point.ast-woocommerce-cart-menu .header-main-layout-1.ast-mobile-header-stack .ast-site-header-cart, .ast-header-break-point.ast-woocommerce-cart-menu .header-main-layout-1.ast-mobile-header-stack .ast-mobile-menu-buttons{display:inline-block;}.ast-header-break-point.ast-woocommerce-cart-menu .header-main-layout-2.ast-mobile-header-inline .site-branding{flex:auto;}.ast-header-break-point.ast-woocommerce-cart-menu .header-main-layout-3.ast-mobile-header-stack .site-branding{flex:0 0 100%;}.ast-header-break-point.ast-woocommerce-cart-menu .header-main-layout-3.ast-mobile-header-stack .main-header-container{display:flex;justify-content:center;}.woocommerce-cart .woocommerce-shipping-calculator .button{width:100%;}.woocommerce div.product div.images, .woocommerce div.product div.summary, .woocommerce #content div.product div.images, .woocommerce #content div.product div.summary, .woocommerce-page div.product div.images, .woocommerce-page div.product div.summary, .woocommerce-page #content div.product div.images, .woocommerce-page #content div.product div.summary{float:none;width:100%;}.woocommerce-cart table.cart td.actions .ast-return-to-shop{display:block;text-align:center;margin-top:1em;}}@media (max-width:544px){.ast-separate-container .ast-woocommerce-container{padding:.54em 1em 1.33333em;}.woocommerce-message, .woocommerce-error, .woocommerce-info{display:flex;flex-wrap:wrap;}.woocommerce-message a.button, .woocommerce-error a.button, .woocommerce-info a.button{order:1;margin-top:.5em;}.woocommerce .woocommerce-ordering, .woocommerce-page .woocommerce-ordering{float:none;margin-bottom:2em;width:100%;}.woocommerce ul.products a.button, .woocommerce-page ul.products a.button{padding:0.5em 0.75em;}.woocommerce table.cart td.actions .button, .woocommerce #content table.cart td.actions .button, .woocommerce-page table.cart td.actions .button, .woocommerce-page #content table.cart td.actions .button{padding-left:1em;padding-right:1em;}.woocommerce #content table.cart .button, .woocommerce-page #content table.cart .button{width:100%;}.woocommerce #content table.cart .product-thumbnail, .woocommerce-page #content table.cart .product-thumbnail{display:block;text-align:center !important;}.woocommerce #content table.cart .product-thumbnail::before, .woocommerce-page #content table.cart .product-thumbnail::before{display:none;}.woocommerce #content table.cart td.actions .coupon, .woocommerce-page #content table.cart td.actions .coupon{float:none;}.woocommerce #content table.cart td.actions .coupon .button, .woocommerce-page #content table.cart td.actions .coupon .button{flex:1;}.woocommerce #content div.product .woocommerce-tabs ul.tabs li a, .woocommerce-page #content div.product .woocommerce-tabs ul.tabs li a{display:block;}.woocommerce div.product .related.products ul.products li.product, .woocommerce.mobile-columns-2 ul.products li.product, .woocommerce-page.mobile-columns-2 ul.products li.product{width:calc(50% - 10px);}.woocommerce.mobile-columns-6 ul.products li.product, .woocommerce-page.mobile-columns-6 ul.products li.product{width:calc(16.66% - 16.66px);}.woocommerce.mobile-columns-5 ul.products li.product, .woocommerce-page.mobile-columns-5 ul.products li.product{width:calc(20% - 16px);}.woocommerce.mobile-columns-4 ul.products li.product, .woocommerce-page.mobile-columns-4 ul.products li.product{width:calc(25% - 15px);}.woocommerce.mobile-columns-3 ul.products li.product, .woocommerce-page.mobile-columns-3 ul.products li.product{width:calc(33.33% - 14px);}.woocommerce.mobile-columns-1 ul.products li.product, .woocommerce-page.mobile-columns-1 ul.products li.product{width:100%;}}@media (max-width:544px){.woocommerce ul.products a.button.loading::after, .woocommerce-page ul.products a.button.loading::after{display:inline-block;margin-left:5px;position:initial;}.woocommerce.mobile-columns-1 .site-main ul.products li.product:nth-child(n), .woocommerce-page.mobile-columns-1 .site-main ul.products li.product:nth-child(n){margin-right:0;}.woocommerce #content div.product .woocommerce-tabs ul.tabs li, .woocommerce-page #content div.product .woocommerce-tabs ul.tabs li{display:block;margin-right:0;}.woocommerce[class*="columns-"].columns-3 &gt; ul.products li.product, .woocommerce[class*="columns-"].columns-4 &gt; ul.products li.product, .woocommerce[class*="columns-"].columns-5 &gt; ul.products li.product, .woocommerce[class*="columns-"].columns-6 &gt; ul.products li.product{width:calc(50% - 10px);margin-right:20px;}.woocommerce[class*="columns-"] ul.products li.product:nth-child(n), .woocommerce-page[class*="columns-"] ul.products li.product:nth-child(n){margin-right:20px;clear:none;}.woocommerce-page[class*=columns-].columns-3&gt;ul.products li.product:nth-child(2n), .woocommerce-page[class*=columns-].columns-4&gt;ul.products li.product:nth-child(2n), .woocommerce-page[class*=columns-].columns-5&gt;ul.products li.product:nth-child(2n), .woocommerce-page[class*=columns-].columns-6&gt;ul.products li.product:nth-child(2n), .woocommerce[class*=columns-].columns-3&gt;ul.products li.product:nth-child(2n), .woocommerce[class*=columns-].columns-4&gt;ul.products li.product:nth-child(2n), .woocommerce[class*=columns-].columns-5&gt;ul.products li.product:nth-child(2n), .woocommerce[class*=columns-].columns-6&gt;ul.products li.product:nth-child(2n){margin-right:0;clear:right;}.woocommerce[class*="columns-"].columns-3 &gt; ul.products li.product:nth-child(2n+1), .woocommerce[class*="columns-"].columns-4 &gt; ul.products li.product:nth-child(2n+1), .woocommerce[class*="columns-"].columns-5 &gt; ul.products li.product:nth-child(2n+1), .woocommerce[class*="columns-"].columns-6 &gt; ul.products li.product:nth-child(2n+1){clear:left;}.woocommerce-page[class*=columns-] ul.products li.product:nth-child(n), .woocommerce[class*=columns-] ul.products li.product:nth-child(n){margin-right:20px;clear:none;}.woocommerce.mobile-columns-6 ul.products li.product:nth-child(6n), .woocommerce-page.mobile-columns-6 ul.products li.product:nth-child(6n), .woocommerce.mobile-columns-5 ul.products li.product:nth-child(5n), .woocommerce-page.mobile-columns-5 ul.products li.product:nth-child(5n), .woocommerce.mobile-columns-4 ul.products li.product:nth-child(4n), .woocommerce-page.mobile-columns-4 ul.products li.product:nth-child(4n), .woocommerce.mobile-columns-3 ul.products li.product:nth-child(3n), .woocommerce-page.mobile-columns-3 ul.products li.product:nth-child(3n), .woocommerce.mobile-columns-2 ul.products li.product:nth-child(2n), .woocommerce-page.mobile-columns-2 ul.products li.product:nth-child(2n), .woocommerce div.product .related.products ul.products li.product:nth-child(2n){margin-right:0;clear:right;}.woocommerce.mobile-columns-6 ul.products li.product:nth-child(6n+1), .woocommerce-page.mobile-columns-6 ul.products li.product:nth-child(6n+1), .woocommerce.mobile-columns-5 ul.products li.product:nth-child(5n+1), .woocommerce-page.mobile-columns-5 ul.products li.product:nth-child(5n+1), .woocommerce.mobile-columns-4 ul.products li.product:nth-child(4n+1), .woocommerce-page.mobile-columns-4 ul.products li.product:nth-child(4n+1), .woocommerce.mobile-columns-3 ul.products li.product:nth-child(3n+1), .woocommerce-page.mobile-columns-3 ul.products li.product:nth-child(3n+1), .woocommerce.mobile-columns-2 ul.products li.product:nth-child(2n+1), .woocommerce-page.mobile-columns-2 ul.products li.product:nth-child(2n+1), .woocommerce div.product .related.products ul.products li.product:nth-child(2n+1){clear:left;}}@media (min-width:922px){.ast-woo-shop-archive .site-content &gt; .ast-container{max-width:1240px;}}@media (min-width:922px){.woocommerce #content .ast-woocommerce-container div.product div.images, .woocommerce .ast-woocommerce-container div.product div.images, .woocommerce-page #content .ast-woocommerce-container div.product div.images, .woocommerce-page .ast-woocommerce-container div.product div.images{width:50%;}.woocommerce #content .ast-woocommerce-container div.product div.summary, .woocommerce .ast-woocommerce-container div.product div.summary, .woocommerce-page #content .ast-woocommerce-container div.product div.summary, .woocommerce-page .ast-woocommerce-container div.product div.summary{width:46%;}.woocommerce.woocommerce-checkout form #customer_details.col2-set .col-1, .woocommerce.woocommerce-checkout form #customer_details.col2-set .col-2, .woocommerce-page.woocommerce-checkout form #customer_details.col2-set .col-1, .woocommerce-page.woocommerce-checkout form #customer_details.col2-set .col-2{float:none;width:auto;}}.woocommerce a.button , .woocommerce button.button.alt ,.woocommerce-page table.cart td.actions .button, .woocommerce-page #content table.cart td.actions .button , .woocommerce a.button.alt ,.woocommerce .woocommerce-message a.button , .ast-site-header-cart .widget_shopping_cart .buttons .button.checkout, .woocommerce button.button.alt.disabled , .wc-block-grid__products .wc-block-grid__product .wp-block-button__link {border:solid;border-top-width:0;border-right-width:0;border-left-width:0;border-bottom-width:0;border-color:#3197d6;}.woocommerce a.button:hover , .woocommerce button.button.alt:hover , .woocommerce-page table.cart td.actions .button:hover, .woocommerce-page #content table.cart td.actions .button:hover, .woocommerce a.button.alt:hover ,.woocommerce .woocommerce-message a.button:hover , .ast-site-header-cart .widget_shopping_cart .buttons .button.checkout:hover , .woocommerce button.button.alt.disabled:hover , .wc-block-grid__products .wc-block-grid__product .wp-block-button__link:hover{border-color:#0084d6;}.widget_product_search button{flex:0 0 auto;padding:10px 20px;;}@media (min-width:922px){.woocommerce.woocommerce-checkout form #customer_details.col2-set, .woocommerce-page.woocommerce-checkout form #customer_details.col2-set{width:55%;float:left;margin-right:4.347826087%;}.woocommerce.woocommerce-checkout form #order_review, .woocommerce.woocommerce-checkout form #order_review_heading, .woocommerce-page.woocommerce-checkout form #order_review, .woocommerce-page.woocommerce-checkout form #order_review_heading{width:40%;float:right;margin-right:0;clear:right;}}
</style>
    <style id="woocommerce-inline-inline-css">
.woocommerce form .form-row .required { visibility: visible; }
</style>
    <script id="jquery-core-js" src="https://askomdch.com/wp-includes/js/jquery/jquery.min.js?ver=3.6.0"/>
    <script id="jquery-migrate-js" src="https://askomdch.com/wp-includes/js/jquery/jquery-migrate.min.js?ver=3.3.2"/>
    <link rel="canonical" href="https://askomdch.com/account/"/>
    <noscript>
      <style>.woocommerce-product-gallery{ opacity: 1 !important; }</style>
    </noscript>
    <style>.recentcomments a{display:inline !important;padding:0 !important;margin:0 !important;}</style>
  </head>
  <body class="page-template-default page page-id-1235 theme-astra woocommerce-account woocommerce-page woocommerce-no-js ast-single-post ast-mobile-inherit-site-logo ast-woocommerce-cart-menu ast-inherit-site-logo-transparent ast-theme-transparent-header ast-hfb-header ast-desktop ast-plain-container ast-no-sidebar astra-3.7.5" itemtype="https://schema.org/WebPage" itemscope="itemscope">
    <a shape="rect" class="skip-link screen-reader-text" href="#content" role="link" title="Skip to content">
Skip to content</a>
    <div class="hfeed site" id="page">
      <header class="site-header ast-primary-submenu-animation-slide-up header-main-layout-1 ast-primary-menu-enabled ast-builder-menu-toggle-icon ast-mobile-header-inline" id="masthead" itemtype="https://schema.org/WPHeader" itemscope="itemscope" itemid="#masthead">
        <div id="ast-desktop-header" data-toggle-type="dropdown">
          <div class="ast-main-header-wrap main-header-bar-wrap">
            <div class="ast-primary-header-bar ast-primary-header main-header-bar site-header-focus-item" data-section="section-primary-header-builder">
              <div class="site-primary-header-wrap ast-builder-grid-row-container site-header-focus-item ast-container" data-section="section-primary-header-builder">
                <div class="ast-builder-grid-row ast-builder-grid-row-has-sides ast-builder-grid-row-no-center">
                  <div class="site-header-primary-section-left site-header-section ast-flex site-header-section-left">
                    <div class="ast-builder-layout-element ast-flex site-header-focus-item" data-section="title_tagline">
                      <div class="site-branding ast-site-identity" itemtype="https://schema.org/Organization" itemscope="itemscope">
                        <div class="ast-site-title-wrap">
                          <span class="site-title" itemprop="name">
                            <a shape="rect" href="https://askomdch.com/" rel="home" itemprop="url">
AskOmDch
</a>
                          </span>
                        </div>
                      </div>
                    </div>
                  </div>
                  <div class="site-header-primary-section-right site-header-section ast-flex ast-grid-right-section">
                    <div class="ast-builder-menu-1 ast-builder-menu ast-flex ast-builder-menu-1-focus-item ast-builder-layout-element site-header-focus-item" data-section="section-hb-menu-1">
                      <div class="ast-main-header-bar-alignment">
                        <div class="main-header-bar-navigation">
                          <nav class="site-navigation ast-flex-grow-1 navigation-accessibility site-header-focus-item" id="primary-site-navigation" aria-label="Site Navigation" itemtype="https://schema.org/SiteNavigationElement" itemscope="itemscope">
                            <div class="main-navigation ast-inline-flex">
                              <ul class="main-header-menu ast-menu-shadow ast-nav-menu ast-flex submenu-with-border astra-menu-animation-slide-up stack-on-mobile" id="ast-hf-menu-1">
                                <li class="menu-item menu-item-type-post_type menu-item-object-page menu-item-home menu-item-1226" id="menu-item-1226">
                                  <a shape="rect" class="menu-link" href="https://askomdch.com/">Home</a>
                                </li>
                                <li class="menu-item menu-item-type-post_type menu-item-object-page menu-item-1227" id="menu-item-1227">
                                  <a shape="rect" class="menu-link" href="https://askomdch.com/store/">Store</a>
                                </li>
                                <li class="menu-item menu-item-type-taxonomy menu-item-object-product_cat menu-item-1228" id="menu-item-1228">
                                  <a shape="rect" class="menu-link" href="https://askomdch.com/product-category/men/">Men</a>
                                </li>
                                <li class="menu-item menu-item-type-taxonomy menu-item-object-product_cat menu-item-1229" id="menu-item-1229">
                                  <a shape="rect" class="menu-link" href="https://askomdch.com/product-category/women/">Women</a>
                                </li>
                                <li class="menu-item menu-item-type-taxonomy menu-item-object-product_cat menu-item-1230" id="menu-item-1230">
                                  <a shape="rect" class="menu-link" href="https://askomdch.com/product-category/accessories/">Accessories</a>
                                </li>
                                <li class="menu-item menu-item-type-post_type menu-item-object-page current-menu-item page_item page-item-1235 current_page_item menu-item-1237" id="menu-item-1237">
                                  <a shape="rect" class="menu-link" href="https://askomdch.com/account/" aria-current="page">Account</a>
                                </li>
                                <li class="menu-item menu-item-type-post_type menu-item-object-page menu-item-1232" id="menu-item-1232">
                                  <a shape="rect" class="menu-link" href="https://askomdch.com/about/">About</a>
                                </li>
                                <li class="menu-item menu-item-type-post_type menu-item-object-page menu-item-1233" id="menu-item-1233">
                                  <a shape="rect" class="menu-link" href="https://askomdch.com/contact-us/">Contact Us</a>
                                </li>
                              </ul>
                            </div>
                          </nav>
                        </div>
                      </div>
                    </div>
                    <div class="ast-builder-layout-element site-header-focus-item ast-header-woo-cart" data-section="section-header-woo-cart">
                      <div class="ast-site-header-cart ast-menu-cart-with-border ast-menu-cart-fill" id="ast-site-header-cart">
                        <div class="ast-site-header-cart-li">
                          <a shape="rect" class="cart-container" href="https://askomdch.com/cart/" title="View your shopping cart"/>
                          <div class="ast-cart-menu-wrap">
                            <span class="count">
0 </span>
                          </div>
                        </div>
                        <div class="ast-site-header-cart-data">
                          <div class="widget woocommerce widget_shopping_cart">
                            <div class="widget_shopping_cart_content"/>
                          </div>
                        </div>
                      </div>
                    </div>
                  </div>
                </div>
              </div>
            </div>
          </div>
          <div class="ast-desktop-header-content content-align-flex-start"/>
        </div>
        <div class="ast-mobile-header-wrap" id="ast-mobile-header" data-type="dropdown">
          <div class="ast-main-header-wrap main-header-bar-wrap">
            <div class="ast-primary-header-bar ast-primary-header main-header-bar site-primary-header-wrap site-header-focus-item ast-builder-grid-row-layout-default ast-builder-grid-row-tablet-layout-default ast-builder-grid-row-mobile-layout-default" data-section="section-primary-header-builder">
              <div class="ast-builder-grid-row ast-builder-grid-row-has-sides ast-builder-grid-row-no-center">
                <div class="site-header-primary-section-left site-header-section ast-flex site-header-section-left">
                  <div class="ast-builder-layout-element ast-flex site-header-focus-item" data-section="title_tagline">
                    <div class="site-branding ast-site-identity" itemtype="https://schema.org/Organization" itemscope="itemscope">
                      <div class="ast-site-title-wrap">
                        <span class="site-title" itemprop="name">
                          <a shape="rect" href="https://askomdch.com/" rel="home" itemprop="url">
AskOmDch
</a>
                        </span>
                      </div>
                    </div>
                  </div>
                </div>
                <div class="site-header-primary-section-right site-header-section ast-flex ast-grid-right-section">
                  <div class="ast-builder-layout-element site-header-focus-item ast-header-woo-cart" data-section="section-header-woo-cart">
                    <div class="ast-site-header-cart ast-menu-cart-with-border ast-menu-cart-fill" id="ast-site-header-cart">
                      <div class="ast-site-header-cart-li">
                        <a shape="rect" class="cart-container" href="https://askomdch.com/cart/" title="View your shopping cart"/>
                        <div class="ast-cart-menu-wrap">
                          <span class="count">
0 </span>
                        </div>
                      </div>
                      <div class="ast-site-header-cart-data">
                        <div class="widget woocommerce widget_shopping_cart">
                          <div class="widget_shopping_cart_content"/>
                        </div>
                      </div>
                    </div>
                  </div>
                  <div class="ast-builder-layout-element ast-flex site-header-focus-item" data-section="section-header-mobile-trigger">
                    <div class="ast-button-wrap">
                      <button type="button" class="menu-toggle main-header-menu-toggle ast-mobile-menu-trigger-minimal" aria-expanded="false">
                        <span class="screen-reader-text">Main Menu</span>
                        <span class="mobile-menu-toggle-icon">
                          <span class="ahfb-svg-iconset ast-inline-flex svg-baseline">
                            <svg class="ast-mobile-svg ast-menu2-svg" fill="currentColor" version="1.1" width="24" height="28" viewbox="0 0 24 28">
                              <path d="M24 21v2c0 0.547-0.453 1-1 1h-22c-0.547 0-1-0.453-1-1v-2c0-0.547 0.453-1 1-1h22c0.547 0 1 0.453 1 1zM24 13v2c0 0.547-0.453 1-1 1h-22c-0.547 0-1-0.453-1-1v-2c0-0.547 0.453-1 1-1h22c0.547 0 1 0.453 1 1zM24 5v2c0 0.547-0.453 1-1 1h-22c-0.547 0-1-0.453-1-1v-2c0-0.547 0.453-1 1-1h22c0.547 0 1 0.453 1 1z"/>
                            </svg>
                          </span>
                          <span class="ahfb-svg-iconset ast-inline-flex svg-baseline">
                            <svg class="ast-mobile-svg ast-close-svg" fill="currentColor" version="1.1" width="24" height="24" viewbox="0 0 24 24">
                              <path d="M5.293 6.707l5.293 5.293-5.293 5.293c-0.391 0.391-0.391 1.024 0 1.414s1.024 0.391 1.414 0l5.293-5.293 5.293 5.293c0.391 0.391 1.024 0.391 1.414 0s0.391-1.024 0-1.414l-5.293-5.293 5.293-5.293c0.391-0.391 0.391-1.024 0-1.414s-1.024-0.391-1.414 0l-5.293 5.293-5.293-5.293c-0.391-0.391-1.024-0.391-1.414 0s-0.391 1.024 0 1.414z"/>
                            </svg>
                          </span>
                        </span>
                      </button>
                    </div>
                  </div>
                </div>
              </div>
            </div>
          </div>
          <div class="ast-mobile-header-content content-align-flex-start">
            <div class="ast-builder-menu-1 ast-builder-menu ast-flex ast-builder-menu-1-focus-item ast-builder-layout-element site-header-focus-item" data-section="section-hb-menu-1">
              <div class="ast-main-header-bar-alignment">
                <div class="main-header-bar-navigation">
                  <nav class="site-navigation ast-flex-grow-1 navigation-accessibility site-header-focus-item" id="primary-site-navigation" aria-label="Site Navigation" itemtype="https://schema.org/SiteNavigationElement" itemscope="itemscope">
                    <div class="main-navigation ast-inline-flex">
                      <ul class="main-header-menu ast-menu-shadow ast-nav-menu ast-flex submenu-with-border astra-menu-animation-slide-up stack-on-mobile" id="ast-hf-menu-1">
                        <li class="menu-item menu-item-type-post_type menu-item-object-page menu-item-home menu-item-1226">
                          <a shape="rect" class="menu-link" href="https://askomdch.com/">Home</a>
                        </li>
                        <li class="menu-item menu-item-type-post_type menu-item-object-page menu-item-1227">
                          <a shape="rect" class="menu-link" href="https://askomdch.com/store/">Store</a>
                        </li>
                        <li class="menu-item menu-item-type-taxonomy menu-item-object-product_cat menu-item-1228">
                          <a shape="rect" class="menu-link" href="https://askomdch.com/product-category/men/">Men</a>
                        </li>
                        <li class="menu-item menu-item-type-taxonomy menu-item-object-product_cat menu-item-1229">
                          <a shape="rect" class="menu-link" href="https://askomdch.com/product-category/women/">Women</a>
                        </li>
                        <li class="menu-item menu-item-type-taxonomy menu-item-object-product_cat menu-item-1230">
                          <a shape="rect" class="menu-link" href="https://askomdch.com/product-category/accessories/">Accessories</a>
                        </li>
                        <li class="menu-item menu-item-type-post_type menu-item-object-page current-menu-item page_item page-item-1235 current_page_item menu-item-1237">
                          <a shape="rect" class="menu-link" href="https://askomdch.com/account/" aria-current="page">Account</a>
                        </li>
                        <li class="menu-item menu-item-type-post_type menu-item-object-page menu-item-1232">
                          <a shape="rect" class="menu-link" href="https://askomdch.com/about/">About</a>
                        </li>
                        <li class="menu-item menu-item-type-post_type menu-item-object-page menu-item-1233">
                          <a shape="rect" class="menu-link" href="https://askomdch.com/contact-us/">Contact Us</a>
                        </li>
                      </ul>
                    </div>
                  </nav>
                </div>
              </div>
            </div>
          </div>
        </div>
      </header>
      <div class="site-content" id="content">
        <div class="ast-container">
          <div class="content-area primary" id="primary">
            <main id="main" class="site-main">
              <article class="post-1235 page type-page status-publish ast-article-single" id="post-1235" itemtype="https://schema.org/CreativeWork" itemscope="itemscope">
                <header class="entry-header ast-header-without-markup"/>
                <div class="entry-content clear" itemprop="text">
                  <div class="wp-block-cover alignfull has-background-dim" style="background-color:#001d35;min-height:400px">
                    <div class="wp-block-cover__inner-container">
                      <h1 class="has-text-align-center">Account</h1>
                    </div>
                  </div>
                  <div class="wp-block-group alignfull">
                    <div class="wp-block-group__inner-container">
                      <div class="wp-block-columns">
                        <div class="wp-block-column" style="flex-basis:100%"/>
                      </div>
                      <div class="woocommerce">
                        <div class="woocommerce-notices-wrapper"/>
                        <div class="u-columns col2-set" id="customer_login">
                          <div class="u-column1 col-1">
                            <h2>Login</h2>
                            <form enctype="application/x-www-form-urlencoded" method="post" class="woocommerce-form woocommerce-form-login login">
                              <p class="woocommerce-form-row woocommerce-form-row--wide form-row form-row-wide">
                                <label for="username">
Username or email address                                   <span class="required">*</span>
                                </label>
                                <input type="text" class="woocommerce-Input woocommerce-Input--text input-text" id="username" name="username" autocomplete="username" value=""/>
                              </p>
                              <p class="woocommerce-form-row woocommerce-form-row--wide form-row form-row-wide">
                                <label for="password">
Password                                   <span class="required">*</span>
                                </label>
                                <input type="password" class="woocommerce-Input woocommerce-Input--text input-text" id="password" name="password" autocomplete="current-password"/>
                              </p>
                              <p class="form-row">
                                <label class="woocommerce-form__label woocommerce-form__label-for-checkbox woocommerce-form-login__rememberme">
                                  <input type="checkbox" class="woocommerce-form__input woocommerce-form__input-checkbox" id="rememberme" name="rememberme" value="forever"/>
                                  <span>Remember me</span>
                                </label>
                                <input type="hidden" id="woocommerce-login-nonce" name="woocommerce-login-nonce" value="4cacd59938"/>
                                <input type="hidden" name="_wp_http_referer" value="/account/"/>
                                <button type="submit" class="woocommerce-button button woocommerce-form-login__submit" name="login" value="Log in">Log in</button>
                              </p>
                              <p class="woocommerce-LostPassword lost_password">
                                <a shape="rect" href="https://askomdch.com/account/lost-password/">Lost your password?</a>
                              </p>
                            </form>
                          </div>
                          <div class="u-column2 col-2">
                            <h2>Register</h2>
                            <form enctype="application/x-www-form-urlencoded" method="post" class="woocommerce-form woocommerce-form-register register">
                              <p class="woocommerce-form-row woocommerce-form-row--wide form-row form-row-wide">
                                <label for="reg_username">
Username                                   <span class="required">*</span>
                                </label>
                                <input type="text" class="woocommerce-Input woocommerce-Input--text input-text" id="reg_username" name="username" autocomplete="username" value=""/>
                              </p>
                              <p class="woocommerce-form-row woocommerce-form-row--wide form-row form-row-wide">
                                <label for="reg_email">
Email address                                   <span class="required">*</span>
                                </label>
                                <input type="email" class="woocommerce-Input woocommerce-Input--text input-text" id="reg_email" name="email" autocomplete="email" value=""/>
                              </p>
                              <p class="woocommerce-form-row woocommerce-form-row--wide form-row form-row-wide">
                                <label for="reg_password">
Password                                   <span class="required">*</span>
                                </label>
                                <input type="password" class="woocommerce-Input woocommerce-Input--text input-text" id="reg_password" name="password" autocomplete="new-password"/>
                              </p>
                              <div class="woocommerce-privacy-policy-text">
                                <p>TEST MODE ENABLED. DO NOT ENTER YOUR PERSONAL DATA.</p>
                              </div>
                              <p class="woocommerce-form-row form-row">
                                <input type="hidden" id="woocommerce-register-nonce" name="woocommerce-register-nonce" value="ab11f2f464"/>
                                <input type="hidden" name="_wp_http_referer" value="/account/"/>
                                <button type="submit" class="woocommerce-Button woocommerce-button button woocommerce-form-register__submit" name="register" value="Register">Register</button>
                              </p>
                            </form>
                          </div>
                        </div>
                      </div>
                    </div>
                  </div>
                  <p/>
                </div>
              </article>
            </main>
          </div>
        </div>
      </div>
      <div class="astra-mobile-cart-overlay"/>
      <div class="astra-cart-drawer open-right" id="astra-mobile-cart-drawer">
        <div class="astra-cart-drawer-header">
          <button type="button" class="astra-cart-drawer-close">
            <span class="ahfb-svg-iconset ast-inline-flex svg-baseline">
              <svg class="ast-mobile-svg ast-close-svg" fill="currentColor" version="1.1" width="24" height="24" viewbox="0 0 24 24">
                <path d="M5.293 6.707l5.293 5.293-5.293 5.293c-0.391 0.391-0.391 1.024 0 1.414s1.024 0.391 1.414 0l5.293-5.293 5.293 5.293c0.391 0.391 1.024 0.391 1.414 0s0.391-1.024 0-1.414l-5.293-5.293 5.293-5.293c0.391-0.391 0.391-1.024 0-1.414s-1.024-0.391-1.414 0l-5.293 5.293-5.293-5.293c-0.391-0.391-1.024-0.391-1.414 0s-0.391 1.024 0 1.414z"/>
              </svg>
            </span>
          </button>
          <div class="astra-cart-drawer-title">
Shopping Cart </div>
        </div>
        <div class="astra-cart-drawer-content">
          <div class="widget woocommerce widget_shopping_cart">
            <div class="widget_shopping_cart_content"/>
          </div>
        </div>
      </div>
      <footer class="site-footer" id="colophon" itemtype="https://schema.org/WPFooter" itemscope="itemscope" itemid="#colophon">
        <div class="site-primary-footer-wrap ast-builder-grid-row-container site-footer-focus-item ast-builder-grid-row-4-equal ast-builder-grid-row-tablet-4-equal ast-builder-grid-row-mobile-full ast-footer-row-stack ast-footer-row-tablet-stack ast-footer-row-mobile-stack" data-section="section-primary-footer-builder">
          <div class="ast-builder-grid-row-container-inner">
            <div class="ast-builder-footer-grid-columns site-primary-footer-inner-wrap ast-builder-grid-row">
              <div class="site-footer-primary-section-1 site-footer-section site-footer-section-1">
                <aside class="footer-widget-area widget-area site-footer-focus-item" data-section="sidebar-widgets-footer-widget-1" aria-label="Footer Widget 1">
                  <div class="footer-widget-area-inner site-info-inner">
                    <section id="nav_menu-7" class="widget widget_nav_menu">
                      <h2 class="widget-title">Quick Links</h2>
                      <nav class="menu-quick-links-container" aria-label="Quick Links">
                        <ul class="menu" id="menu-quick-links">
                          <li class="menu-item menu-item-type-post_type menu-item-object-page menu-item-home menu-item-1254" id="menu-item-1254">
                            <a shape="rect" class="menu-link" href="https://askomdch.com/">Home</a>
                          </li>
                          <li class="menu-item menu-item-type-post_type menu-item-object-page menu-item-1255" id="menu-item-1255">
                            <a shape="rect" class="menu-link" href="https://askomdch.com/about/">About</a>
                          </li>
                          <li class="menu-item menu-item-type-post_type menu-item-object-page current-menu-item page_item page-item-1235 current_page_item menu-item-1256" id="menu-item-1256">
                            <a shape="rect" class="menu-link" href="https://askomdch.com/account/" aria-current="page">My Account</a>
                          </li>
                          <li class="menu-item menu-item-type-post_type menu-item-object-page menu-item-1257" id="menu-item-1257">
                            <a shape="rect" class="menu-link" href="https://askomdch.com/cart/">Cart</a>
                          </li>
                          <li class="menu-item menu-item-type-post_type menu-item-object-page menu-item-1258" id="menu-item-1258">
                            <a shape="rect" class="menu-link" href="https://askomdch.com/contact-us/">Contact Us</a>
                          </li>
                        </ul>
                      </nav>
                    </section>
                  </div>
                </aside>
              </div>
              <div class="site-footer-primary-section-2 site-footer-section site-footer-section-2">
                <aside class="footer-widget-area widget-area site-footer-focus-item" data-section="sidebar-widgets-footer-widget-2" aria-label="Footer Widget 2">
                  <div class="footer-widget-area-inner site-info-inner">
                    <section id="nav_menu-8" class="widget widget_nav_menu">
                      <h2 class="widget-title">For Her</h2>
                      <nav class="menu-for-her-container" aria-label="For Her">
                        <ul class="menu" id="menu-for-her">
                          <li class="menu-item menu-item-type-taxonomy menu-item-object-product_cat menu-item-1264" id="menu-item-1264">
                            <a shape="rect" class="menu-link" href="https://askomdch.com/product-category/women/">Women</a>
                          </li>
                          <li class="menu-item menu-item-type-taxonomy menu-item-object-product_cat menu-item-1266" id="menu-item-1266">
                            <a shape="rect" class="menu-link" href="https://askomdch.com/product-category/womens-jeans/">Women’s Jeans</a>
                          </li>
                          <li class="menu-item menu-item-type-taxonomy menu-item-object-product_cat menu-item-1265" id="menu-item-1265">
                            <a shape="rect" class="menu-link" href="https://askomdch.com/product-category/womens-shirts/">Women’s Shirts</a>
                          </li>
                          <li class="menu-item menu-item-type-taxonomy menu-item-object-product_cat menu-item-1267" id="menu-item-1267">
                            <a shape="rect" class="menu-link" href="https://askomdch.com/product-category/womens-shoes/">Women’s Shoes</a>
                          </li>
                          <li class="menu-item menu-item-type-taxonomy menu-item-object-product_cat menu-item-1268" id="menu-item-1268">
                            <a shape="rect" class="menu-link" href="https://askomdch.com/product-category/accessories/">Accessories</a>
                          </li>
                        </ul>
                      </nav>
                    </section>
                  </div>
                </aside>
              </div>
              <div class="site-footer-primary-section-3 site-footer-section site-footer-section-3">
                <aside class="footer-widget-area widget-area site-footer-focus-item" data-section="sidebar-widgets-footer-widget-3" aria-label="Footer Widget 3">
                  <div class="footer-widget-area-inner site-info-inner">
                    <section id="nav_menu-12" class="widget widget_nav_menu">
                      <h2 class="widget-title">For Him</h2>
                      <nav class="menu-for-him-container" aria-label="For Him">
                        <ul class="menu" id="menu-for-him">
                          <li class="menu-item menu-item-type-taxonomy menu-item-object-product_cat menu-item-1263" id="menu-item-1263">
                            <a shape="rect" class="menu-link" href="https://askomdch.com/product-category/men/">Men</a>
                          </li>
                          <li class="menu-item menu-item-type-taxonomy menu-item-object-product_cat menu-item-1259" id="menu-item-1259">
                            <a shape="rect" class="menu-link" href="https://askomdch.com/product-category/mens-jeans/">Men’s Jeans</a>
                          </li>
                          <li class="menu-item menu-item-type-taxonomy menu-item-object-product_cat menu-item-1260" id="menu-item-1260">
                            <a shape="rect" class="menu-link" href="https://askomdch.com/product-category/mens-shirts/">Men’s Shirts</a>
                          </li>
                          <li class="menu-item menu-item-type-taxonomy menu-item-object-product_cat menu-item-1261" id="menu-item-1261">
                            <a shape="rect" class="menu-link" href="https://askomdch.com/product-category/mens-shoes/">Men’s Shoes</a>
                          </li>
                          <li class="menu-item menu-item-type-taxonomy menu-item-object-product_cat menu-item-1262" id="menu-item-1262">
                            <a shape="rect" class="menu-link" href="https://askomdch.com/product-category/accessories/">Accessories</a>
                          </li>
                        </ul>
                      </nav>
                    </section>
                  </div>
                </aside>
              </div>
              <div class="site-footer-primary-section-4 site-footer-section site-footer-section-4">
                <aside class="footer-widget-area widget-area site-footer-focus-item" data-section="sidebar-widgets-footer-widget-4" aria-label="Footer Widget 4">
                  <div class="footer-widget-area-inner site-info-inner">
                    <section id="text-2" class="widget widget_text">
                      <h2 class="widget-title">AOD on Mobile</h2>
                      <div class="textwidget">
                        <p>
                          <a shape="rect" href="https://www.apple.com/in/app-store/" target="_blank" rel="noopener">
                            <img class="alignnone wp-image-1475 size-full" src="https://askomdch.com/wp-content/uploads/2021/06/image-60-compressed.jpg" alt="" width="300" height="90"/>
                          </a>
                          <a shape="rect" href="https://play.google.com/store" target="_blank" rel="noopener">
                            <img class="alignnone wp-image-1473 size-full" src="https://askomdch.com/wp-content/uploads/2021/06/image-41-compressed.jpg" alt="" width="300" height="90"/>
                          </a>
                        </p>
                      </div>
                    </section>
                  </div>
                </aside>
              </div>
            </div>
          </div>
        </div>
        <div class="site-below-footer-wrap ast-builder-grid-row-container site-footer-focus-item ast-builder-grid-row-2-equal ast-builder-grid-row-tablet-2-equal ast-builder-grid-row-mobile-full ast-footer-row-stack ast-footer-row-tablet-stack ast-footer-row-mobile-stack" data-section="section-below-footer-builder">
          <div class="ast-builder-grid-row-container-inner">
            <div class="ast-builder-footer-grid-columns site-below-footer-inner-wrap ast-builder-grid-row">
              <div class="site-footer-below-section-1 site-footer-section site-footer-section-1">
                <div class="ast-builder-layout-element ast-flex site-footer-focus-item ast-footer-copyright" data-section="section-footer-builder">
                  <div class="ast-footer-copyright">
                    <p>Copyright © 2022 AskOmDch</p>
                  </div>
                </div>
              </div>
              <div class="site-footer-below-section-2 site-footer-section site-footer-section-2">
                <div class="footer-widget-area widget-area site-footer-focus-item ast-footer-html-1" data-section="section-fb-html-1">
                  <div class="ast-header-html inner-link-style-">
                    <div class="ast-builder-html-element">
                      <p>Powered by AskOmDch</p>
                    </div>
                  </div>
                </div>
              </div>
            </div>
          </div>
        </div>
      </footer>
    </div>
    <script type="text/javascript">
		(function () {
			var c = document.body.className;
			c = c.replace(/woocommerce-no-js/, 'woocommerce-js');
			document.body.className = c;
		})();
	</script>
    <script id="astra-theme-js-js-extra">
var astra = {"break_point":"921","isRtl":""};
</script>
    <script id="astra-theme-js-js" src="https://askomdch.com/wp-content/themes/astra/assets/js/minified/frontend.min.js?ver=3.7.5"/>
    <script id="astra-mobile-cart-js" src="https://askomdch.com/wp-content/themes/astra/assets/js/minified/mobile-cart.min.js?ver=3.7.5"/>
    <script id="js-cookie-js" src="https://askomdch.com/wp-content/plugins/woocommerce/assets/js/js-cookie/js.cookie.min.js?ver=2.1.4-wc.5.8.1"/>
    <script id="wc-cart-fragments-js-extra">
var wc_cart_fragments_params = {"ajax_url":"\/wp-admin\/admin-ajax.php","wc_ajax_url":"\/?wc-ajax=%%endpoint%%","cart_hash_key":"wc_cart_hash_ce7302d8a5b087b54dd768c76987f650","fragment_name":"wc_fragments_ce7302d8a5b087b54dd768c76987f650","request_timeout":"5000"};
</script>
    <script id="wc-cart-fragments-js" src="https://askomdch.com/wp-content/plugins/woocommerce/assets/js/frontend/cart-fragments.min.js?ver=5.8.1"/>
    <script id="rocket-browser-checker-js-after">
"use strict";var _createClass=function(){function defineProperties(target,props){for(var i=0;i&lt;props.length;i++){var descriptor=props[i];descriptor.enumerable=descriptor.enumerable||!1,descriptor.configurable=!0,"value"in descriptor&amp;&amp;(descriptor.writable=!0),Object.defineProperty(target,descriptor.key,descriptor)}}return function(Constructor,protoProps,staticProps){return protoProps&amp;&amp;defineProperties(Constructor.prototype,protoProps),staticProps&amp;&amp;defineProperties(Constructor,staticProps),Constructor}}();function _classCallCheck(instance,Constructor){if(!(instance instanceof Constructor))throw new TypeError("Cannot call a class as a function")}var RocketBrowserCompatibilityChecker=function(){function RocketBrowserCompatibilityChecker(options){_classCallCheck(this,RocketBrowserCompatibilityChecker),this.passiveSupported=!1,this._checkPassiveOption(this),this.options=!!this.passiveSupported&amp;&amp;options}return _createClass(RocketBrowserCompatibilityChecker,[{key:"_checkPassiveOption",value:function(self){try{var options={get passive(){return!(self.passiveSupported=!0)}};window.addEventListener("test",null,options),window.removeEventListener("test",null,options)}catch(err){self.passiveSupported=!1}}},{key:"initRequestIdleCallback",value:function(){!1 in window&amp;&amp;(window.requestIdleCallback=function(cb){var start=Date.now();return setTimeout(function(){cb({didTimeout:!1,timeRemaining:function(){return Math.max(0,50-(Date.now()-start))}})},1)}),!1 in window&amp;&amp;(window.cancelIdleCallback=function(id){return clearTimeout(id)})}},{key:"isDataSaverModeOn",value:function(){return"connection"in navigator&amp;&amp;!0===navigator.connection.saveData}},{key:"supportsLinkPrefetch",value:function(){var elem=document.createElement("link");return elem.relList&amp;&amp;elem.relList.supports&amp;&amp;elem.relList.supports("prefetch")&amp;&amp;window.IntersectionObserver&amp;&amp;"isIntersecting"in IntersectionObserverEntry.prototype}},{key:"isSlowConnection",value:function(){return"connection"in navigator&amp;&amp;"effectiveType"in navigator.connection&amp;&amp;("2g"===navigator.connection.effectiveType||"slow-2g"===navigator.connection.effectiveType)}}]),RocketBrowserCompatibilityChecker}();
</script>
    <script id="rocket-preload-links-js-extra">
var RocketPreloadLinksConfig = {"excludeUris":"\/(.+\/)?feed\/?.+\/?|\/(?:.+\/)?embed\/|\/checkout\/|\/cart\/|\/account\/|\/wc-api\/v(.*)|\/(index\\.php\/)?wp\\-json(\/.*|$)|\/wp-admin\/|\/logout\/|\/wp-login.php","usesTrailingSlash":"1","imageExt":"jpg|jpeg|gif|png|tiff|bmp|webp|avif","fileExt":"jpg|jpeg|gif|png|tiff|bmp|webp|avif|php|pdf|html|htm","siteUrl":"https:\/\/askomdch.com","onHoverDelay":"100","rateThrottle":"3"};
</script>
    <script id="rocket-preload-links-js-after">
(function() {
"use strict";var r="function"==typeof Symbol&amp;&amp;"symbol"==typeof Symbol.iterator?function(e){return typeof e}:function(e){return e&amp;&amp;"function"==typeof Symbol&amp;&amp;e.constructor===Symbol&amp;&amp;e!==Symbol.prototype?"symbol":typeof e},e=function(){function i(e,t){for(var n=0;n&lt;t.length;n++){var i=t[n];i.enumerable=i.enumerable||!1,i.configurable=!0,"value"in i&amp;&amp;(i.writable=!0),Object.defineProperty(e,i.key,i)}}return function(e,t,n){return t&amp;&amp;i(e.prototype,t),n&amp;&amp;i(e,n),e}}();function i(e,t){if(!(e instanceof t))throw new TypeError("Cannot call a class as a function")}var t=function(){function n(e,t){i(this,n),this.browser=e,this.config=t,this.options=this.browser.options,this.prefetched=new Set,this.eventTime=null,this.threshold=1111,this.numOnHover=0}return e(n,[{key:"init",value:function(){!this.browser.supportsLinkPrefetch()||this.browser.isDataSaverModeOn()||this.browser.isSlowConnection()||(this.regex={excludeUris:RegExp(this.config.excludeUris,"i"),images:RegExp(".("+this.config.imageExt+")$","i"),fileExt:RegExp(".("+this.config.fileExt+")$","i")},this._initListeners(this))}},{key:"_initListeners",value:function(e){-1&lt;this.config.onHoverDelay&amp;&amp;document.addEventListener("mouseover",e.listener.bind(e),e.listenerOptions),document.addEventListener("mousedown",e.listener.bind(e),e.listenerOptions),document.addEventListener("touchstart",e.listener.bind(e),e.listenerOptions)}},{key:"listener",value:function(e){var t=e.target.closest("a"),n=this._prepareUrl(t);if(null!==n)switch(e.type){case"mousedown":case"touchstart":this._addPrefetchLink(n);break;case"mouseover":this._earlyPrefetch(t,n,"mouseout")}}},{key:"_earlyPrefetch",value:function(t,e,n){var i=this,r=setTimeout(function(){if(r=null,0===i.numOnHover)setTimeout(function(){return i.numOnHover=0},1e3);else if(i.numOnHover&gt;i.config.rateThrottle)return;i.numOnHover++,i._addPrefetchLink(e)},this.config.onHoverDelay);t.addEventListener(n,function e(){t.removeEventListener(n,e,{passive:!0}),null!==r&amp;&amp;(clearTimeout(r),r=null)},{passive:!0})}},{key:"_addPrefetchLink",value:function(i){return this.prefetched.add(i.href),new Promise(function(e,t){var n=document.createElement("link");n.rel="prefetch",n.href=i.href,n.onload=e,n.onerror=t,document.head.appendChild(n)}).catch(function(){})}},{key:"_prepareUrl",value:function(e){if(null===e||"object"!==(void 0===e?"undefined":r(e))||!1 in e||-1===["http:","https:"].indexOf(e.protocol))return null;var t=e.href.substring(0,this.config.siteUrl.length),n=this._getPathname(e.href,t),i={original:e.href,protocol:e.protocol,origin:t,pathname:n,href:t+n};return this._isLinkOk(i)?i:null}},{key:"_getPathname",value:function(e,t){var n=t?e.substring(this.config.siteUrl.length):e;return n.startsWith("/")||(n="/"+n),this._shouldAddTrailingSlash(n)?n+"/":n}},{key:"_shouldAddTrailingSlash",value:function(e){return this.config.usesTrailingSlash&amp;&amp;!e.endsWith("/")&amp;&amp;!this.regex.fileExt.test(e)}},{key:"_isLinkOk",value:function(e){return null!==e&amp;&amp;"object"===(void 0===e?"undefined":r(e))&amp;&amp;(!this.prefetched.has(e.href)&amp;&amp;e.origin===this.config.siteUrl&amp;&amp;-1===e.href.indexOf("?")&amp;&amp;-1===e.href.indexOf("#")&amp;&amp;!this.regex.excludeUris.test(e.href)&amp;&amp;!this.regex.images.test(e.href))}}],[{key:"run",value:function(){"undefined"!=typeof RocketPreloadLinksConfig&amp;&amp;new n(new RocketBrowserCompatibilityChecker({capture:!0,passive:!0}),RocketPreloadLinksConfig).init()}}]),n}();t.run();
}());
</script>
    <script>
			/(trident|msie)/i.test(navigator.userAgent)&amp;&amp;document.getElementById&amp;&amp;window.addEventListener&amp;&amp;window.addEventListener("hashchange",function(){var t,e=location.hash.substring(1);/^[A-z0-9_-]+$/.test(e)&amp;&amp;(t=document.getElementById(e))&amp;&amp;(/^(?:a|select|input|button|textarea)$/i.test(t.tagName)||(t.tabIndex=-1),t.focus())},!1);
			</script>
  </body>
</html>
<html lang="en-US">
  <head>
    <meta charset="UTF-8"/>
    <meta name="viewport" content="width=device-width, initial-scale=1"/>
    <link rel="profile" href="https://gmpg.org/xfn/11"/>
    <title>Account – AskOmDch</title>
    <meta name="robots" content="max-image-preview:large, noindex, follow"/>
    <link id="astra-theme-css-css" rel="stylesheet" href="https://askomdch.com/wp-content/themes/astra/assets/css/minified/frontend.min.css?ver=3.7.5" media="all"/>
    <style id="astra-theme-css-inline-css">
html{font-size:93.75%;}a,.page-title{color:#4e4e4e;}a:hover,a:focus{color:#0084d6;}body,button,input,select,textarea,.ast-button,.ast-custom-button{font-family:'Lato',sans-serif;font-weight:400;font-size:15px;font-size:1rem;}blockquote{color:#000000;}h1,.entry-content h1,.entry-content h1 a,h2,.entry-content h2,.entry-content h2 a,h3,.entry-content h3,.entry-content h3 a,h4,.entry-content h4,.entry-content h4 a,h5,.entry-content h5,.entry-content h5 a,h6,.entry-content h6,.entry-content h6 a,.site-title,.site-title a{font-family:'Lato',sans-serif;font-weight:700;}.site-title{font-size:35px;font-size:2.3333333333333rem;display:block;}header .custom-logo-link img{max-width:140px;}.astra-logo-svg{width:140px;}.ast-archive-description .ast-archive-title{font-size:40px;font-size:2.6666666666667rem;}.site-header .site-description{font-size:15px;font-size:1rem;display:none;}.entry-title{font-size:30px;font-size:2rem;}h1,.entry-content h1,.entry-content h1 a{font-size:58px;font-size:3.8666666666667rem;font-family:'Lato',sans-serif;}h2,.entry-content h2,.entry-content h2 a{font-size:42px;font-size:2.8rem;font-family:'Lato',sans-serif;}h3,.entry-content h3,.entry-content h3 a{font-size:30px;font-size:2rem;font-family:'Lato',sans-serif;}h4,.entry-content h4,.entry-content h4 a{font-size:20px;font-size:1.3333333333333rem;font-family:'Lato',sans-serif;}h5,.entry-content h5,.entry-content h5 a{font-size:18px;font-size:1.2rem;font-family:'Lato',sans-serif;}h6,.entry-content h6,.entry-content h6 a{font-size:15px;font-size:1rem;font-family:'Lato',sans-serif;}.ast-single-post .entry-title,.page-title{font-size:30px;font-size:2rem;}::selection{background-color:#54595f;color:#ffffff;}body,h1,.entry-title a,.entry-content h1,.entry-content h1 a,h2,.entry-content h2,.entry-content h2 a,h3,.entry-content h3,.entry-content h3 a,h4,.entry-content h4,.entry-content h4 a,h5,.entry-content h5,.entry-content h5 a,h6,.entry-content h6,.entry-content h6 a{color:#333333;}.tagcloud a:hover,.tagcloud a:focus,.tagcloud a.current-item{color:#ffffff;border-color:#4e4e4e;background-color:#4e4e4e;}input:focus,input[type="text"]:focus,input[type="email"]:focus,input[type="url"]:focus,input[type="password"]:focus,input[type="reset"]:focus,input[type="search"]:focus,textarea:focus{border-color:#4e4e4e;}input[type="radio"]:checked,input[type=reset],input[type="checkbox"]:checked,input[type="checkbox"]:hover:checked,input[type="checkbox"]:focus:checked,input[type=range]::-webkit-slider-thumb{border-color:#4e4e4e;background-color:#4e4e4e;box-shadow:none;}.site-footer a:hover + .post-count,.site-footer a:focus + .post-count{background:#4e4e4e;border-color:#4e4e4e;}.single .nav-links .nav-previous,.single .nav-links .nav-next{color:#4e4e4e;}.entry-meta,.entry-meta *{line-height:1.45;color:#4e4e4e;}.entry-meta a:hover,.entry-meta a:hover *,.entry-meta a:focus,.entry-meta a:focus *,.page-links &gt; .page-link,.page-links .page-link:hover,.post-navigation a:hover{color:#0084d6;}#cat option,.secondary .calendar_wrap thead a,.secondary .calendar_wrap thead a:visited{color:#4e4e4e;}.secondary .calendar_wrap #today,.ast-progress-val span{background:#4e4e4e;}.secondary a:hover + .post-count,.secondary a:focus + .post-count{background:#4e4e4e;border-color:#4e4e4e;}.calendar_wrap #today &gt; a{color:#ffffff;}.page-links .page-link,.single .post-navigation a{color:#4e4e4e;}.widget-title{font-size:21px;font-size:1.4rem;color:#333333;}@media (max-width:921px){#ast-desktop-header{display:none;}}@media (min-width:921px){#ast-mobile-header{display:none;}}.ast-site-header-cart .cart-container,.ast-edd-site-header-cart .ast-edd-cart-container {transition: all 0.2s linear;}.ast-site-header-cart .ast-woo-header-cart-info-wrap,.ast-edd-site-header-cart .ast-edd-header-cart-info-wrap {padding: 0 2px;font-weight: 600;line-height: 2.7;display: inline-block;}.ast-site-header-cart i.astra-icon {font-size: 20px;font-size: 1.3em;font-style: normal;font-weight: normal;position: relative;padding: 0 2px;}.ast-site-header-cart i.astra-icon.no-cart-total:after,.ast-header-break-point.ast-header-custom-item-outside .ast-edd-header-cart-info-wrap,.ast-header-break-point.ast-header-custom-item-outside .ast-woo-header-cart-info-wrap {display: none;}.ast-site-header-cart.ast-menu-cart-fill i.astra-icon,.ast-edd-site-header-cart.ast-edd-menu-cart-fill span.astra-icon {font-size: 1.1em;}.astra-cart-drawer {position: fixed;display: block;visibility: hidden;overflow: auto;-webkit-overflow-scrolling: touch;z-index: 9999;background-color: #fff;transition: all 0.5s ease;transform: translate3d(0,0,0);}.astra-cart-drawer.open-right {width: 80%;height: 100%;left: 100%;top: 0px;transform: translate3d(0%,0,0);}.astra-cart-drawer.active {transform: translate3d(-100%,0,0);visibility: visible;}.astra-cart-drawer .astra-cart-drawer-header {text-align: center;text-transform: uppercase;font-weight: 400;border-bottom: 1px solid #f0f0f0;padding: 0 0 0.675rem;}.astra-cart-drawer .astra-cart-drawer-close .ast-close-svg {width: 22px;height: 22px; }.astra-cart-drawer .astra-cart-drawer-title {padding-top: 5px;}.astra-cart-drawer .astra-cart-drawer-content .woocommerce-mini-cart {padding: 1em 1.5em;}.astra-cart-drawer .astra-cart-drawer-content .woocommerce-mini-cart a.remove {width: 20px;height: 20px;line-height: 16px;}.astra-cart-drawer .astra-cart-drawer-content .woocommerce-mini-cart__total {padding: 1em 1.5em;margin: 0;text-align: center;}.astra-cart-drawer .astra-cart-drawer-content .woocommerce-mini-cart__buttons {padding: 10px;text-align: center;} .astra-cart-drawer .astra-cart-drawer-content .woocommerce-mini-cart__buttons .button.checkout {margin-right: 0;}.astra-cart-drawer .astra-cart-drawer-content .edd-cart-item {padding: .5em 2.6em .5em 1.5em;}.astra-cart-drawer .astra-cart-drawer-content .edd-cart-item .edd-remove-from-cart::after {width: 20px;height: 20px;line-height: 16px;}.astra-cart-drawer .astra-cart-drawer-content .edd-cart-number-of-items {padding: 1em 1.5em 1em 1.5em;margin-bottom: 0;text-align: center;}.astra-cart-drawer .astra-cart-drawer-content .edd_total {padding: .5em 1.5em;margin: 0;text-align: center;}.astra-cart-drawer .astra-cart-drawer-content .cart_item.edd_checkout {padding: 1em 1.5em 0;text-align: center;margin-top: 0;}.astra-cart-drawer .woocommerce-mini-cart__empty-message,.astra-cart-drawer .cart_item.empty {text-align: center;margin-top: 10px;}body.admin-bar .astra-cart-drawer {padding-top: 32px;}body.admin-bar .astra-cart-drawer .astra-cart-drawer-close {top: 32px;}@media (max-width: 782px) {body.admin-bar .astra-cart-drawer {padding-top: 46px;}body.admin-bar .astra-cart-drawer .astra-cart-drawer-close {top: 46px;}}.ast-mobile-cart-active body.ast-hfb-header {overflow: hidden;}.ast-mobile-cart-active .astra-mobile-cart-overlay {opacity: 1;cursor: pointer;visibility: visible;z-index: 999;}@media (max-width: 545px) {.astra-cart-drawer.active {width: 100%;}}.ast-site-header-cart i.astra-icon:after {content: attr(data-cart-total);position: absolute;font-style: normal;top: -10px;right: -12px;font-weight: bold;box-shadow: 1px 1px 3px 0px rgba(0,0,0,0.3);font-size: 11px;padding-left: 0px;padding-right: 2px;line-height: 17px;letter-spacing: -.5px;height: 18px;min-width: 18px;border-radius: 99px;text-align: center;z-index: 3;}li.woocommerce-custom-menu-item .ast-site-header-cart i.astra-icon:after,li.edd-custom-menu-item .ast-edd-site-header-cart span.astra-icon:after {padding-left: 2px;}.astra-cart-drawer .astra-cart-drawer-close {position: absolute;top: 0;right: 0;margin: 0;padding: .6em 1em .4em;color: #ababab;background-color: transparent;}.astra-mobile-cart-overlay {background-color: rgba(0,0,0,0.4);position: fixed;top: 0;right: 0;bottom: 0;left: 0;visibility: hidden;opacity: 0;transition: opacity 0.2s ease-in-out;}.astra-cart-drawer .astra-cart-drawer-content .edd-cart-item .edd-remove-from-cart {right: 1.2em;}.ast-header-break-point.ast-woocommerce-cart-menu.ast-hfb-header .ast-cart-menu-wrap,.ast-header-break-point.ast-hfb-header .ast-cart-menu-wrap,.ast-header-break-point .ast-edd-site-header-cart-wrap .ast-edd-cart-menu-wrap {width: 2em;height: 2em;font-size: 1.4em;line-height: 2;vertical-align: middle;text-align: right;}.ast-site-header-cart.ast-menu-cart-outline .ast-cart-menu-wrap,.ast-site-header-cart.ast-menu-cart-fill .ast-cart-menu-wrap,.ast-edd-site-header-cart.ast-edd-menu-cart-outline .ast-edd-cart-menu-wrap,.ast-edd-site-header-cart.ast-edd-menu-cart-fill .ast-edd-cart-menu-wrap {line-height: 1.8;}.ast-site-header-cart .cart-container *,.ast-edd-site-header-cart .ast-edd-cart-container * {transition: all 0s linear;}.wp-block-buttons.aligncenter{justify-content:center;}@media (min-width:1200px){.wp-block-group .has-background{padding:20px;}}@media (min-width:1200px){.ast-no-sidebar.ast-separate-container .entry-content .wp-block-group.alignwide,.ast-no-sidebar.ast-separate-container .entry-content .wp-block-cover.alignwide{margin-left:-20px;margin-right:-20px;padding-left:20px;padding-right:20px;}.ast-no-sidebar.ast-separate-container .entry-content .wp-block-cover.alignfull,.ast-no-sidebar.ast-separate-container .entry-content .wp-block-group.alignfull{margin-left:-6.67em;margin-right:-6.67em;padding-left:6.67em;padding-right:6.67em;}}@media (min-width:1200px){.wp-block-cover-image.alignwide .wp-block-cover__inner-container,.wp-block-cover.alignwide .wp-block-cover__inner-container,.wp-block-cover-image.alignfull .wp-block-cover__inner-container,.wp-block-cover.alignfull .wp-block-cover__inner-container{width:100%;}}.ast-plain-container.ast-no-sidebar #primary{margin-top:0;margin-bottom:0;}@media (max-width:921px){.ast-theme-transparent-header #primary,.ast-theme-transparent-header #secondary{padding:0;}}.wp-block-columns{margin-bottom:unset;}.wp-block-image.size-full{margin:2rem 0;}.wp-block-separator.has-background{padding:0;}.wp-block-gallery{margin-bottom:1.6em;}.wp-block-group{padding-top:4em;padding-bottom:4em;}.wp-block-group__inner-container .wp-block-columns:last-child,.wp-block-group__inner-container :last-child,.wp-block-table table{margin-bottom:0;}.blocks-gallery-grid{width:100%;}.wp-block-navigation-link__content{padding:5px 0;}.wp-block-group .wp-block-group .has-text-align-center,.wp-block-group .wp-block-column .has-text-align-center{max-width:100%;}.has-text-align-center{margin:0 auto;}@media (min-width:1200px){.wp-block-cover__inner-container,.alignwide .wp-block-group__inner-container,.alignfull .wp-block-group__inner-container{max-width:1200px;margin:0 auto;}.wp-block-group.alignnone,.wp-block-group.aligncenter,.wp-block-group.alignleft,.wp-block-group.alignright,.wp-block-group.alignwide,.wp-block-columns.alignwide{margin:2rem 0 1rem 0;}}@media (max-width:1200px){.wp-block-group{padding:3em;}.wp-block-group .wp-block-group{padding:1.5em;}.wp-block-columns,.wp-block-column{margin:1rem 0;}}@media (min-width:921px){.wp-block-columns .wp-block-group{padding:2em;}}@media (max-width:544px){.wp-block-cover-image .wp-block-cover__inner-container,.wp-block-cover .wp-block-cover__inner-container{width:unset;}.wp-block-cover,.wp-block-cover-image{padding:2em 0;}.wp-block-group,.wp-block-cover{padding:2em;}.wp-block-media-text__media img,.wp-block-media-text__media video{width:unset;max-width:100%;}.wp-block-media-text.has-background .wp-block-media-text__content{padding:1em;}}@media (max-width:921px){.ast-plain-container.ast-no-sidebar #primary{padding:0;}}@media (min-width:544px){.entry-content .wp-block-media-text.has-media-on-the-right .wp-block-media-text__content{padding:0 8% 0 0;}.entry-content .wp-block-media-text .wp-block-media-text__content{padding:0 0 0 8%;}.ast-plain-container .site-content .entry-content .has-custom-content-position.is-position-bottom-left &gt; *,.ast-plain-container .site-content .entry-content .has-custom-content-position.is-position-bottom-right &gt; *,.ast-plain-container .site-content .entry-content .has-custom-content-position.is-position-top-left &gt; *,.ast-plain-container .site-content .entry-content .has-custom-content-position.is-position-top-right &gt; *,.ast-plain-container .site-content .entry-content .has-custom-content-position.is-position-center-right &gt; *,.ast-plain-container .site-content .entry-content .has-custom-content-position.is-position-center-left &gt; *{margin:0;}}@media (max-width:544px){.entry-content .wp-block-media-text .wp-block-media-text__content{padding:8% 0;}.wp-block-media-text .wp-block-media-text__media img{width:auto;max-width:100%;}}@media (max-width:921px){.ast-separate-container .ast-article-post,.ast-separate-container .ast-article-single{padding:1.5em 2.14em;}.ast-separate-container #primary,.ast-separate-container #secondary{padding:1.5em 0;}#primary,#secondary{padding:1.5em 0;margin:0;}.ast-left-sidebar #content &gt; .ast-container{display:flex;flex-direction:column-reverse;width:100%;}.ast-author-box img.avatar{margin:20px 0 0 0;}}@media (min-width:922px){.ast-separate-container.ast-right-sidebar #primary,.ast-separate-container.ast-left-sidebar #primary{border:0;}.search-no-results.ast-separate-container #primary{margin-bottom:4em;}}.elementor-button-wrapper .elementor-button{border-style:solid;text-decoration:none;border-top-width:0;border-right-width:0;border-left-width:0;border-bottom-width:0;}body .elementor-button.elementor-size-sm,body .elementor-button.elementor-size-xs,body .elementor-button.elementor-size-md,body .elementor-button.elementor-size-lg,body .elementor-button.elementor-size-xl,body .elementor-button{border-radius:0;padding-top:17px;padding-right:30px;padding-bottom:17px;padding-left:30px;}.elementor-button-wrapper .elementor-button{border-color:#3197d6;background-color:#3197d6;}.elementor-button-wrapper .elementor-button:hover,.elementor-button-wrapper .elementor-button:focus{color:#ffffff;background-color:#0084d6;border-color:#0084d6;}.wp-block-button .wp-block-button__link ,.elementor-button-wrapper .elementor-button,.elementor-button-wrapper .elementor-button:visited{color:#ffffff;}.elementor-button-wrapper .elementor-button{font-family:inherit;font-weight:inherit;line-height:1;text-transform:uppercase;letter-spacing:1px;}body .elementor-button.elementor-size-sm,body .elementor-button.elementor-size-xs,body .elementor-button.elementor-size-md,body .elementor-button.elementor-size-lg,body .elementor-button.elementor-size-xl,body .elementor-button{font-size:15px;font-size:1rem;}.wp-block-button .wp-block-button__link:hover,.wp-block-button .wp-block-button__link:focus{color:#ffffff;background-color:#0084d6;border-color:#0084d6;}.wp-block-button .wp-block-button__link{border-style:solid;border-top-width:0;border-right-width:0;border-left-width:0;border-bottom-width:0;border-color:#3197d6;background-color:#3197d6;color:#ffffff;font-family:inherit;font-weight:inherit;line-height:1;text-transform:uppercase;letter-spacing:1px;font-size:15px;font-size:1rem;border-radius:0;}.wp-block-buttons .wp-block-button .wp-block-button__link{padding-top:17px;padding-right:30px;padding-bottom:17px;padding-left:30px;}.menu-toggle,button,.ast-button,.ast-custom-button,.button,input#submit,input[type="button"],input[type="submit"],input[type="reset"]{border-style:solid;border-top-width:0;border-right-width:0;border-left-width:0;border-bottom-width:0;color:#ffffff;border-color:#3197d6;background-color:#3197d6;border-radius:0;padding-top:17px;padding-right:30px;padding-bottom:17px;padding-left:30px;font-family:inherit;font-weight:inherit;font-size:15px;font-size:1rem;line-height:1;text-transform:uppercase;letter-spacing:1px;}button:focus,.menu-toggle:hover,button:hover,.ast-button:hover,.ast-custom-button:hover .button:hover,.ast-custom-button:hover ,input[type=reset]:hover,input[type=reset]:focus,input#submit:hover,input#submit:focus,input[type="button"]:hover,input[type="button"]:focus,input[type="submit"]:hover,input[type="submit"]:focus{color:#ffffff;background-color:#0084d6;border-color:#0084d6;}@media (min-width:544px){.ast-container{max-width:100%;}}@media (max-width:544px){.ast-separate-container .ast-article-post,.ast-separate-container .ast-article-single,.ast-separate-container .comments-title,.ast-separate-container .ast-archive-description{padding:1.5em 1em;}.ast-separate-container #content .ast-container{padding-left:0.54em;padding-right:0.54em;}.ast-separate-container .ast-comment-list li.depth-1{padding:1.5em 1em;margin-bottom:1.5em;}.ast-separate-container .ast-comment-list .bypostauthor{padding:.5em;}.ast-search-menu-icon.ast-dropdown-active .search-field{width:170px;}}@media (max-width:921px){.ast-mobile-header-stack .main-header-bar .ast-search-menu-icon{display:inline-block;}.ast-header-break-point.ast-header-custom-item-outside .ast-mobile-header-stack .main-header-bar .ast-search-icon{margin:0;}.ast-comment-avatar-wrap img{max-width:2.5em;}.ast-separate-container .ast-comment-list li.depth-1{padding:1.5em 2.14em;}.ast-separate-container .comment-respond{padding:2em 2.14em;}.ast-comment-meta{padding:0 1.8888em 1.3333em;}}body,.ast-separate-container{background-color:#f9f9f9;;}.ast-no-sidebar.ast-separate-container .entry-content .alignfull {margin-left: -6.67em;margin-right: -6.67em;width: auto;}@media (max-width: 1200px) {.ast-no-sidebar.ast-separate-container .entry-content .alignfull {margin-left: -2.4em;margin-right: -2.4em;}}@media (max-width: 768px) {.ast-no-sidebar.ast-separate-container .entry-content .alignfull {margin-left: -2.14em;margin-right: -2.14em;}}@media (max-width: 544px) {.ast-no-sidebar.ast-separate-container .entry-content .alignfull {margin-left: -1em;margin-right: -1em;}}.ast-no-sidebar.ast-separate-container .entry-content .alignwide {margin-left: -20px;margin-right: -20px;}.ast-no-sidebar.ast-separate-container .entry-content .wp-block-column .alignfull,.ast-no-sidebar.ast-separate-container .entry-content .wp-block-column .alignwide {margin-left: auto;margin-right: auto;width: 100%;}@media (max-width:921px){.site-title{display:block;}.ast-archive-description .ast-archive-title{font-size:40px;}.site-header .site-description{display:none;}.entry-title{font-size:30px;}h1,.entry-content h1,.entry-content h1 a{font-size:30px;}h2,.entry-content h2,.entry-content h2 a{font-size:25px;}h3,.entry-content h3,.entry-content h3 a{font-size:20px;}.ast-single-post .entry-title,.page-title{font-size:30px;}.astra-logo-svg{width:120px;}header .custom-logo-link img,.ast-header-break-point .site-logo-img .custom-mobile-logo-link img{max-width:120px;}}@media (max-width:544px){.site-title{display:block;}.ast-archive-description .ast-archive-title{font-size:40px;}.site-header .site-description{display:none;}.entry-title{font-size:30px;}h1,.entry-content h1,.entry-content h1 a{font-size:30px;}h2,.entry-content h2,.entry-content h2 a{font-size:25px;}h3,.entry-content h3,.entry-content h3 a{font-size:20px;}.ast-single-post .entry-title,.page-title{font-size:30px;}header .custom-logo-link img,.ast-header-break-point .site-branding img,.ast-header-break-point .custom-logo-link img{max-width:120px;}.astra-logo-svg{width:120px;}.ast-header-break-point .site-logo-img .custom-mobile-logo-link img{max-width:120px;}}@media (max-width:921px){html{font-size:85.5%;}}@media (max-width:544px){html{font-size:85.5%;}}@media (min-width:922px){.ast-container{max-width:1240px;}}@font-face {font-family: "Astra";src: url(https://askomdch.com/wp-content/themes/astra/assets/fonts/astra.woff) format("woff"),url(https://askomdch.com/wp-content/themes/astra/assets/fonts/astra.ttf) format("truetype"),url(https://askomdch.com/wp-content/themes/astra/assets/fonts/astra.svg#astra) format("svg");font-weight: normal;font-style: normal;font-display: fallback;}@media (min-width:922px){.main-header-menu .sub-menu .menu-item.ast-left-align-sub-menu:hover &gt; .sub-menu,.main-header-menu .sub-menu .menu-item.ast-left-align-sub-menu.focus &gt; .sub-menu{margin-left:-2px;}}.ast-theme-transparent-header [data-section="section-header-mobile-trigger"] .ast-button-wrap .ast-mobile-menu-trigger-minimal{background:transparent;}.footer-widget-area[data-section^="section-fb-html-"] .ast-builder-html-element{text-align:center;}.astra-icon-down_arrow::after {content: "\e900";font-family: Astra;}.astra-icon-close::after {content: "\e5cd";font-family: Astra;}.astra-icon-drag_handle::after {content: "\e25d";font-family: Astra;}.astra-icon-format_align_justify::after {content: "\e235";font-family: Astra;}.astra-icon-menu::after {content: "\e5d2";font-family: Astra;}.astra-icon-reorder::after {content: "\e8fe";font-family: Astra;}.astra-icon-search::after {content: "\e8b6";font-family: Astra;}.astra-icon-zoom_in::after {content: "\e56b";font-family: Astra;}.astra-icon-check-circle::after {content: "\e901";font-family: Astra;}.astra-icon-shopping-cart::after {content: "\f07a";font-family: Astra;}.astra-icon-shopping-bag::after {content: "\f290";font-family: Astra;}.astra-icon-shopping-basket::after {content: "\f291";font-family: Astra;}.astra-icon-circle-o::after {content: "\e903";font-family: Astra;}.astra-icon-certificate::after {content: "\e902";font-family: Astra;}blockquote {padding: 1.2em;}.ast-header-break-point .ast-mobile-header-wrap .ast-above-header-wrap .main-header-bar-navigation .inline-on-mobile .menu-item .menu-link,.ast-header-break-point .ast-mobile-header-wrap .ast-main-header-wrap .main-header-bar-navigation .inline-on-mobile .menu-item .menu-link,.ast-header-break-point .ast-mobile-header-wrap .ast-below-header-wrap .main-header-bar-navigation .inline-on-mobile .menu-item .menu-link {border: none;}.ast-header-break-point .ast-mobile-header-wrap .ast-above-header-wrap .main-header-bar-navigation .inline-on-mobile .menu-item-has-children &gt; .ast-menu-toggle::before,.ast-header-break-point .ast-mobile-header-wrap .ast-main-header-wrap .main-header-bar-navigation .inline-on-mobile .menu-item-has-children &gt; .ast-menu-toggle::before,.ast-header-break-point .ast-mobile-header-wrap .ast-below-header-wrap .main-header-bar-navigation .inline-on-mobile .menu-item-has-children &gt; .ast-menu-toggle::before {font-size: .6rem;}.ast-header-break-point .ast-mobile-header-wrap .ast-flex.inline-on-mobile {flex-wrap: unset;}.ast-header-break-point .ast-mobile-header-wrap .ast-flex.inline-on-mobile .menu-item.ast-submenu-expanded &gt; .sub-menu .menu-link {padding: .1em 1em;}.ast-header-break-point .ast-mobile-header-wrap .ast-flex.inline-on-mobile .menu-item.ast-submenu-expanded &gt; .sub-menu &gt; .menu-item .ast-menu-toggle::before {transform: rotate(-90deg);}.ast-header-break-point .ast-mobile-header-wrap .ast-flex.inline-on-mobile .menu-item.ast-submenu-expanded &gt; .sub-menu &gt; .menu-item.ast-submenu-expanded .ast-menu-toggle::before {transform: rotate(-270deg);}.ast-header-break-point .ast-mobile-header-wrap .ast-flex.inline-on-mobile .menu-item &gt; .sub-menu &gt; .menu-item .menu-link:before {content: none;}.ast-header-break-point .ast-mobile-header-wrap .ast-flex.inline-on-mobile {flex-wrap: unset;}.ast-header-break-point .ast-mobile-header-wrap .ast-flex.inline-on-mobile .menu-item.ast-submenu-expanded &gt; .sub-menu .menu-link {padding: .1em 1em;}.ast-header-break-point .ast-mobile-header-wrap .ast-flex.inline-on-mobile .menu-item.ast-submenu-expanded &gt; .sub-menu &gt; .menu-item .ast-menu-toggle::before {transform: rotate(-90deg);}.ast-header-break-point .ast-mobile-header-wrap .ast-flex.inline-on-mobile .menu-item.ast-submenu-expanded &gt; .sub-menu &gt; .menu-item.ast-submenu-expanded .ast-menu-toggle::before {transform: rotate(-270deg);}.ast-header-break-point .ast-mobile-header-wrap .ast-flex.inline-on-mobile .menu-item &gt; .sub-menu &gt; .menu-item .menu-link:before {content: none;}.ast-header-break-point .inline-on-mobile .sub-menu {width: 150px;}.ast-header-break-point .ast-mobile-header-wrap .ast-flex.inline-on-mobile .menu-item.menu-item-has-children {margin-right: 10px;}.ast-header-break-point .ast-mobile-header-wrap .ast-flex.inline-on-mobile .menu-item.ast-submenu-expanded &gt; .sub-menu {display: block;position: absolute;right: auto;left: 0;}.ast-header-break-point .ast-mobile-header-wrap .ast-flex.inline-on-mobile .menu-item.ast-submenu-expanded &gt; .sub-menu .menu-item .ast-menu-toggle {padding: 0;right: 1em;}.ast-header-break-point .ast-mobile-header-wrap .ast-flex.inline-on-mobile .menu-item.ast-submenu-expanded &gt; .sub-menu &gt; .menu-item &gt; .sub-menu {left: 100%;right: auto;}.ast-header-break-point .ast-mobile-header-wrap .ast-flex.inline-on-mobile .ast-menu-toggle {right: -15px;}.ast-header-break-point .ast-mobile-header-wrap .ast-flex.inline-on-mobile .menu-item.menu-item-has-children {margin-right: 10px;}.ast-header-break-point .ast-mobile-header-wrap .ast-flex.inline-on-mobile .menu-item.ast-submenu-expanded &gt; .sub-menu {display: block;position: absolute;right: auto;left: 0;}.ast-header-break-point .ast-mobile-header-wrap .ast-flex.inline-on-mobile .menu-item.ast-submenu-expanded &gt; .sub-menu &gt; .menu-item &gt; .sub-menu {left: 100%;right: auto;}.ast-header-break-point .ast-mobile-header-wrap .ast-flex.inline-on-mobile .ast-menu-toggle {right: -15px;}:root .has-ast-global-color-0-color{color:var(--ast-global-color-0);}:root .has-ast-global-color-0-background-color{background-color:var(--ast-global-color-0);}:root .wp-block-button .has-ast-global-color-0-color{color:var(--ast-global-color-0);}:root .wp-block-button .has-ast-global-color-0-background-color{background-color:var(--ast-global-color-0);}:root .has-ast-global-color-1-color{color:var(--ast-global-color-1);}:root .has-ast-global-color-1-background-color{background-color:var(--ast-global-color-1);}:root .wp-block-button .has-ast-global-color-1-color{color:var(--ast-global-color-1);}:root .wp-block-button .has-ast-global-color-1-background-color{background-color:var(--ast-global-color-1);}:root .has-ast-global-color-2-color{color:var(--ast-global-color-2);}:root .has-ast-global-color-2-background-color{background-color:var(--ast-global-color-2);}:root .wp-block-button .has-ast-global-color-2-color{color:var(--ast-global-color-2);}:root .wp-block-button .has-ast-global-color-2-background-color{background-color:var(--ast-global-color-2);}:root .has-ast-global-color-3-color{color:var(--ast-global-color-3);}:root .has-ast-global-color-3-background-color{background-color:var(--ast-global-color-3);}:root .wp-block-button .has-ast-global-color-3-color{color:var(--ast-global-color-3);}:root .wp-block-button .has-ast-global-color-3-background-color{background-color:var(--ast-global-color-3);}:root .has-ast-global-color-4-color{color:var(--ast-global-color-4);}:root .has-ast-global-color-4-background-color{background-color:var(--ast-global-color-4);}:root .wp-block-button .has-ast-global-color-4-color{color:var(--ast-global-color-4);}:root .wp-block-button .has-ast-global-color-4-background-color{background-color:var(--ast-global-color-4);}:root .has-ast-global-color-5-color{color:var(--ast-global-color-5);}:root .has-ast-global-color-5-background-color{background-color:var(--ast-global-color-5);}:root .wp-block-button .has-ast-global-color-5-color{color:var(--ast-global-color-5);}:root .wp-block-button .has-ast-global-color-5-background-color{background-color:var(--ast-global-color-5);}:root .has-ast-global-color-6-color{color:var(--ast-global-color-6);}:root .has-ast-global-color-6-background-color{background-color:var(--ast-global-color-6);}:root .wp-block-button .has-ast-global-color-6-color{color:var(--ast-global-color-6);}:root .wp-block-button .has-ast-global-color-6-background-color{background-color:var(--ast-global-color-6);}:root .has-ast-global-color-7-color{color:var(--ast-global-color-7);}:root .has-ast-global-color-7-background-color{background-color:var(--ast-global-color-7);}:root .wp-block-button .has-ast-global-color-7-color{color:var(--ast-global-color-7);}:root .wp-block-button .has-ast-global-color-7-background-color{background-color:var(--ast-global-color-7);}:root .has-ast-global-color-8-color{color:var(--ast-global-color-8);}:root .has-ast-global-color-8-background-color{background-color:var(--ast-global-color-8);}:root .wp-block-button .has-ast-global-color-8-color{color:var(--ast-global-color-8);}:root .wp-block-button .has-ast-global-color-8-background-color{background-color:var(--ast-global-color-8);}:root{--ast-global-color-0:#0170B9;--ast-global-color-1:#3a3a3a;--ast-global-color-2:#3a3a3a;--ast-global-color-3:#4B4F58;--ast-global-color-4:#F5F5F5;--ast-global-color-5:#FFFFFF;--ast-global-color-6:#F2F5F7;--ast-global-color-7:#424242;--ast-global-color-8:#000000;}.ast-theme-transparent-header #masthead .site-logo-img .transparent-custom-logo .astra-logo-svg{width:140px;}.ast-theme-transparent-header #masthead .site-logo-img .transparent-custom-logo img{ max-width:140px;}@media (min-width:921px){.ast-theme-transparent-header #masthead{position:absolute;left:0;right:0;}.ast-theme-transparent-header .main-header-bar,.ast-theme-transparent-header.ast-header-break-point .main-header-bar{background:none;}body.elementor-editor-active.ast-theme-transparent-header #masthead,.fl-builder-edit .ast-theme-transparent-header #masthead,body.vc_editor.ast-theme-transparent-header #masthead,body.brz-ed.ast-theme-transparent-header #masthead{z-index:0;}.ast-header-break-point.ast-replace-site-logo-transparent.ast-theme-transparent-header .custom-mobile-logo-link{display:none;}.ast-header-break-point.ast-replace-site-logo-transparent.ast-theme-transparent-header .transparent-custom-logo{display:inline-block;}.ast-theme-transparent-header .ast-above-header,.ast-theme-transparent-header .ast-above-header.ast-above-header-bar{background-image:none;background-color:transparent;}.ast-theme-transparent-header .ast-below-header{background-image:none;background-color:transparent;}}@media (min-width:922px){.ast-theme-transparent-header .main-header-bar,.ast-theme-transparent-header.ast-header-break-point .main-header-bar-wrap .main-header-menu,.ast-theme-transparent-header.ast-header-break-point .main-header-bar-wrap .main-header-bar,.ast-theme-transparent-header.ast-header-break-point .ast-mobile-header-wrap .main-header-bar{background-color:rgba(0,0,0,0.07);}.ast-theme-transparent-header .main-header-bar .ast-search-menu-icon form{background-color:rgba(0,0,0,0.07);}.ast-theme-transparent-header .ast-above-header,.ast-theme-transparent-header .ast-above-header.ast-above-header-bar,.ast-theme-transparent-header .ast-below-header,.ast-header-break-point.ast-theme-transparent-header .ast-above-header,.ast-header-break-point.ast-theme-transparent-header .ast-below-header{background-color:rgba(0,0,0,0.07);}.ast-theme-transparent-header .site-title a,.ast-theme-transparent-header .site-title a:focus,.ast-theme-transparent-header .site-title a:hover,.ast-theme-transparent-header .site-title a:visited{color:#ffffff;}.ast-theme-transparent-header .site-header .site-description{color:#ffffff;}.ast-theme-transparent-header .ast-builder-menu .main-header-menu .menu-item .sub-menu .menu-item .menu-link,.ast-theme-transparent-header .ast-builder-menu .main-header-menu .menu-item .sub-menu .menu-item &gt; .ast-menu-toggle,.ast-theme-transparent-header .main-header-menu .menu-item .sub-menu .menu-link,.ast-header-break-point.ast-flyout-menu-enable.ast-header-break-point .main-header-bar-navigation .main-header-menu .menu-item .sub-menu .menu-link{color:#333333;}.ast-theme-transparent-header .ast-builder-menu .main-header-menu .menu-item .sub-menu .menu-link:hover,.ast-theme-transparent-header .ast-builder-menu .main-header-menu .menu-item .sub-menu .menu-item:hover &gt; .menu-link,.ast-theme-transparent-header .ast-builder-menu .main-header-menu .menu-item .sub-menu .menu-item.focus &gt; .menu-item,.ast-theme-transparent-header .ast-builder-menu .main-header-menu .menu-item .sub-menu .menu-item.current-menu-item &gt; .menu-link,.ast-theme-transparent-header .ast-builder-menu .main-header-menu .menu-item .sub-menu .menu-item.current-menu-item &gt; .ast-menu-toggle,.ast-theme-transparent-header .ast-builder-menu .main-header-menu .menu-item .sub-menu .menu-item:hover &gt; .ast-menu-toggle,.ast-theme-transparent-header .ast-builder-menu .main-header-menu .menu-item .sub-menu .menu-item.focus &gt; .ast-menu-toggle,.ast-theme-transparent-header .main-header-menu .menu-item .sub-menu .menu-item:hover &gt; .menu-link,.ast-header-break-point.ast-flyout-menu-enable.ast-header-break-point .main-header-bar-navigation .main-header-menu .menu-item .sub-menu .menu-link{color:#000000;}.ast-theme-transparent-header .ast-builder-menu .main-header-menu,.ast-theme-transparent-header .ast-builder-menu .main-header-menu .menu-link,.ast-theme-transparent-header [CLASS*="ast-builder-menu-"] .main-header-menu .menu-item &gt; .menu-link,.ast-theme-transparent-header .ast-masthead-custom-menu-items,.ast-theme-transparent-header .ast-masthead-custom-menu-items a,.ast-theme-transparent-header .ast-builder-menu .main-header-menu .menu-item &gt; .ast-menu-toggle,.ast-theme-transparent-header .ast-builder-menu .main-header-menu .menu-item &gt; .ast-menu-toggle,.ast-theme-transparent-header .ast-above-header-navigation a,.ast-header-break-point.ast-theme-transparent-header .ast-above-header-navigation a,.ast-header-break-point.ast-theme-transparent-header .ast-above-header-navigation &gt; ul.ast-above-header-menu &gt; .menu-item-has-children:not(.current-menu-item) &gt; .ast-menu-toggle,.ast-theme-transparent-header .ast-below-header-menu,.ast-theme-transparent-header .ast-below-header-menu a,.ast-header-break-point.ast-theme-transparent-header .ast-below-header-menu a,.ast-header-break-point.ast-theme-transparent-header .ast-below-header-menu,.ast-theme-transparent-header .main-header-menu .menu-link{color:#cecece;}.ast-theme-transparent-header .ast-builder-menu .main-header-menu .menu-item:hover &gt; .menu-link,.ast-theme-transparent-header .ast-builder-menu .main-header-menu .menu-item:hover &gt; .ast-menu-toggle,.ast-theme-transparent-header .ast-builder-menu .main-header-menu .ast-masthead-custom-menu-items a:hover,.ast-theme-transparent-header .ast-builder-menu .main-header-menu .focus &gt; .menu-link,.ast-theme-transparent-header .ast-builder-menu .main-header-menu .focus &gt; .ast-menu-toggle,.ast-theme-transparent-header .ast-builder-menu .main-header-menu .current-menu-item &gt; .menu-link,.ast-theme-transparent-header .ast-builder-menu .main-header-menu .current-menu-ancestor &gt; .menu-link,.ast-theme-transparent-header .ast-builder-menu .main-header-menu .current-menu-item &gt; .ast-menu-toggle,.ast-theme-transparent-header .ast-builder-menu .main-header-menu .current-menu-ancestor &gt; .ast-menu-toggle,.ast-theme-transparent-header [CLASS*="ast-builder-menu-"] .main-header-menu .current-menu-item &gt; .menu-link,.ast-theme-transparent-header [CLASS*="ast-builder-menu-"] .main-header-menu .current-menu-ancestor &gt; .menu-link,.ast-theme-transparent-header [CLASS*="ast-builder-menu-"] .main-header-menu .current-menu-item &gt; .ast-menu-toggle,.ast-theme-transparent-header [CLASS*="ast-builder-menu-"] .main-header-menu .current-menu-ancestor &gt; .ast-menu-toggle,.ast-theme-transparent-header .main-header-menu .menu-item:hover &gt; .menu-link,.ast-theme-transparent-header .main-header-menu .current-menu-item &gt; .menu-link,.ast-theme-transparent-header .main-header-menu .current-menu-ancestor &gt; .menu-link{color:#ffffff;}.ast-theme-transparent-header div.ast-masthead-custom-menu-items,.ast-theme-transparent-header div.ast-masthead-custom-menu-items .widget,.ast-theme-transparent-header div.ast-masthead-custom-menu-items .widget-title,.ast-theme-transparent-header .site-header-section [CLASS*="ast-header-html-"] .ast-builder-html-element{color:#000000;}.ast-theme-transparent-header div.ast-masthead-custom-menu-items a,.ast-theme-transparent-header div.ast-masthead-custom-menu-items .widget a,.ast-theme-transparent-header .site-header-section [CLASS*="ast-header-html-"] .ast-builder-html-element a{color:#cecece;}.ast-theme-transparent-header div.ast-masthead-custom-menu-items a:hover,.ast-theme-transparent-header div.ast-masthead-custom-menu-items .widget a:hover,.ast-theme-transparent-header .site-header-section [CLASS*="ast-header-html-"] .ast-builder-html-element a:hover{color:#ffffff;}}@media (max-width:921px){.transparent-custom-logo{display:none;}}@media (min-width:921px){.ast-transparent-mobile-logo{display:none;}}@media (max-width:921px){.ast-transparent-mobile-logo{display:block;}}@media (min-width:921px){.ast-theme-transparent-header #ast-desktop-header &gt; [CLASS*="-header-wrap"]:nth-last-child(2) &gt; [CLASS*="-header-bar"]{border-bottom-width:0;border-bottom-style:solid;border-bottom-color:rgba(0,0,0,0);}}.ast-breadcrumbs .trail-browse,.ast-breadcrumbs .trail-items,.ast-breadcrumbs .trail-items li{display:inline-block;margin:0;padding:0;border:none;background:inherit;text-indent:0;}.ast-breadcrumbs .trail-browse{font-size:inherit;font-style:inherit;font-weight:inherit;color:inherit;}.ast-breadcrumbs .trail-items{list-style:none;}.trail-items li::after{padding:0 0.3em;content:"\00bb";}.trail-items li:last-of-type::after{display:none;}h1,.entry-content h1,h2,.entry-content h2,h3,.entry-content h3,h4,.entry-content h4,h5,.entry-content h5,h6,.entry-content h6{color:var(--ast-global-color-2);}@media (max-width:921px){.ast-builder-grid-row-container.ast-builder-grid-row-tablet-3-firstrow .ast-builder-grid-row &gt; *:first-child,.ast-builder-grid-row-container.ast-builder-grid-row-tablet-3-lastrow .ast-builder-grid-row &gt; *:last-child{grid-column:1 / -1;}}@media (max-width:544px){.ast-builder-grid-row-container.ast-builder-grid-row-mobile-3-firstrow .ast-builder-grid-row &gt; *:first-child,.ast-builder-grid-row-container.ast-builder-grid-row-mobile-3-lastrow .ast-builder-grid-row &gt; *:last-child{grid-column:1 / -1;}}.ast-builder-layout-element[data-section="title_tagline"]{display:flex;}@media (max-width:921px){.ast-header-break-point .ast-builder-layout-element[data-section="title_tagline"]{display:flex;}}@media (max-width:544px){.ast-header-break-point .ast-builder-layout-element[data-section="title_tagline"]{display:flex;}}.ast-builder-menu-1{font-family:inherit;font-weight:normal;}.ast-builder-menu-1 .menu-item.current-menu-item &gt; .menu-link,.ast-builder-menu-1 .inline-on-mobile .menu-item.current-menu-item &gt; .ast-menu-toggle,.ast-builder-menu-1 .current-menu-ancestor &gt; .menu-link{color:#602bb7;}.ast-builder-menu-1 .menu-item.current-menu-item &gt; .ast-menu-toggle{color:#602bb7;}.ast-builder-menu-1 .sub-menu,.ast-builder-menu-1 .inline-on-mobile .sub-menu{border-top-width:1px;border-bottom-width:1px;border-right-width:1px;border-left-width:1px;border-color:#dddddd;border-style:solid;border-radius:0;}.ast-builder-menu-1 .main-header-menu &gt; .menu-item &gt; .sub-menu,.ast-builder-menu-1 .main-header-menu &gt; .menu-item &gt; .astra-full-megamenu-wrapper{margin-top:0;}.ast-desktop .ast-builder-menu-1 .main-header-menu &gt; .menu-item &gt; .sub-menu:before,.ast-desktop .ast-builder-menu-1 .main-header-menu &gt; .menu-item &gt; .astra-full-megamenu-wrapper:before{height:calc( 0px + 5px );}.ast-desktop .ast-builder-menu-1 .menu-item .sub-menu .menu-link{border-bottom-width:1px;border-color:#eaeaea;border-style:solid;}.ast-desktop .ast-builder-menu-1 .menu-item .sub-menu .menu-item:last-child .menu-link{border-bottom-width:0;}@media (max-width:921px){.ast-header-break-point .ast-builder-menu-1 .menu-item.menu-item-has-children &gt; .ast-menu-toggle{top:0;}.ast-builder-menu-1 .menu-item-has-children &gt; .menu-link:after{content:unset;}}@media (max-width:544px){.ast-header-break-point .ast-builder-menu-1 .menu-item.menu-item-has-children &gt; .ast-menu-toggle{top:0;}}.ast-builder-menu-1{display:flex;}@media (max-width:921px){.ast-header-break-point .ast-builder-menu-1{display:flex;}}@media (max-width:544px){.ast-header-break-point .ast-builder-menu-1{display:flex;}}.ast-site-header-cart .ast-cart-menu-wrap,.ast-site-header-cart .ast-addon-cart-wrap{color:#d2d2d2;}.ast-site-header-cart .ast-cart-menu-wrap .count,.ast-site-header-cart .ast-cart-menu-wrap .count:after,.ast-site-header-cart .ast-addon-cart-wrap .count,.ast-site-header-cart .ast-addon-cart-wrap .ast-icon-shopping-cart:after{color:#d2d2d2;border-color:#d2d2d2;}.ast-site-header-cart .ast-addon-cart-wrap .ast-icon-shopping-cart:after{color:#ffffff;background-color:#d2d2d2;}.ast-site-header-cart .ast-woo-header-cart-info-wrap{color:#d2d2d2;}.ast-site-header-cart .ast-addon-cart-wrap i.astra-icon:after{color:#ffffff;background-color:#d2d2d2;}.ast-theme-transparent-header .ast-site-header-cart .ast-cart-menu-wrap,.ast-theme-transparent-header .ast-site-header-cart .ast-addon-cart-wrap{color:#d2d2d2;}.ast-theme-transparent-header .ast-site-header-cart .ast-cart-menu-wrap .count,.ast-theme-transparent-header .ast-site-header-cart .ast-cart-menu-wrap .count:after,.ast-theme-transparent-header .ast-site-header-cart .ast-addon-cart-wrap .count,.ast-theme-transparent-header .ast-site-header-cart .ast-addon-cart-wrap .ast-icon-shopping-cart:after{color:#d2d2d2;border-color:#d2d2d2;}.ast-theme-transparent-header .ast-site-header-cart .ast-addon-cart-wrap .ast-icon-shopping-cart:after{color:#ffffff;background-color:#d2d2d2;}.ast-theme-transparent-header .ast-site-header-cart .ast-woo-header-cart-info-wrap{color:#d2d2d2;}.ast-theme-transparent-header .ast-site-header-cart .ast-addon-cart-wrap i.astra-icon:after{color:#ffffff;background-color:#d2d2d2;}#ast-site-header-cart .widget_shopping_cart .mini_cart_item{border-bottom-color:rgb(0,0,0);}@media (max-width:921px){#astra-mobile-cart-drawer .widget_shopping_cart .mini_cart_item{border-bottom-color:rgb(0,0,0);}}@media (max-width:544px){#astra-mobile-cart-drawer .widget_shopping_cart .mini_cart_item{border-bottom-color:rgb(0,0,0);}}.ast-site-header-cart .ast-cart-menu-wrap,.ast-site-header-cart .ast-addon-cart-wrap{color:#d2d2d2;}.ast-site-header-cart .ast-cart-menu-wrap:hover .count,.ast-site-header-cart .ast-addon-cart-wrap:hover .count{color:#000000;background-color:#d2d2d2;}.ast-menu-cart-outline .ast-cart-menu-wrap .count,.ast-menu-cart-outline .ast-addon-cart-wrap{color:#d2d2d2;}.ast-site-header-cart .ast-menu-cart-outline .ast-woo-header-cart-info-wrap{color:#d2d2d2;}.ast-menu-cart-fill .ast-cart-menu-wrap .count,.ast-menu-cart-fill .ast-cart-menu-wrap,.ast-menu-cart-fill .ast-addon-cart-wrap .ast-woo-header-cart-info-wrap,.ast-menu-cart-fill .ast-addon-cart-wrap{background-color:#d2d2d2;color:#000000;}.ast-theme-transparent-header .ast-site-header-cart .ast-cart-menu-wrap,.ast-theme-transparent-header .ast-site-header-cart .ast-addon-cart-wrap{color:#d2d2d2;}.ast-theme-transparent-header .ast-site-header-cart .ast-cart-menu-wrap:hover .count,.ast-theme-transparent-header .ast-site-header-cart .ast-addon-cart-wrap:hover .count{color:#000000;background-color:#d2d2d2;}.ast-theme-transparent-header .ast-menu-cart-outline .ast-cart-menu-wrap .count,.ast-theme-transparent-header .ast-menu-cart-outline .ast-addon-cart-wrap{color:#d2d2d2;}.ast-theme-transparent-header .ast-site-header-cart .ast-menu-cart-outline .ast-woo-header-cart-info-wrap{color:#d2d2d2;}.ast-theme-transparent-header .ast-menu-cart-fill .ast-cart-menu-wrap .count,.ast-theme-transparent-header .ast-menu-cart-fill .ast-cart-menu-wrap,.ast-theme-transparent-header .ast-menu-cart-fill .ast-addon-cart-wrap .ast-woo-header-cart-info-wrap,.ast-theme-transparent-header .ast-menu-cart-fill .ast-addon-cart-wrap{background-color:#d2d2d2;color:#000000;}.ast-site-header-cart.ast-menu-cart-outline .ast-cart-menu-wrap,.ast-site-header-cart.ast-menu-cart-fill .ast-cart-menu-wrap,.ast-site-header-cart.ast-menu-cart-outline .ast-cart-menu-wrap .count,.ast-site-header-cart.ast-menu-cart-fill .ast-cart-menu-wrap .count,.ast-site-header-cart.ast-menu-cart-outline .ast-addon-cart-wrap,.ast-site-header-cart.ast-menu-cart-fill .ast-addon-cart-wrap,.ast-site-header-cart.ast-menu-cart-outline .ast-woo-header-cart-info-wrap,.ast-site-header-cart.ast-menu-cart-fill .ast-woo-header-cart-info-wrap{border-radius:3px;}.ast-header-woo-cart{display:flex;}@media (max-width:921px){.ast-header-break-point .ast-header-woo-cart{display:flex;}}@media (max-width:544px){.ast-header-break-point .ast-header-woo-cart{display:none;}}.site-below-footer-wrap{padding-top:20px;padding-bottom:20px;}.site-below-footer-wrap[data-section="section-below-footer-builder"]{background-color:#ffffff;;background-image:none;;min-height:80px;border-style:solid;border-width:0px;border-top-width:1px;border-top-color:rgba(122,122,122,0.13);}.site-below-footer-wrap[data-section="section-below-footer-builder"] .ast-builder-grid-row{max-width:1200px;margin-left:auto;margin-right:auto;}.site-below-footer-wrap[data-section="section-below-footer-builder"] .ast-builder-grid-row,.site-below-footer-wrap[data-section="section-below-footer-builder"] .site-footer-section{align-items:flex-start;}.site-below-footer-wrap[data-section="section-below-footer-builder"].ast-footer-row-inline .site-footer-section{display:flex;margin-bottom:0;}.ast-builder-grid-row-2-equal .ast-builder-grid-row{grid-template-columns:repeat( 2,1fr );}@media (max-width:921px){.site-below-footer-wrap[data-section="section-below-footer-builder"].ast-footer-row-tablet-inline .site-footer-section{display:flex;margin-bottom:0;}.site-below-footer-wrap[data-section="section-below-footer-builder"].ast-footer-row-tablet-stack .site-footer-section{display:block;margin-bottom:10px;}.ast-builder-grid-row-container.ast-builder-grid-row-tablet-2-equal .ast-builder-grid-row{grid-template-columns:repeat( 2,1fr );}}@media (max-width:544px){.site-below-footer-wrap[data-section="section-below-footer-builder"].ast-footer-row-mobile-inline .site-footer-section{display:flex;margin-bottom:0;}.site-below-footer-wrap[data-section="section-below-footer-builder"].ast-footer-row-mobile-stack .site-footer-section{display:block;margin-bottom:10px;}.ast-builder-grid-row-container.ast-builder-grid-row-mobile-full .ast-builder-grid-row{grid-template-columns:1fr;}}@media (max-width:921px){.site-below-footer-wrap[data-section="section-below-footer-builder"]{padding-left:30px;padding-right:30px;}}.site-below-footer-wrap[data-section="section-below-footer-builder"]{display:grid;}@media (max-width:921px){.ast-header-break-point .site-below-footer-wrap[data-section="section-below-footer-builder"]{display:grid;}}@media (max-width:544px){.ast-header-break-point .site-below-footer-wrap[data-section="section-below-footer-builder"]{display:grid;}}.ast-builder-html-element img.alignnone{display:inline-block;}.ast-builder-html-element p:first-child{margin-top:0;}.ast-builder-html-element p:last-child{margin-bottom:0;}.ast-header-break-point .main-header-bar .ast-builder-html-element{line-height:1.85714285714286;}.footer-widget-area[data-section="section-fb-html-1"]{display:block;}@media (max-width:921px){.ast-header-break-point .footer-widget-area[data-section="section-fb-html-1"]{display:block;}}@media (max-width:544px){.ast-header-break-point .footer-widget-area[data-section="section-fb-html-1"]{display:block;}}.footer-widget-area[data-section="section-fb-html-1"] .ast-builder-html-element{text-align:right;}@media (max-width:921px){.footer-widget-area[data-section="section-fb-html-1"] .ast-builder-html-element{text-align:right;}}@media (max-width:544px){.footer-widget-area[data-section="section-fb-html-1"] .ast-builder-html-element{text-align:center;}}.ast-footer-copyright{text-align:left;}.ast-footer-copyright {color:#000000;}@media (max-width:921px){.ast-footer-copyright{text-align:left;}}@media (max-width:544px){.ast-footer-copyright{text-align:center;}}.ast-footer-copyright.ast-builder-layout-element{display:flex;}@media (max-width:921px){.ast-header-break-point .ast-footer-copyright.ast-builder-layout-element{display:flex;}}@media (max-width:544px){.ast-header-break-point .ast-footer-copyright.ast-builder-layout-element{display:flex;}}.site-footer{background-color:#ffffff;;background-image:none;;}.site-primary-footer-wrap{padding-top:45px;padding-bottom:45px;}.site-primary-footer-wrap[data-section="section-primary-footer-builder"]{background-color:#ffffff;;background-image:none;;}.site-primary-footer-wrap[data-section="section-primary-footer-builder"] .ast-builder-grid-row{grid-column-gap:200px;max-width:1200px;margin-left:auto;margin-right:auto;}.site-primary-footer-wrap[data-section="section-primary-footer-builder"] .ast-builder-grid-row,.site-primary-footer-wrap[data-section="section-primary-footer-builder"] .site-footer-section{align-items:flex-start;}.site-primary-footer-wrap[data-section="section-primary-footer-builder"].ast-footer-row-inline .site-footer-section{display:flex;margin-bottom:0;}.ast-builder-grid-row-4-equal .ast-builder-grid-row{grid-template-columns:repeat( 4,1fr );}@media (max-width:921px){.site-primary-footer-wrap[data-section="section-primary-footer-builder"].ast-footer-row-tablet-inline .site-footer-section{display:flex;margin-bottom:0;}.site-primary-footer-wrap[data-section="section-primary-footer-builder"].ast-footer-row-tablet-stack .site-footer-section{display:block;margin-bottom:10px;}.ast-builder-grid-row-container.ast-builder-grid-row-tablet-4-equal .ast-builder-grid-row{grid-template-columns:repeat( 4,1fr );}}@media (max-width:544px){.site-primary-footer-wrap[data-section="section-primary-footer-builder"].ast-footer-row-mobile-inline .site-footer-section{display:flex;margin-bottom:0;}.site-primary-footer-wrap[data-section="section-primary-footer-builder"].ast-footer-row-mobile-stack .site-footer-section{display:block;margin-bottom:10px;}.ast-builder-grid-row-container.ast-builder-grid-row-mobile-full .ast-builder-grid-row{grid-template-columns:1fr;}}.site-primary-footer-wrap[data-section="section-primary-footer-builder"]{padding-top:55px;padding-bottom:55px;}@media (max-width:921px){.site-primary-footer-wrap[data-section="section-primary-footer-builder"]{padding-left:30px;padding-right:30px;}}@media (max-width:544px){.site-primary-footer-wrap[data-section="section-primary-footer-builder"]{padding-top:40px;padding-bottom:20px;}}.site-primary-footer-wrap[data-section="section-primary-footer-builder"]{display:grid;}@media (max-width:921px){.ast-header-break-point .site-primary-footer-wrap[data-section="section-primary-footer-builder"]{display:grid;}}@media (max-width:544px){.ast-header-break-point .site-primary-footer-wrap[data-section="section-primary-footer-builder"]{display:grid;}}.footer-widget-area[data-section="sidebar-widgets-footer-widget-1"] .footer-widget-area-inner{text-align:left;}@media (max-width:921px){.footer-widget-area[data-section="sidebar-widgets-footer-widget-1"] .footer-widget-area-inner{text-align:left;}}@media (max-width:544px){.footer-widget-area[data-section="sidebar-widgets-footer-widget-1"] .footer-widget-area-inner{text-align:center;}}.footer-widget-area[data-section="sidebar-widgets-footer-widget-1"] .footer-widget-area-inner{color:#434343;}.footer-widget-area[data-section="sidebar-widgets-footer-widget-1"] .footer-widget-area-inner a{color:#434343;}.footer-widget-area[data-section="sidebar-widgets-footer-widget-1"] .footer-widget-area-inner a:hover{color:#3197d6;}.footer-widget-area[data-section="sidebar-widgets-footer-widget-1"] .widget-title{color:#000000;}.footer-widget-area[data-section="sidebar-widgets-footer-widget-1"]{display:block;}@media (max-width:921px){.ast-header-break-point .footer-widget-area[data-section="sidebar-widgets-footer-widget-1"]{display:block;}}@media (max-width:544px){.ast-header-break-point .footer-widget-area[data-section="sidebar-widgets-footer-widget-1"]{display:block;}}.footer-widget-area[data-section="sidebar-widgets-footer-widget-2"] .footer-widget-area-inner{color:#434343;}.footer-widget-area[data-section="sidebar-widgets-footer-widget-2"] .footer-widget-area-inner a{color:#434343;}.footer-widget-area[data-section="sidebar-widgets-footer-widget-2"] .footer-widget-area-inner a:hover{color:#3197d6;}.footer-widget-area[data-section="sidebar-widgets-footer-widget-2"] .widget-title{color:#000000;}.footer-widget-area[data-section="sidebar-widgets-footer-widget-2"]{display:block;}@media (max-width:921px){.ast-header-break-point .footer-widget-area[data-section="sidebar-widgets-footer-widget-2"]{display:block;}}@media (max-width:544px){.ast-header-break-point .footer-widget-area[data-section="sidebar-widgets-footer-widget-2"]{display:block;}}.footer-widget-area[data-section="sidebar-widgets-footer-widget-3"] .footer-widget-area-inner{color:#434343;}.footer-widget-area[data-section="sidebar-widgets-footer-widget-3"] .footer-widget-area-inner a{color:#434343;}.footer-widget-area[data-section="sidebar-widgets-footer-widget-3"] .footer-widget-area-inner a:hover{color:#3197d6;}.footer-widget-area[data-section="sidebar-widgets-footer-widget-3"] .widget-title{color:#000000;}.footer-widget-area[data-section="sidebar-widgets-footer-widget-3"]{display:block;}@media (max-width:921px){.ast-header-break-point .footer-widget-area[data-section="sidebar-widgets-footer-widget-3"]{display:block;}}@media (max-width:544px){.ast-header-break-point .footer-widget-area[data-section="sidebar-widgets-footer-widget-3"]{display:block;}}.footer-widget-area[data-section="sidebar-widgets-footer-widget-4"] .footer-widget-area-inner{color:#434343;}.footer-widget-area[data-section="sidebar-widgets-footer-widget-4"] .footer-widget-area-inner a{color:#434343;}.footer-widget-area[data-section="sidebar-widgets-footer-widget-4"] .footer-widget-area-inner a:hover{color:#3197d6;}.footer-widget-area[data-section="sidebar-widgets-footer-widget-4"] .widget-title{color:#000000;}.footer-widget-area[data-section="sidebar-widgets-footer-widget-4"]{display:block;}@media (max-width:921px){.ast-header-break-point .footer-widget-area[data-section="sidebar-widgets-footer-widget-4"]{display:block;}}@media (max-width:544px){.ast-header-break-point .footer-widget-area[data-section="sidebar-widgets-footer-widget-4"]{display:block;}}.footer-widget-area[data-section="sidebar-widgets-footer-widget-2"] .footer-widget-area-inner{text-align:left;}@media (max-width:921px){.footer-widget-area[data-section="sidebar-widgets-footer-widget-2"] .footer-widget-area-inner{text-align:left;}}@media (max-width:544px){.footer-widget-area[data-section="sidebar-widgets-footer-widget-2"] .footer-widget-area-inner{text-align:center;}}.footer-widget-area[data-section="sidebar-widgets-footer-widget-1"] .footer-widget-area-inner{color:#434343;}.footer-widget-area[data-section="sidebar-widgets-footer-widget-1"] .footer-widget-area-inner a{color:#434343;}.footer-widget-area[data-section="sidebar-widgets-footer-widget-1"] .footer-widget-area-inner a:hover{color:#3197d6;}.footer-widget-area[data-section="sidebar-widgets-footer-widget-1"] .widget-title{color:#000000;}.footer-widget-area[data-section="sidebar-widgets-footer-widget-1"]{display:block;}@media (max-width:921px){.ast-header-break-point .footer-widget-area[data-section="sidebar-widgets-footer-widget-1"]{display:block;}}@media (max-width:544px){.ast-header-break-point .footer-widget-area[data-section="sidebar-widgets-footer-widget-1"]{display:block;}}.footer-widget-area[data-section="sidebar-widgets-footer-widget-2"] .footer-widget-area-inner{color:#434343;}.footer-widget-area[data-section="sidebar-widgets-footer-widget-2"] .footer-widget-area-inner a{color:#434343;}.footer-widget-area[data-section="sidebar-widgets-footer-widget-2"] .footer-widget-area-inner a:hover{color:#3197d6;}.footer-widget-area[data-section="sidebar-widgets-footer-widget-2"] .widget-title{color:#000000;}.footer-widget-area[data-section="sidebar-widgets-footer-widget-2"]{display:block;}@media (max-width:921px){.ast-header-break-point .footer-widget-area[data-section="sidebar-widgets-footer-widget-2"]{display:block;}}@media (max-width:544px){.ast-header-break-point .footer-widget-area[data-section="sidebar-widgets-footer-widget-2"]{display:block;}}.footer-widget-area[data-section="sidebar-widgets-footer-widget-3"] .footer-widget-area-inner{color:#434343;}.footer-widget-area[data-section="sidebar-widgets-footer-widget-3"] .footer-widget-area-inner a{color:#434343;}.footer-widget-area[data-section="sidebar-widgets-footer-widget-3"] .footer-widget-area-inner a:hover{color:#3197d6;}.footer-widget-area[data-section="sidebar-widgets-footer-widget-3"] .widget-title{color:#000000;}.footer-widget-area[data-section="sidebar-widgets-footer-widget-3"]{display:block;}@media (max-width:921px){.ast-header-break-point .footer-widget-area[data-section="sidebar-widgets-footer-widget-3"]{display:block;}}@media (max-width:544px){.ast-header-break-point .footer-widget-area[data-section="sidebar-widgets-footer-widget-3"]{display:block;}}.footer-widget-area[data-section="sidebar-widgets-footer-widget-4"] .footer-widget-area-inner{color:#434343;}.footer-widget-area[data-section="sidebar-widgets-footer-widget-4"] .footer-widget-area-inner a{color:#434343;}.footer-widget-area[data-section="sidebar-widgets-footer-widget-4"] .footer-widget-area-inner a:hover{color:#3197d6;}.footer-widget-area[data-section="sidebar-widgets-footer-widget-4"] .widget-title{color:#000000;}.footer-widget-area[data-section="sidebar-widgets-footer-widget-4"]{display:block;}@media (max-width:921px){.ast-header-break-point .footer-widget-area[data-section="sidebar-widgets-footer-widget-4"]{display:block;}}@media (max-width:544px){.ast-header-break-point .footer-widget-area[data-section="sidebar-widgets-footer-widget-4"]{display:block;}}.footer-widget-area[data-section="sidebar-widgets-footer-widget-3"] .footer-widget-area-inner{text-align:left;}@media (max-width:921px){.footer-widget-area[data-section="sidebar-widgets-footer-widget-3"] .footer-widget-area-inner{text-align:left;}}@media (max-width:544px){.footer-widget-area[data-section="sidebar-widgets-footer-widget-3"] .footer-widget-area-inner{text-align:center;}}.footer-widget-area[data-section="sidebar-widgets-footer-widget-1"] .footer-widget-area-inner{color:#434343;}.footer-widget-area[data-section="sidebar-widgets-footer-widget-1"] .footer-widget-area-inner a{color:#434343;}.footer-widget-area[data-section="sidebar-widgets-footer-widget-1"] .footer-widget-area-inner a:hover{color:#3197d6;}.footer-widget-area[data-section="sidebar-widgets-footer-widget-1"] .widget-title{color:#000000;}.footer-widget-area[data-section="sidebar-widgets-footer-widget-1"]{display:block;}@media (max-width:921px){.ast-header-break-point .footer-widget-area[data-section="sidebar-widgets-footer-widget-1"]{display:block;}}@media (max-width:544px){.ast-header-break-point .footer-widget-area[data-section="sidebar-widgets-footer-widget-1"]{display:block;}}.footer-widget-area[data-section="sidebar-widgets-footer-widget-2"] .footer-widget-area-inner{color:#434343;}.footer-widget-area[data-section="sidebar-widgets-footer-widget-2"] .footer-widget-area-inner a{color:#434343;}.footer-widget-area[data-section="sidebar-widgets-footer-widget-2"] .footer-widget-area-inner a:hover{color:#3197d6;}.footer-widget-area[data-section="sidebar-widgets-footer-widget-2"] .widget-title{color:#000000;}.footer-widget-area[data-section="sidebar-widgets-footer-widget-2"]{display:block;}@media (max-width:921px){.ast-header-break-point .footer-widget-area[data-section="sidebar-widgets-footer-widget-2"]{display:block;}}@media (max-width:544px){.ast-header-break-point .footer-widget-area[data-section="sidebar-widgets-footer-widget-2"]{display:block;}}.footer-widget-area[data-section="sidebar-widgets-footer-widget-3"] .footer-widget-area-inner{color:#434343;}.footer-widget-area[data-section="sidebar-widgets-footer-widget-3"] .footer-widget-area-inner a{color:#434343;}.footer-widget-area[data-section="sidebar-widgets-footer-widget-3"] .footer-widget-area-inner a:hover{color:#3197d6;}.footer-widget-area[data-section="sidebar-widgets-footer-widget-3"] .widget-title{color:#000000;}.footer-widget-area[data-section="sidebar-widgets-footer-widget-3"]{display:block;}@media (max-width:921px){.ast-header-break-point .footer-widget-area[data-section="sidebar-widgets-footer-widget-3"]{display:block;}}@media (max-width:544px){.ast-header-break-point .footer-widget-area[data-section="sidebar-widgets-footer-widget-3"]{display:block;}}.footer-widget-area[data-section="sidebar-widgets-footer-widget-4"] .footer-widget-area-inner{color:#434343;}.footer-widget-area[data-section="sidebar-widgets-footer-widget-4"] .footer-widget-area-inner a{color:#434343;}.footer-widget-area[data-section="sidebar-widgets-footer-widget-4"] .footer-widget-area-inner a:hover{color:#3197d6;}.footer-widget-area[data-section="sidebar-widgets-footer-widget-4"] .widget-title{color:#000000;}.footer-widget-area[data-section="sidebar-widgets-footer-widget-4"]{display:block;}@media (max-width:921px){.ast-header-break-point .footer-widget-area[data-section="sidebar-widgets-footer-widget-4"]{display:block;}}@media (max-width:544px){.ast-header-break-point .footer-widget-area[data-section="sidebar-widgets-footer-widget-4"]{display:block;}}.footer-widget-area[data-section="sidebar-widgets-footer-widget-4"] .footer-widget-area-inner{text-align:left;}@media (max-width:921px){.footer-widget-area[data-section="sidebar-widgets-footer-widget-4"] .footer-widget-area-inner{text-align:left;}}@media (max-width:544px){.footer-widget-area[data-section="sidebar-widgets-footer-widget-4"] .footer-widget-area-inner{text-align:center;}}.footer-widget-area[data-section="sidebar-widgets-footer-widget-1"] .footer-widget-area-inner{color:#434343;}.footer-widget-area[data-section="sidebar-widgets-footer-widget-1"] .footer-widget-area-inner a{color:#434343;}.footer-widget-area[data-section="sidebar-widgets-footer-widget-1"] .footer-widget-area-inner a:hover{color:#3197d6;}.footer-widget-area[data-section="sidebar-widgets-footer-widget-1"] .widget-title{color:#000000;}.footer-widget-area[data-section="sidebar-widgets-footer-widget-1"]{display:block;}@media (max-width:921px){.ast-header-break-point .footer-widget-area[data-section="sidebar-widgets-footer-widget-1"]{display:block;}}@media (max-width:544px){.ast-header-break-point .footer-widget-area[data-section="sidebar-widgets-footer-widget-1"]{display:block;}}.footer-widget-area[data-section="sidebar-widgets-footer-widget-2"] .footer-widget-area-inner{color:#434343;}.footer-widget-area[data-section="sidebar-widgets-footer-widget-2"] .footer-widget-area-inner a{color:#434343;}.footer-widget-area[data-section="sidebar-widgets-footer-widget-2"] .footer-widget-area-inner a:hover{color:#3197d6;}.footer-widget-area[data-section="sidebar-widgets-footer-widget-2"] .widget-title{color:#000000;}.footer-widget-area[data-section="sidebar-widgets-footer-widget-2"]{display:block;}@media (max-width:921px){.ast-header-break-point .footer-widget-area[data-section="sidebar-widgets-footer-widget-2"]{display:block;}}@media (max-width:544px){.ast-header-break-point .footer-widget-area[data-section="sidebar-widgets-footer-widget-2"]{display:block;}}.footer-widget-area[data-section="sidebar-widgets-footer-widget-3"] .footer-widget-area-inner{color:#434343;}.footer-widget-area[data-section="sidebar-widgets-footer-widget-3"] .footer-widget-area-inner a{color:#434343;}.footer-widget-area[data-section="sidebar-widgets-footer-widget-3"] .footer-widget-area-inner a:hover{color:#3197d6;}.footer-widget-area[data-section="sidebar-widgets-footer-widget-3"] .widget-title{color:#000000;}.footer-widget-area[data-section="sidebar-widgets-footer-widget-3"]{display:block;}@media (max-width:921px){.ast-header-break-point .footer-widget-area[data-section="sidebar-widgets-footer-widget-3"]{display:block;}}@media (max-width:544px){.ast-header-break-point .footer-widget-area[data-section="sidebar-widgets-footer-widget-3"]{display:block;}}.footer-widget-area[data-section="sidebar-widgets-footer-widget-4"] .footer-widget-area-inner{color:#434343;}.footer-widget-area[data-section="sidebar-widgets-footer-widget-4"] .footer-widget-area-inner a{color:#434343;}.footer-widget-area[data-section="sidebar-widgets-footer-widget-4"] .footer-widget-area-inner a:hover{color:#3197d6;}.footer-widget-area[data-section="sidebar-widgets-footer-widget-4"] .widget-title{color:#000000;}.footer-widget-area[data-section="sidebar-widgets-footer-widget-4"]{display:block;}@media (max-width:921px){.ast-header-break-point .footer-widget-area[data-section="sidebar-widgets-footer-widget-4"]{display:block;}}@media (max-width:544px){.ast-header-break-point .footer-widget-area[data-section="sidebar-widgets-footer-widget-4"]{display:block;}}.ast-header-break-point .main-header-bar{border-bottom-width:1px;}@media (min-width:922px){.main-header-bar{border-bottom-width:1px;}}.ast-flex{-webkit-align-content:center;-ms-flex-line-pack:center;align-content:center;-webkit-box-align:center;-webkit-align-items:center;-moz-box-align:center;-ms-flex-align:center;align-items:center;}.main-header-bar{padding:1em 0;}.ast-site-identity{padding:0;}.header-main-layout-1 .ast-flex.main-header-container, .header-main-layout-3 .ast-flex.main-header-container{-webkit-align-content:center;-ms-flex-line-pack:center;align-content:center;-webkit-box-align:center;-webkit-align-items:center;-moz-box-align:center;-ms-flex-align:center;align-items:center;}.header-main-layout-1 .ast-flex.main-header-container, .header-main-layout-3 .ast-flex.main-header-container{-webkit-align-content:center;-ms-flex-line-pack:center;align-content:center;-webkit-box-align:center;-webkit-align-items:center;-moz-box-align:center;-ms-flex-align:center;align-items:center;}.main-header-menu .sub-menu .menu-item.menu-item-has-children &gt; .menu-link:after{position:absolute;right:1em;top:50%;transform:translate(0,-50%) rotate(270deg);}.ast-header-break-point .main-header-bar .main-header-bar-navigation .page_item_has_children &gt; .ast-menu-toggle::before, .ast-header-break-point .main-header-bar .main-header-bar-navigation .menu-item-has-children &gt; .ast-menu-toggle::before, .ast-mobile-popup-drawer .main-header-bar-navigation .menu-item-has-children&gt;.ast-menu-toggle::before, .ast-header-break-point .ast-mobile-header-wrap .main-header-bar-navigation .menu-item-has-children &gt; .ast-menu-toggle::before{font-weight:bold;content:"\e900";font-family:Astra;text-decoration:inherit;display:inline-block;}.ast-header-break-point .main-navigation ul.sub-menu .menu-item .menu-link:before{content:"\e900";font-family:Astra;font-size:.65em;text-decoration:inherit;display:inline-block;transform:translate(0, -2px) rotateZ(270deg);margin-right:5px;}.widget_search .search-form:after{font-family:Astra;font-size:1.2em;font-weight:normal;content:"\e8b6";position:absolute;top:50%;right:15px;transform:translate(0, -50%);}.astra-search-icon::before{content:"\e8b6";font-family:Astra;font-style:normal;font-weight:normal;text-decoration:inherit;text-align:center;-webkit-font-smoothing:antialiased;-moz-osx-font-smoothing:grayscale;}.main-header-bar .main-header-bar-navigation .page_item_has_children &gt; a:after, .main-header-bar .main-header-bar-navigation .menu-item-has-children &gt; a:after, .site-header-focus-item .main-header-bar-navigation .menu-item-has-children &gt; .menu-link:after{content:"\e900";display:inline-block;font-family:Astra;font-size:.6rem;font-weight:bold;text-rendering:auto;-webkit-font-smoothing:antialiased;-moz-osx-font-smoothing:grayscale;margin-left:10px;line-height:normal;}.ast-mobile-popup-drawer .main-header-bar-navigation .ast-submenu-expanded&gt;.ast-menu-toggle::before{transform:rotateX(180deg);}.ast-header-break-point .main-header-bar-navigation .menu-item-has-children &gt; .menu-link:after{display:none;}.ast-separate-container .blog-layout-1, .ast-separate-container .blog-layout-2, .ast-separate-container .blog-layout-3{background-color:transparent;background-image:none;}.ast-separate-container .ast-article-post{background-color:#ffffff;;}.ast-separate-container .ast-article-single:not(.ast-related-post), .ast-separate-container .comments-area .comment-respond,.ast-separate-container .comments-area .ast-comment-list li, .ast-separate-container .ast-woocommerce-container, .ast-separate-container .error-404, .ast-separate-container .no-results, .single.ast-separate-container .ast-author-meta, .ast-separate-container .related-posts-title-wrapper, .ast-separate-container.ast-two-container #secondary .widget,.ast-separate-container .comments-count-wrapper, .ast-box-layout.ast-plain-container .site-content,.ast-padded-layout.ast-plain-container .site-content, .ast-separate-container .comments-area .comments-title{background-color:#ffffff;;}.ast-mobile-header-content &gt; *,.ast-desktop-header-content &gt; * {padding: 10px 0;height: auto;}.ast-mobile-header-content &gt; *:first-child,.ast-desktop-header-content &gt; *:first-child {padding-top: 10px;}.ast-mobile-header-content &gt; .ast-builder-menu,.ast-desktop-header-content &gt; .ast-builder-menu {padding-top: 0;}.ast-mobile-header-content &gt; *:last-child,.ast-desktop-header-content &gt; *:last-child {padding-bottom: 0;}.ast-mobile-header-content .ast-search-menu-icon.ast-inline-search label,.ast-desktop-header-content .ast-search-menu-icon.ast-inline-search label {width: 100%;}.ast-desktop-header-content .main-header-bar-navigation .ast-submenu-expanded &gt; .ast-menu-toggle::before {transform: rotateX(180deg);}#ast-desktop-header .ast-desktop-header-content,.ast-mobile-header-content .ast-search-icon,.ast-desktop-header-content .ast-search-icon,.ast-mobile-header-wrap .ast-mobile-header-content,.ast-main-header-nav-open.ast-popup-nav-open .ast-mobile-header-wrap .ast-mobile-header-content,.ast-main-header-nav-open.ast-popup-nav-open .ast-desktop-header-content {display: none;}.ast-main-header-nav-open.ast-header-break-point #ast-desktop-header .ast-desktop-header-content,.ast-main-header-nav-open.ast-header-break-point .ast-mobile-header-wrap .ast-mobile-header-content {display: block;}.ast-desktop .ast-desktop-header-content .astra-menu-animation-slide-up &gt; .menu-item &gt; .sub-menu,.ast-desktop .ast-desktop-header-content .astra-menu-animation-slide-up &gt; .menu-item .menu-item &gt; .sub-menu,.ast-desktop .ast-desktop-header-content .astra-menu-animation-slide-down &gt; .menu-item &gt; .sub-menu,.ast-desktop .ast-desktop-header-content .astra-menu-animation-slide-down &gt; .menu-item .menu-item &gt; .sub-menu,.ast-desktop .ast-desktop-header-content .astra-menu-animation-fade &gt; .menu-item &gt; .sub-menu,.ast-desktop .ast-desktop-header-content .astra-menu-animation-fade &gt; .menu-item .menu-item &gt; .sub-menu {opacity: 1;visibility: visible;}.ast-hfb-header.ast-default-menu-enable.ast-header-break-point .ast-mobile-header-wrap .ast-mobile-header-content .main-header-bar-navigation {width: unset;margin: unset;}.ast-mobile-header-content.content-align-flex-end .main-header-bar-navigation .menu-item-has-children &gt; .ast-menu-toggle,.ast-desktop-header-content.content-align-flex-end .main-header-bar-navigation .menu-item-has-children &gt; .ast-menu-toggle {left: calc( 20px - 0.907em);}.ast-mobile-header-content .ast-search-menu-icon,.ast-mobile-header-content .ast-search-menu-icon.slide-search,.ast-desktop-header-content .ast-search-menu-icon,.ast-desktop-header-content .ast-search-menu-icon.slide-search {width: 100%;position: relative;display: block;right: auto;transform: none;}.ast-mobile-header-content .ast-search-menu-icon.slide-search .search-form,.ast-mobile-header-content .ast-search-menu-icon .search-form,.ast-desktop-header-content .ast-search-menu-icon.slide-search .search-form,.ast-desktop-header-content .ast-search-menu-icon .search-form {right: 0;visibility: visible;opacity: 1;position: relative;top: auto;transform: none;padding: 0;display: block;overflow: hidden;}.ast-mobile-header-content .ast-search-menu-icon.ast-inline-search .search-field,.ast-mobile-header-content .ast-search-menu-icon .search-field,.ast-desktop-header-content .ast-search-menu-icon.ast-inline-search .search-field,.ast-desktop-header-content .ast-search-menu-icon .search-field {width: 100%;padding-right: 5.5em;}.ast-mobile-header-content .ast-search-menu-icon .search-submit,.ast-desktop-header-content .ast-search-menu-icon .search-submit {display: block;position: absolute;height: 100%;top: 0;right: 0;padding: 0 1em;border-radius: 0;}.ast-hfb-header.ast-default-menu-enable.ast-header-break-point .ast-mobile-header-wrap .ast-mobile-header-content .main-header-bar-navigation ul .sub-menu .menu-link {padding-left: 30px;}.ast-hfb-header.ast-default-menu-enable.ast-header-break-point .ast-mobile-header-wrap .ast-mobile-header-content .main-header-bar-navigation .sub-menu .menu-item .menu-item .menu-link {padding-left: 40px;}.ast-mobile-popup-drawer.active .ast-mobile-popup-inner{background-color:#ffffff;;}.ast-mobile-header-wrap .ast-mobile-header-content, .ast-desktop-header-content{background-color:#ffffff;;}.ast-mobile-popup-content &gt; *, .ast-mobile-header-content &gt; *, .ast-desktop-popup-content &gt; *, .ast-desktop-header-content &gt; *{padding-top:0;padding-bottom:0;}.content-align-flex-start .ast-builder-layout-element{justify-content:flex-start;}.content-align-flex-start .main-header-menu{text-align:left;}.ast-mobile-popup-drawer.active .menu-toggle-close{color:#3a3a3a;}.ast-mobile-header-wrap .ast-primary-header-bar,.ast-primary-header-bar .site-primary-header-wrap{min-height:70px;}.ast-desktop .ast-primary-header-bar .main-header-menu &gt; .menu-item{line-height:70px;}.ast-desktop .ast-primary-header-bar .ast-header-woo-cart,.ast-desktop .ast-primary-header-bar .ast-header-edd-cart{line-height:70px;}@media (max-width:921px){#masthead .ast-mobile-header-wrap .ast-primary-header-bar,#masthead .ast-mobile-header-wrap .ast-below-header-bar{padding-left:20px;padding-right:20px;}}.ast-header-break-point .ast-primary-header-bar{border-bottom-width:1px;border-bottom-style:solid;}@media (min-width:922px){.ast-primary-header-bar{border-bottom-width:1px;border-bottom-style:solid;}}.ast-primary-header-bar{background-color:#ffffff;;background-image:none;;}.ast-primary-header-bar{display:block;}@media (max-width:921px){.ast-header-break-point .ast-primary-header-bar{display:grid;}}@media (max-width:544px){.ast-header-break-point .ast-primary-header-bar{display:grid;}}[data-section="section-header-mobile-trigger"] .ast-button-wrap .ast-mobile-menu-trigger-minimal{color:#000000;border:none;background:transparent;}[data-section="section-header-mobile-trigger"] .ast-button-wrap .mobile-menu-toggle-icon .ast-mobile-svg{width:20px;height:20px;fill:#000000;}[data-section="section-header-mobile-trigger"] .ast-button-wrap .mobile-menu-wrap .mobile-menu{color:#000000;}
</style>
    <link id="astra-menu-animation-css" rel="stylesheet" href="https://askomdch.com/wp-content/themes/astra/assets/css/minified/menu-animation.min.css?ver=3.7.5" media="all"/>
    <link id="wp-block-library-css" rel="stylesheet" href="https://askomdch.com/wp-includes/css/dist/block-library/style.min.css?ver=5.8.1" media="all"/>
    <link id="wc-blocks-vendors-style-css" rel="stylesheet" href="https://askomdch.com/wp-content/plugins/woocommerce/packages/woocommerce-blocks/build/wc-blocks-vendors-style.css?ver=5.9.1" media="all"/>
    <link id="wc-blocks-style-css" rel="stylesheet" href="https://askomdch.com/wp-content/plugins/woocommerce/packages/woocommerce-blocks/build/wc-blocks-style.css?ver=5.9.1" media="all"/>
    <style id="global-styles-inline-css">
body{--wp--preset--color--black: #000000;--wp--preset--color--cyan-bluish-gray: #abb8c3;--wp--preset--color--white: #ffffff;--wp--preset--color--pale-pink: #f78da7;--wp--preset--color--vivid-red: #cf2e2e;--wp--preset--color--luminous-vivid-orange: #ff6900;--wp--preset--color--luminous-vivid-amber: #fcb900;--wp--preset--color--light-green-cyan: #7bdcb5;--wp--preset--color--vivid-green-cyan: #00d084;--wp--preset--color--pale-cyan-blue: #8ed1fc;--wp--preset--color--vivid-cyan-blue: #0693e3;--wp--preset--color--vivid-purple: #9b51e0;--wp--preset--color--ast-global-color-0: var(--ast-global-color-0);--wp--preset--color--ast-global-color-1: var(--ast-global-color-1);--wp--preset--color--ast-global-color-2: var(--ast-global-color-2);--wp--preset--color--ast-global-color-3: var(--ast-global-color-3);--wp--preset--color--ast-global-color-4: var(--ast-global-color-4);--wp--preset--color--ast-global-color-5: var(--ast-global-color-5);--wp--preset--color--ast-global-color-6: var(--ast-global-color-6);--wp--preset--color--ast-global-color-7: var(--ast-global-color-7);--wp--preset--color--ast-global-color-8: var(--ast-global-color-8);--wp--preset--gradient--vivid-cyan-blue-to-vivid-purple: linear-gradient(135deg,rgba(6,147,227,1) 0%,rgb(155,81,224) 100%);--wp--preset--gradient--light-green-cyan-to-vivid-green-cyan: linear-gradient(135deg,rgb(122,220,180) 0%,rgb(0,208,130) 100%);--wp--preset--gradient--luminous-vivid-amber-to-luminous-vivid-orange: linear-gradient(135deg,rgba(252,185,0,1) 0%,rgba(255,105,0,1) 100%);--wp--preset--gradient--luminous-vivid-orange-to-vivid-red: linear-gradient(135deg,rgba(255,105,0,1) 0%,rgb(207,46,46) 100%);--wp--preset--gradient--very-light-gray-to-cyan-bluish-gray: linear-gradient(135deg,rgb(238,238,238) 0%,rgb(169,184,195) 100%);--wp--preset--gradient--cool-to-warm-spectrum: linear-gradient(135deg,rgb(74,234,220) 0%,rgb(151,120,209) 20%,rgb(207,42,186) 40%,rgb(238,44,130) 60%,rgb(251,105,98) 80%,rgb(254,248,76) 100%);--wp--preset--gradient--blush-light-purple: linear-gradient(135deg,rgb(255,206,236) 0%,rgb(152,150,240) 100%);--wp--preset--gradient--blush-bordeaux: linear-gradient(135deg,rgb(254,205,165) 0%,rgb(254,45,45) 50%,rgb(107,0,62) 100%);--wp--preset--gradient--luminous-dusk: linear-gradient(135deg,rgb(255,203,112) 0%,rgb(199,81,192) 50%,rgb(65,88,208) 100%);--wp--preset--gradient--pale-ocean: linear-gradient(135deg,rgb(255,245,203) 0%,rgb(182,227,212) 50%,rgb(51,167,181) 100%);--wp--preset--gradient--electric-grass: linear-gradient(135deg,rgb(202,248,128) 0%,rgb(113,206,126) 100%);--wp--preset--gradient--midnight: linear-gradient(135deg,rgb(2,3,129) 0%,rgb(40,116,252) 100%);--wp--preset--font-size--small: 13px;--wp--preset--font-size--normal: 16px;--wp--preset--font-size--medium: 20px;--wp--preset--font-size--large: 36px;--wp--preset--font-size--huge: 42px;}.has-black-color{color: var(--wp--preset--color--black) !important;}.has-cyan-bluish-gray-color{color: var(--wp--preset--color--cyan-bluish-gray) !important;}.has-white-color{color: var(--wp--preset--color--white) !important;}.has-pale-pink-color{color: var(--wp--preset--color--pale-pink) !important;}.has-vivid-red-color{color: var(--wp--preset--color--vivid-red) !important;}.has-luminous-vivid-orange-color{color: var(--wp--preset--color--luminous-vivid-orange) !important;}.has-luminous-vivid-amber-color{color: var(--wp--preset--color--luminous-vivid-amber) !important;}.has-light-green-cyan-color{color: var(--wp--preset--color--light-green-cyan) !important;}.has-vivid-green-cyan-color{color: var(--wp--preset--color--vivid-green-cyan) !important;}.has-pale-cyan-blue-color{color: var(--wp--preset--color--pale-cyan-blue) !important;}.has-vivid-cyan-blue-color{color: var(--wp--preset--color--vivid-cyan-blue) !important;}.has-vivid-purple-color{color: var(--wp--preset--color--vivid-purple) !important;}.has-ast-global-color-0-color{color: var(--wp--preset--color--ast-global-color-0) !important;}.has-ast-global-color-1-color{color: var(--wp--preset--color--ast-global-color-1) !important;}.has-ast-global-color-2-color{color: var(--wp--preset--color--ast-global-color-2) !important;}.has-ast-global-color-3-color{color: var(--wp--preset--color--ast-global-color-3) !important;}.has-ast-global-color-4-color{color: var(--wp--preset--color--ast-global-color-4) !important;}.has-ast-global-color-5-color{color: var(--wp--preset--color--ast-global-color-5) !important;}.has-ast-global-color-6-color{color: var(--wp--preset--color--ast-global-color-6) !important;}.has-ast-global-color-7-color{color: var(--wp--preset--color--ast-global-color-7) !important;}.has-ast-global-color-8-color{color: var(--wp--preset--color--ast-global-color-8) !important;}.has-black-background-color{background-color: var(--wp--preset--color--black) !important;}.has-cyan-bluish-gray-background-color{background-color: var(--wp--preset--color--cyan-bluish-gray) !important;}.has-white-background-color{background-color: var(--wp--preset--color--white) !important;}.has-pale-pink-background-color{background-color: var(--wp--preset--color--pale-pink) !important;}.has-vivid-red-background-color{background-color: var(--wp--preset--color--vivid-red) !important;}.has-luminous-vivid-orange-background-color{background-color: var(--wp--preset--color--luminous-vivid-orange) !important;}.has-luminous-vivid-amber-background-color{background-color: var(--wp--preset--color--luminous-vivid-amber) !important;}.has-light-green-cyan-background-color{background-color: var(--wp--preset--color--light-green-cyan) !important;}.has-vivid-green-cyan-background-color{background-color: var(--wp--preset--color--vivid-green-cyan) !important;}.has-pale-cyan-blue-background-color{background-color: var(--wp--preset--color--pale-cyan-blue) !important;}.has-vivid-cyan-blue-background-color{background-color: var(--wp--preset--color--vivid-cyan-blue) !important;}.has-vivid-purple-background-color{background-color: var(--wp--preset--color--vivid-purple) !important;}.has-ast-global-color-0-background-color{background-color: var(--wp--preset--color--ast-global-color-0) !important;}.has-ast-global-color-1-background-color{background-color: var(--wp--preset--color--ast-global-color-1) !important;}.has-ast-global-color-2-background-color{background-color: var(--wp--preset--color--ast-global-color-2) !important;}.has-ast-global-color-3-background-color{background-color: var(--wp--preset--color--ast-global-color-3) !important;}.has-ast-global-color-4-background-color{background-color: var(--wp--preset--color--ast-global-color-4) !important;}.has-ast-global-color-5-background-color{background-color: var(--wp--preset--color--ast-global-color-5) !important;}.has-ast-global-color-6-background-color{background-color: var(--wp--preset--color--ast-global-color-6) !important;}.has-ast-global-color-7-background-color{background-color: var(--wp--preset--color--ast-global-color-7) !important;}.has-ast-global-color-8-background-color{background-color: var(--wp--preset--color--ast-global-color-8) !important;}.has-vivid-cyan-blue-to-vivid-purple-gradient-background{background: var(--wp--preset--gradient--vivid-cyan-blue-to-vivid-purple) !important;}.has-light-green-cyan-to-vivid-green-cyan-gradient-background{background: var(--wp--preset--gradient--light-green-cyan-to-vivid-green-cyan) !important;}.has-luminous-vivid-amber-to-luminous-vivid-orange-gradient-background{background: var(--wp--preset--gradient--luminous-vivid-amber-to-luminous-vivid-orange) !important;}.has-luminous-vivid-orange-to-vivid-red-gradient-background{background: var(--wp--preset--gradient--luminous-vivid-orange-to-vivid-red) !important;}.has-very-light-gray-to-cyan-bluish-gray-gradient-background{background: var(--wp--preset--gradient--very-light-gray-to-cyan-bluish-gray) !important;}.has-cool-to-warm-spectrum-gradient-background{background: var(--wp--preset--gradient--cool-to-warm-spectrum) !important;}.has-blush-light-purple-gradient-background{background: var(--wp--preset--gradient--blush-light-purple) !important;}.has-blush-bordeaux-gradient-background{background: var(--wp--preset--gradient--blush-bordeaux) !important;}.has-luminous-dusk-gradient-background{background: var(--wp--preset--gradient--luminous-dusk) !important;}.has-pale-ocean-gradient-background{background: var(--wp--preset--gradient--pale-ocean) !important;}.has-electric-grass-gradient-background{background: var(--wp--preset--gradient--electric-grass) !important;}.has-midnight-gradient-background{background: var(--wp--preset--gradient--midnight) !important;}.has-small-font-size{font-size: var(--wp--preset--font-size--small) !important;}.has-normal-font-size{font-size: var(--wp--preset--font-size--normal) !important;}.has-medium-font-size{font-size: var(--wp--preset--font-size--medium) !important;}.has-large-font-size{font-size: var(--wp--preset--font-size--large) !important;}.has-huge-font-size{font-size: var(--wp--preset--font-size--huge) !important;}
</style>
    <link id="woocommerce-layout-css" rel="stylesheet" href="https://askomdch.com/wp-content/themes/astra/assets/css/minified/compatibility/woocommerce/woocommerce-layout.min.css?ver=3.7.5" media="all"/>
    <link id="woocommerce-smallscreen-css" rel="stylesheet" href="https://askomdch.com/wp-content/themes/astra/assets/css/minified/compatibility/woocommerce/woocommerce-smallscreen.min.css?ver=3.7.5" media="only screen and (max-width: 921px)"/>
    <link id="woocommerce-general-css" rel="stylesheet" href="https://askomdch.com/wp-content/themes/astra/assets/css/minified/compatibility/woocommerce/woocommerce.min.css?ver=3.7.5" media="all"/>
    <style id="woocommerce-general-inline-css">
#customer_details h3:not(.elementor-widget-woocommerce-checkout-page h3){font-size:1.2rem;padding:20px 0 14px;margin:0 0 20px;border-bottom:1px solid #ebebeb;}form #order_review_heading:not(.elementor-widget-woocommerce-checkout-page #order_review_heading){border-width:2px 2px 0 2px;border-style:solid;font-size:1.2rem;margin:0;padding:1.5em 1.5em 1em;border-color:#ebebeb;}form #order_review:not(.elementor-widget-woocommerce-checkout-page #order_review){padding:0 2em;border-width:0 2px 2px;border-style:solid;border-color:#ebebeb;}ul#shipping_method li:not(.elementor-widget-woocommerce-cart #shipping_method li){margin:0;padding:0.25em 0 0.25em 22px;text-indent:-22px;list-style:none outside;}.woocommerce span.onsale, .wc-block-grid__product .wc-block-grid__product-onsale{background-color:#54595f;color:#ffffff;}.woocommerce a.button, .woocommerce button.button, .woocommerce .woocommerce-message a.button, .woocommerce #respond input#submit.alt, .woocommerce a.button.alt, .woocommerce button.button.alt, .woocommerce input.button.alt, .woocommerce input.button,.woocommerce input.button:disabled, .woocommerce input.button:disabled[disabled], .woocommerce input.button:disabled:hover, .woocommerce input.button:disabled[disabled]:hover, .woocommerce #respond input#submit, .woocommerce button.button.alt.disabled, .wc-block-grid__products .wc-block-grid__product .wp-block-button__link, .wc-block-grid__product-onsale{color:#ffffff;border-color:#3197d6;background-color:#3197d6;}.woocommerce a.button:hover, .woocommerce button.button:hover, .woocommerce .woocommerce-message a.button:hover,.woocommerce #respond input#submit:hover,.woocommerce #respond input#submit.alt:hover, .woocommerce a.button.alt:hover, .woocommerce button.button.alt:hover, .woocommerce input.button.alt:hover, .woocommerce input.button:hover, .woocommerce button.button.alt.disabled:hover, .wc-block-grid__products .wc-block-grid__product .wp-block-button__link:hover{color:#ffffff;border-color:#0084d6;background-color:#0084d6;}.woocommerce-message, .woocommerce-info{border-top-color:#4e4e4e;}.woocommerce-message::before,.woocommerce-info::before{color:#4e4e4e;}.woocommerce ul.products li.product .price, .woocommerce div.product p.price, .woocommerce div.product span.price, .widget_layered_nav_filters ul li.chosen a, .woocommerce-page ul.products li.product .ast-woo-product-category, .wc-layered-nav-rating a{color:#333333;}.woocommerce nav.woocommerce-pagination ul,.woocommerce nav.woocommerce-pagination ul li{border-color:#4e4e4e;}.woocommerce nav.woocommerce-pagination ul li a:focus, .woocommerce nav.woocommerce-pagination ul li a:hover, .woocommerce nav.woocommerce-pagination ul li span.current{background:#4e4e4e;color:#ffffff;}.woocommerce-MyAccount-navigation-link.is-active a{color:#0084d6;}.woocommerce .widget_price_filter .ui-slider .ui-slider-range, .woocommerce .widget_price_filter .ui-slider .ui-slider-handle{background-color:#4e4e4e;}.woocommerce a.button, .woocommerce button.button, .woocommerce .woocommerce-message a.button, .woocommerce #respond input#submit.alt, .woocommerce a.button.alt, .woocommerce button.button.alt, .woocommerce input.button.alt, .woocommerce input.button,.woocommerce-cart table.cart td.actions .button, .woocommerce form.checkout_coupon .button, .woocommerce #respond input#submit, .wc-block-grid__products .wc-block-grid__product .wp-block-button__link{border-radius:0;padding-top:17px;padding-right:30px;padding-bottom:17px;padding-left:30px;}.woocommerce .star-rating, .woocommerce .comment-form-rating .stars a, .woocommerce .star-rating::before{color:#4e4e4e;}.woocommerce div.product .woocommerce-tabs ul.tabs li.active:before{background:#4e4e4e;}.woocommerce a.remove:hover{color:#4e4e4e;border-color:#4e4e4e;background-color:#ffffff;}.woocommerce ul.product-categories &gt; li ul li:before{content:"\e900";padding:0 5px 0 5px;display:inline-block;font-family:Astra;transform:rotate(-90deg);font-size:0.7rem;}@media (min-width:545px) and (max-width:921px){.woocommerce.tablet-columns-6 ul.products li.product, .woocommerce-page.tablet-columns-6 ul.products li.product{width:calc(16.66% - 16.66px);}.woocommerce.tablet-columns-5 ul.products li.product, .woocommerce-page.tablet-columns-5 ul.products li.product{width:calc(20% - 16px);}.woocommerce.tablet-columns-4 ul.products li.product, .woocommerce-page.tablet-columns-4 ul.products li.product{width:calc(25% - 15px);}.woocommerce.tablet-columns-3 ul.products li.product, .woocommerce-page.tablet-columns-3 ul.products li.product{width:calc(33.33% - 14px);}.woocommerce.tablet-columns-2 ul.products li.product, .woocommerce-page.tablet-columns-2 ul.products li.product{width:calc(50% - 10px);}.woocommerce.tablet-columns-1 ul.products li.product, .woocommerce-page.tablet-columns-1 ul.products li.product{width:100%;}.woocommerce div.product .related.products ul.products li.product{width:calc(33.33% - 14px);}}@media (min-width:545px) and (max-width:921px){.woocommerce[class*="columns-"].columns-3 &gt; ul.products li.product, .woocommerce[class*="columns-"].columns-4 &gt; ul.products li.product, .woocommerce[class*="columns-"].columns-5 &gt; ul.products li.product, .woocommerce[class*="columns-"].columns-6 &gt; ul.products li.product{width:calc(33.33% - 14px);margin-right:20px;}.woocommerce[class*="columns-"].columns-3 &gt; ul.products li.product:nth-child(3n), .woocommerce[class*="columns-"].columns-4 &gt; ul.products li.product:nth-child(3n), .woocommerce[class*="columns-"].columns-5 &gt; ul.products li.product:nth-child(3n), .woocommerce[class*="columns-"].columns-6 &gt; ul.products li.product:nth-child(3n){margin-right:0;clear:right;}.woocommerce[class*="columns-"].columns-3 &gt; ul.products li.product:nth-child(3n+1), .woocommerce[class*="columns-"].columns-4 &gt; ul.products li.product:nth-child(3n+1), .woocommerce[class*="columns-"].columns-5 &gt; ul.products li.product:nth-child(3n+1), .woocommerce[class*="columns-"].columns-6 &gt; ul.products li.product:nth-child(3n+1){clear:left;}.woocommerce[class*="columns-"] ul.products li.product:nth-child(n), .woocommerce-page[class*="columns-"] ul.products li.product:nth-child(n){margin-right:20px;clear:none;}.woocommerce.tablet-columns-2 ul.products li.product:nth-child(2n), .woocommerce-page.tablet-columns-2 ul.products li.product:nth-child(2n), .woocommerce.tablet-columns-3 ul.products li.product:nth-child(3n), .woocommerce-page.tablet-columns-3 ul.products li.product:nth-child(3n), .woocommerce.tablet-columns-4 ul.products li.product:nth-child(4n), .woocommerce-page.tablet-columns-4 ul.products li.product:nth-child(4n), .woocommerce.tablet-columns-5 ul.products li.product:nth-child(5n), .woocommerce-page.tablet-columns-5 ul.products li.product:nth-child(5n), .woocommerce.tablet-columns-6 ul.products li.product:nth-child(6n), .woocommerce-page.tablet-columns-6 ul.products li.product:nth-child(6n){margin-right:0;clear:right;}.woocommerce.tablet-columns-2 ul.products li.product:nth-child(2n+1), .woocommerce-page.tablet-columns-2 ul.products li.product:nth-child(2n+1), .woocommerce.tablet-columns-3 ul.products li.product:nth-child(3n+1), .woocommerce-page.tablet-columns-3 ul.products li.product:nth-child(3n+1), .woocommerce.tablet-columns-4 ul.products li.product:nth-child(4n+1), .woocommerce-page.tablet-columns-4 ul.products li.product:nth-child(4n+1), .woocommerce.tablet-columns-5 ul.products li.product:nth-child(5n+1), .woocommerce-page.tablet-columns-5 ul.products li.product:nth-child(5n+1), .woocommerce.tablet-columns-6 ul.products li.product:nth-child(6n+1), .woocommerce-page.tablet-columns-6 ul.products li.product:nth-child(6n+1){clear:left;}.woocommerce div.product .related.products ul.products li.product:nth-child(3n), .woocommerce-page.tablet-columns-1 .site-main ul.products li.product{margin-right:0;clear:right;}.woocommerce div.product .related.products ul.products li.product:nth-child(3n+1){clear:left;}}@media (min-width:922px){.woocommerce #reviews #comments{width:55%;float:left;}.woocommerce #reviews #review_form_wrapper{width:45%;padding-left:2em;float:right;}.woocommerce form.checkout_coupon{width:50%;}}@media (max-width:921px){.ast-header-break-point.ast-woocommerce-cart-menu .header-main-layout-1.ast-mobile-header-stack.ast-no-menu-items .ast-site-header-cart, .ast-header-break-point.ast-woocommerce-cart-menu .header-main-layout-3.ast-mobile-header-stack.ast-no-menu-items .ast-site-header-cart{padding-right:0;padding-left:0;}.ast-header-break-point.ast-woocommerce-cart-menu .header-main-layout-1.ast-mobile-header-stack .main-header-bar{text-align:center;}.ast-header-break-point.ast-woocommerce-cart-menu .header-main-layout-1.ast-mobile-header-stack .ast-site-header-cart, .ast-header-break-point.ast-woocommerce-cart-menu .header-main-layout-1.ast-mobile-header-stack .ast-mobile-menu-buttons{display:inline-block;}.ast-header-break-point.ast-woocommerce-cart-menu .header-main-layout-2.ast-mobile-header-inline .site-branding{flex:auto;}.ast-header-break-point.ast-woocommerce-cart-menu .header-main-layout-3.ast-mobile-header-stack .site-branding{flex:0 0 100%;}.ast-header-break-point.ast-woocommerce-cart-menu .header-main-layout-3.ast-mobile-header-stack .main-header-container{display:flex;justify-content:center;}.woocommerce-cart .woocommerce-shipping-calculator .button{width:100%;}.woocommerce div.product div.images, .woocommerce div.product div.summary, .woocommerce #content div.product div.images, .woocommerce #content div.product div.summary, .woocommerce-page div.product div.images, .woocommerce-page div.product div.summary, .woocommerce-page #content div.product div.images, .woocommerce-page #content div.product div.summary{float:none;width:100%;}.woocommerce-cart table.cart td.actions .ast-return-to-shop{display:block;text-align:center;margin-top:1em;}}@media (max-width:544px){.ast-separate-container .ast-woocommerce-container{padding:.54em 1em 1.33333em;}.woocommerce-message, .woocommerce-error, .woocommerce-info{display:flex;flex-wrap:wrap;}.woocommerce-message a.button, .woocommerce-error a.button, .woocommerce-info a.button{order:1;margin-top:.5em;}.woocommerce .woocommerce-ordering, .woocommerce-page .woocommerce-ordering{float:none;margin-bottom:2em;width:100%;}.woocommerce ul.products a.button, .woocommerce-page ul.products a.button{padding:0.5em 0.75em;}.woocommerce table.cart td.actions .button, .woocommerce #content table.cart td.actions .button, .woocommerce-page table.cart td.actions .button, .woocommerce-page #content table.cart td.actions .button{padding-left:1em;padding-right:1em;}.woocommerce #content table.cart .button, .woocommerce-page #content table.cart .button{width:100%;}.woocommerce #content table.cart .product-thumbnail, .woocommerce-page #content table.cart .product-thumbnail{display:block;text-align:center !important;}.woocommerce #content table.cart .product-thumbnail::before, .woocommerce-page #content table.cart .product-thumbnail::before{display:none;}.woocommerce #content table.cart td.actions .coupon, .woocommerce-page #content table.cart td.actions .coupon{float:none;}.woocommerce #content table.cart td.actions .coupon .button, .woocommerce-page #content table.cart td.actions .coupon .button{flex:1;}.woocommerce #content div.product .woocommerce-tabs ul.tabs li a, .woocommerce-page #content div.product .woocommerce-tabs ul.tabs li a{display:block;}.woocommerce div.product .related.products ul.products li.product, .woocommerce.mobile-columns-2 ul.products li.product, .woocommerce-page.mobile-columns-2 ul.products li.product{width:calc(50% - 10px);}.woocommerce.mobile-columns-6 ul.products li.product, .woocommerce-page.mobile-columns-6 ul.products li.product{width:calc(16.66% - 16.66px);}.woocommerce.mobile-columns-5 ul.products li.product, .woocommerce-page.mobile-columns-5 ul.products li.product{width:calc(20% - 16px);}.woocommerce.mobile-columns-4 ul.products li.product, .woocommerce-page.mobile-columns-4 ul.products li.product{width:calc(25% - 15px);}.woocommerce.mobile-columns-3 ul.products li.product, .woocommerce-page.mobile-columns-3 ul.products li.product{width:calc(33.33% - 14px);}.woocommerce.mobile-columns-1 ul.products li.product, .woocommerce-page.mobile-columns-1 ul.products li.product{width:100%;}}@media (max-width:544px){.woocommerce ul.products a.button.loading::after, .woocommerce-page ul.products a.button.loading::after{display:inline-block;margin-left:5px;position:initial;}.woocommerce.mobile-columns-1 .site-main ul.products li.product:nth-child(n), .woocommerce-page.mobile-columns-1 .site-main ul.products li.product:nth-child(n){margin-right:0;}.woocommerce #content div.product .woocommerce-tabs ul.tabs li, .woocommerce-page #content div.product .woocommerce-tabs ul.tabs li{display:block;margin-right:0;}.woocommerce[class*="columns-"].columns-3 &gt; ul.products li.product, .woocommerce[class*="columns-"].columns-4 &gt; ul.products li.product, .woocommerce[class*="columns-"].columns-5 &gt; ul.products li.product, .woocommerce[class*="columns-"].columns-6 &gt; ul.products li.product{width:calc(50% - 10px);margin-right:20px;}.woocommerce[class*="columns-"] ul.products li.product:nth-child(n), .woocommerce-page[class*="columns-"] ul.products li.product:nth-child(n){margin-right:20px;clear:none;}.woocommerce-page[class*=columns-].columns-3&gt;ul.products li.product:nth-child(2n), .woocommerce-page[class*=columns-].columns-4&gt;ul.products li.product:nth-child(2n), .woocommerce-page[class*=columns-].columns-5&gt;ul.products li.product:nth-child(2n), .woocommerce-page[class*=columns-].columns-6&gt;ul.products li.product:nth-child(2n), .woocommerce[class*=columns-].columns-3&gt;ul.products li.product:nth-child(2n), .woocommerce[class*=columns-].columns-4&gt;ul.products li.product:nth-child(2n), .woocommerce[class*=columns-].columns-5&gt;ul.products li.product:nth-child(2n), .woocommerce[class*=columns-].columns-6&gt;ul.products li.product:nth-child(2n){margin-right:0;clear:right;}.woocommerce[class*="columns-"].columns-3 &gt; ul.products li.product:nth-child(2n+1), .woocommerce[class*="columns-"].columns-4 &gt; ul.products li.product:nth-child(2n+1), .woocommerce[class*="columns-"].columns-5 &gt; ul.products li.product:nth-child(2n+1), .woocommerce[class*="columns-"].columns-6 &gt; ul.products li.product:nth-child(2n+1){clear:left;}.woocommerce-page[class*=columns-] ul.products li.product:nth-child(n), .woocommerce[class*=columns-] ul.products li.product:nth-child(n){margin-right:20px;clear:none;}.woocommerce.mobile-columns-6 ul.products li.product:nth-child(6n), .woocommerce-page.mobile-columns-6 ul.products li.product:nth-child(6n), .woocommerce.mobile-columns-5 ul.products li.product:nth-child(5n), .woocommerce-page.mobile-columns-5 ul.products li.product:nth-child(5n), .woocommerce.mobile-columns-4 ul.products li.product:nth-child(4n), .woocommerce-page.mobile-columns-4 ul.products li.product:nth-child(4n), .woocommerce.mobile-columns-3 ul.products li.product:nth-child(3n), .woocommerce-page.mobile-columns-3 ul.products li.product:nth-child(3n), .woocommerce.mobile-columns-2 ul.products li.product:nth-child(2n), .woocommerce-page.mobile-columns-2 ul.products li.product:nth-child(2n), .woocommerce div.product .related.products ul.products li.product:nth-child(2n){margin-right:0;clear:right;}.woocommerce.mobile-columns-6 ul.products li.product:nth-child(6n+1), .woocommerce-page.mobile-columns-6 ul.products li.product:nth-child(6n+1), .woocommerce.mobile-columns-5 ul.products li.product:nth-child(5n+1), .woocommerce-page.mobile-columns-5 ul.products li.product:nth-child(5n+1), .woocommerce.mobile-columns-4 ul.products li.product:nth-child(4n+1), .woocommerce-page.mobile-columns-4 ul.products li.product:nth-child(4n+1), .woocommerce.mobile-columns-3 ul.products li.product:nth-child(3n+1), .woocommerce-page.mobile-columns-3 ul.products li.product:nth-child(3n+1), .woocommerce.mobile-columns-2 ul.products li.product:nth-child(2n+1), .woocommerce-page.mobile-columns-2 ul.products li.product:nth-child(2n+1), .woocommerce div.product .related.products ul.products li.product:nth-child(2n+1){clear:left;}}@media (min-width:922px){.ast-woo-shop-archive .site-content &gt; .ast-container{max-width:1240px;}}@media (min-width:922px){.woocommerce #content .ast-woocommerce-container div.product div.images, .woocommerce .ast-woocommerce-container div.product div.images, .woocommerce-page #content .ast-woocommerce-container div.product div.images, .woocommerce-page .ast-woocommerce-container div.product div.images{width:50%;}.woocommerce #content .ast-woocommerce-container div.product div.summary, .woocommerce .ast-woocommerce-container div.product div.summary, .woocommerce-page #content .ast-woocommerce-container div.product div.summary, .woocommerce-page .ast-woocommerce-container div.product div.summary{width:46%;}.woocommerce.woocommerce-checkout form #customer_details.col2-set .col-1, .woocommerce.woocommerce-checkout form #customer_details.col2-set .col-2, .woocommerce-page.woocommerce-checkout form #customer_details.col2-set .col-1, .woocommerce-page.woocommerce-checkout form #customer_details.col2-set .col-2{float:none;width:auto;}}.woocommerce a.button , .woocommerce button.button.alt ,.woocommerce-page table.cart td.actions .button, .woocommerce-page #content table.cart td.actions .button , .woocommerce a.button.alt ,.woocommerce .woocommerce-message a.button , .ast-site-header-cart .widget_shopping_cart .buttons .button.checkout, .woocommerce button.button.alt.disabled , .wc-block-grid__products .wc-block-grid__product .wp-block-button__link {border:solid;border-top-width:0;border-right-width:0;border-left-width:0;border-bottom-width:0;border-color:#3197d6;}.woocommerce a.button:hover , .woocommerce button.button.alt:hover , .woocommerce-page table.cart td.actions .button:hover, .woocommerce-page #content table.cart td.actions .button:hover, .woocommerce a.button.alt:hover ,.woocommerce .woocommerce-message a.button:hover , .ast-site-header-cart .widget_shopping_cart .buttons .button.checkout:hover , .woocommerce button.button.alt.disabled:hover , .wc-block-grid__products .wc-block-grid__product .wp-block-button__link:hover{border-color:#0084d6;}.widget_product_search button{flex:0 0 auto;padding:10px 20px;;}@media (min-width:922px){.woocommerce.woocommerce-checkout form #customer_details.col2-set, .woocommerce-page.woocommerce-checkout form #customer_details.col2-set{width:55%;float:left;margin-right:4.347826087%;}.woocommerce.woocommerce-checkout form #order_review, .woocommerce.woocommerce-checkout form #order_review_heading, .woocommerce-page.woocommerce-checkout form #order_review, .woocommerce-page.woocommerce-checkout form #order_review_heading{width:40%;float:right;margin-right:0;clear:right;}}
</style>
    <style id="woocommerce-inline-inline-css">
.woocommerce form .form-row .required { visibility: visible; }
</style>
    <script id="jquery-core-js" src="https://askomdch.com/wp-includes/js/jquery/jquery.min.js?ver=3.6.0"/>
    <script id="jquery-migrate-js" src="https://askomdch.com/wp-includes/js/jquery/jquery-migrate.min.js?ver=3.3.2"/>
    <link rel="canonical" href="https://askomdch.com/account/"/>
    <noscript>
      <style>.woocommerce-product-gallery{ opacity: 1 !important; }</style>
    </noscript>
    <style>.recentcomments a{display:inline !important;padding:0 !important;margin:0 !important;}</style>
  </head>
  <body class="page-template-default page page-id-1235 theme-astra woocommerce-account woocommerce-page woocommerce-no-js ast-single-post ast-mobile-inherit-site-logo ast-woocommerce-cart-menu ast-inherit-site-logo-transparent ast-theme-transparent-header ast-hfb-header ast-desktop ast-plain-container ast-no-sidebar astra-3.7.5" itemtype="https://schema.org/WebPage" itemscope="itemscope">
    <a shape="rect" class="skip-link screen-reader-text" href="#content" role="link" title="Skip to content">
Skip to content</a>
    <div class="hfeed site" id="page">
      <header class="site-header ast-primary-submenu-animation-slide-up header-main-layout-1 ast-primary-menu-enabled ast-builder-menu-toggle-icon ast-mobile-header-inline" id="masthead" itemtype="https://schema.org/WPHeader" itemscope="itemscope" itemid="#masthead">
        <div id="ast-desktop-header" data-toggle-type="dropdown">
          <div class="ast-main-header-wrap main-header-bar-wrap">
            <div class="ast-primary-header-bar ast-primary-header main-header-bar site-header-focus-item" data-section="section-primary-header-builder">
              <div class="site-primary-header-wrap ast-builder-grid-row-container site-header-focus-item ast-container" data-section="section-primary-header-builder">
                <div class="ast-builder-grid-row ast-builder-grid-row-has-sides ast-builder-grid-row-no-center">
                  <div class="site-header-primary-section-left site-header-section ast-flex site-header-section-left">
                    <div class="ast-builder-layout-element ast-flex site-header-focus-item" data-section="title_tagline">
                      <div class="site-branding ast-site-identity" itemtype="https://schema.org/Organization" itemscope="itemscope">
                        <div class="ast-site-title-wrap">
                          <span class="site-title" itemprop="name">
                            <a shape="rect" href="https://askomdch.com/" rel="home" itemprop="url">
AskOmDch
</a>
                          </span>
                        </div>
                      </div>
                    </div>
                  </div>
                  <div class="site-header-primary-section-right site-header-section ast-flex ast-grid-right-section">
                    <div class="ast-builder-menu-1 ast-builder-menu ast-flex ast-builder-menu-1-focus-item ast-builder-layout-element site-header-focus-item" data-section="section-hb-menu-1">
                      <div class="ast-main-header-bar-alignment">
                        <div class="main-header-bar-navigation">
                          <nav class="site-navigation ast-flex-grow-1 navigation-accessibility site-header-focus-item" id="primary-site-navigation" aria-label="Site Navigation" itemtype="https://schema.org/SiteNavigationElement" itemscope="itemscope">
                            <div class="main-navigation ast-inline-flex">
                              <ul class="main-header-menu ast-menu-shadow ast-nav-menu ast-flex submenu-with-border astra-menu-animation-slide-up stack-on-mobile" id="ast-hf-menu-1">
                                <li class="menu-item menu-item-type-post_type menu-item-object-page menu-item-home menu-item-1226" id="menu-item-1226">
                                  <a shape="rect" class="menu-link" href="https://askomdch.com/">Home</a>
                                </li>
                                <li class="menu-item menu-item-type-post_type menu-item-object-page menu-item-1227" id="menu-item-1227">
                                  <a shape="rect" class="menu-link" href="https://askomdch.com/store/">Store</a>
                                </li>
                                <li class="menu-item menu-item-type-taxonomy menu-item-object-product_cat menu-item-1228" id="menu-item-1228">
                                  <a shape="rect" class="menu-link" href="https://askomdch.com/product-category/men/">Men</a>
                                </li>
                                <li class="menu-item menu-item-type-taxonomy menu-item-object-product_cat menu-item-1229" id="menu-item-1229">
                                  <a shape="rect" class="menu-link" href="https://askomdch.com/product-category/women/">Women</a>
                                </li>
                                <li class="menu-item menu-item-type-taxonomy menu-item-object-product_cat menu-item-1230" id="menu-item-1230">
                                  <a shape="rect" class="menu-link" href="https://askomdch.com/product-category/accessories/">Accessories</a>
                                </li>
                                <li class="menu-item menu-item-type-post_type menu-item-object-page current-menu-item page_item page-item-1235 current_page_item menu-item-1237" id="menu-item-1237">
                                  <a shape="rect" class="menu-link" href="https://askomdch.com/account/" aria-current="page">Account</a>
                                </li>
                                <li class="menu-item menu-item-type-post_type menu-item-object-page menu-item-1232" id="menu-item-1232">
                                  <a shape="rect" class="menu-link" href="https://askomdch.com/about/">About</a>
                                </li>
                                <li class="menu-item menu-item-type-post_type menu-item-object-page menu-item-1233" id="menu-item-1233">
                                  <a shape="rect" class="menu-link" href="https://askomdch.com/contact-us/">Contact Us</a>
                                </li>
                              </ul>
                            </div>
                          </nav>
                        </div>
                      </div>
                    </div>
                    <div class="ast-builder-layout-element site-header-focus-item ast-header-woo-cart" data-section="section-header-woo-cart">
                      <div class="ast-site-header-cart ast-menu-cart-with-border ast-menu-cart-fill" id="ast-site-header-cart">
                        <div class="ast-site-header-cart-li">
                          <a shape="rect" class="cart-container" href="https://askomdch.com/cart/" title="View your shopping cart"/>
                          <div class="ast-cart-menu-wrap">
                            <span class="count">
0 </span>
                          </div>
                        </div>
                        <div class="ast-site-header-cart-data">
                          <div class="widget woocommerce widget_shopping_cart">
                            <div class="widget_shopping_cart_content"/>
                          </div>
                        </div>
                      </div>
                    </div>
                  </div>
                </div>
              </div>
            </div>
          </div>
          <div class="ast-desktop-header-content content-align-flex-start"/>
        </div>
        <div class="ast-mobile-header-wrap" id="ast-mobile-header" data-type="dropdown">
          <div class="ast-main-header-wrap main-header-bar-wrap">
            <div class="ast-primary-header-bar ast-primary-header main-header-bar site-primary-header-wrap site-header-focus-item ast-builder-grid-row-layout-default ast-builder-grid-row-tablet-layout-default ast-builder-grid-row-mobile-layout-default" data-section="section-primary-header-builder">
              <div class="ast-builder-grid-row ast-builder-grid-row-has-sides ast-builder-grid-row-no-center">
                <div class="site-header-primary-section-left site-header-section ast-flex site-header-section-left">
                  <div class="ast-builder-layout-element ast-flex site-header-focus-item" data-section="title_tagline">
                    <div class="site-branding ast-site-identity" itemtype="https://schema.org/Organization" itemscope="itemscope">
                      <div class="ast-site-title-wrap">
                        <span class="site-title" itemprop="name">
                          <a shape="rect" href="https://askomdch.com/" rel="home" itemprop="url">
AskOmDch
</a>
                        </span>
                      </div>
                    </div>
                  </div>
                </div>
                <div class="site-header-primary-section-right site-header-section ast-flex ast-grid-right-section">
                  <div class="ast-builder-layout-element site-header-focus-item ast-header-woo-cart" data-section="section-header-woo-cart">
                    <div class="ast-site-header-cart ast-menu-cart-with-border ast-menu-cart-fill" id="ast-site-header-cart">
                      <div class="ast-site-header-cart-li">
                        <a shape="rect" class="cart-container" href="https://askomdch.com/cart/" title="View your shopping cart"/>
                        <div class="ast-cart-menu-wrap">
                          <span class="count">
0 </span>
                        </div>
                      </div>
                      <div class="ast-site-header-cart-data">
                        <div class="widget woocommerce widget_shopping_cart">
                          <div class="widget_shopping_cart_content"/>
                        </div>
                      </div>
                    </div>
                  </div>
                  <div class="ast-builder-layout-element ast-flex site-header-focus-item" data-section="section-header-mobile-trigger">
                    <div class="ast-button-wrap">
                      <button type="button" class="menu-toggle main-header-menu-toggle ast-mobile-menu-trigger-minimal" aria-expanded="false">
                        <span class="screen-reader-text">Main Menu</span>
                        <span class="mobile-menu-toggle-icon">
                          <span class="ahfb-svg-iconset ast-inline-flex svg-baseline">
                            <svg class="ast-mobile-svg ast-menu2-svg" fill="currentColor" version="1.1" width="24" height="28" viewbox="0 0 24 28">
                              <path d="M24 21v2c0 0.547-0.453 1-1 1h-22c-0.547 0-1-0.453-1-1v-2c0-0.547 0.453-1 1-1h22c0.547 0 1 0.453 1 1zM24 13v2c0 0.547-0.453 1-1 1h-22c-0.547 0-1-0.453-1-1v-2c0-0.547 0.453-1 1-1h22c0.547 0 1 0.453 1 1zM24 5v2c0 0.547-0.453 1-1 1h-22c-0.547 0-1-0.453-1-1v-2c0-0.547 0.453-1 1-1h22c0.547 0 1 0.453 1 1z"/>
                            </svg>
                          </span>
                          <span class="ahfb-svg-iconset ast-inline-flex svg-baseline">
                            <svg class="ast-mobile-svg ast-close-svg" fill="currentColor" version="1.1" width="24" height="24" viewbox="0 0 24 24">
                              <path d="M5.293 6.707l5.293 5.293-5.293 5.293c-0.391 0.391-0.391 1.024 0 1.414s1.024 0.391 1.414 0l5.293-5.293 5.293 5.293c0.391 0.391 1.024 0.391 1.414 0s0.391-1.024 0-1.414l-5.293-5.293 5.293-5.293c0.391-0.391 0.391-1.024 0-1.414s-1.024-0.391-1.414 0l-5.293 5.293-5.293-5.293c-0.391-0.391-1.024-0.391-1.414 0s-0.391 1.024 0 1.414z"/>
                            </svg>
                          </span>
                        </span>
                      </button>
                    </div>
                  </div>
                </div>
              </div>
            </div>
          </div>
          <div class="ast-mobile-header-content content-align-flex-start">
            <div class="ast-builder-menu-1 ast-builder-menu ast-flex ast-builder-menu-1-focus-item ast-builder-layout-element site-header-focus-item" data-section="section-hb-menu-1">
              <div class="ast-main-header-bar-alignment">
                <div class="main-header-bar-navigation">
                  <nav class="site-navigation ast-flex-grow-1 navigation-accessibility site-header-focus-item" id="primary-site-navigation" aria-label="Site Navigation" itemtype="https://schema.org/SiteNavigationElement" itemscope="itemscope">
                    <div class="main-navigation ast-inline-flex">
                      <ul class="main-header-menu ast-menu-shadow ast-nav-menu ast-flex submenu-with-border astra-menu-animation-slide-up stack-on-mobile" id="ast-hf-menu-1">
                        <li class="menu-item menu-item-type-post_type menu-item-object-page menu-item-home menu-item-1226">
                          <a shape="rect" class="menu-link" href="https://askomdch.com/">Home</a>
                        </li>
                        <li class="menu-item menu-item-type-post_type menu-item-object-page menu-item-1227">
                          <a shape="rect" class="menu-link" href="https://askomdch.com/store/">Store</a>
                        </li>
                        <li class="menu-item menu-item-type-taxonomy menu-item-object-product_cat menu-item-1228">
                          <a shape="rect" class="menu-link" href="https://askomdch.com/product-category/men/">Men</a>
                        </li>
                        <li class="menu-item menu-item-type-taxonomy menu-item-object-product_cat menu-item-1229">
                          <a shape="rect" class="menu-link" href="https://askomdch.com/product-category/women/">Women</a>
                        </li>
                        <li class="menu-item menu-item-type-taxonomy menu-item-object-product_cat menu-item-1230">
                          <a shape="rect" class="menu-link" href="https://askomdch.com/product-category/accessories/">Accessories</a>
                        </li>
                        <li class="menu-item menu-item-type-post_type menu-item-object-page current-menu-item page_item page-item-1235 current_page_item menu-item-1237">
                          <a shape="rect" class="menu-link" href="https://askomdch.com/account/" aria-current="page">Account</a>
                        </li>
                        <li class="menu-item menu-item-type-post_type menu-item-object-page menu-item-1232">
                          <a shape="rect" class="menu-link" href="https://askomdch.com/about/">About</a>
                        </li>
                        <li class="menu-item menu-item-type-post_type menu-item-object-page menu-item-1233">
                          <a shape="rect" class="menu-link" href="https://askomdch.com/contact-us/">Contact Us</a>
                        </li>
                      </ul>
                    </div>
                  </nav>
                </div>
              </div>
            </div>
          </div>
        </div>
      </header>
      <div class="site-content" id="content">
        <div class="ast-container">
          <div class="content-area primary" id="primary">
            <main id="main" class="site-main">
              <article class="post-1235 page type-page status-publish ast-article-single" id="post-1235" itemtype="https://schema.org/CreativeWork" itemscope="itemscope">
                <header class="entry-header ast-header-without-markup"/>
                <div class="entry-content clear" itemprop="text">
                  <div class="wp-block-cover alignfull has-background-dim" style="background-color:#001d35;min-height:400px">
                    <div class="wp-block-cover__inner-container">
                      <h1 class="has-text-align-center">Account</h1>
                    </div>
                  </div>
                  <div class="wp-block-group alignfull">
                    <div class="wp-block-group__inner-container">
                      <div class="wp-block-columns">
                        <div class="wp-block-column" style="flex-basis:100%"/>
                      </div>
                      <div class="woocommerce">
                        <div class="woocommerce-notices-wrapper"/>
                        <div class="u-columns col2-set" id="customer_login">
                          <div class="u-column1 col-1">
                            <h2>Login</h2>
                            <form enctype="application/x-www-form-urlencoded" method="post" class="woocommerce-form woocommerce-form-login login">
                              <p class="woocommerce-form-row woocommerce-form-row--wide form-row form-row-wide">
                                <label for="username">
Username or email address                                   <span class="required">*</span>
                                </label>
                                <input type="text" class="woocommerce-Input woocommerce-Input--text input-text" id="username" name="username" autocomplete="username" value=""/>
                              </p>
                              <p class="woocommerce-form-row woocommerce-form-row--wide form-row form-row-wide">
                                <label for="password">
Password                                   <span class="required">*</span>
                                </label>
                                <input type="password" class="woocommerce-Input woocommerce-Input--text input-text" id="password" name="password" autocomplete="current-password"/>
                              </p>
                              <p class="form-row">
                                <label class="woocommerce-form__label woocommerce-form__label-for-checkbox woocommerce-form-login__rememberme">
                                  <input type="checkbox" class="woocommerce-form__input woocommerce-form__input-checkbox" id="rememberme" name="rememberme" value="forever"/>
                                  <span>Remember me</span>
                                </label>
                                <input type="hidden" id="woocommerce-login-nonce" name="woocommerce-login-nonce" value="4cacd59938"/>
                                <input type="hidden" name="_wp_http_referer" value="/account/"/>
                                <button type="submit" class="woocommerce-button button woocommerce-form-login__submit" name="login" value="Log in">Log in</button>
                              </p>
                              <p class="woocommerce-LostPassword lost_password">
                                <a shape="rect" href="https://askomdch.com/account/lost-password/">Lost your password?</a>
                              </p>
                            </form>
                          </div>
                          <div class="u-column2 col-2">
                            <h2>Register</h2>
                            <form enctype="application/x-www-form-urlencoded" method="post" class="woocommerce-form woocommerce-form-register register">
                              <p class="woocommerce-form-row woocommerce-form-row--wide form-row form-row-wide">
                                <label for="reg_username">
Username                                   <span class="required">*</span>
                                </label>
                                <input type="text" class="woocommerce-Input woocommerce-Input--text input-text" id="reg_username" name="username" autocomplete="username" value=""/>
                              </p>
                              <p class="woocommerce-form-row woocommerce-form-row--wide form-row form-row-wide">
                                <label for="reg_email">
Email address                                   <span class="required">*</span>
                                </label>
                                <input type="email" class="woocommerce-Input woocommerce-Input--text input-text" id="reg_email" name="email" autocomplete="email" value=""/>
                              </p>
                              <p class="woocommerce-form-row woocommerce-form-row--wide form-row form-row-wide">
                                <label for="reg_password">
Password                                   <span class="required">*</span>
                                </label>
                                <input type="password" class="woocommerce-Input woocommerce-Input--text input-text" id="reg_password" name="password" autocomplete="new-password"/>
                              </p>
                              <div class="woocommerce-privacy-policy-text">
                                <p>TEST MODE ENABLED. DO NOT ENTER YOUR PERSONAL DATA.</p>
                              </div>
                              <p class="woocommerce-form-row form-row">
                                <input type="hidden" id="woocommerce-register-nonce" name="woocommerce-register-nonce" value="ab11f2f464"/>
                                <input type="hidden" name="_wp_http_referer" value="/account/"/>
                                <button type="submit" class="woocommerce-Button woocommerce-button button woocommerce-form-register__submit" name="register" value="Register">Register</button>
                              </p>
                            </form>
                          </div>
                        </div>
                      </div>
                    </div>
                  </div>
                  <p/>
                </div>
              </article>
            </main>
          </div>
        </div>
      </div>
      <div class="astra-mobile-cart-overlay"/>
      <div class="astra-cart-drawer open-right" id="astra-mobile-cart-drawer">
        <div class="astra-cart-drawer-header">
          <button type="button" class="astra-cart-drawer-close">
            <span class="ahfb-svg-iconset ast-inline-flex svg-baseline">
              <svg class="ast-mobile-svg ast-close-svg" fill="currentColor" version="1.1" width="24" height="24" viewbox="0 0 24 24">
                <path d="M5.293 6.707l5.293 5.293-5.293 5.293c-0.391 0.391-0.391 1.024 0 1.414s1.024 0.391 1.414 0l5.293-5.293 5.293 5.293c0.391 0.391 1.024 0.391 1.414 0s0.391-1.024 0-1.414l-5.293-5.293 5.293-5.293c0.391-0.391 0.391-1.024 0-1.414s-1.024-0.391-1.414 0l-5.293 5.293-5.293-5.293c-0.391-0.391-1.024-0.391-1.414 0s-0.391 1.024 0 1.414z"/>
              </svg>
            </span>
          </button>
          <div class="astra-cart-drawer-title">
Shopping Cart </div>
        </div>
        <div class="astra-cart-drawer-content">
          <div class="widget woocommerce widget_shopping_cart">
            <div class="widget_shopping_cart_content"/>
          </div>
        </div>
      </div>
      <footer class="site-footer" id="colophon" itemtype="https://schema.org/WPFooter" itemscope="itemscope" itemid="#colophon">
        <div class="site-primary-footer-wrap ast-builder-grid-row-container site-footer-focus-item ast-builder-grid-row-4-equal ast-builder-grid-row-tablet-4-equal ast-builder-grid-row-mobile-full ast-footer-row-stack ast-footer-row-tablet-stack ast-footer-row-mobile-stack" data-section="section-primary-footer-builder">
          <div class="ast-builder-grid-row-container-inner">
            <div class="ast-builder-footer-grid-columns site-primary-footer-inner-wrap ast-builder-grid-row">
              <div class="site-footer-primary-section-1 site-footer-section site-footer-section-1">
                <aside class="footer-widget-area widget-area site-footer-focus-item" data-section="sidebar-widgets-footer-widget-1" aria-label="Footer Widget 1">
                  <div class="footer-widget-area-inner site-info-inner">
                    <section id="nav_menu-7" class="widget widget_nav_menu">
                      <h2 class="widget-title">Quick Links</h2>
                      <nav class="menu-quick-links-container" aria-label="Quick Links">
                        <ul class="menu" id="menu-quick-links">
                          <li class="menu-item menu-item-type-post_type menu-item-object-page menu-item-home menu-item-1254" id="menu-item-1254">
                            <a shape="rect" class="menu-link" href="https://askomdch.com/">Home</a>
                          </li>
                          <li class="menu-item menu-item-type-post_type menu-item-object-page menu-item-1255" id="menu-item-1255">
                            <a shape="rect" class="menu-link" href="https://askomdch.com/about/">About</a>
                          </li>
                          <li class="menu-item menu-item-type-post_type menu-item-object-page current-menu-item page_item page-item-1235 current_page_item menu-item-1256" id="menu-item-1256">
                            <a shape="rect" class="menu-link" href="https://askomdch.com/account/" aria-current="page">My Account</a>
                          </li>
                          <li class="menu-item menu-item-type-post_type menu-item-object-page menu-item-1257" id="menu-item-1257">
                            <a shape="rect" class="menu-link" href="https://askomdch.com/cart/">Cart</a>
                          </li>
                          <li class="menu-item menu-item-type-post_type menu-item-object-page menu-item-1258" id="menu-item-1258">
                            <a shape="rect" class="menu-link" href="https://askomdch.com/contact-us/">Contact Us</a>
                          </li>
                        </ul>
                      </nav>
                    </section>
                  </div>
                </aside>
              </div>
              <div class="site-footer-primary-section-2 site-footer-section site-footer-section-2">
                <aside class="footer-widget-area widget-area site-footer-focus-item" data-section="sidebar-widgets-footer-widget-2" aria-label="Footer Widget 2">
                  <div class="footer-widget-area-inner site-info-inner">
                    <section id="nav_menu-8" class="widget widget_nav_menu">
                      <h2 class="widget-title">For Her</h2>
                      <nav class="menu-for-her-container" aria-label="For Her">
                        <ul class="menu" id="menu-for-her">
                          <li class="menu-item menu-item-type-taxonomy menu-item-object-product_cat menu-item-1264" id="menu-item-1264">
                            <a shape="rect" class="menu-link" href="https://askomdch.com/product-category/women/">Women</a>
                          </li>
                          <li class="menu-item menu-item-type-taxonomy menu-item-object-product_cat menu-item-1266" id="menu-item-1266">
                            <a shape="rect" class="menu-link" href="https://askomdch.com/product-category/womens-jeans/">Women’s Jeans</a>
                          </li>
                          <li class="menu-item menu-item-type-taxonomy menu-item-object-product_cat menu-item-1265" id="menu-item-1265">
                            <a shape="rect" class="menu-link" href="https://askomdch.com/product-category/womens-shirts/">Women’s Shirts</a>
                          </li>
                          <li class="menu-item menu-item-type-taxonomy menu-item-object-product_cat menu-item-1267" id="menu-item-1267">
                            <a shape="rect" class="menu-link" href="https://askomdch.com/product-category/womens-shoes/">Women’s Shoes</a>
                          </li>
                          <li class="menu-item menu-item-type-taxonomy menu-item-object-product_cat menu-item-1268" id="menu-item-1268">
                            <a shape="rect" class="menu-link" href="https://askomdch.com/product-category/accessories/">Accessories</a>
                          </li>
                        </ul>
                      </nav>
                    </section>
                  </div>
                </aside>
              </div>
              <div class="site-footer-primary-section-3 site-footer-section site-footer-section-3">
                <aside class="footer-widget-area widget-area site-footer-focus-item" data-section="sidebar-widgets-footer-widget-3" aria-label="Footer Widget 3">
                  <div class="footer-widget-area-inner site-info-inner">
                    <section id="nav_menu-12" class="widget widget_nav_menu">
                      <h2 class="widget-title">For Him</h2>
                      <nav class="menu-for-him-container" aria-label="For Him">
                        <ul class="menu" id="menu-for-him">
                          <li class="menu-item menu-item-type-taxonomy menu-item-object-product_cat menu-item-1263" id="menu-item-1263">
                            <a shape="rect" class="menu-link" href="https://askomdch.com/product-category/men/">Men</a>
                          </li>
                          <li class="menu-item menu-item-type-taxonomy menu-item-object-product_cat menu-item-1259" id="menu-item-1259">
                            <a shape="rect" class="menu-link" href="https://askomdch.com/product-category/mens-jeans/">Men’s Jeans</a>
                          </li>
                          <li class="menu-item menu-item-type-taxonomy menu-item-object-product_cat menu-item-1260" id="menu-item-1260">
                            <a shape="rect" class="menu-link" href="https://askomdch.com/product-category/mens-shirts/">Men’s Shirts</a>
                          </li>
                          <li class="menu-item menu-item-type-taxonomy menu-item-object-product_cat menu-item-1261" id="menu-item-1261">
                            <a shape="rect" class="menu-link" href="https://askomdch.com/product-category/mens-shoes/">Men’s Shoes</a>
                          </li>
                          <li class="menu-item menu-item-type-taxonomy menu-item-object-product_cat menu-item-1262" id="menu-item-1262">
                            <a shape="rect" class="menu-link" href="https://askomdch.com/product-category/accessories/">Accessories</a>
                          </li>
                        </ul>
                      </nav>
                    </section>
                  </div>
                </aside>
              </div>
              <div class="site-footer-primary-section-4 site-footer-section site-footer-section-4">
                <aside class="footer-widget-area widget-area site-footer-focus-item" data-section="sidebar-widgets-footer-widget-4" aria-label="Footer Widget 4">
                  <div class="footer-widget-area-inner site-info-inner">
                    <section id="text-2" class="widget widget_text">
                      <h2 class="widget-title">AOD on Mobile</h2>
                      <div class="textwidget">
                        <p>
                          <a shape="rect" href="https://www.apple.com/in/app-store/" target="_blank" rel="noopener">
                            <img class="alignnone wp-image-1475 size-full" src="https://askomdch.com/wp-content/uploads/2021/06/image-60-compressed.jpg" alt="" width="300" height="90"/>
                          </a>
                          <a shape="rect" href="https://play.google.com/store" target="_blank" rel="noopener">
                            <img class="alignnone wp-image-1473 size-full" src="https://askomdch.com/wp-content/uploads/2021/06/image-41-compressed.jpg" alt="" width="300" height="90"/>
                          </a>
                        </p>
                      </div>
                    </section>
                  </div>
                </aside>
              </div>
            </div>
          </div>
        </div>
        <div class="site-below-footer-wrap ast-builder-grid-row-container site-footer-focus-item ast-builder-grid-row-2-equal ast-builder-grid-row-tablet-2-equal ast-builder-grid-row-mobile-full ast-footer-row-stack ast-footer-row-tablet-stack ast-footer-row-mobile-stack" data-section="section-below-footer-builder">
          <div class="ast-builder-grid-row-container-inner">
            <div class="ast-builder-footer-grid-columns site-below-footer-inner-wrap ast-builder-grid-row">
              <div class="site-footer-below-section-1 site-footer-section site-footer-section-1">
                <div class="ast-builder-layout-element ast-flex site-footer-focus-item ast-footer-copyright" data-section="section-footer-builder">
                  <div class="ast-footer-copyright">
                    <p>Copyright © 2022 AskOmDch</p>
                  </div>
                </div>
              </div>
              <div class="site-footer-below-section-2 site-footer-section site-footer-section-2">
                <div class="footer-widget-area widget-area site-footer-focus-item ast-footer-html-1" data-section="section-fb-html-1">
                  <div class="ast-header-html inner-link-style-">
                    <div class="ast-builder-html-element">
                      <p>Powered by AskOmDch</p>
                    </div>
                  </div>
                </div>
              </div>
            </div>
          </div>
        </div>
      </footer>
    </div>
    <script type="text/javascript">
		(function () {
			var c = document.body.className;
			c = c.replace(/woocommerce-no-js/, 'woocommerce-js');
			document.body.className = c;
		})();
	</script>
    <script id="astra-theme-js-js-extra">
var astra = {"break_point":"921","isRtl":""};
</script>
    <script id="astra-theme-js-js" src="https://askomdch.com/wp-content/themes/astra/assets/js/minified/frontend.min.js?ver=3.7.5"/>
    <script id="astra-mobile-cart-js" src="https://askomdch.com/wp-content/themes/astra/assets/js/minified/mobile-cart.min.js?ver=3.7.5"/>
    <script id="js-cookie-js" src="https://askomdch.com/wp-content/plugins/woocommerce/assets/js/js-cookie/js.cookie.min.js?ver=2.1.4-wc.5.8.1"/>
    <script id="wc-cart-fragments-js-extra">
var wc_cart_fragments_params = {"ajax_url":"\/wp-admin\/admin-ajax.php","wc_ajax_url":"\/?wc-ajax=%%endpoint%%","cart_hash_key":"wc_cart_hash_ce7302d8a5b087b54dd768c76987f650","fragment_name":"wc_fragments_ce7302d8a5b087b54dd768c76987f650","request_timeout":"5000"};
</script>
    <script id="wc-cart-fragments-js" src="https://askomdch.com/wp-content/plugins/woocommerce/assets/js/frontend/cart-fragments.min.js?ver=5.8.1"/>
    <script id="rocket-browser-checker-js-after">
"use strict";var _createClass=function(){function defineProperties(target,props){for(var i=0;i&lt;props.length;i++){var descriptor=props[i];descriptor.enumerable=descriptor.enumerable||!1,descriptor.configurable=!0,"value"in descriptor&amp;&amp;(descriptor.writable=!0),Object.defineProperty(target,descriptor.key,descriptor)}}return function(Constructor,protoProps,staticProps){return protoProps&amp;&amp;defineProperties(Constructor.prototype,protoProps),staticProps&amp;&amp;defineProperties(Constructor,staticProps),Constructor}}();function _classCallCheck(instance,Constructor){if(!(instance instanceof Constructor))throw new TypeError("Cannot call a class as a function")}var RocketBrowserCompatibilityChecker=function(){function RocketBrowserCompatibilityChecker(options){_classCallCheck(this,RocketBrowserCompatibilityChecker),this.passiveSupported=!1,this._checkPassiveOption(this),this.options=!!this.passiveSupported&amp;&amp;options}return _createClass(RocketBrowserCompatibilityChecker,[{key:"_checkPassiveOption",value:function(self){try{var options={get passive(){return!(self.passiveSupported=!0)}};window.addEventListener("test",null,options),window.removeEventListener("test",null,options)}catch(err){self.passiveSupported=!1}}},{key:"initRequestIdleCallback",value:function(){!1 in window&amp;&amp;(window.requestIdleCallback=function(cb){var start=Date.now();return setTimeout(function(){cb({didTimeout:!1,timeRemaining:function(){return Math.max(0,50-(Date.now()-start))}})},1)}),!1 in window&amp;&amp;(window.cancelIdleCallback=function(id){return clearTimeout(id)})}},{key:"isDataSaverModeOn",value:function(){return"connection"in navigator&amp;&amp;!0===navigator.connection.saveData}},{key:"supportsLinkPrefetch",value:function(){var elem=document.createElement("link");return elem.relList&amp;&amp;elem.relList.supports&amp;&amp;elem.relList.supports("prefetch")&amp;&amp;window.IntersectionObserver&amp;&amp;"isIntersecting"in IntersectionObserverEntry.prototype}},{key:"isSlowConnection",value:function(){return"connection"in navigator&amp;&amp;"effectiveType"in navigator.connection&amp;&amp;("2g"===navigator.connection.effectiveType||"slow-2g"===navigator.connection.effectiveType)}}]),RocketBrowserCompatibilityChecker}();
</script>
    <script id="rocket-preload-links-js-extra">
var RocketPreloadLinksConfig = {"excludeUris":"\/(.+\/)?feed\/?.+\/?|\/(?:.+\/)?embed\/|\/checkout\/|\/cart\/|\/account\/|\/wc-api\/v(.*)|\/(index\\.php\/)?wp\\-json(\/.*|$)|\/wp-admin\/|\/logout\/|\/wp-login.php","usesTrailingSlash":"1","imageExt":"jpg|jpeg|gif|png|tiff|bmp|webp|avif","fileExt":"jpg|jpeg|gif|png|tiff|bmp|webp|avif|php|pdf|html|htm","siteUrl":"https:\/\/askomdch.com","onHoverDelay":"100","rateThrottle":"3"};
</script>
    <script id="rocket-preload-links-js-after">
(function() {
"use strict";var r="function"==typeof Symbol&amp;&amp;"symbol"==typeof Symbol.iterator?function(e){return typeof e}:function(e){return e&amp;&amp;"function"==typeof Symbol&amp;&amp;e.constructor===Symbol&amp;&amp;e!==Symbol.prototype?"symbol":typeof e},e=function(){function i(e,t){for(var n=0;n&lt;t.length;n++){var i=t[n];i.enumerable=i.enumerable||!1,i.configurable=!0,"value"in i&amp;&amp;(i.writable=!0),Object.defineProperty(e,i.key,i)}}return function(e,t,n){return t&amp;&amp;i(e.prototype,t),n&amp;&amp;i(e,n),e}}();function i(e,t){if(!(e instanceof t))throw new TypeError("Cannot call a class as a function")}var t=function(){function n(e,t){i(this,n),this.browser=e,this.config=t,this.options=this.browser.options,this.prefetched=new Set,this.eventTime=null,this.threshold=1111,this.numOnHover=0}return e(n,[{key:"init",value:function(){!this.browser.supportsLinkPrefetch()||this.browser.isDataSaverModeOn()||this.browser.isSlowConnection()||(this.regex={excludeUris:RegExp(this.config.excludeUris,"i"),images:RegExp(".("+this.config.imageExt+")$","i"),fileExt:RegExp(".("+this.config.fileExt+")$","i")},this._initListeners(this))}},{key:"_initListeners",value:function(e){-1&lt;this.config.onHoverDelay&amp;&amp;document.addEventListener("mouseover",e.listener.bind(e),e.listenerOptions),document.addEventListener("mousedown",e.listener.bind(e),e.listenerOptions),document.addEventListener("touchstart",e.listener.bind(e),e.listenerOptions)}},{key:"listener",value:function(e){var t=e.target.closest("a"),n=this._prepareUrl(t);if(null!==n)switch(e.type){case"mousedown":case"touchstart":this._addPrefetchLink(n);break;case"mouseover":this._earlyPrefetch(t,n,"mouseout")}}},{key:"_earlyPrefetch",value:function(t,e,n){var i=this,r=setTimeout(function(){if(r=null,0===i.numOnHover)setTimeout(function(){return i.numOnHover=0},1e3);else if(i.numOnHover&gt;i.config.rateThrottle)return;i.numOnHover++,i._addPrefetchLink(e)},this.config.onHoverDelay);t.addEventListener(n,function e(){t.removeEventListener(n,e,{passive:!0}),null!==r&amp;&amp;(clearTimeout(r),r=null)},{passive:!0})}},{key:"_addPrefetchLink",value:function(i){return this.prefetched.add(i.href),new Promise(function(e,t){var n=document.createElement("link");n.rel="prefetch",n.href=i.href,n.onload=e,n.onerror=t,document.head.appendChild(n)}).catch(function(){})}},{key:"_prepareUrl",value:function(e){if(null===e||"object"!==(void 0===e?"undefined":r(e))||!1 in e||-1===["http:","https:"].indexOf(e.protocol))return null;var t=e.href.substring(0,this.config.siteUrl.length),n=this._getPathname(e.href,t),i={original:e.href,protocol:e.protocol,origin:t,pathname:n,href:t+n};return this._isLinkOk(i)?i:null}},{key:"_getPathname",value:function(e,t){var n=t?e.substring(this.config.siteUrl.length):e;return n.startsWith("/")||(n="/"+n),this._shouldAddTrailingSlash(n)?n+"/":n}},{key:"_shouldAddTrailingSlash",value:function(e){return this.config.usesTrailingSlash&amp;&amp;!e.endsWith("/")&amp;&amp;!this.regex.fileExt.test(e)}},{key:"_isLinkOk",value:function(e){return null!==e&amp;&amp;"object"===(void 0===e?"undefined":r(e))&amp;&amp;(!this.prefetched.has(e.href)&amp;&amp;e.origin===this.config.siteUrl&amp;&amp;-1===e.href.indexOf("?")&amp;&amp;-1===e.href.indexOf("#")&amp;&amp;!this.regex.excludeUris.test(e.href)&amp;&amp;!this.regex.images.test(e.href))}}],[{key:"run",value:function(){"undefined"!=typeof RocketPreloadLinksConfig&amp;&amp;new n(new RocketBrowserCompatibilityChecker({capture:!0,passive:!0}),RocketPreloadLinksConfig).init()}}]),n}();t.run();
}());
</script>
    <script>
			/(trident|msie)/i.test(navigator.userAgent)&amp;&amp;document.getElementById&amp;&amp;window.addEventListener&amp;&amp;window.addEventListener("hashchange",function(){var t,e=location.hash.substring(1);/^[A-z0-9_-]+$/.test(e)&amp;&amp;(t=document.getElementById(e))&amp;&amp;(/^(?:a|select|input|button|textarea)$/i.test(t.tagName)||(t.tabIndex=-1),t.focus())},!1);
			</script>
  </body>
</html>
CURRENT THREAD: 24, DRIVER = FirefoxDriver: firefox on WINDOWS (392885c3-640d-4f73-90d8-ee1e999fdf8f)
Request method:	POST
Request URI:	https://askomdch.com/account
Proxy:			<none>
Request params:	<none>
Query params:	<none>
Form params:	password=userfk2stage
				woocommerce-register-nonce=ab11f2f464
				email=stagememb@test.com
				username=userfk1stage6158615870
				register=Register
Path params:	<none>
Headers:		Accept=*/*
				Content-Type=application/x-www-form-urlencoded; charset=ISO-8859-1
Cookies:		<none>
Multiparts:		<none>
Body:			<none>
Request method:	POST
Request URI:	https://askomdch.com/account
Proxy:			<none>
Request params:	<none>
Query params:	<none>
Form params:	password=userfk2stage
				woocommerce-register-nonce=ab11f2f464
				email=stagememb@test.com
				username=userfk1stage3182088442
				register=Register
Path params:	<none>
Headers:		Accept=*/*
				Content-Type=application/x-www-form-urlencoded; charset=ISO-8859-1
Cookies:		<none>
Multiparts:		<none>
Body:			<none>
CURRENT THREAD: 25, DRIVER = FirefoxDriver: firefox on WINDOWS (c72cf83d-d85e-4ced-bcc2-ba6692e141a4)
HTTP/1.1 200 OK
Date: Sun, 06 Nov 2022 17:16:28 GMT
Content-Type: text/html; charset=UTF-8
Transfer-Encoding: chunked
Connection: keep-alive
vary: Accept-Encoding
expires: Wed, 11 Jan 1984 05:00:00 GMT
Cache-Control: no-cache, must-revalidate, max-age=0
x-frame-options: SAMEORIGIN
x-frame-options: SAMEORIGIN
strict-transport-security: max-age=63072000
x-content-type-options: nosniff
x-xss-protection: 1; mode=block
CF-Cache-Status: DYNAMIC
Report-To: {"endpoints":[{"url":"https:\/\/a.nel.cloudflare.com\/report\/v3?s=jV%2BXQUh9AKvue1ZlHSYxhFFvf3mKk4GdxOx7s1LwnL4DX55esuPTK99MnItMA7BUkfrBAOQ5KyND%2BAG6Adci4zhf0gOWOHhvplcgKPbkIWABsYqZ43R%2Bf2oH182%2FkFo%3D"}],"group":"cf-nel","max_age":604800}
NEL: {"success_fraction":0,"report_to":"cf-nel","max_age":604800}
Server: cloudflare
CF-RAY: 765f7a209ec3d09d-CDG
Content-Encoding: gzip
alt-svc: h3=":443"; ma=86400, h3-29=":443"; ma=86400

<html lang="en-US">
  <head>
    <meta charset="UTF-8"/>
    <meta name="viewport" content="width=device-width, initial-scale=1"/>
    <link rel="profile" href="https://gmpg.org/xfn/11"/>
    <title>Account – AskOmDch</title>
    <meta name="robots" content="max-image-preview:large, noindex, follow"/>
    <link id="astra-theme-css-css" rel="stylesheet" href="https://askomdch.com/wp-content/themes/astra/assets/css/minified/frontend.min.css?ver=3.7.5" media="all"/>
    <style id="astra-theme-css-inline-css">
html{font-size:93.75%;}a,.page-title{color:#4e4e4e;}a:hover,a:focus{color:#0084d6;}body,button,input,select,textarea,.ast-button,.ast-custom-button{font-family:'Lato',sans-serif;font-weight:400;font-size:15px;font-size:1rem;}blockquote{color:#000000;}h1,.entry-content h1,.entry-content h1 a,h2,.entry-content h2,.entry-content h2 a,h3,.entry-content h3,.entry-content h3 a,h4,.entry-content h4,.entry-content h4 a,h5,.entry-content h5,.entry-content h5 a,h6,.entry-content h6,.entry-content h6 a,.site-title,.site-title a{font-family:'Lato',sans-serif;font-weight:700;}.site-title{font-size:35px;font-size:2.3333333333333rem;display:block;}header .custom-logo-link img{max-width:140px;}.astra-logo-svg{width:140px;}.ast-archive-description .ast-archive-title{font-size:40px;font-size:2.6666666666667rem;}.site-header .site-description{font-size:15px;font-size:1rem;display:none;}.entry-title{font-size:30px;font-size:2rem;}h1,.entry-content h1,.entry-content h1 a{font-size:58px;font-size:3.8666666666667rem;font-family:'Lato',sans-serif;}h2,.entry-content h2,.entry-content h2 a{font-size:42px;font-size:2.8rem;font-family:'Lato',sans-serif;}h3,.entry-content h3,.entry-content h3 a{font-size:30px;font-size:2rem;font-family:'Lato',sans-serif;}h4,.entry-content h4,.entry-content h4 a{font-size:20px;font-size:1.3333333333333rem;font-family:'Lato',sans-serif;}h5,.entry-content h5,.entry-content h5 a{font-size:18px;font-size:1.2rem;font-family:'Lato',sans-serif;}h6,.entry-content h6,.entry-content h6 a{font-size:15px;font-size:1rem;font-family:'Lato',sans-serif;}.ast-single-post .entry-title,.page-title{font-size:30px;font-size:2rem;}::selection{background-color:#54595f;color:#ffffff;}body,h1,.entry-title a,.entry-content h1,.entry-content h1 a,h2,.entry-content h2,.entry-content h2 a,h3,.entry-content h3,.entry-content h3 a,h4,.entry-content h4,.entry-content h4 a,h5,.entry-content h5,.entry-content h5 a,h6,.entry-content h6,.entry-content h6 a{color:#333333;}.tagcloud a:hover,.tagcloud a:focus,.tagcloud a.current-item{color:#ffffff;border-color:#4e4e4e;background-color:#4e4e4e;}input:focus,input[type="text"]:focus,input[type="email"]:focus,input[type="url"]:focus,input[type="password"]:focus,input[type="reset"]:focus,input[type="search"]:focus,textarea:focus{border-color:#4e4e4e;}input[type="radio"]:checked,input[type=reset],input[type="checkbox"]:checked,input[type="checkbox"]:hover:checked,input[type="checkbox"]:focus:checked,input[type=range]::-webkit-slider-thumb{border-color:#4e4e4e;background-color:#4e4e4e;box-shadow:none;}.site-footer a:hover + .post-count,.site-footer a:focus + .post-count{background:#4e4e4e;border-color:#4e4e4e;}.single .nav-links .nav-previous,.single .nav-links .nav-next{color:#4e4e4e;}.entry-meta,.entry-meta *{line-height:1.45;color:#4e4e4e;}.entry-meta a:hover,.entry-meta a:hover *,.entry-meta a:focus,.entry-meta a:focus *,.page-links &gt; .page-link,.page-links .page-link:hover,.post-navigation a:hover{color:#0084d6;}#cat option,.secondary .calendar_wrap thead a,.secondary .calendar_wrap thead a:visited{color:#4e4e4e;}.secondary .calendar_wrap #today,.ast-progress-val span{background:#4e4e4e;}.secondary a:hover + .post-count,.secondary a:focus + .post-count{background:#4e4e4e;border-color:#4e4e4e;}.calendar_wrap #today &gt; a{color:#ffffff;}.page-links .page-link,.single .post-navigation a{color:#4e4e4e;}.widget-title{font-size:21px;font-size:1.4rem;color:#333333;}@media (max-width:921px){#ast-desktop-header{display:none;}}@media (min-width:921px){#ast-mobile-header{display:none;}}.ast-site-header-cart .cart-container,.ast-edd-site-header-cart .ast-edd-cart-container {transition: all 0.2s linear;}.ast-site-header-cart .ast-woo-header-cart-info-wrap,.ast-edd-site-header-cart .ast-edd-header-cart-info-wrap {padding: 0 2px;font-weight: 600;line-height: 2.7;display: inline-block;}.ast-site-header-cart i.astra-icon {font-size: 20px;font-size: 1.3em;font-style: normal;font-weight: normal;position: relative;padding: 0 2px;}.ast-site-header-cart i.astra-icon.no-cart-total:after,.ast-header-break-point.ast-header-custom-item-outside .ast-edd-header-cart-info-wrap,.ast-header-break-point.ast-header-custom-item-outside .ast-woo-header-cart-info-wrap {display: none;}.ast-site-header-cart.ast-menu-cart-fill i.astra-icon,.ast-edd-site-header-cart.ast-edd-menu-cart-fill span.astra-icon {font-size: 1.1em;}.astra-cart-drawer {position: fixed;display: block;visibility: hidden;overflow: auto;-webkit-overflow-scrolling: touch;z-index: 9999;background-color: #fff;transition: all 0.5s ease;transform: translate3d(0,0,0);}.astra-cart-drawer.open-right {width: 80%;height: 100%;left: 100%;top: 0px;transform: translate3d(0%,0,0);}.astra-cart-drawer.active {transform: translate3d(-100%,0,0);visibility: visible;}.astra-cart-drawer .astra-cart-drawer-header {text-align: center;text-transform: uppercase;font-weight: 400;border-bottom: 1px solid #f0f0f0;padding: 0 0 0.675rem;}.astra-cart-drawer .astra-cart-drawer-close .ast-close-svg {width: 22px;height: 22px; }.astra-cart-drawer .astra-cart-drawer-title {padding-top: 5px;}.astra-cart-drawer .astra-cart-drawer-content .woocommerce-mini-cart {padding: 1em 1.5em;}.astra-cart-drawer .astra-cart-drawer-content .woocommerce-mini-cart a.remove {width: 20px;height: 20px;line-height: 16px;}.astra-cart-drawer .astra-cart-drawer-content .woocommerce-mini-cart__total {padding: 1em 1.5em;margin: 0;text-align: center;}.astra-cart-drawer .astra-cart-drawer-content .woocommerce-mini-cart__buttons {padding: 10px;text-align: center;} .astra-cart-drawer .astra-cart-drawer-content .woocommerce-mini-cart__buttons .button.checkout {margin-right: 0;}.astra-cart-drawer .astra-cart-drawer-content .edd-cart-item {padding: .5em 2.6em .5em 1.5em;}.astra-cart-drawer .astra-cart-drawer-content .edd-cart-item .edd-remove-from-cart::after {width: 20px;height: 20px;line-height: 16px;}.astra-cart-drawer .astra-cart-drawer-content .edd-cart-number-of-items {padding: 1em 1.5em 1em 1.5em;margin-bottom: 0;text-align: center;}.astra-cart-drawer .astra-cart-drawer-content .edd_total {padding: .5em 1.5em;margin: 0;text-align: center;}.astra-cart-drawer .astra-cart-drawer-content .cart_item.edd_checkout {padding: 1em 1.5em 0;text-align: center;margin-top: 0;}.astra-cart-drawer .woocommerce-mini-cart__empty-message,.astra-cart-drawer .cart_item.empty {text-align: center;margin-top: 10px;}body.admin-bar .astra-cart-drawer {padding-top: 32px;}body.admin-bar .astra-cart-drawer .astra-cart-drawer-close {top: 32px;}@media (max-width: 782px) {body.admin-bar .astra-cart-drawer {padding-top: 46px;}body.admin-bar .astra-cart-drawer .astra-cart-drawer-close {top: 46px;}}.ast-mobile-cart-active body.ast-hfb-header {overflow: hidden;}.ast-mobile-cart-active .astra-mobile-cart-overlay {opacity: 1;cursor: pointer;visibility: visible;z-index: 999;}@media (max-width: 545px) {.astra-cart-drawer.active {width: 100%;}}.ast-site-header-cart i.astra-icon:after {content: attr(data-cart-total);position: absolute;font-style: normal;top: -10px;right: -12px;font-weight: bold;box-shadow: 1px 1px 3px 0px rgba(0,0,0,0.3);font-size: 11px;padding-left: 0px;padding-right: 2px;line-height: 17px;letter-spacing: -.5px;height: 18px;min-width: 18px;border-radius: 99px;text-align: center;z-index: 3;}li.woocommerce-custom-menu-item .ast-site-header-cart i.astra-icon:after,li.edd-custom-menu-item .ast-edd-site-header-cart span.astra-icon:after {padding-left: 2px;}.astra-cart-drawer .astra-cart-drawer-close {position: absolute;top: 0;right: 0;margin: 0;padding: .6em 1em .4em;color: #ababab;background-color: transparent;}.astra-mobile-cart-overlay {background-color: rgba(0,0,0,0.4);position: fixed;top: 0;right: 0;bottom: 0;left: 0;visibility: hidden;opacity: 0;transition: opacity 0.2s ease-in-out;}.astra-cart-drawer .astra-cart-drawer-content .edd-cart-item .edd-remove-from-cart {right: 1.2em;}.ast-header-break-point.ast-woocommerce-cart-menu.ast-hfb-header .ast-cart-menu-wrap,.ast-header-break-point.ast-hfb-header .ast-cart-menu-wrap,.ast-header-break-point .ast-edd-site-header-cart-wrap .ast-edd-cart-menu-wrap {width: 2em;height: 2em;font-size: 1.4em;line-height: 2;vertical-align: middle;text-align: right;}.ast-site-header-cart.ast-menu-cart-outline .ast-cart-menu-wrap,.ast-site-header-cart.ast-menu-cart-fill .ast-cart-menu-wrap,.ast-edd-site-header-cart.ast-edd-menu-cart-outline .ast-edd-cart-menu-wrap,.ast-edd-site-header-cart.ast-edd-menu-cart-fill .ast-edd-cart-menu-wrap {line-height: 1.8;}.ast-site-header-cart .cart-container *,.ast-edd-site-header-cart .ast-edd-cart-container * {transition: all 0s linear;}.wp-block-buttons.aligncenter{justify-content:center;}@media (min-width:1200px){.wp-block-group .has-background{padding:20px;}}@media (min-width:1200px){.ast-no-sidebar.ast-separate-container .entry-content .wp-block-group.alignwide,.ast-no-sidebar.ast-separate-container .entry-content .wp-block-cover.alignwide{margin-left:-20px;margin-right:-20px;padding-left:20px;padding-right:20px;}.ast-no-sidebar.ast-separate-container .entry-content .wp-block-cover.alignfull,.ast-no-sidebar.ast-separate-container .entry-content .wp-block-group.alignfull{margin-left:-6.67em;margin-right:-6.67em;padding-left:6.67em;padding-right:6.67em;}}@media (min-width:1200px){.wp-block-cover-image.alignwide .wp-block-cover__inner-container,.wp-block-cover.alignwide .wp-block-cover__inner-container,.wp-block-cover-image.alignfull .wp-block-cover__inner-container,.wp-block-cover.alignfull .wp-block-cover__inner-container{width:100%;}}.ast-plain-container.ast-no-sidebar #primary{margin-top:0;margin-bottom:0;}@media (max-width:921px){.ast-theme-transparent-header #primary,.ast-theme-transparent-header #secondary{padding:0;}}.wp-block-columns{margin-bottom:unset;}.wp-block-image.size-full{margin:2rem 0;}.wp-block-separator.has-background{padding:0;}.wp-block-gallery{margin-bottom:1.6em;}.wp-block-group{padding-top:4em;padding-bottom:4em;}.wp-block-group__inner-container .wp-block-columns:last-child,.wp-block-group__inner-container :last-child,.wp-block-table table{margin-bottom:0;}.blocks-gallery-grid{width:100%;}.wp-block-navigation-link__content{padding:5px 0;}.wp-block-group .wp-block-group .has-text-align-center,.wp-block-group .wp-block-column .has-text-align-center{max-width:100%;}.has-text-align-center{margin:0 auto;}@media (min-width:1200px){.wp-block-cover__inner-container,.alignwide .wp-block-group__inner-container,.alignfull .wp-block-group__inner-container{max-width:1200px;margin:0 auto;}.wp-block-group.alignnone,.wp-block-group.aligncenter,.wp-block-group.alignleft,.wp-block-group.alignright,.wp-block-group.alignwide,.wp-block-columns.alignwide{margin:2rem 0 1rem 0;}}@media (max-width:1200px){.wp-block-group{padding:3em;}.wp-block-group .wp-block-group{padding:1.5em;}.wp-block-columns,.wp-block-column{margin:1rem 0;}}@media (min-width:921px){.wp-block-columns .wp-block-group{padding:2em;}}@media (max-width:544px){.wp-block-cover-image .wp-block-cover__inner-container,.wp-block-cover .wp-block-cover__inner-container{width:unset;}.wp-block-cover,.wp-block-cover-image{padding:2em 0;}.wp-block-group,.wp-block-cover{padding:2em;}.wp-block-media-text__media img,.wp-block-media-text__media video{width:unset;max-width:100%;}.wp-block-media-text.has-background .wp-block-media-text__content{padding:1em;}}@media (max-width:921px){.ast-plain-container.ast-no-sidebar #primary{padding:0;}}@media (min-width:544px){.entry-content .wp-block-media-text.has-media-on-the-right .wp-block-media-text__content{padding:0 8% 0 0;}.entry-content .wp-block-media-text .wp-block-media-text__content{padding:0 0 0 8%;}.ast-plain-container .site-content .entry-content .has-custom-content-position.is-position-bottom-left &gt; *,.ast-plain-container .site-content .entry-content .has-custom-content-position.is-position-bottom-right &gt; *,.ast-plain-container .site-content .entry-content .has-custom-content-position.is-position-top-left &gt; *,.ast-plain-container .site-content .entry-content .has-custom-content-position.is-position-top-right &gt; *,.ast-plain-container .site-content .entry-content .has-custom-content-position.is-position-center-right &gt; *,.ast-plain-container .site-content .entry-content .has-custom-content-position.is-position-center-left &gt; *{margin:0;}}@media (max-width:544px){.entry-content .wp-block-media-text .wp-block-media-text__content{padding:8% 0;}.wp-block-media-text .wp-block-media-text__media img{width:auto;max-width:100%;}}@media (max-width:921px){.ast-separate-container .ast-article-post,.ast-separate-container .ast-article-single{padding:1.5em 2.14em;}.ast-separate-container #primary,.ast-separate-container #secondary{padding:1.5em 0;}#primary,#secondary{padding:1.5em 0;margin:0;}.ast-left-sidebar #content &gt; .ast-container{display:flex;flex-direction:column-reverse;width:100%;}.ast-author-box img.avatar{margin:20px 0 0 0;}}@media (min-width:922px){.ast-separate-container.ast-right-sidebar #primary,.ast-separate-container.ast-left-sidebar #primary{border:0;}.search-no-results.ast-separate-container #primary{margin-bottom:4em;}}.elementor-button-wrapper .elementor-button{border-style:solid;text-decoration:none;border-top-width:0;border-right-width:0;border-left-width:0;border-bottom-width:0;}body .elementor-button.elementor-size-sm,body .elementor-button.elementor-size-xs,body .elementor-button.elementor-size-md,body .elementor-button.elementor-size-lg,body .elementor-button.elementor-size-xl,body .elementor-button{border-radius:0;padding-top:17px;padding-right:30px;padding-bottom:17px;padding-left:30px;}.elementor-button-wrapper .elementor-button{border-color:#3197d6;background-color:#3197d6;}.elementor-button-wrapper .elementor-button:hover,.elementor-button-wrapper .elementor-button:focus{color:#ffffff;background-color:#0084d6;border-color:#0084d6;}.wp-block-button .wp-block-button__link ,.elementor-button-wrapper .elementor-button,.elementor-button-wrapper .elementor-button:visited{color:#ffffff;}.elementor-button-wrapper .elementor-button{font-family:inherit;font-weight:inherit;line-height:1;text-transform:uppercase;letter-spacing:1px;}body .elementor-button.elementor-size-sm,body .elementor-button.elementor-size-xs,body .elementor-button.elementor-size-md,body .elementor-button.elementor-size-lg,body .elementor-button.elementor-size-xl,body .elementor-button{font-size:15px;font-size:1rem;}.wp-block-button .wp-block-button__link:hover,.wp-block-button .wp-block-button__link:focus{color:#ffffff;background-color:#0084d6;border-color:#0084d6;}.wp-block-button .wp-block-button__link{border-style:solid;border-top-width:0;border-right-width:0;border-left-width:0;border-bottom-width:0;border-color:#3197d6;background-color:#3197d6;color:#ffffff;font-family:inherit;font-weight:inherit;line-height:1;text-transform:uppercase;letter-spacing:1px;font-size:15px;font-size:1rem;border-radius:0;}.wp-block-buttons .wp-block-button .wp-block-button__link{padding-top:17px;padding-right:30px;padding-bottom:17px;padding-left:30px;}.menu-toggle,button,.ast-button,.ast-custom-button,.button,input#submit,input[type="button"],input[type="submit"],input[type="reset"]{border-style:solid;border-top-width:0;border-right-width:0;border-left-width:0;border-bottom-width:0;color:#ffffff;border-color:#3197d6;background-color:#3197d6;border-radius:0;padding-top:17px;padding-right:30px;padding-bottom:17px;padding-left:30px;font-family:inherit;font-weight:inherit;font-size:15px;font-size:1rem;line-height:1;text-transform:uppercase;letter-spacing:1px;}button:focus,.menu-toggle:hover,button:hover,.ast-button:hover,.ast-custom-button:hover .button:hover,.ast-custom-button:hover ,input[type=reset]:hover,input[type=reset]:focus,input#submit:hover,input#submit:focus,input[type="button"]:hover,input[type="button"]:focus,input[type="submit"]:hover,input[type="submit"]:focus{color:#ffffff;background-color:#0084d6;border-color:#0084d6;}@media (min-width:544px){.ast-container{max-width:100%;}}@media (max-width:544px){.ast-separate-container .ast-article-post,.ast-separate-container .ast-article-single,.ast-separate-container .comments-title,.ast-separate-container .ast-archive-description{padding:1.5em 1em;}.ast-separate-container #content .ast-container{padding-left:0.54em;padding-right:0.54em;}.ast-separate-container .ast-comment-list li.depth-1{padding:1.5em 1em;margin-bottom:1.5em;}.ast-separate-container .ast-comment-list .bypostauthor{padding:.5em;}.ast-search-menu-icon.ast-dropdown-active .search-field{width:170px;}}@media (max-width:921px){.ast-mobile-header-stack .main-header-bar .ast-search-menu-icon{display:inline-block;}.ast-header-break-point.ast-header-custom-item-outside .ast-mobile-header-stack .main-header-bar .ast-search-icon{margin:0;}.ast-comment-avatar-wrap img{max-width:2.5em;}.ast-separate-container .ast-comment-list li.depth-1{padding:1.5em 2.14em;}.ast-separate-container .comment-respond{padding:2em 2.14em;}.ast-comment-meta{padding:0 1.8888em 1.3333em;}}body,.ast-separate-container{background-color:#f9f9f9;;}.ast-no-sidebar.ast-separate-container .entry-content .alignfull {margin-left: -6.67em;margin-right: -6.67em;width: auto;}@media (max-width: 1200px) {.ast-no-sidebar.ast-separate-container .entry-content .alignfull {margin-left: -2.4em;margin-right: -2.4em;}}@media (max-width: 768px) {.ast-no-sidebar.ast-separate-container .entry-content .alignfull {margin-left: -2.14em;margin-right: -2.14em;}}@media (max-width: 544px) {.ast-no-sidebar.ast-separate-container .entry-content .alignfull {margin-left: -1em;margin-right: -1em;}}.ast-no-sidebar.ast-separate-container .entry-content .alignwide {margin-left: -20px;margin-right: -20px;}.ast-no-sidebar.ast-separate-container .entry-content .wp-block-column .alignfull,.ast-no-sidebar.ast-separate-container .entry-content .wp-block-column .alignwide {margin-left: auto;margin-right: auto;width: 100%;}@media (max-width:921px){.site-title{display:block;}.ast-archive-description .ast-archive-title{font-size:40px;}.site-header .site-description{display:none;}.entry-title{font-size:30px;}h1,.entry-content h1,.entry-content h1 a{font-size:30px;}h2,.entry-content h2,.entry-content h2 a{font-size:25px;}h3,.entry-content h3,.entry-content h3 a{font-size:20px;}.ast-single-post .entry-title,.page-title{font-size:30px;}.astra-logo-svg{width:120px;}header .custom-logo-link img,.ast-header-break-point .site-logo-img .custom-mobile-logo-link img{max-width:120px;}}@media (max-width:544px){.site-title{display:block;}.ast-archive-description .ast-archive-title{font-size:40px;}.site-header .site-description{display:none;}.entry-title{font-size:30px;}h1,.entry-content h1,.entry-content h1 a{font-size:30px;}h2,.entry-content h2,.entry-content h2 a{font-size:25px;}h3,.entry-content h3,.entry-content h3 a{font-size:20px;}.ast-single-post .entry-title,.page-title{font-size:30px;}header .custom-logo-link img,.ast-header-break-point .site-branding img,.ast-header-break-point .custom-logo-link img{max-width:120px;}.astra-logo-svg{width:120px;}.ast-header-break-point .site-logo-img .custom-mobile-logo-link img{max-width:120px;}}@media (max-width:921px){html{font-size:85.5%;}}@media (max-width:544px){html{font-size:85.5%;}}@media (min-width:922px){.ast-container{max-width:1240px;}}@font-face {font-family: "Astra";src: url(https://askomdch.com/wp-content/themes/astra/assets/fonts/astra.woff) format("woff"),url(https://askomdch.com/wp-content/themes/astra/assets/fonts/astra.ttf) format("truetype"),url(https://askomdch.com/wp-content/themes/astra/assets/fonts/astra.svg#astra) format("svg");font-weight: normal;font-style: normal;font-display: fallback;}@media (min-width:922px){.main-header-menu .sub-menu .menu-item.ast-left-align-sub-menu:hover &gt; .sub-menu,.main-header-menu .sub-menu .menu-item.ast-left-align-sub-menu.focus &gt; .sub-menu{margin-left:-2px;}}.ast-theme-transparent-header [data-section="section-header-mobile-trigger"] .ast-button-wrap .ast-mobile-menu-trigger-minimal{background:transparent;}.footer-widget-area[data-section^="section-fb-html-"] .ast-builder-html-element{text-align:center;}.astra-icon-down_arrow::after {content: "\e900";font-family: Astra;}.astra-icon-close::after {content: "\e5cd";font-family: Astra;}.astra-icon-drag_handle::after {content: "\e25d";font-family: Astra;}.astra-icon-format_align_justify::after {content: "\e235";font-family: Astra;}.astra-icon-menu::after {content: "\e5d2";font-family: Astra;}.astra-icon-reorder::after {content: "\e8fe";font-family: Astra;}.astra-icon-search::after {content: "\e8b6";font-family: Astra;}.astra-icon-zoom_in::after {content: "\e56b";font-family: Astra;}.astra-icon-check-circle::after {content: "\e901";font-family: Astra;}.astra-icon-shopping-cart::after {content: "\f07a";font-family: Astra;}.astra-icon-shopping-bag::after {content: "\f290";font-family: Astra;}.astra-icon-shopping-basket::after {content: "\f291";font-family: Astra;}.astra-icon-circle-o::after {content: "\e903";font-family: Astra;}.astra-icon-certificate::after {content: "\e902";font-family: Astra;}blockquote {padding: 1.2em;}.ast-header-break-point .ast-mobile-header-wrap .ast-above-header-wrap .main-header-bar-navigation .inline-on-mobile .menu-item .menu-link,.ast-header-break-point .ast-mobile-header-wrap .ast-main-header-wrap .main-header-bar-navigation .inline-on-mobile .menu-item .menu-link,.ast-header-break-point .ast-mobile-header-wrap .ast-below-header-wrap .main-header-bar-navigation .inline-on-mobile .menu-item .menu-link {border: none;}.ast-header-break-point .ast-mobile-header-wrap .ast-above-header-wrap .main-header-bar-navigation .inline-on-mobile .menu-item-has-children &gt; .ast-menu-toggle::before,.ast-header-break-point .ast-mobile-header-wrap .ast-main-header-wrap .main-header-bar-navigation .inline-on-mobile .menu-item-has-children &gt; .ast-menu-toggle::before,.ast-header-break-point .ast-mobile-header-wrap .ast-below-header-wrap .main-header-bar-navigation .inline-on-mobile .menu-item-has-children &gt; .ast-menu-toggle::before {font-size: .6rem;}.ast-header-break-point .ast-mobile-header-wrap .ast-flex.inline-on-mobile {flex-wrap: unset;}.ast-header-break-point .ast-mobile-header-wrap .ast-flex.inline-on-mobile .menu-item.ast-submenu-expanded &gt; .sub-menu .menu-link {padding: .1em 1em;}.ast-header-break-point .ast-mobile-header-wrap .ast-flex.inline-on-mobile .menu-item.ast-submenu-expanded &gt; .sub-menu &gt; .menu-item .ast-menu-toggle::before {transform: rotate(-90deg);}.ast-header-break-point .ast-mobile-header-wrap .ast-flex.inline-on-mobile .menu-item.ast-submenu-expanded &gt; .sub-menu &gt; .menu-item.ast-submenu-expanded .ast-menu-toggle::before {transform: rotate(-270deg);}.ast-header-break-point .ast-mobile-header-wrap .ast-flex.inline-on-mobile .menu-item &gt; .sub-menu &gt; .menu-item .menu-link:before {content: none;}.ast-header-break-point .ast-mobile-header-wrap .ast-flex.inline-on-mobile {flex-wrap: unset;}.ast-header-break-point .ast-mobile-header-wrap .ast-flex.inline-on-mobile .menu-item.ast-submenu-expanded &gt; .sub-menu .menu-link {padding: .1em 1em;}.ast-header-break-point .ast-mobile-header-wrap .ast-flex.inline-on-mobile .menu-item.ast-submenu-expanded &gt; .sub-menu &gt; .menu-item .ast-menu-toggle::before {transform: rotate(-90deg);}.ast-header-break-point .ast-mobile-header-wrap .ast-flex.inline-on-mobile .menu-item.ast-submenu-expanded &gt; .sub-menu &gt; .menu-item.ast-submenu-expanded .ast-menu-toggle::before {transform: rotate(-270deg);}.ast-header-break-point .ast-mobile-header-wrap .ast-flex.inline-on-mobile .menu-item &gt; .sub-menu &gt; .menu-item .menu-link:before {content: none;}.ast-header-break-point .inline-on-mobile .sub-menu {width: 150px;}.ast-header-break-point .ast-mobile-header-wrap .ast-flex.inline-on-mobile .menu-item.menu-item-has-children {margin-right: 10px;}.ast-header-break-point .ast-mobile-header-wrap .ast-flex.inline-on-mobile .menu-item.ast-submenu-expanded &gt; .sub-menu {display: block;position: absolute;right: auto;left: 0;}.ast-header-break-point .ast-mobile-header-wrap .ast-flex.inline-on-mobile .menu-item.ast-submenu-expanded &gt; .sub-menu .menu-item .ast-menu-toggle {padding: 0;right: 1em;}.ast-header-break-point .ast-mobile-header-wrap .ast-flex.inline-on-mobile .menu-item.ast-submenu-expanded &gt; .sub-menu &gt; .menu-item &gt; .sub-menu {left: 100%;right: auto;}.ast-header-break-point .ast-mobile-header-wrap .ast-flex.inline-on-mobile .ast-menu-toggle {right: -15px;}.ast-header-break-point .ast-mobile-header-wrap .ast-flex.inline-on-mobile .menu-item.menu-item-has-children {margin-right: 10px;}.ast-header-break-point .ast-mobile-header-wrap .ast-flex.inline-on-mobile .menu-item.ast-submenu-expanded &gt; .sub-menu {display: block;position: absolute;right: auto;left: 0;}.ast-header-break-point .ast-mobile-header-wrap .ast-flex.inline-on-mobile .menu-item.ast-submenu-expanded &gt; .sub-menu &gt; .menu-item &gt; .sub-menu {left: 100%;right: auto;}.ast-header-break-point .ast-mobile-header-wrap .ast-flex.inline-on-mobile .ast-menu-toggle {right: -15px;}:root .has-ast-global-color-0-color{color:var(--ast-global-color-0);}:root .has-ast-global-color-0-background-color{background-color:var(--ast-global-color-0);}:root .wp-block-button .has-ast-global-color-0-color{color:var(--ast-global-color-0);}:root .wp-block-button .has-ast-global-color-0-background-color{background-color:var(--ast-global-color-0);}:root .has-ast-global-color-1-color{color:var(--ast-global-color-1);}:root .has-ast-global-color-1-background-color{background-color:var(--ast-global-color-1);}:root .wp-block-button .has-ast-global-color-1-color{color:var(--ast-global-color-1);}:root .wp-block-button .has-ast-global-color-1-background-color{background-color:var(--ast-global-color-1);}:root .has-ast-global-color-2-color{color:var(--ast-global-color-2);}:root .has-ast-global-color-2-background-color{background-color:var(--ast-global-color-2);}:root .wp-block-button .has-ast-global-color-2-color{color:var(--ast-global-color-2);}:root .wp-block-button .has-ast-global-color-2-background-color{background-color:var(--ast-global-color-2);}:root .has-ast-global-color-3-color{color:var(--ast-global-color-3);}:root .has-ast-global-color-3-background-color{background-color:var(--ast-global-color-3);}:root .wp-block-button .has-ast-global-color-3-color{color:var(--ast-global-color-3);}:root .wp-block-button .has-ast-global-color-3-background-color{background-color:var(--ast-global-color-3);}:root .has-ast-global-color-4-color{color:var(--ast-global-color-4);}:root .has-ast-global-color-4-background-color{background-color:var(--ast-global-color-4);}:root .wp-block-button .has-ast-global-color-4-color{color:var(--ast-global-color-4);}:root .wp-block-button .has-ast-global-color-4-background-color{background-color:var(--ast-global-color-4);}:root .has-ast-global-color-5-color{color:var(--ast-global-color-5);}:root .has-ast-global-color-5-background-color{background-color:var(--ast-global-color-5);}:root .wp-block-button .has-ast-global-color-5-color{color:var(--ast-global-color-5);}:root .wp-block-button .has-ast-global-color-5-background-color{background-color:var(--ast-global-color-5);}:root .has-ast-global-color-6-color{color:var(--ast-global-color-6);}:root .has-ast-global-color-6-background-color{background-color:var(--ast-global-color-6);}:root .wp-block-button .has-ast-global-color-6-color{color:var(--ast-global-color-6);}:root .wp-block-button .has-ast-global-color-6-background-color{background-color:var(--ast-global-color-6);}:root .has-ast-global-color-7-color{color:var(--ast-global-color-7);}:root .has-ast-global-color-7-background-color{background-color:var(--ast-global-color-7);}:root .wp-block-button .has-ast-global-color-7-color{color:var(--ast-global-color-7);}:root .wp-block-button .has-ast-global-color-7-background-color{background-color:var(--ast-global-color-7);}:root .has-ast-global-color-8-color{color:var(--ast-global-color-8);}:root .has-ast-global-color-8-background-color{background-color:var(--ast-global-color-8);}:root .wp-block-button .has-ast-global-color-8-color{color:var(--ast-global-color-8);}:root .wp-block-button .has-ast-global-color-8-background-color{background-color:var(--ast-global-color-8);}:root{--ast-global-color-0:#0170B9;--ast-global-color-1:#3a3a3a;--ast-global-color-2:#3a3a3a;--ast-global-color-3:#4B4F58;--ast-global-color-4:#F5F5F5;--ast-global-color-5:#FFFFFF;--ast-global-color-6:#F2F5F7;--ast-global-color-7:#424242;--ast-global-color-8:#000000;}.ast-theme-transparent-header #masthead .site-logo-img .transparent-custom-logo .astra-logo-svg{width:140px;}.ast-theme-transparent-header #masthead .site-logo-img .transparent-custom-logo img{ max-width:140px;}@media (min-width:921px){.ast-theme-transparent-header #masthead{position:absolute;left:0;right:0;}.ast-theme-transparent-header .main-header-bar,.ast-theme-transparent-header.ast-header-break-point .main-header-bar{background:none;}body.elementor-editor-active.ast-theme-transparent-header #masthead,.fl-builder-edit .ast-theme-transparent-header #masthead,body.vc_editor.ast-theme-transparent-header #masthead,body.brz-ed.ast-theme-transparent-header #masthead{z-index:0;}.ast-header-break-point.ast-replace-site-logo-transparent.ast-theme-transparent-header .custom-mobile-logo-link{display:none;}.ast-header-break-point.ast-replace-site-logo-transparent.ast-theme-transparent-header .transparent-custom-logo{display:inline-block;}.ast-theme-transparent-header .ast-above-header,.ast-theme-transparent-header .ast-above-header.ast-above-header-bar{background-image:none;background-color:transparent;}.ast-theme-transparent-header .ast-below-header{background-image:none;background-color:transparent;}}@media (min-width:922px){.ast-theme-transparent-header .main-header-bar,.ast-theme-transparent-header.ast-header-break-point .main-header-bar-wrap .main-header-menu,.ast-theme-transparent-header.ast-header-break-point .main-header-bar-wrap .main-header-bar,.ast-theme-transparent-header.ast-header-break-point .ast-mobile-header-wrap .main-header-bar{background-color:rgba(0,0,0,0.07);}.ast-theme-transparent-header .main-header-bar .ast-search-menu-icon form{background-color:rgba(0,0,0,0.07);}.ast-theme-transparent-header .ast-above-header,.ast-theme-transparent-header .ast-above-header.ast-above-header-bar,.ast-theme-transparent-header .ast-below-header,.ast-header-break-point.ast-theme-transparent-header .ast-above-header,.ast-header-break-point.ast-theme-transparent-header .ast-below-header{background-color:rgba(0,0,0,0.07);}.ast-theme-transparent-header .site-title a,.ast-theme-transparent-header .site-title a:focus,.ast-theme-transparent-header .site-title a:hover,.ast-theme-transparent-header .site-title a:visited{color:#ffffff;}.ast-theme-transparent-header .site-header .site-description{color:#ffffff;}.ast-theme-transparent-header .ast-builder-menu .main-header-menu .menu-item .sub-menu .menu-item .menu-link,.ast-theme-transparent-header .ast-builder-menu .main-header-menu .menu-item .sub-menu .menu-item &gt; .ast-menu-toggle,.ast-theme-transparent-header .main-header-menu .menu-item .sub-menu .menu-link,.ast-header-break-point.ast-flyout-menu-enable.ast-header-break-point .main-header-bar-navigation .main-header-menu .menu-item .sub-menu .menu-link{color:#333333;}.ast-theme-transparent-header .ast-builder-menu .main-header-menu .menu-item .sub-menu .menu-link:hover,.ast-theme-transparent-header .ast-builder-menu .main-header-menu .menu-item .sub-menu .menu-item:hover &gt; .menu-link,.ast-theme-transparent-header .ast-builder-menu .main-header-menu .menu-item .sub-menu .menu-item.focus &gt; .menu-item,.ast-theme-transparent-header .ast-builder-menu .main-header-menu .menu-item .sub-menu .menu-item.current-menu-item &gt; .menu-link,.ast-theme-transparent-header .ast-builder-menu .main-header-menu .menu-item .sub-menu .menu-item.current-menu-item &gt; .ast-menu-toggle,.ast-theme-transparent-header .ast-builder-menu .main-header-menu .menu-item .sub-menu .menu-item:hover &gt; .ast-menu-toggle,.ast-theme-transparent-header .ast-builder-menu .main-header-menu .menu-item .sub-menu .menu-item.focus &gt; .ast-menu-toggle,.ast-theme-transparent-header .main-header-menu .menu-item .sub-menu .menu-item:hover &gt; .menu-link,.ast-header-break-point.ast-flyout-menu-enable.ast-header-break-point .main-header-bar-navigation .main-header-menu .menu-item .sub-menu .menu-link{color:#000000;}.ast-theme-transparent-header .ast-builder-menu .main-header-menu,.ast-theme-transparent-header .ast-builder-menu .main-header-menu .menu-link,.ast-theme-transparent-header [CLASS*="ast-builder-menu-"] .main-header-menu .menu-item &gt; .menu-link,.ast-theme-transparent-header .ast-masthead-custom-menu-items,.ast-theme-transparent-header .ast-masthead-custom-menu-items a,.ast-theme-transparent-header .ast-builder-menu .main-header-menu .menu-item &gt; .ast-menu-toggle,.ast-theme-transparent-header .ast-builder-menu .main-header-menu .menu-item &gt; .ast-menu-toggle,.ast-theme-transparent-header .ast-above-header-navigation a,.ast-header-break-point.ast-theme-transparent-header .ast-above-header-navigation a,.ast-header-break-point.ast-theme-transparent-header .ast-above-header-navigation &gt; ul.ast-above-header-menu &gt; .menu-item-has-children:not(.current-menu-item) &gt; .ast-menu-toggle,.ast-theme-transparent-header .ast-below-header-menu,.ast-theme-transparent-header .ast-below-header-menu a,.ast-header-break-point.ast-theme-transparent-header .ast-below-header-menu a,.ast-header-break-point.ast-theme-transparent-header .ast-below-header-menu,.ast-theme-transparent-header .main-header-menu .menu-link{color:#cecece;}.ast-theme-transparent-header .ast-builder-menu .main-header-menu .menu-item:hover &gt; .menu-link,.ast-theme-transparent-header .ast-builder-menu .main-header-menu .menu-item:hover &gt; .ast-menu-toggle,.ast-theme-transparent-header .ast-builder-menu .main-header-menu .ast-masthead-custom-menu-items a:hover,.ast-theme-transparent-header .ast-builder-menu .main-header-menu .focus &gt; .menu-link,.ast-theme-transparent-header .ast-builder-menu .main-header-menu .focus &gt; .ast-menu-toggle,.ast-theme-transparent-header .ast-builder-menu .main-header-menu .current-menu-item &gt; .menu-link,.ast-theme-transparent-header .ast-builder-menu .main-header-menu .current-menu-ancestor &gt; .menu-link,.ast-theme-transparent-header .ast-builder-menu .main-header-menu .current-menu-item &gt; .ast-menu-toggle,.ast-theme-transparent-header .ast-builder-menu .main-header-menu .current-menu-ancestor &gt; .ast-menu-toggle,.ast-theme-transparent-header [CLASS*="ast-builder-menu-"] .main-header-menu .current-menu-item &gt; .menu-link,.ast-theme-transparent-header [CLASS*="ast-builder-menu-"] .main-header-menu .current-menu-ancestor &gt; .menu-link,.ast-theme-transparent-header [CLASS*="ast-builder-menu-"] .main-header-menu .current-menu-item &gt; .ast-menu-toggle,.ast-theme-transparent-header [CLASS*="ast-builder-menu-"] .main-header-menu .current-menu-ancestor &gt; .ast-menu-toggle,.ast-theme-transparent-header .main-header-menu .menu-item:hover &gt; .menu-link,.ast-theme-transparent-header .main-header-menu .current-menu-item &gt; .menu-link,.ast-theme-transparent-header .main-header-menu .current-menu-ancestor &gt; .menu-link{color:#ffffff;}.ast-theme-transparent-header div.ast-masthead-custom-menu-items,.ast-theme-transparent-header div.ast-masthead-custom-menu-items .widget,.ast-theme-transparent-header div.ast-masthead-custom-menu-items .widget-title,.ast-theme-transparent-header .site-header-section [CLASS*="ast-header-html-"] .ast-builder-html-element{color:#000000;}.ast-theme-transparent-header div.ast-masthead-custom-menu-items a,.ast-theme-transparent-header div.ast-masthead-custom-menu-items .widget a,.ast-theme-transparent-header .site-header-section [CLASS*="ast-header-html-"] .ast-builder-html-element a{color:#cecece;}.ast-theme-transparent-header div.ast-masthead-custom-menu-items a:hover,.ast-theme-transparent-header div.ast-masthead-custom-menu-items .widget a:hover,.ast-theme-transparent-header .site-header-section [CLASS*="ast-header-html-"] .ast-builder-html-element a:hover{color:#ffffff;}}@media (max-width:921px){.transparent-custom-logo{display:none;}}@media (min-width:921px){.ast-transparent-mobile-logo{display:none;}}@media (max-width:921px){.ast-transparent-mobile-logo{display:block;}}@media (min-width:921px){.ast-theme-transparent-header #ast-desktop-header &gt; [CLASS*="-header-wrap"]:nth-last-child(2) &gt; [CLASS*="-header-bar"]{border-bottom-width:0;border-bottom-style:solid;border-bottom-color:rgba(0,0,0,0);}}.ast-breadcrumbs .trail-browse,.ast-breadcrumbs .trail-items,.ast-breadcrumbs .trail-items li{display:inline-block;margin:0;padding:0;border:none;background:inherit;text-indent:0;}.ast-breadcrumbs .trail-browse{font-size:inherit;font-style:inherit;font-weight:inherit;color:inherit;}.ast-breadcrumbs .trail-items{list-style:none;}.trail-items li::after{padding:0 0.3em;content:"\00bb";}.trail-items li:last-of-type::after{display:none;}h1,.entry-content h1,h2,.entry-content h2,h3,.entry-content h3,h4,.entry-content h4,h5,.entry-content h5,h6,.entry-content h6{color:var(--ast-global-color-2);}@media (max-width:921px){.ast-builder-grid-row-container.ast-builder-grid-row-tablet-3-firstrow .ast-builder-grid-row &gt; *:first-child,.ast-builder-grid-row-container.ast-builder-grid-row-tablet-3-lastrow .ast-builder-grid-row &gt; *:last-child{grid-column:1 / -1;}}@media (max-width:544px){.ast-builder-grid-row-container.ast-builder-grid-row-mobile-3-firstrow .ast-builder-grid-row &gt; *:first-child,.ast-builder-grid-row-container.ast-builder-grid-row-mobile-3-lastrow .ast-builder-grid-row &gt; *:last-child{grid-column:1 / -1;}}.ast-builder-layout-element[data-section="title_tagline"]{display:flex;}@media (max-width:921px){.ast-header-break-point .ast-builder-layout-element[data-section="title_tagline"]{display:flex;}}@media (max-width:544px){.ast-header-break-point .ast-builder-layout-element[data-section="title_tagline"]{display:flex;}}.ast-builder-menu-1{font-family:inherit;font-weight:normal;}.ast-builder-menu-1 .menu-item.current-menu-item &gt; .menu-link,.ast-builder-menu-1 .inline-on-mobile .menu-item.current-menu-item &gt; .ast-menu-toggle,.ast-builder-menu-1 .current-menu-ancestor &gt; .menu-link{color:#602bb7;}.ast-builder-menu-1 .menu-item.current-menu-item &gt; .ast-menu-toggle{color:#602bb7;}.ast-builder-menu-1 .sub-menu,.ast-builder-menu-1 .inline-on-mobile .sub-menu{border-top-width:1px;border-bottom-width:1px;border-right-width:1px;border-left-width:1px;border-color:#dddddd;border-style:solid;border-radius:0;}.ast-builder-menu-1 .main-header-menu &gt; .menu-item &gt; .sub-menu,.ast-builder-menu-1 .main-header-menu &gt; .menu-item &gt; .astra-full-megamenu-wrapper{margin-top:0;}.ast-desktop .ast-builder-menu-1 .main-header-menu &gt; .menu-item &gt; .sub-menu:before,.ast-desktop .ast-builder-menu-1 .main-header-menu &gt; .menu-item &gt; .astra-full-megamenu-wrapper:before{height:calc( 0px + 5px );}.ast-desktop .ast-builder-menu-1 .menu-item .sub-menu .menu-link{border-bottom-width:1px;border-color:#eaeaea;border-style:solid;}.ast-desktop .ast-builder-menu-1 .menu-item .sub-menu .menu-item:last-child .menu-link{border-bottom-width:0;}@media (max-width:921px){.ast-header-break-point .ast-builder-menu-1 .menu-item.menu-item-has-children &gt; .ast-menu-toggle{top:0;}.ast-builder-menu-1 .menu-item-has-children &gt; .menu-link:after{content:unset;}}@media (max-width:544px){.ast-header-break-point .ast-builder-menu-1 .menu-item.menu-item-has-children &gt; .ast-menu-toggle{top:0;}}.ast-builder-menu-1{display:flex;}@media (max-width:921px){.ast-header-break-point .ast-builder-menu-1{display:flex;}}@media (max-width:544px){.ast-header-break-point .ast-builder-menu-1{display:flex;}}.ast-site-header-cart .ast-cart-menu-wrap,.ast-site-header-cart .ast-addon-cart-wrap{color:#d2d2d2;}.ast-site-header-cart .ast-cart-menu-wrap .count,.ast-site-header-cart .ast-cart-menu-wrap .count:after,.ast-site-header-cart .ast-addon-cart-wrap .count,.ast-site-header-cart .ast-addon-cart-wrap .ast-icon-shopping-cart:after{color:#d2d2d2;border-color:#d2d2d2;}.ast-site-header-cart .ast-addon-cart-wrap .ast-icon-shopping-cart:after{color:#ffffff;background-color:#d2d2d2;}.ast-site-header-cart .ast-woo-header-cart-info-wrap{color:#d2d2d2;}.ast-site-header-cart .ast-addon-cart-wrap i.astra-icon:after{color:#ffffff;background-color:#d2d2d2;}.ast-theme-transparent-header .ast-site-header-cart .ast-cart-menu-wrap,.ast-theme-transparent-header .ast-site-header-cart .ast-addon-cart-wrap{color:#d2d2d2;}.ast-theme-transparent-header .ast-site-header-cart .ast-cart-menu-wrap .count,.ast-theme-transparent-header .ast-site-header-cart .ast-cart-menu-wrap .count:after,.ast-theme-transparent-header .ast-site-header-cart .ast-addon-cart-wrap .count,.ast-theme-transparent-header .ast-site-header-cart .ast-addon-cart-wrap .ast-icon-shopping-cart:after{color:#d2d2d2;border-color:#d2d2d2;}.ast-theme-transparent-header .ast-site-header-cart .ast-addon-cart-wrap .ast-icon-shopping-cart:after{color:#ffffff;background-color:#d2d2d2;}.ast-theme-transparent-header .ast-site-header-cart .ast-woo-header-cart-info-wrap{color:#d2d2d2;}.ast-theme-transparent-header .ast-site-header-cart .ast-addon-cart-wrap i.astra-icon:after{color:#ffffff;background-color:#d2d2d2;}#ast-site-header-cart .widget_shopping_cart .mini_cart_item{border-bottom-color:rgb(0,0,0);}@media (max-width:921px){#astra-mobile-cart-drawer .widget_shopping_cart .mini_cart_item{border-bottom-color:rgb(0,0,0);}}@media (max-width:544px){#astra-mobile-cart-drawer .widget_shopping_cart .mini_cart_item{border-bottom-color:rgb(0,0,0);}}.ast-site-header-cart .ast-cart-menu-wrap,.ast-site-header-cart .ast-addon-cart-wrap{color:#d2d2d2;}.ast-site-header-cart .ast-cart-menu-wrap:hover .count,.ast-site-header-cart .ast-addon-cart-wrap:hover .count{color:#000000;background-color:#d2d2d2;}.ast-menu-cart-outline .ast-cart-menu-wrap .count,.ast-menu-cart-outline .ast-addon-cart-wrap{color:#d2d2d2;}.ast-site-header-cart .ast-menu-cart-outline .ast-woo-header-cart-info-wrap{color:#d2d2d2;}.ast-menu-cart-fill .ast-cart-menu-wrap .count,.ast-menu-cart-fill .ast-cart-menu-wrap,.ast-menu-cart-fill .ast-addon-cart-wrap .ast-woo-header-cart-info-wrap,.ast-menu-cart-fill .ast-addon-cart-wrap{background-color:#d2d2d2;color:#000000;}.ast-theme-transparent-header .ast-site-header-cart .ast-cart-menu-wrap,.ast-theme-transparent-header .ast-site-header-cart .ast-addon-cart-wrap{color:#d2d2d2;}.ast-theme-transparent-header .ast-site-header-cart .ast-cart-menu-wrap:hover .count,.ast-theme-transparent-header .ast-site-header-cart .ast-addon-cart-wrap:hover .count{color:#000000;background-color:#d2d2d2;}.ast-theme-transparent-header .ast-menu-cart-outline .ast-cart-menu-wrap .count,.ast-theme-transparent-header .ast-menu-cart-outline .ast-addon-cart-wrap{color:#d2d2d2;}.ast-theme-transparent-header .ast-site-header-cart .ast-menu-cart-outline .ast-woo-header-cart-info-wrap{color:#d2d2d2;}.ast-theme-transparent-header .ast-menu-cart-fill .ast-cart-menu-wrap .count,.ast-theme-transparent-header .ast-menu-cart-fill .ast-cart-menu-wrap,.ast-theme-transparent-header .ast-menu-cart-fill .ast-addon-cart-wrap .ast-woo-header-cart-info-wrap,.ast-theme-transparent-header .ast-menu-cart-fill .ast-addon-cart-wrap{background-color:#d2d2d2;color:#000000;}.ast-site-header-cart.ast-menu-cart-outline .ast-cart-menu-wrap,.ast-site-header-cart.ast-menu-cart-fill .ast-cart-menu-wrap,.ast-site-header-cart.ast-menu-cart-outline .ast-cart-menu-wrap .count,.ast-site-header-cart.ast-menu-cart-fill .ast-cart-menu-wrap .count,.ast-site-header-cart.ast-menu-cart-outline .ast-addon-cart-wrap,.ast-site-header-cart.ast-menu-cart-fill .ast-addon-cart-wrap,.ast-site-header-cart.ast-menu-cart-outline .ast-woo-header-cart-info-wrap,.ast-site-header-cart.ast-menu-cart-fill .ast-woo-header-cart-info-wrap{border-radius:3px;}.ast-header-woo-cart{display:flex;}@media (max-width:921px){.ast-header-break-point .ast-header-woo-cart{display:flex;}}@media (max-width:544px){.ast-header-break-point .ast-header-woo-cart{display:none;}}.site-below-footer-wrap{padding-top:20px;padding-bottom:20px;}.site-below-footer-wrap[data-section="section-below-footer-builder"]{background-color:#ffffff;;background-image:none;;min-height:80px;border-style:solid;border-width:0px;border-top-width:1px;border-top-color:rgba(122,122,122,0.13);}.site-below-footer-wrap[data-section="section-below-footer-builder"] .ast-builder-grid-row{max-width:1200px;margin-left:auto;margin-right:auto;}.site-below-footer-wrap[data-section="section-below-footer-builder"] .ast-builder-grid-row,.site-below-footer-wrap[data-section="section-below-footer-builder"] .site-footer-section{align-items:flex-start;}.site-below-footer-wrap[data-section="section-below-footer-builder"].ast-footer-row-inline .site-footer-section{display:flex;margin-bottom:0;}.ast-builder-grid-row-2-equal .ast-builder-grid-row{grid-template-columns:repeat( 2,1fr );}@media (max-width:921px){.site-below-footer-wrap[data-section="section-below-footer-builder"].ast-footer-row-tablet-inline .site-footer-section{display:flex;margin-bottom:0;}.site-below-footer-wrap[data-section="section-below-footer-builder"].ast-footer-row-tablet-stack .site-footer-section{display:block;margin-bottom:10px;}.ast-builder-grid-row-container.ast-builder-grid-row-tablet-2-equal .ast-builder-grid-row{grid-template-columns:repeat( 2,1fr );}}@media (max-width:544px){.site-below-footer-wrap[data-section="section-below-footer-builder"].ast-footer-row-mobile-inline .site-footer-section{display:flex;margin-bottom:0;}.site-below-footer-wrap[data-section="section-below-footer-builder"].ast-footer-row-mobile-stack .site-footer-section{display:block;margin-bottom:10px;}.ast-builder-grid-row-container.ast-builder-grid-row-mobile-full .ast-builder-grid-row{grid-template-columns:1fr;}}@media (max-width:921px){.site-below-footer-wrap[data-section="section-below-footer-builder"]{padding-left:30px;padding-right:30px;}}.site-below-footer-wrap[data-section="section-below-footer-builder"]{display:grid;}@media (max-width:921px){.ast-header-break-point .site-below-footer-wrap[data-section="section-below-footer-builder"]{display:grid;}}@media (max-width:544px){.ast-header-break-point .site-below-footer-wrap[data-section="section-below-footer-builder"]{display:grid;}}.ast-builder-html-element img.alignnone{display:inline-block;}.ast-builder-html-element p:first-child{margin-top:0;}.ast-builder-html-element p:last-child{margin-bottom:0;}.ast-header-break-point .main-header-bar .ast-builder-html-element{line-height:1.85714285714286;}.footer-widget-area[data-section="section-fb-html-1"]{display:block;}@media (max-width:921px){.ast-header-break-point .footer-widget-area[data-section="section-fb-html-1"]{display:block;}}@media (max-width:544px){.ast-header-break-point .footer-widget-area[data-section="section-fb-html-1"]{display:block;}}.footer-widget-area[data-section="section-fb-html-1"] .ast-builder-html-element{text-align:right;}@media (max-width:921px){.footer-widget-area[data-section="section-fb-html-1"] .ast-builder-html-element{text-align:right;}}@media (max-width:544px){.footer-widget-area[data-section="section-fb-html-1"] .ast-builder-html-element{text-align:center;}}.ast-footer-copyright{text-align:left;}.ast-footer-copyright {color:#000000;}@media (max-width:921px){.ast-footer-copyright{text-align:left;}}@media (max-width:544px){.ast-footer-copyright{text-align:center;}}.ast-footer-copyright.ast-builder-layout-element{display:flex;}@media (max-width:921px){.ast-header-break-point .ast-footer-copyright.ast-builder-layout-element{display:flex;}}@media (max-width:544px){.ast-header-break-point .ast-footer-copyright.ast-builder-layout-element{display:flex;}}.site-footer{background-color:#ffffff;;background-image:none;;}.site-primary-footer-wrap{padding-top:45px;padding-bottom:45px;}.site-primary-footer-wrap[data-section="section-primary-footer-builder"]{background-color:#ffffff;;background-image:none;;}.site-primary-footer-wrap[data-section="section-primary-footer-builder"] .ast-builder-grid-row{grid-column-gap:200px;max-width:1200px;margin-left:auto;margin-right:auto;}.site-primary-footer-wrap[data-section="section-primary-footer-builder"] .ast-builder-grid-row,.site-primary-footer-wrap[data-section="section-primary-footer-builder"] .site-footer-section{align-items:flex-start;}.site-primary-footer-wrap[data-section="section-primary-footer-builder"].ast-footer-row-inline .site-footer-section{display:flex;margin-bottom:0;}.ast-builder-grid-row-4-equal .ast-builder-grid-row{grid-template-columns:repeat( 4,1fr );}@media (max-width:921px){.site-primary-footer-wrap[data-section="section-primary-footer-builder"].ast-footer-row-tablet-inline .site-footer-section{display:flex;margin-bottom:0;}.site-primary-footer-wrap[data-section="section-primary-footer-builder"].ast-footer-row-tablet-stack .site-footer-section{display:block;margin-bottom:10px;}.ast-builder-grid-row-container.ast-builder-grid-row-tablet-4-equal .ast-builder-grid-row{grid-template-columns:repeat( 4,1fr );}}@media (max-width:544px){.site-primary-footer-wrap[data-section="section-primary-footer-builder"].ast-footer-row-mobile-inline .site-footer-section{display:flex;margin-bottom:0;}.site-primary-footer-wrap[data-section="section-primary-footer-builder"].ast-footer-row-mobile-stack .site-footer-section{display:block;margin-bottom:10px;}.ast-builder-grid-row-container.ast-builder-grid-row-mobile-full .ast-builder-grid-row{grid-template-columns:1fr;}}.site-primary-footer-wrap[data-section="section-primary-footer-builder"]{padding-top:55px;padding-bottom:55px;}@media (max-width:921px){.site-primary-footer-wrap[data-section="section-primary-footer-builder"]{padding-left:30px;padding-right:30px;}}@media (max-width:544px){.site-primary-footer-wrap[data-section="section-primary-footer-builder"]{padding-top:40px;padding-bottom:20px;}}.site-primary-footer-wrap[data-section="section-primary-footer-builder"]{display:grid;}@media (max-width:921px){.ast-header-break-point .site-primary-footer-wrap[data-section="section-primary-footer-builder"]{display:grid;}}@media (max-width:544px){.ast-header-break-point .site-primary-footer-wrap[data-section="section-primary-footer-builder"]{display:grid;}}.footer-widget-area[data-section="sidebar-widgets-footer-widget-1"] .footer-widget-area-inner{text-align:left;}@media (max-width:921px){.footer-widget-area[data-section="sidebar-widgets-footer-widget-1"] .footer-widget-area-inner{text-align:left;}}@media (max-width:544px){.footer-widget-area[data-section="sidebar-widgets-footer-widget-1"] .footer-widget-area-inner{text-align:center;}}.footer-widget-area[data-section="sidebar-widgets-footer-widget-1"] .footer-widget-area-inner{color:#434343;}.footer-widget-area[data-section="sidebar-widgets-footer-widget-1"] .footer-widget-area-inner a{color:#434343;}.footer-widget-area[data-section="sidebar-widgets-footer-widget-1"] .footer-widget-area-inner a:hover{color:#3197d6;}.footer-widget-area[data-section="sidebar-widgets-footer-widget-1"] .widget-title{color:#000000;}.footer-widget-area[data-section="sidebar-widgets-footer-widget-1"]{display:block;}@media (max-width:921px){.ast-header-break-point .footer-widget-area[data-section="sidebar-widgets-footer-widget-1"]{display:block;}}@media (max-width:544px){.ast-header-break-point .footer-widget-area[data-section="sidebar-widgets-footer-widget-1"]{display:block;}}.footer-widget-area[data-section="sidebar-widgets-footer-widget-2"] .footer-widget-area-inner{color:#434343;}.footer-widget-area[data-section="sidebar-widgets-footer-widget-2"] .footer-widget-area-inner a{color:#434343;}.footer-widget-area[data-section="sidebar-widgets-footer-widget-2"] .footer-widget-area-inner a:hover{color:#3197d6;}.footer-widget-area[data-section="sidebar-widgets-footer-widget-2"] .widget-title{color:#000000;}.footer-widget-area[data-section="sidebar-widgets-footer-widget-2"]{display:block;}@media (max-width:921px){.ast-header-break-point .footer-widget-area[data-section="sidebar-widgets-footer-widget-2"]{display:block;}}@media (max-width:544px){.ast-header-break-point .footer-widget-area[data-section="sidebar-widgets-footer-widget-2"]{display:block;}}.footer-widget-area[data-section="sidebar-widgets-footer-widget-3"] .footer-widget-area-inner{color:#434343;}.footer-widget-area[data-section="sidebar-widgets-footer-widget-3"] .footer-widget-area-inner a{color:#434343;}.footer-widget-area[data-section="sidebar-widgets-footer-widget-3"] .footer-widget-area-inner a:hover{color:#3197d6;}.footer-widget-area[data-section="sidebar-widgets-footer-widget-3"] .widget-title{color:#000000;}.footer-widget-area[data-section="sidebar-widgets-footer-widget-3"]{display:block;}@media (max-width:921px){.ast-header-break-point .footer-widget-area[data-section="sidebar-widgets-footer-widget-3"]{display:block;}}@media (max-width:544px){.ast-header-break-point .footer-widget-area[data-section="sidebar-widgets-footer-widget-3"]{display:block;}}.footer-widget-area[data-section="sidebar-widgets-footer-widget-4"] .footer-widget-area-inner{color:#434343;}.footer-widget-area[data-section="sidebar-widgets-footer-widget-4"] .footer-widget-area-inner a{color:#434343;}.footer-widget-area[data-section="sidebar-widgets-footer-widget-4"] .footer-widget-area-inner a:hover{color:#3197d6;}.footer-widget-area[data-section="sidebar-widgets-footer-widget-4"] .widget-title{color:#000000;}.footer-widget-area[data-section="sidebar-widgets-footer-widget-4"]{display:block;}@media (max-width:921px){.ast-header-break-point .footer-widget-area[data-section="sidebar-widgets-footer-widget-4"]{display:block;}}@media (max-width:544px){.ast-header-break-point .footer-widget-area[data-section="sidebar-widgets-footer-widget-4"]{display:block;}}.footer-widget-area[data-section="sidebar-widgets-footer-widget-2"] .footer-widget-area-inner{text-align:left;}@media (max-width:921px){.footer-widget-area[data-section="sidebar-widgets-footer-widget-2"] .footer-widget-area-inner{text-align:left;}}@media (max-width:544px){.footer-widget-area[data-section="sidebar-widgets-footer-widget-2"] .footer-widget-area-inner{text-align:center;}}.footer-widget-area[data-section="sidebar-widgets-footer-widget-1"] .footer-widget-area-inner{color:#434343;}.footer-widget-area[data-section="sidebar-widgets-footer-widget-1"] .footer-widget-area-inner a{color:#434343;}.footer-widget-area[data-section="sidebar-widgets-footer-widget-1"] .footer-widget-area-inner a:hover{color:#3197d6;}.footer-widget-area[data-section="sidebar-widgets-footer-widget-1"] .widget-title{color:#000000;}.footer-widget-area[data-section="sidebar-widgets-footer-widget-1"]{display:block;}@media (max-width:921px){.ast-header-break-point .footer-widget-area[data-section="sidebar-widgets-footer-widget-1"]{display:block;}}@media (max-width:544px){.ast-header-break-point .footer-widget-area[data-section="sidebar-widgets-footer-widget-1"]{display:block;}}.footer-widget-area[data-section="sidebar-widgets-footer-widget-2"] .footer-widget-area-inner{color:#434343;}.footer-widget-area[data-section="sidebar-widgets-footer-widget-2"] .footer-widget-area-inner a{color:#434343;}.footer-widget-area[data-section="sidebar-widgets-footer-widget-2"] .footer-widget-area-inner a:hover{color:#3197d6;}.footer-widget-area[data-section="sidebar-widgets-footer-widget-2"] .widget-title{color:#000000;}.footer-widget-area[data-section="sidebar-widgets-footer-widget-2"]{display:block;}@media (max-width:921px){.ast-header-break-point .footer-widget-area[data-section="sidebar-widgets-footer-widget-2"]{display:block;}}@media (max-width:544px){.ast-header-break-point .footer-widget-area[data-section="sidebar-widgets-footer-widget-2"]{display:block;}}.footer-widget-area[data-section="sidebar-widgets-footer-widget-3"] .footer-widget-area-inner{color:#434343;}.footer-widget-area[data-section="sidebar-widgets-footer-widget-3"] .footer-widget-area-inner a{color:#434343;}.footer-widget-area[data-section="sidebar-widgets-footer-widget-3"] .footer-widget-area-inner a:hover{color:#3197d6;}.footer-widget-area[data-section="sidebar-widgets-footer-widget-3"] .widget-title{color:#000000;}.footer-widget-area[data-section="sidebar-widgets-footer-widget-3"]{display:block;}@media (max-width:921px){.ast-header-break-point .footer-widget-area[data-section="sidebar-widgets-footer-widget-3"]{display:block;}}@media (max-width:544px){.ast-header-break-point .footer-widget-area[data-section="sidebar-widgets-footer-widget-3"]{display:block;}}.footer-widget-area[data-section="sidebar-widgets-footer-widget-4"] .footer-widget-area-inner{color:#434343;}.footer-widget-area[data-section="sidebar-widgets-footer-widget-4"] .footer-widget-area-inner a{color:#434343;}.footer-widget-area[data-section="sidebar-widgets-footer-widget-4"] .footer-widget-area-inner a:hover{color:#3197d6;}.footer-widget-area[data-section="sidebar-widgets-footer-widget-4"] .widget-title{color:#000000;}.footer-widget-area[data-section="sidebar-widgets-footer-widget-4"]{display:block;}@media (max-width:921px){.ast-header-break-point .footer-widget-area[data-section="sidebar-widgets-footer-widget-4"]{display:block;}}@media (max-width:544px){.ast-header-break-point .footer-widget-area[data-section="sidebar-widgets-footer-widget-4"]{display:block;}}.footer-widget-area[data-section="sidebar-widgets-footer-widget-3"] .footer-widget-area-inner{text-align:left;}@media (max-width:921px){.footer-widget-area[data-section="sidebar-widgets-footer-widget-3"] .footer-widget-area-inner{text-align:left;}}@media (max-width:544px){.footer-widget-area[data-section="sidebar-widgets-footer-widget-3"] .footer-widget-area-inner{text-align:center;}}.footer-widget-area[data-section="sidebar-widgets-footer-widget-1"] .footer-widget-area-inner{color:#434343;}.footer-widget-area[data-section="sidebar-widgets-footer-widget-1"] .footer-widget-area-inner a{color:#434343;}.footer-widget-area[data-section="sidebar-widgets-footer-widget-1"] .footer-widget-area-inner a:hover{color:#3197d6;}.footer-widget-area[data-section="sidebar-widgets-footer-widget-1"] .widget-title{color:#000000;}.footer-widget-area[data-section="sidebar-widgets-footer-widget-1"]{display:block;}@media (max-width:921px){.ast-header-break-point .footer-widget-area[data-section="sidebar-widgets-footer-widget-1"]{display:block;}}@media (max-width:544px){.ast-header-break-point .footer-widget-area[data-section="sidebar-widgets-footer-widget-1"]{display:block;}}.footer-widget-area[data-section="sidebar-widgets-footer-widget-2"] .footer-widget-area-inner{color:#434343;}.footer-widget-area[data-section="sidebar-widgets-footer-widget-2"] .footer-widget-area-inner a{color:#434343;}.footer-widget-area[data-section="sidebar-widgets-footer-widget-2"] .footer-widget-area-inner a:hover{color:#3197d6;}.footer-widget-area[data-section="sidebar-widgets-footer-widget-2"] .widget-title{color:#000000;}.footer-widget-area[data-section="sidebar-widgets-footer-widget-2"]{display:block;}@media (max-width:921px){.ast-header-break-point .footer-widget-area[data-section="sidebar-widgets-footer-widget-2"]{display:block;}}@media (max-width:544px){.ast-header-break-point .footer-widget-area[data-section="sidebar-widgets-footer-widget-2"]{display:block;}}.footer-widget-area[data-section="sidebar-widgets-footer-widget-3"] .footer-widget-area-inner{color:#434343;}.footer-widget-area[data-section="sidebar-widgets-footer-widget-3"] .footer-widget-area-inner a{color:#434343;}.footer-widget-area[data-section="sidebar-widgets-footer-widget-3"] .footer-widget-area-inner a:hover{color:#3197d6;}.footer-widget-area[data-section="sidebar-widgets-footer-widget-3"] .widget-title{color:#000000;}.footer-widget-area[data-section="sidebar-widgets-footer-widget-3"]{display:block;}@media (max-width:921px){.ast-header-break-point .footer-widget-area[data-section="sidebar-widgets-footer-widget-3"]{display:block;}}@media (max-width:544px){.ast-header-break-point .footer-widget-area[data-section="sidebar-widgets-footer-widget-3"]{display:block;}}.footer-widget-area[data-section="sidebar-widgets-footer-widget-4"] .footer-widget-area-inner{color:#434343;}.footer-widget-area[data-section="sidebar-widgets-footer-widget-4"] .footer-widget-area-inner a{color:#434343;}.footer-widget-area[data-section="sidebar-widgets-footer-widget-4"] .footer-widget-area-inner a:hover{color:#3197d6;}.footer-widget-area[data-section="sidebar-widgets-footer-widget-4"] .widget-title{color:#000000;}.footer-widget-area[data-section="sidebar-widgets-footer-widget-4"]{display:block;}@media (max-width:921px){.ast-header-break-point .footer-widget-area[data-section="sidebar-widgets-footer-widget-4"]{display:block;}}@media (max-width:544px){.ast-header-break-point .footer-widget-area[data-section="sidebar-widgets-footer-widget-4"]{display:block;}}.footer-widget-area[data-section="sidebar-widgets-footer-widget-4"] .footer-widget-area-inner{text-align:left;}@media (max-width:921px){.footer-widget-area[data-section="sidebar-widgets-footer-widget-4"] .footer-widget-area-inner{text-align:left;}}@media (max-width:544px){.footer-widget-area[data-section="sidebar-widgets-footer-widget-4"] .footer-widget-area-inner{text-align:center;}}.footer-widget-area[data-section="sidebar-widgets-footer-widget-1"] .footer-widget-area-inner{color:#434343;}.footer-widget-area[data-section="sidebar-widgets-footer-widget-1"] .footer-widget-area-inner a{color:#434343;}.footer-widget-area[data-section="sidebar-widgets-footer-widget-1"] .footer-widget-area-inner a:hover{color:#3197d6;}.footer-widget-area[data-section="sidebar-widgets-footer-widget-1"] .widget-title{color:#000000;}.footer-widget-area[data-section="sidebar-widgets-footer-widget-1"]{display:block;}@media (max-width:921px){.ast-header-break-point .footer-widget-area[data-section="sidebar-widgets-footer-widget-1"]{display:block;}}@media (max-width:544px){.ast-header-break-point .footer-widget-area[data-section="sidebar-widgets-footer-widget-1"]{display:block;}}.footer-widget-area[data-section="sidebar-widgets-footer-widget-2"] .footer-widget-area-inner{color:#434343;}.footer-widget-area[data-section="sidebar-widgets-footer-widget-2"] .footer-widget-area-inner a{color:#434343;}.footer-widget-area[data-section="sidebar-widgets-footer-widget-2"] .footer-widget-area-inner a:hover{color:#3197d6;}.footer-widget-area[data-section="sidebar-widgets-footer-widget-2"] .widget-title{color:#000000;}.footer-widget-area[data-section="sidebar-widgets-footer-widget-2"]{display:block;}@media (max-width:921px){.ast-header-break-point .footer-widget-area[data-section="sidebar-widgets-footer-widget-2"]{display:block;}}@media (max-width:544px){.ast-header-break-point .footer-widget-area[data-section="sidebar-widgets-footer-widget-2"]{display:block;}}.footer-widget-area[data-section="sidebar-widgets-footer-widget-3"] .footer-widget-area-inner{color:#434343;}.footer-widget-area[data-section="sidebar-widgets-footer-widget-3"] .footer-widget-area-inner a{color:#434343;}.footer-widget-area[data-section="sidebar-widgets-footer-widget-3"] .footer-widget-area-inner a:hover{color:#3197d6;}.footer-widget-area[data-section="sidebar-widgets-footer-widget-3"] .widget-title{color:#000000;}.footer-widget-area[data-section="sidebar-widgets-footer-widget-3"]{display:block;}@media (max-width:921px){.ast-header-break-point .footer-widget-area[data-section="sidebar-widgets-footer-widget-3"]{display:block;}}@media (max-width:544px){.ast-header-break-point .footer-widget-area[data-section="sidebar-widgets-footer-widget-3"]{display:block;}}.footer-widget-area[data-section="sidebar-widgets-footer-widget-4"] .footer-widget-area-inner{color:#434343;}.footer-widget-area[data-section="sidebar-widgets-footer-widget-4"] .footer-widget-area-inner a{color:#434343;}.footer-widget-area[data-section="sidebar-widgets-footer-widget-4"] .footer-widget-area-inner a:hover{color:#3197d6;}.footer-widget-area[data-section="sidebar-widgets-footer-widget-4"] .widget-title{color:#000000;}.footer-widget-area[data-section="sidebar-widgets-footer-widget-4"]{display:block;}@media (max-width:921px){.ast-header-break-point .footer-widget-area[data-section="sidebar-widgets-footer-widget-4"]{display:block;}}@media (max-width:544px){.ast-header-break-point .footer-widget-area[data-section="sidebar-widgets-footer-widget-4"]{display:block;}}.ast-header-break-point .main-header-bar{border-bottom-width:1px;}@media (min-width:922px){.main-header-bar{border-bottom-width:1px;}}.ast-flex{-webkit-align-content:center;-ms-flex-line-pack:center;align-content:center;-webkit-box-align:center;-webkit-align-items:center;-moz-box-align:center;-ms-flex-align:center;align-items:center;}.main-header-bar{padding:1em 0;}.ast-site-identity{padding:0;}.header-main-layout-1 .ast-flex.main-header-container, .header-main-layout-3 .ast-flex.main-header-container{-webkit-align-content:center;-ms-flex-line-pack:center;align-content:center;-webkit-box-align:center;-webkit-align-items:center;-moz-box-align:center;-ms-flex-align:center;align-items:center;}.header-main-layout-1 .ast-flex.main-header-container, .header-main-layout-3 .ast-flex.main-header-container{-webkit-align-content:center;-ms-flex-line-pack:center;align-content:center;-webkit-box-align:center;-webkit-align-items:center;-moz-box-align:center;-ms-flex-align:center;align-items:center;}.main-header-menu .sub-menu .menu-item.menu-item-has-children &gt; .menu-link:after{position:absolute;right:1em;top:50%;transform:translate(0,-50%) rotate(270deg);}.ast-header-break-point .main-header-bar .main-header-bar-navigation .page_item_has_children &gt; .ast-menu-toggle::before, .ast-header-break-point .main-header-bar .main-header-bar-navigation .menu-item-has-children &gt; .ast-menu-toggle::before, .ast-mobile-popup-drawer .main-header-bar-navigation .menu-item-has-children&gt;.ast-menu-toggle::before, .ast-header-break-point .ast-mobile-header-wrap .main-header-bar-navigation .menu-item-has-children &gt; .ast-menu-toggle::before{font-weight:bold;content:"\e900";font-family:Astra;text-decoration:inherit;display:inline-block;}.ast-header-break-point .main-navigation ul.sub-menu .menu-item .menu-link:before{content:"\e900";font-family:Astra;font-size:.65em;text-decoration:inherit;display:inline-block;transform:translate(0, -2px) rotateZ(270deg);margin-right:5px;}.widget_search .search-form:after{font-family:Astra;font-size:1.2em;font-weight:normal;content:"\e8b6";position:absolute;top:50%;right:15px;transform:translate(0, -50%);}.astra-search-icon::before{content:"\e8b6";font-family:Astra;font-style:normal;font-weight:normal;text-decoration:inherit;text-align:center;-webkit-font-smoothing:antialiased;-moz-osx-font-smoothing:grayscale;}.main-header-bar .main-header-bar-navigation .page_item_has_children &gt; a:after, .main-header-bar .main-header-bar-navigation .menu-item-has-children &gt; a:after, .site-header-focus-item .main-header-bar-navigation .menu-item-has-children &gt; .menu-link:after{content:"\e900";display:inline-block;font-family:Astra;font-size:.6rem;font-weight:bold;text-rendering:auto;-webkit-font-smoothing:antialiased;-moz-osx-font-smoothing:grayscale;margin-left:10px;line-height:normal;}.ast-mobile-popup-drawer .main-header-bar-navigation .ast-submenu-expanded&gt;.ast-menu-toggle::before{transform:rotateX(180deg);}.ast-header-break-point .main-header-bar-navigation .menu-item-has-children &gt; .menu-link:after{display:none;}.ast-separate-container .blog-layout-1, .ast-separate-container .blog-layout-2, .ast-separate-container .blog-layout-3{background-color:transparent;background-image:none;}.ast-separate-container .ast-article-post{background-color:#ffffff;;}.ast-separate-container .ast-article-single:not(.ast-related-post), .ast-separate-container .comments-area .comment-respond,.ast-separate-container .comments-area .ast-comment-list li, .ast-separate-container .ast-woocommerce-container, .ast-separate-container .error-404, .ast-separate-container .no-results, .single.ast-separate-container .ast-author-meta, .ast-separate-container .related-posts-title-wrapper, .ast-separate-container.ast-two-container #secondary .widget,.ast-separate-container .comments-count-wrapper, .ast-box-layout.ast-plain-container .site-content,.ast-padded-layout.ast-plain-container .site-content, .ast-separate-container .comments-area .comments-title{background-color:#ffffff;;}.ast-mobile-header-content &gt; *,.ast-desktop-header-content &gt; * {padding: 10px 0;height: auto;}.ast-mobile-header-content &gt; *:first-child,.ast-desktop-header-content &gt; *:first-child {padding-top: 10px;}.ast-mobile-header-content &gt; .ast-builder-menu,.ast-desktop-header-content &gt; .ast-builder-menu {padding-top: 0;}.ast-mobile-header-content &gt; *:last-child,.ast-desktop-header-content &gt; *:last-child {padding-bottom: 0;}.ast-mobile-header-content .ast-search-menu-icon.ast-inline-search label,.ast-desktop-header-content .ast-search-menu-icon.ast-inline-search label {width: 100%;}.ast-desktop-header-content .main-header-bar-navigation .ast-submenu-expanded &gt; .ast-menu-toggle::before {transform: rotateX(180deg);}#ast-desktop-header .ast-desktop-header-content,.ast-mobile-header-content .ast-search-icon,.ast-desktop-header-content .ast-search-icon,.ast-mobile-header-wrap .ast-mobile-header-content,.ast-main-header-nav-open.ast-popup-nav-open .ast-mobile-header-wrap .ast-mobile-header-content,.ast-main-header-nav-open.ast-popup-nav-open .ast-desktop-header-content {display: none;}.ast-main-header-nav-open.ast-header-break-point #ast-desktop-header .ast-desktop-header-content,.ast-main-header-nav-open.ast-header-break-point .ast-mobile-header-wrap .ast-mobile-header-content {display: block;}.ast-desktop .ast-desktop-header-content .astra-menu-animation-slide-up &gt; .menu-item &gt; .sub-menu,.ast-desktop .ast-desktop-header-content .astra-menu-animation-slide-up &gt; .menu-item .menu-item &gt; .sub-menu,.ast-desktop .ast-desktop-header-content .astra-menu-animation-slide-down &gt; .menu-item &gt; .sub-menu,.ast-desktop .ast-desktop-header-content .astra-menu-animation-slide-down &gt; .menu-item .menu-item &gt; .sub-menu,.ast-desktop .ast-desktop-header-content .astra-menu-animation-fade &gt; .menu-item &gt; .sub-menu,.ast-desktop .ast-desktop-header-content .astra-menu-animation-fade &gt; .menu-item .menu-item &gt; .sub-menu {opacity: 1;visibility: visible;}.ast-hfb-header.ast-default-menu-enable.ast-header-break-point .ast-mobile-header-wrap .ast-mobile-header-content .main-header-bar-navigation {width: unset;margin: unset;}.ast-mobile-header-content.content-align-flex-end .main-header-bar-navigation .menu-item-has-children &gt; .ast-menu-toggle,.ast-desktop-header-content.content-align-flex-end .main-header-bar-navigation .menu-item-has-children &gt; .ast-menu-toggle {left: calc( 20px - 0.907em);}.ast-mobile-header-content .ast-search-menu-icon,.ast-mobile-header-content .ast-search-menu-icon.slide-search,.ast-desktop-header-content .ast-search-menu-icon,.ast-desktop-header-content .ast-search-menu-icon.slide-search {width: 100%;position: relative;display: block;right: auto;transform: none;}.ast-mobile-header-content .ast-search-menu-icon.slide-search .search-form,.ast-mobile-header-content .ast-search-menu-icon .search-form,.ast-desktop-header-content .ast-search-menu-icon.slide-search .search-form,.ast-desktop-header-content .ast-search-menu-icon .search-form {right: 0;visibility: visible;opacity: 1;position: relative;top: auto;transform: none;padding: 0;display: block;overflow: hidden;}.ast-mobile-header-content .ast-search-menu-icon.ast-inline-search .search-field,.ast-mobile-header-content .ast-search-menu-icon .search-field,.ast-desktop-header-content .ast-search-menu-icon.ast-inline-search .search-field,.ast-desktop-header-content .ast-search-menu-icon .search-field {width: 100%;padding-right: 5.5em;}.ast-mobile-header-content .ast-search-menu-icon .search-submit,.ast-desktop-header-content .ast-search-menu-icon .search-submit {display: block;position: absolute;height: 100%;top: 0;right: 0;padding: 0 1em;border-radius: 0;}.ast-hfb-header.ast-default-menu-enable.ast-header-break-point .ast-mobile-header-wrap .ast-mobile-header-content .main-header-bar-navigation ul .sub-menu .menu-link {padding-left: 30px;}.ast-hfb-header.ast-default-menu-enable.ast-header-break-point .ast-mobile-header-wrap .ast-mobile-header-content .main-header-bar-navigation .sub-menu .menu-item .menu-item .menu-link {padding-left: 40px;}.ast-mobile-popup-drawer.active .ast-mobile-popup-inner{background-color:#ffffff;;}.ast-mobile-header-wrap .ast-mobile-header-content, .ast-desktop-header-content{background-color:#ffffff;;}.ast-mobile-popup-content &gt; *, .ast-mobile-header-content &gt; *, .ast-desktop-popup-content &gt; *, .ast-desktop-header-content &gt; *{padding-top:0;padding-bottom:0;}.content-align-flex-start .ast-builder-layout-element{justify-content:flex-start;}.content-align-flex-start .main-header-menu{text-align:left;}.ast-mobile-popup-drawer.active .menu-toggle-close{color:#3a3a3a;}.ast-mobile-header-wrap .ast-primary-header-bar,.ast-primary-header-bar .site-primary-header-wrap{min-height:70px;}.ast-desktop .ast-primary-header-bar .main-header-menu &gt; .menu-item{line-height:70px;}.ast-desktop .ast-primary-header-bar .ast-header-woo-cart,.ast-desktop .ast-primary-header-bar .ast-header-edd-cart{line-height:70px;}@media (max-width:921px){#masthead .ast-mobile-header-wrap .ast-primary-header-bar,#masthead .ast-mobile-header-wrap .ast-below-header-bar{padding-left:20px;padding-right:20px;}}.ast-header-break-point .ast-primary-header-bar{border-bottom-width:1px;border-bottom-style:solid;}@media (min-width:922px){.ast-primary-header-bar{border-bottom-width:1px;border-bottom-style:solid;}}.ast-primary-header-bar{background-color:#ffffff;;background-image:none;;}.ast-primary-header-bar{display:block;}@media (max-width:921px){.ast-header-break-point .ast-primary-header-bar{display:grid;}}@media (max-width:544px){.ast-header-break-point .ast-primary-header-bar{display:grid;}}[data-section="section-header-mobile-trigger"] .ast-button-wrap .ast-mobile-menu-trigger-minimal{color:#000000;border:none;background:transparent;}[data-section="section-header-mobile-trigger"] .ast-button-wrap .mobile-menu-toggle-icon .ast-mobile-svg{width:20px;height:20px;fill:#000000;}[data-section="section-header-mobile-trigger"] .ast-button-wrap .mobile-menu-wrap .mobile-menu{color:#000000;}
</style>
    <link id="astra-menu-animation-css" rel="stylesheet" href="https://askomdch.com/wp-content/themes/astra/assets/css/minified/menu-animation.min.css?ver=3.7.5" media="all"/>
    <link id="wp-block-library-css" rel="stylesheet" href="https://askomdch.com/wp-includes/css/dist/block-library/style.min.css?ver=5.8.1" media="all"/>
    <link id="wc-blocks-vendors-style-css" rel="stylesheet" href="https://askomdch.com/wp-content/plugins/woocommerce/packages/woocommerce-blocks/build/wc-blocks-vendors-style.css?ver=5.9.1" media="all"/>
    <link id="wc-blocks-style-css" rel="stylesheet" href="https://askomdch.com/wp-content/plugins/woocommerce/packages/woocommerce-blocks/build/wc-blocks-style.css?ver=5.9.1" media="all"/>
    <style id="global-styles-inline-css">
body{--wp--preset--color--black: #000000;--wp--preset--color--cyan-bluish-gray: #abb8c3;--wp--preset--color--white: #ffffff;--wp--preset--color--pale-pink: #f78da7;--wp--preset--color--vivid-red: #cf2e2e;--wp--preset--color--luminous-vivid-orange: #ff6900;--wp--preset--color--luminous-vivid-amber: #fcb900;--wp--preset--color--light-green-cyan: #7bdcb5;--wp--preset--color--vivid-green-cyan: #00d084;--wp--preset--color--pale-cyan-blue: #8ed1fc;--wp--preset--color--vivid-cyan-blue: #0693e3;--wp--preset--color--vivid-purple: #9b51e0;--wp--preset--color--ast-global-color-0: var(--ast-global-color-0);--wp--preset--color--ast-global-color-1: var(--ast-global-color-1);--wp--preset--color--ast-global-color-2: var(--ast-global-color-2);--wp--preset--color--ast-global-color-3: var(--ast-global-color-3);--wp--preset--color--ast-global-color-4: var(--ast-global-color-4);--wp--preset--color--ast-global-color-5: var(--ast-global-color-5);--wp--preset--color--ast-global-color-6: var(--ast-global-color-6);--wp--preset--color--ast-global-color-7: var(--ast-global-color-7);--wp--preset--color--ast-global-color-8: var(--ast-global-color-8);--wp--preset--gradient--vivid-cyan-blue-to-vivid-purple: linear-gradient(135deg,rgba(6,147,227,1) 0%,rgb(155,81,224) 100%);--wp--preset--gradient--light-green-cyan-to-vivid-green-cyan: linear-gradient(135deg,rgb(122,220,180) 0%,rgb(0,208,130) 100%);--wp--preset--gradient--luminous-vivid-amber-to-luminous-vivid-orange: linear-gradient(135deg,rgba(252,185,0,1) 0%,rgba(255,105,0,1) 100%);--wp--preset--gradient--luminous-vivid-orange-to-vivid-red: linear-gradient(135deg,rgba(255,105,0,1) 0%,rgb(207,46,46) 100%);--wp--preset--gradient--very-light-gray-to-cyan-bluish-gray: linear-gradient(135deg,rgb(238,238,238) 0%,rgb(169,184,195) 100%);--wp--preset--gradient--cool-to-warm-spectrum: linear-gradient(135deg,rgb(74,234,220) 0%,rgb(151,120,209) 20%,rgb(207,42,186) 40%,rgb(238,44,130) 60%,rgb(251,105,98) 80%,rgb(254,248,76) 100%);--wp--preset--gradient--blush-light-purple: linear-gradient(135deg,rgb(255,206,236) 0%,rgb(152,150,240) 100%);--wp--preset--gradient--blush-bordeaux: linear-gradient(135deg,rgb(254,205,165) 0%,rgb(254,45,45) 50%,rgb(107,0,62) 100%);--wp--preset--gradient--luminous-dusk: linear-gradient(135deg,rgb(255,203,112) 0%,rgb(199,81,192) 50%,rgb(65,88,208) 100%);--wp--preset--gradient--pale-ocean: linear-gradient(135deg,rgb(255,245,203) 0%,rgb(182,227,212) 50%,rgb(51,167,181) 100%);--wp--preset--gradient--electric-grass: linear-gradient(135deg,rgb(202,248,128) 0%,rgb(113,206,126) 100%);--wp--preset--gradient--midnight: linear-gradient(135deg,rgb(2,3,129) 0%,rgb(40,116,252) 100%);--wp--preset--font-size--small: 13px;--wp--preset--font-size--normal: 16px;--wp--preset--font-size--medium: 20px;--wp--preset--font-size--large: 36px;--wp--preset--font-size--huge: 42px;}.has-black-color{color: var(--wp--preset--color--black) !important;}.has-cyan-bluish-gray-color{color: var(--wp--preset--color--cyan-bluish-gray) !important;}.has-white-color{color: var(--wp--preset--color--white) !important;}.has-pale-pink-color{color: var(--wp--preset--color--pale-pink) !important;}.has-vivid-red-color{color: var(--wp--preset--color--vivid-red) !important;}.has-luminous-vivid-orange-color{color: var(--wp--preset--color--luminous-vivid-orange) !important;}.has-luminous-vivid-amber-color{color: var(--wp--preset--color--luminous-vivid-amber) !important;}.has-light-green-cyan-color{color: var(--wp--preset--color--light-green-cyan) !important;}.has-vivid-green-cyan-color{color: var(--wp--preset--color--vivid-green-cyan) !important;}.has-pale-cyan-blue-color{color: var(--wp--preset--color--pale-cyan-blue) !important;}.has-vivid-cyan-blue-color{color: var(--wp--preset--color--vivid-cyan-blue) !important;}.has-vivid-purple-color{color: var(--wp--preset--color--vivid-purple) !important;}.has-ast-global-color-0-color{color: var(--wp--preset--color--ast-global-color-0) !important;}.has-ast-global-color-1-color{color: var(--wp--preset--color--ast-global-color-1) !important;}.has-ast-global-color-2-color{color: var(--wp--preset--color--ast-global-color-2) !important;}.has-ast-global-color-3-color{color: var(--wp--preset--color--ast-global-color-3) !important;}.has-ast-global-color-4-color{color: var(--wp--preset--color--ast-global-color-4) !important;}.has-ast-global-color-5-color{color: var(--wp--preset--color--ast-global-color-5) !important;}.has-ast-global-color-6-color{color: var(--wp--preset--color--ast-global-color-6) !important;}.has-ast-global-color-7-color{color: var(--wp--preset--color--ast-global-color-7) !important;}.has-ast-global-color-8-color{color: var(--wp--preset--color--ast-global-color-8) !important;}.has-black-background-color{background-color: var(--wp--preset--color--black) !important;}.has-cyan-bluish-gray-background-color{background-color: var(--wp--preset--color--cyan-bluish-gray) !important;}.has-white-background-color{background-color: var(--wp--preset--color--white) !important;}.has-pale-pink-background-color{background-color: var(--wp--preset--color--pale-pink) !important;}.has-vivid-red-background-color{background-color: var(--wp--preset--color--vivid-red) !important;}.has-luminous-vivid-orange-background-color{background-color: var(--wp--preset--color--luminous-vivid-orange) !important;}.has-luminous-vivid-amber-background-color{background-color: var(--wp--preset--color--luminous-vivid-amber) !important;}.has-light-green-cyan-background-color{background-color: var(--wp--preset--color--light-green-cyan) !important;}.has-vivid-green-cyan-background-color{background-color: var(--wp--preset--color--vivid-green-cyan) !important;}.has-pale-cyan-blue-background-color{background-color: var(--wp--preset--color--pale-cyan-blue) !important;}.has-vivid-cyan-blue-background-color{background-color: var(--wp--preset--color--vivid-cyan-blue) !important;}.has-vivid-purple-background-color{background-color: var(--wp--preset--color--vivid-purple) !important;}.has-ast-global-color-0-background-color{background-color: var(--wp--preset--color--ast-global-color-0) !important;}.has-ast-global-color-1-background-color{background-color: var(--wp--preset--color--ast-global-color-1) !important;}.has-ast-global-color-2-background-color{background-color: var(--wp--preset--color--ast-global-color-2) !important;}.has-ast-global-color-3-background-color{background-color: var(--wp--preset--color--ast-global-color-3) !important;}.has-ast-global-color-4-background-color{background-color: var(--wp--preset--color--ast-global-color-4) !important;}.has-ast-global-color-5-background-color{background-color: var(--wp--preset--color--ast-global-color-5) !important;}.has-ast-global-color-6-background-color{background-color: var(--wp--preset--color--ast-global-color-6) !important;}.has-ast-global-color-7-background-color{background-color: var(--wp--preset--color--ast-global-color-7) !important;}.has-ast-global-color-8-background-color{background-color: var(--wp--preset--color--ast-global-color-8) !important;}.has-vivid-cyan-blue-to-vivid-purple-gradient-background{background: var(--wp--preset--gradient--vivid-cyan-blue-to-vivid-purple) !important;}.has-light-green-cyan-to-vivid-green-cyan-gradient-background{background: var(--wp--preset--gradient--light-green-cyan-to-vivid-green-cyan) !important;}.has-luminous-vivid-amber-to-luminous-vivid-orange-gradient-background{background: var(--wp--preset--gradient--luminous-vivid-amber-to-luminous-vivid-orange) !important;}.has-luminous-vivid-orange-to-vivid-red-gradient-background{background: var(--wp--preset--gradient--luminous-vivid-orange-to-vivid-red) !important;}.has-very-light-gray-to-cyan-bluish-gray-gradient-background{background: var(--wp--preset--gradient--very-light-gray-to-cyan-bluish-gray) !important;}.has-cool-to-warm-spectrum-gradient-background{background: var(--wp--preset--gradient--cool-to-warm-spectrum) !important;}.has-blush-light-purple-gradient-background{background: var(--wp--preset--gradient--blush-light-purple) !important;}.has-blush-bordeaux-gradient-background{background: var(--wp--preset--gradient--blush-bordeaux) !important;}.has-luminous-dusk-gradient-background{background: var(--wp--preset--gradient--luminous-dusk) !important;}.has-pale-ocean-gradient-background{background: var(--wp--preset--gradient--pale-ocean) !important;}.has-electric-grass-gradient-background{background: var(--wp--preset--gradient--electric-grass) !important;}.has-midnight-gradient-background{background: var(--wp--preset--gradient--midnight) !important;}.has-small-font-size{font-size: var(--wp--preset--font-size--small) !important;}.has-normal-font-size{font-size: var(--wp--preset--font-size--normal) !important;}.has-medium-font-size{font-size: var(--wp--preset--font-size--medium) !important;}.has-large-font-size{font-size: var(--wp--preset--font-size--large) !important;}.has-huge-font-size{font-size: var(--wp--preset--font-size--huge) !important;}
</style>
    <link id="woocommerce-layout-css" rel="stylesheet" href="https://askomdch.com/wp-content/themes/astra/assets/css/minified/compatibility/woocommerce/woocommerce-layout.min.css?ver=3.7.5" media="all"/>
    <link id="woocommerce-smallscreen-css" rel="stylesheet" href="https://askomdch.com/wp-content/themes/astra/assets/css/minified/compatibility/woocommerce/woocommerce-smallscreen.min.css?ver=3.7.5" media="only screen and (max-width: 921px)"/>
    <link id="woocommerce-general-css" rel="stylesheet" href="https://askomdch.com/wp-content/themes/astra/assets/css/minified/compatibility/woocommerce/woocommerce.min.css?ver=3.7.5" media="all"/>
    <style id="woocommerce-general-inline-css">
#customer_details h3:not(.elementor-widget-woocommerce-checkout-page h3){font-size:1.2rem;padding:20px 0 14px;margin:0 0 20px;border-bottom:1px solid #ebebeb;}form #order_review_heading:not(.elementor-widget-woocommerce-checkout-page #order_review_heading){border-width:2px 2px 0 2px;border-style:solid;font-size:1.2rem;margin:0;padding:1.5em 1.5em 1em;border-color:#ebebeb;}form #order_review:not(.elementor-widget-woocommerce-checkout-page #order_review){padding:0 2em;border-width:0 2px 2px;border-style:solid;border-color:#ebebeb;}ul#shipping_method li:not(.elementor-widget-woocommerce-cart #shipping_method li){margin:0;padding:0.25em 0 0.25em 22px;text-indent:-22px;list-style:none outside;}.woocommerce span.onsale, .wc-block-grid__product .wc-block-grid__product-onsale{background-color:#54595f;color:#ffffff;}.woocommerce a.button, .woocommerce button.button, .woocommerce .woocommerce-message a.button, .woocommerce #respond input#submit.alt, .woocommerce a.button.alt, .woocommerce button.button.alt, .woocommerce input.button.alt, .woocommerce input.button,.woocommerce input.button:disabled, .woocommerce input.button:disabled[disabled], .woocommerce input.button:disabled:hover, .woocommerce input.button:disabled[disabled]:hover, .woocommerce #respond input#submit, .woocommerce button.button.alt.disabled, .wc-block-grid__products .wc-block-grid__product .wp-block-button__link, .wc-block-grid__product-onsale{color:#ffffff;border-color:#3197d6;background-color:#3197d6;}.woocommerce a.button:hover, .woocommerce button.button:hover, .woocommerce .woocommerce-message a.button:hover,.woocommerce #respond input#submit:hover,.woocommerce #respond input#submit.alt:hover, .woocommerce a.button.alt:hover, .woocommerce button.button.alt:hover, .woocommerce input.button.alt:hover, .woocommerce input.button:hover, .woocommerce button.button.alt.disabled:hover, .wc-block-grid__products .wc-block-grid__product .wp-block-button__link:hover{color:#ffffff;border-color:#0084d6;background-color:#0084d6;}.woocommerce-message, .woocommerce-info{border-top-color:#4e4e4e;}.woocommerce-message::before,.woocommerce-info::before{color:#4e4e4e;}.woocommerce ul.products li.product .price, .woocommerce div.product p.price, .woocommerce div.product span.price, .widget_layered_nav_filters ul li.chosen a, .woocommerce-page ul.products li.product .ast-woo-product-category, .wc-layered-nav-rating a{color:#333333;}.woocommerce nav.woocommerce-pagination ul,.woocommerce nav.woocommerce-pagination ul li{border-color:#4e4e4e;}.woocommerce nav.woocommerce-pagination ul li a:focus, .woocommerce nav.woocommerce-pagination ul li a:hover, .woocommerce nav.woocommerce-pagination ul li span.current{background:#4e4e4e;color:#ffffff;}.woocommerce-MyAccount-navigation-link.is-active a{color:#0084d6;}.woocommerce .widget_price_filter .ui-slider .ui-slider-range, .woocommerce .widget_price_filter .ui-slider .ui-slider-handle{background-color:#4e4e4e;}.woocommerce a.button, .woocommerce button.button, .woocommerce .woocommerce-message a.button, .woocommerce #respond input#submit.alt, .woocommerce a.button.alt, .woocommerce button.button.alt, .woocommerce input.button.alt, .woocommerce input.button,.woocommerce-cart table.cart td.actions .button, .woocommerce form.checkout_coupon .button, .woocommerce #respond input#submit, .wc-block-grid__products .wc-block-grid__product .wp-block-button__link{border-radius:0;padding-top:17px;padding-right:30px;padding-bottom:17px;padding-left:30px;}.woocommerce .star-rating, .woocommerce .comment-form-rating .stars a, .woocommerce .star-rating::before{color:#4e4e4e;}.woocommerce div.product .woocommerce-tabs ul.tabs li.active:before{background:#4e4e4e;}.woocommerce a.remove:hover{color:#4e4e4e;border-color:#4e4e4e;background-color:#ffffff;}.woocommerce ul.product-categories &gt; li ul li:before{content:"\e900";padding:0 5px 0 5px;display:inline-block;font-family:Astra;transform:rotate(-90deg);font-size:0.7rem;}@media (min-width:545px) and (max-width:921px){.woocommerce.tablet-columns-6 ul.products li.product, .woocommerce-page.tablet-columns-6 ul.products li.product{width:calc(16.66% - 16.66px);}.woocommerce.tablet-columns-5 ul.products li.product, .woocommerce-page.tablet-columns-5 ul.products li.product{width:calc(20% - 16px);}.woocommerce.tablet-columns-4 ul.products li.product, .woocommerce-page.tablet-columns-4 ul.products li.product{width:calc(25% - 15px);}.woocommerce.tablet-columns-3 ul.products li.product, .woocommerce-page.tablet-columns-3 ul.products li.product{width:calc(33.33% - 14px);}.woocommerce.tablet-columns-2 ul.products li.product, .woocommerce-page.tablet-columns-2 ul.products li.product{width:calc(50% - 10px);}.woocommerce.tablet-columns-1 ul.products li.product, .woocommerce-page.tablet-columns-1 ul.products li.product{width:100%;}.woocommerce div.product .related.products ul.products li.product{width:calc(33.33% - 14px);}}@media (min-width:545px) and (max-width:921px){.woocommerce[class*="columns-"].columns-3 &gt; ul.products li.product, .woocommerce[class*="columns-"].columns-4 &gt; ul.products li.product, .woocommerce[class*="columns-"].columns-5 &gt; ul.products li.product, .woocommerce[class*="columns-"].columns-6 &gt; ul.products li.product{width:calc(33.33% - 14px);margin-right:20px;}.woocommerce[class*="columns-"].columns-3 &gt; ul.products li.product:nth-child(3n), .woocommerce[class*="columns-"].columns-4 &gt; ul.products li.product:nth-child(3n), .woocommerce[class*="columns-"].columns-5 &gt; ul.products li.product:nth-child(3n), .woocommerce[class*="columns-"].columns-6 &gt; ul.products li.product:nth-child(3n){margin-right:0;clear:right;}.woocommerce[class*="columns-"].columns-3 &gt; ul.products li.product:nth-child(3n+1), .woocommerce[class*="columns-"].columns-4 &gt; ul.products li.product:nth-child(3n+1), .woocommerce[class*="columns-"].columns-5 &gt; ul.products li.product:nth-child(3n+1), .woocommerce[class*="columns-"].columns-6 &gt; ul.products li.product:nth-child(3n+1){clear:left;}.woocommerce[class*="columns-"] ul.products li.product:nth-child(n), .woocommerce-page[class*="columns-"] ul.products li.product:nth-child(n){margin-right:20px;clear:none;}.woocommerce.tablet-columns-2 ul.products li.product:nth-child(2n), .woocommerce-page.tablet-columns-2 ul.products li.product:nth-child(2n), .woocommerce.tablet-columns-3 ul.products li.product:nth-child(3n), .woocommerce-page.tablet-columns-3 ul.products li.product:nth-child(3n), .woocommerce.tablet-columns-4 ul.products li.product:nth-child(4n), .woocommerce-page.tablet-columns-4 ul.products li.product:nth-child(4n), .woocommerce.tablet-columns-5 ul.products li.product:nth-child(5n), .woocommerce-page.tablet-columns-5 ul.products li.product:nth-child(5n), .woocommerce.tablet-columns-6 ul.products li.product:nth-child(6n), .woocommerce-page.tablet-columns-6 ul.products li.product:nth-child(6n){margin-right:0;clear:right;}.woocommerce.tablet-columns-2 ul.products li.product:nth-child(2n+1), .woocommerce-page.tablet-columns-2 ul.products li.product:nth-child(2n+1), .woocommerce.tablet-columns-3 ul.products li.product:nth-child(3n+1), .woocommerce-page.tablet-columns-3 ul.products li.product:nth-child(3n+1), .woocommerce.tablet-columns-4 ul.products li.product:nth-child(4n+1), .woocommerce-page.tablet-columns-4 ul.products li.product:nth-child(4n+1), .woocommerce.tablet-columns-5 ul.products li.product:nth-child(5n+1), .woocommerce-page.tablet-columns-5 ul.products li.product:nth-child(5n+1), .woocommerce.tablet-columns-6 ul.products li.product:nth-child(6n+1), .woocommerce-page.tablet-columns-6 ul.products li.product:nth-child(6n+1){clear:left;}.woocommerce div.product .related.products ul.products li.product:nth-child(3n), .woocommerce-page.tablet-columns-1 .site-main ul.products li.product{margin-right:0;clear:right;}.woocommerce div.product .related.products ul.products li.product:nth-child(3n+1){clear:left;}}@media (min-width:922px){.woocommerce #reviews #comments{width:55%;float:left;}.woocommerce #reviews #review_form_wrapper{width:45%;padding-left:2em;float:right;}.woocommerce form.checkout_coupon{width:50%;}}@media (max-width:921px){.ast-header-break-point.ast-woocommerce-cart-menu .header-main-layout-1.ast-mobile-header-stack.ast-no-menu-items .ast-site-header-cart, .ast-header-break-point.ast-woocommerce-cart-menu .header-main-layout-3.ast-mobile-header-stack.ast-no-menu-items .ast-site-header-cart{padding-right:0;padding-left:0;}.ast-header-break-point.ast-woocommerce-cart-menu .header-main-layout-1.ast-mobile-header-stack .main-header-bar{text-align:center;}.ast-header-break-point.ast-woocommerce-cart-menu .header-main-layout-1.ast-mobile-header-stack .ast-site-header-cart, .ast-header-break-point.ast-woocommerce-cart-menu .header-main-layout-1.ast-mobile-header-stack .ast-mobile-menu-buttons{display:inline-block;}.ast-header-break-point.ast-woocommerce-cart-menu .header-main-layout-2.ast-mobile-header-inline .site-branding{flex:auto;}.ast-header-break-point.ast-woocommerce-cart-menu .header-main-layout-3.ast-mobile-header-stack .site-branding{flex:0 0 100%;}.ast-header-break-point.ast-woocommerce-cart-menu .header-main-layout-3.ast-mobile-header-stack .main-header-container{display:flex;justify-content:center;}.woocommerce-cart .woocommerce-shipping-calculator .button{width:100%;}.woocommerce div.product div.images, .woocommerce div.product div.summary, .woocommerce #content div.product div.images, .woocommerce #content div.product div.summary, .woocommerce-page div.product div.images, .woocommerce-page div.product div.summary, .woocommerce-page #content div.product div.images, .woocommerce-page #content div.product div.summary{float:none;width:100%;}.woocommerce-cart table.cart td.actions .ast-return-to-shop{display:block;text-align:center;margin-top:1em;}}@media (max-width:544px){.ast-separate-container .ast-woocommerce-container{padding:.54em 1em 1.33333em;}.woocommerce-message, .woocommerce-error, .woocommerce-info{display:flex;flex-wrap:wrap;}.woocommerce-message a.button, .woocommerce-error a.button, .woocommerce-info a.button{order:1;margin-top:.5em;}.woocommerce .woocommerce-ordering, .woocommerce-page .woocommerce-ordering{float:none;margin-bottom:2em;width:100%;}.woocommerce ul.products a.button, .woocommerce-page ul.products a.button{padding:0.5em 0.75em;}.woocommerce table.cart td.actions .button, .woocommerce #content table.cart td.actions .button, .woocommerce-page table.cart td.actions .button, .woocommerce-page #content table.cart td.actions .button{padding-left:1em;padding-right:1em;}.woocommerce #content table.cart .button, .woocommerce-page #content table.cart .button{width:100%;}.woocommerce #content table.cart .product-thumbnail, .woocommerce-page #content table.cart .product-thumbnail{display:block;text-align:center !important;}.woocommerce #content table.cart .product-thumbnail::before, .woocommerce-page #content table.cart .product-thumbnail::before{display:none;}.woocommerce #content table.cart td.actions .coupon, .woocommerce-page #content table.cart td.actions .coupon{float:none;}.woocommerce #content table.cart td.actions .coupon .button, .woocommerce-page #content table.cart td.actions .coupon .button{flex:1;}.woocommerce #content div.product .woocommerce-tabs ul.tabs li a, .woocommerce-page #content div.product .woocommerce-tabs ul.tabs li a{display:block;}.woocommerce div.product .related.products ul.products li.product, .woocommerce.mobile-columns-2 ul.products li.product, .woocommerce-page.mobile-columns-2 ul.products li.product{width:calc(50% - 10px);}.woocommerce.mobile-columns-6 ul.products li.product, .woocommerce-page.mobile-columns-6 ul.products li.product{width:calc(16.66% - 16.66px);}.woocommerce.mobile-columns-5 ul.products li.product, .woocommerce-page.mobile-columns-5 ul.products li.product{width:calc(20% - 16px);}.woocommerce.mobile-columns-4 ul.products li.product, .woocommerce-page.mobile-columns-4 ul.products li.product{width:calc(25% - 15px);}.woocommerce.mobile-columns-3 ul.products li.product, .woocommerce-page.mobile-columns-3 ul.products li.product{width:calc(33.33% - 14px);}.woocommerce.mobile-columns-1 ul.products li.product, .woocommerce-page.mobile-columns-1 ul.products li.product{width:100%;}}@media (max-width:544px){.woocommerce ul.products a.button.loading::after, .woocommerce-page ul.products a.button.loading::after{display:inline-block;margin-left:5px;position:initial;}.woocommerce.mobile-columns-1 .site-main ul.products li.product:nth-child(n), .woocommerce-page.mobile-columns-1 .site-main ul.products li.product:nth-child(n){margin-right:0;}.woocommerce #content div.product .woocommerce-tabs ul.tabs li, .woocommerce-page #content div.product .woocommerce-tabs ul.tabs li{display:block;margin-right:0;}.woocommerce[class*="columns-"].columns-3 &gt; ul.products li.product, .woocommerce[class*="columns-"].columns-4 &gt; ul.products li.product, .woocommerce[class*="columns-"].columns-5 &gt; ul.products li.product, .woocommerce[class*="columns-"].columns-6 &gt; ul.products li.product{width:calc(50% - 10px);margin-right:20px;}.woocommerce[class*="columns-"] ul.products li.product:nth-child(n), .woocommerce-page[class*="columns-"] ul.products li.product:nth-child(n){margin-right:20px;clear:none;}.woocommerce-page[class*=columns-].columns-3&gt;ul.products li.product:nth-child(2n), .woocommerce-page[class*=columns-].columns-4&gt;ul.products li.product:nth-child(2n), .woocommerce-page[class*=columns-].columns-5&gt;ul.products li.product:nth-child(2n), .woocommerce-page[class*=columns-].columns-6&gt;ul.products li.product:nth-child(2n), .woocommerce[class*=columns-].columns-3&gt;ul.products li.product:nth-child(2n), .woocommerce[class*=columns-].columns-4&gt;ul.products li.product:nth-child(2n), .woocommerce[class*=columns-].columns-5&gt;ul.products li.product:nth-child(2n), .woocommerce[class*=columns-].columns-6&gt;ul.products li.product:nth-child(2n){margin-right:0;clear:right;}.woocommerce[class*="columns-"].columns-3 &gt; ul.products li.product:nth-child(2n+1), .woocommerce[class*="columns-"].columns-4 &gt; ul.products li.product:nth-child(2n+1), .woocommerce[class*="columns-"].columns-5 &gt; ul.products li.product:nth-child(2n+1), .woocommerce[class*="columns-"].columns-6 &gt; ul.products li.product:nth-child(2n+1){clear:left;}.woocommerce-page[class*=columns-] ul.products li.product:nth-child(n), .woocommerce[class*=columns-] ul.products li.product:nth-child(n){margin-right:20px;clear:none;}.woocommerce.mobile-columns-6 ul.products li.product:nth-child(6n), .woocommerce-page.mobile-columns-6 ul.products li.product:nth-child(6n), .woocommerce.mobile-columns-5 ul.products li.product:nth-child(5n), .woocommerce-page.mobile-columns-5 ul.products li.product:nth-child(5n), .woocommerce.mobile-columns-4 ul.products li.product:nth-child(4n), .woocommerce-page.mobile-columns-4 ul.products li.product:nth-child(4n), .woocommerce.mobile-columns-3 ul.products li.product:nth-child(3n), .woocommerce-page.mobile-columns-3 ul.products li.product:nth-child(3n), .woocommerce.mobile-columns-2 ul.products li.product:nth-child(2n), .woocommerce-page.mobile-columns-2 ul.products li.product:nth-child(2n), .woocommerce div.product .related.products ul.products li.product:nth-child(2n){margin-right:0;clear:right;}.woocommerce.mobile-columns-6 ul.products li.product:nth-child(6n+1), .woocommerce-page.mobile-columns-6 ul.products li.product:nth-child(6n+1), .woocommerce.mobile-columns-5 ul.products li.product:nth-child(5n+1), .woocommerce-page.mobile-columns-5 ul.products li.product:nth-child(5n+1), .woocommerce.mobile-columns-4 ul.products li.product:nth-child(4n+1), .woocommerce-page.mobile-columns-4 ul.products li.product:nth-child(4n+1), .woocommerce.mobile-columns-3 ul.products li.product:nth-child(3n+1), .woocommerce-page.mobile-columns-3 ul.products li.product:nth-child(3n+1), .woocommerce.mobile-columns-2 ul.products li.product:nth-child(2n+1), .woocommerce-page.mobile-columns-2 ul.products li.product:nth-child(2n+1), .woocommerce div.product .related.products ul.products li.product:nth-child(2n+1){clear:left;}}@media (min-width:922px){.ast-woo-shop-archive .site-content &gt; .ast-container{max-width:1240px;}}@media (min-width:922px){.woocommerce #content .ast-woocommerce-container div.product div.images, .woocommerce .ast-woocommerce-container div.product div.images, .woocommerce-page #content .ast-woocommerce-container div.product div.images, .woocommerce-page .ast-woocommerce-container div.product div.images{width:50%;}.woocommerce #content .ast-woocommerce-container div.product div.summary, .woocommerce .ast-woocommerce-container div.product div.summary, .woocommerce-page #content .ast-woocommerce-container div.product div.summary, .woocommerce-page .ast-woocommerce-container div.product div.summary{width:46%;}.woocommerce.woocommerce-checkout form #customer_details.col2-set .col-1, .woocommerce.woocommerce-checkout form #customer_details.col2-set .col-2, .woocommerce-page.woocommerce-checkout form #customer_details.col2-set .col-1, .woocommerce-page.woocommerce-checkout form #customer_details.col2-set .col-2{float:none;width:auto;}}.woocommerce a.button , .woocommerce button.button.alt ,.woocommerce-page table.cart td.actions .button, .woocommerce-page #content table.cart td.actions .button , .woocommerce a.button.alt ,.woocommerce .woocommerce-message a.button , .ast-site-header-cart .widget_shopping_cart .buttons .button.checkout, .woocommerce button.button.alt.disabled , .wc-block-grid__products .wc-block-grid__product .wp-block-button__link {border:solid;border-top-width:0;border-right-width:0;border-left-width:0;border-bottom-width:0;border-color:#3197d6;}.woocommerce a.button:hover , .woocommerce button.button.alt:hover , .woocommerce-page table.cart td.actions .button:hover, .woocommerce-page #content table.cart td.actions .button:hover, .woocommerce a.button.alt:hover ,.woocommerce .woocommerce-message a.button:hover , .ast-site-header-cart .widget_shopping_cart .buttons .button.checkout:hover , .woocommerce button.button.alt.disabled:hover , .wc-block-grid__products .wc-block-grid__product .wp-block-button__link:hover{border-color:#0084d6;}.widget_product_search button{flex:0 0 auto;padding:10px 20px;;}@media (min-width:922px){.woocommerce.woocommerce-checkout form #customer_details.col2-set, .woocommerce-page.woocommerce-checkout form #customer_details.col2-set{width:55%;float:left;margin-right:4.347826087%;}.woocommerce.woocommerce-checkout form #order_review, .woocommerce.woocommerce-checkout form #order_review_heading, .woocommerce-page.woocommerce-checkout form #order_review, .woocommerce-page.woocommerce-checkout form #order_review_heading{width:40%;float:right;margin-right:0;clear:right;}}
</style>
    <style id="woocommerce-inline-inline-css">
.woocommerce form .form-row .required { visibility: visible; }
</style>
    <script id="jquery-core-js" src="https://askomdch.com/wp-includes/js/jquery/jquery.min.js?ver=3.6.0"/>
    <script id="jquery-migrate-js" src="https://askomdch.com/wp-includes/js/jquery/jquery-migrate.min.js?ver=3.3.2"/>
    <link rel="canonical" href="https://askomdch.com/account/"/>
    <noscript>
      <style>.woocommerce-product-gallery{ opacity: 1 !important; }</style>
    </noscript>
    <style>.recentcomments a{display:inline !important;padding:0 !important;margin:0 !important;}</style>
  </head>
  <body class="page-template-default page page-id-1235 theme-astra woocommerce-account woocommerce-page woocommerce-no-js ast-single-post ast-mobile-inherit-site-logo ast-woocommerce-cart-menu ast-inherit-site-logo-transparent ast-theme-transparent-header ast-hfb-header ast-desktop ast-plain-container ast-no-sidebar astra-3.7.5" itemtype="https://schema.org/WebPage" itemscope="itemscope">
    <a shape="rect" class="skip-link screen-reader-text" href="#content" role="link" title="Skip to content">
Skip to content</a>
    <div class="hfeed site" id="page">
      <header class="site-header ast-primary-submenu-animation-slide-up header-main-layout-1 ast-primary-menu-enabled ast-builder-menu-toggle-icon ast-mobile-header-inline" id="masthead" itemtype="https://schema.org/WPHeader" itemscope="itemscope" itemid="#masthead">
        <div id="ast-desktop-header" data-toggle-type="dropdown">
          <div class="ast-main-header-wrap main-header-bar-wrap">
            <div class="ast-primary-header-bar ast-primary-header main-header-bar site-header-focus-item" data-section="section-primary-header-builder">
              <div class="site-primary-header-wrap ast-builder-grid-row-container site-header-focus-item ast-container" data-section="section-primary-header-builder">
                <div class="ast-builder-grid-row ast-builder-grid-row-has-sides ast-builder-grid-row-no-center">
                  <div class="site-header-primary-section-left site-header-section ast-flex site-header-section-left">
                    <div class="ast-builder-layout-element ast-flex site-header-focus-item" data-section="title_tagline">
                      <div class="site-branding ast-site-identity" itemtype="https://schema.org/Organization" itemscope="itemscope">
                        <div class="ast-site-title-wrap">
                          <span class="site-title" itemprop="name">
                            <a shape="rect" href="https://askomdch.com/" rel="home" itemprop="url">
AskOmDch
</a>
                          </span>
                        </div>
                      </div>
                    </div>
                  </div>
                  <div class="site-header-primary-section-right site-header-section ast-flex ast-grid-right-section">
                    <div class="ast-builder-menu-1 ast-builder-menu ast-flex ast-builder-menu-1-focus-item ast-builder-layout-element site-header-focus-item" data-section="section-hb-menu-1">
                      <div class="ast-main-header-bar-alignment">
                        <div class="main-header-bar-navigation">
                          <nav class="site-navigation ast-flex-grow-1 navigation-accessibility site-header-focus-item" id="primary-site-navigation" aria-label="Site Navigation" itemtype="https://schema.org/SiteNavigationElement" itemscope="itemscope">
                            <div class="main-navigation ast-inline-flex">
                              <ul class="main-header-menu ast-menu-shadow ast-nav-menu ast-flex submenu-with-border astra-menu-animation-slide-up stack-on-mobile" id="ast-hf-menu-1">
                                <li class="menu-item menu-item-type-post_type menu-item-object-page menu-item-home menu-item-1226" id="menu-item-1226">
                                  <a shape="rect" class="menu-link" href="https://askomdch.com/">Home</a>
                                </li>
                                <li class="menu-item menu-item-type-post_type menu-item-object-page menu-item-1227" id="menu-item-1227">
                                  <a shape="rect" class="menu-link" href="https://askomdch.com/store/">Store</a>
                                </li>
                                <li class="menu-item menu-item-type-taxonomy menu-item-object-product_cat menu-item-1228" id="menu-item-1228">
                                  <a shape="rect" class="menu-link" href="https://askomdch.com/product-category/men/">Men</a>
                                </li>
                                <li class="menu-item menu-item-type-taxonomy menu-item-object-product_cat menu-item-1229" id="menu-item-1229">
                                  <a shape="rect" class="menu-link" href="https://askomdch.com/product-category/women/">Women</a>
                                </li>
                                <li class="menu-item menu-item-type-taxonomy menu-item-object-product_cat menu-item-1230" id="menu-item-1230">
                                  <a shape="rect" class="menu-link" href="https://askomdch.com/product-category/accessories/">Accessories</a>
                                </li>
                                <li class="menu-item menu-item-type-post_type menu-item-object-page current-menu-item page_item page-item-1235 current_page_item menu-item-1237" id="menu-item-1237">
                                  <a shape="rect" class="menu-link" href="https://askomdch.com/account/" aria-current="page">Account</a>
                                </li>
                                <li class="menu-item menu-item-type-post_type menu-item-object-page menu-item-1232" id="menu-item-1232">
                                  <a shape="rect" class="menu-link" href="https://askomdch.com/about/">About</a>
                                </li>
                                <li class="menu-item menu-item-type-post_type menu-item-object-page menu-item-1233" id="menu-item-1233">
                                  <a shape="rect" class="menu-link" href="https://askomdch.com/contact-us/">Contact Us</a>
                                </li>
                              </ul>
                            </div>
                          </nav>
                        </div>
                      </div>
                    </div>
                    <div class="ast-builder-layout-element site-header-focus-item ast-header-woo-cart" data-section="section-header-woo-cart">
                      <div class="ast-site-header-cart ast-menu-cart-with-border ast-menu-cart-fill" id="ast-site-header-cart">
                        <div class="ast-site-header-cart-li">
                          <a shape="rect" class="cart-container" href="https://askomdch.com/cart/" title="View your shopping cart"/>
                          <div class="ast-cart-menu-wrap">
                            <span class="count">
0 </span>
                          </div>
                        </div>
                        <div class="ast-site-header-cart-data">
                          <div class="widget woocommerce widget_shopping_cart">
                            <div class="widget_shopping_cart_content"/>
                          </div>
                        </div>
                      </div>
                    </div>
                  </div>
                </div>
              </div>
            </div>
          </div>
          <div class="ast-desktop-header-content content-align-flex-start"/>
        </div>
        <div class="ast-mobile-header-wrap" id="ast-mobile-header" data-type="dropdown">
          <div class="ast-main-header-wrap main-header-bar-wrap">
            <div class="ast-primary-header-bar ast-primary-header main-header-bar site-primary-header-wrap site-header-focus-item ast-builder-grid-row-layout-default ast-builder-grid-row-tablet-layout-default ast-builder-grid-row-mobile-layout-default" data-section="section-primary-header-builder">
              <div class="ast-builder-grid-row ast-builder-grid-row-has-sides ast-builder-grid-row-no-center">
                <div class="site-header-primary-section-left site-header-section ast-flex site-header-section-left">
                  <div class="ast-builder-layout-element ast-flex site-header-focus-item" data-section="title_tagline">
                    <div class="site-branding ast-site-identity" itemtype="https://schema.org/Organization" itemscope="itemscope">
                      <div class="ast-site-title-wrap">
                        <span class="site-title" itemprop="name">
                          <a shape="rect" href="https://askomdch.com/" rel="home" itemprop="url">
AskOmDch
</a>
                        </span>
                      </div>
                    </div>
                  </div>
                </div>
                <div class="site-header-primary-section-right site-header-section ast-flex ast-grid-right-section">
                  <div class="ast-builder-layout-element site-header-focus-item ast-header-woo-cart" data-section="section-header-woo-cart">
                    <div class="ast-site-header-cart ast-menu-cart-with-border ast-menu-cart-fill" id="ast-site-header-cart">
                      <div class="ast-site-header-cart-li">
                        <a shape="rect" class="cart-container" href="https://askomdch.com/cart/" title="View your shopping cart"/>
                        <div class="ast-cart-menu-wrap">
                          <span class="count">
0 </span>
                        </div>
                      </div>
                      <div class="ast-site-header-cart-data">
                        <div class="widget woocommerce widget_shopping_cart">
                          <div class="widget_shopping_cart_content"/>
                        </div>
                      </div>
                    </div>
                  </div>
                  <div class="ast-builder-layout-element ast-flex site-header-focus-item" data-section="section-header-mobile-trigger">
                    <div class="ast-button-wrap">
                      <button type="button" class="menu-toggle main-header-menu-toggle ast-mobile-menu-trigger-minimal" aria-expanded="false">
                        <span class="screen-reader-text">Main Menu</span>
                        <span class="mobile-menu-toggle-icon">
                          <span class="ahfb-svg-iconset ast-inline-flex svg-baseline">
                            <svg class="ast-mobile-svg ast-menu2-svg" fill="currentColor" version="1.1" width="24" height="28" viewbox="0 0 24 28">
                              <path d="M24 21v2c0 0.547-0.453 1-1 1h-22c-0.547 0-1-0.453-1-1v-2c0-0.547 0.453-1 1-1h22c0.547 0 1 0.453 1 1zM24 13v2c0 0.547-0.453 1-1 1h-22c-0.547 0-1-0.453-1-1v-2c0-0.547 0.453-1 1-1h22c0.547 0 1 0.453 1 1zM24 5v2c0 0.547-0.453 1-1 1h-22c-0.547 0-1-0.453-1-1v-2c0-0.547 0.453-1 1-1h22c0.547 0 1 0.453 1 1z"/>
                            </svg>
                          </span>
                          <span class="ahfb-svg-iconset ast-inline-flex svg-baseline">
                            <svg class="ast-mobile-svg ast-close-svg" fill="currentColor" version="1.1" width="24" height="24" viewbox="0 0 24 24">
                              <path d="M5.293 6.707l5.293 5.293-5.293 5.293c-0.391 0.391-0.391 1.024 0 1.414s1.024 0.391 1.414 0l5.293-5.293 5.293 5.293c0.391 0.391 1.024 0.391 1.414 0s0.391-1.024 0-1.414l-5.293-5.293 5.293-5.293c0.391-0.391 0.391-1.024 0-1.414s-1.024-0.391-1.414 0l-5.293 5.293-5.293-5.293c-0.391-0.391-1.024-0.391-1.414 0s-0.391 1.024 0 1.414z"/>
                            </svg>
                          </span>
                        </span>
                      </button>
                    </div>
                  </div>
                </div>
              </div>
            </div>
          </div>
          <div class="ast-mobile-header-content content-align-flex-start">
            <div class="ast-builder-menu-1 ast-builder-menu ast-flex ast-builder-menu-1-focus-item ast-builder-layout-element site-header-focus-item" data-section="section-hb-menu-1">
              <div class="ast-main-header-bar-alignment">
                <div class="main-header-bar-navigation">
                  <nav class="site-navigation ast-flex-grow-1 navigation-accessibility site-header-focus-item" id="primary-site-navigation" aria-label="Site Navigation" itemtype="https://schema.org/SiteNavigationElement" itemscope="itemscope">
                    <div class="main-navigation ast-inline-flex">
                      <ul class="main-header-menu ast-menu-shadow ast-nav-menu ast-flex submenu-with-border astra-menu-animation-slide-up stack-on-mobile" id="ast-hf-menu-1">
                        <li class="menu-item menu-item-type-post_type menu-item-object-page menu-item-home menu-item-1226">
                          <a shape="rect" class="menu-link" href="https://askomdch.com/">Home</a>
                        </li>
                        <li class="menu-item menu-item-type-post_type menu-item-object-page menu-item-1227">
                          <a shape="rect" class="menu-link" href="https://askomdch.com/store/">Store</a>
                        </li>
                        <li class="menu-item menu-item-type-taxonomy menu-item-object-product_cat menu-item-1228">
                          <a shape="rect" class="menu-link" href="https://askomdch.com/product-category/men/">Men</a>
                        </li>
                        <li class="menu-item menu-item-type-taxonomy menu-item-object-product_cat menu-item-1229">
                          <a shape="rect" class="menu-link" href="https://askomdch.com/product-category/women/">Women</a>
                        </li>
                        <li class="menu-item menu-item-type-taxonomy menu-item-object-product_cat menu-item-1230">
                          <a shape="rect" class="menu-link" href="https://askomdch.com/product-category/accessories/">Accessories</a>
                        </li>
                        <li class="menu-item menu-item-type-post_type menu-item-object-page current-menu-item page_item page-item-1235 current_page_item menu-item-1237">
                          <a shape="rect" class="menu-link" href="https://askomdch.com/account/" aria-current="page">Account</a>
                        </li>
                        <li class="menu-item menu-item-type-post_type menu-item-object-page menu-item-1232">
                          <a shape="rect" class="menu-link" href="https://askomdch.com/about/">About</a>
                        </li>
                        <li class="menu-item menu-item-type-post_type menu-item-object-page menu-item-1233">
                          <a shape="rect" class="menu-link" href="https://askomdch.com/contact-us/">Contact Us</a>
                        </li>
                      </ul>
                    </div>
                  </nav>
                </div>
              </div>
            </div>
          </div>
        </div>
      </header>
      <div class="site-content" id="content">
        <div class="ast-container">
          <div class="content-area primary" id="primary">
            <main id="main" class="site-main">
              <article class="post-1235 page type-page status-publish ast-article-single" id="post-1235" itemtype="https://schema.org/CreativeWork" itemscope="itemscope">
                <header class="entry-header ast-header-without-markup"/>
                <div class="entry-content clear" itemprop="text">
                  <div class="wp-block-cover alignfull has-background-dim" style="background-color:#001d35;min-height:400px">
                    <div class="wp-block-cover__inner-container">
                      <h1 class="has-text-align-center">Account</h1>
                    </div>
                  </div>
                  <div class="wp-block-group alignfull">
                    <div class="wp-block-group__inner-container">
                      <div class="wp-block-columns">
                        <div class="wp-block-column" style="flex-basis:100%"/>
                      </div>
                      <div class="woocommerce">
                        <div class="woocommerce-notices-wrapper">
                          <ul class="woocommerce-error" role="alert">
                            <li>
                              <strong>Error:</strong>
 An account is already registered with your email address.                               <a shape="rect" class="showlogin" href="#">Please log in.</a>
                            </li>
                          </ul>
                        </div>
                        <div class="u-columns col2-set" id="customer_login">
                          <div class="u-column1 col-1">
                            <h2>Login</h2>
                            <form enctype="application/x-www-form-urlencoded" method="post" class="woocommerce-form woocommerce-form-login login">
                              <p class="woocommerce-form-row woocommerce-form-row--wide form-row form-row-wide">
                                <label for="username">
Username or email address                                   <span class="required">*</span>
                                </label>
                                <input type="text" class="woocommerce-Input woocommerce-Input--text input-text" id="username" name="username" autocomplete="username" value="userfk1stage3182088442"/>
                              </p>
                              <p class="woocommerce-form-row woocommerce-form-row--wide form-row form-row-wide">
                                <label for="password">
Password                                   <span class="required">*</span>
                                </label>
                                <input type="password" class="woocommerce-Input woocommerce-Input--text input-text" id="password" name="password" autocomplete="current-password"/>
                              </p>
                              <p class="form-row">
                                <label class="woocommerce-form__label woocommerce-form__label-for-checkbox woocommerce-form-login__rememberme">
                                  <input type="checkbox" class="woocommerce-form__input woocommerce-form__input-checkbox" id="rememberme" name="rememberme" value="forever"/>
                                  <span>Remember me</span>
                                </label>
                                <input type="hidden" id="woocommerce-login-nonce" name="woocommerce-login-nonce" value="4cacd59938"/>
                                <input type="hidden" name="_wp_http_referer" value="/account"/>
                                <button type="submit" class="woocommerce-button button woocommerce-form-login__submit" name="login" value="Log in">Log in</button>
                              </p>
                              <p class="woocommerce-LostPassword lost_password">
                                <a shape="rect" href="https://askomdch.com/account/lost-password/">Lost your password?</a>
                              </p>
                            </form>
                          </div>
                          <div class="u-column2 col-2">
                            <h2>Register</h2>
                            <form enctype="application/x-www-form-urlencoded" method="post" class="woocommerce-form woocommerce-form-register register">
                              <p class="woocommerce-form-row woocommerce-form-row--wide form-row form-row-wide">
                                <label for="reg_username">
Username                                   <span class="required">*</span>
                                </label>
                                <input type="text" class="woocommerce-Input woocommerce-Input--text input-text" id="reg_username" name="username" autocomplete="username" value="userfk1stage3182088442"/>
                              </p>
                              <p class="woocommerce-form-row woocommerce-form-row--wide form-row form-row-wide">
                                <label for="reg_email">
Email address                                   <span class="required">*</span>
                                </label>
                                <input type="email" class="woocommerce-Input woocommerce-Input--text input-text" id="reg_email" name="email" autocomplete="email" value="stagememb@test.com"/>
                              </p>
                              <p class="woocommerce-form-row woocommerce-form-row--wide form-row form-row-wide">
                                <label for="reg_password">
Password                                   <span class="required">*</span>
                                </label>
                                <input type="password" class="woocommerce-Input woocommerce-Input--text input-text" id="reg_password" name="password" autocomplete="new-password"/>
                              </p>
                              <div class="woocommerce-privacy-policy-text">
                                <p>TEST MODE ENABLED. DO NOT ENTER YOUR PERSONAL DATA.</p>
                              </div>
                              <p class="woocommerce-form-row form-row">
                                <input type="hidden" id="woocommerce-register-nonce" name="woocommerce-register-nonce" value="ab11f2f464"/>
                                <input type="hidden" name="_wp_http_referer" value="/account"/>
                                <button type="submit" class="woocommerce-Button woocommerce-button button woocommerce-form-register__submit" name="register" value="Register">Register</button>
                              </p>
                            </form>
                          </div>
                        </div>
                      </div>
                    </div>
                  </div>
                  <p/>
                </div>
              </article>
            </main>
          </div>
        </div>
      </div>
      <div class="astra-mobile-cart-overlay"/>
      <div class="astra-cart-drawer open-right" id="astra-mobile-cart-drawer">
        <div class="astra-cart-drawer-header">
          <button type="button" class="astra-cart-drawer-close">
            <span class="ahfb-svg-iconset ast-inline-flex svg-baseline">
              <svg class="ast-mobile-svg ast-close-svg" fill="currentColor" version="1.1" width="24" height="24" viewbox="0 0 24 24">
                <path d="M5.293 6.707l5.293 5.293-5.293 5.293c-0.391 0.391-0.391 1.024 0 1.414s1.024 0.391 1.414 0l5.293-5.293 5.293 5.293c0.391 0.391 1.024 0.391 1.414 0s0.391-1.024 0-1.414l-5.293-5.293 5.293-5.293c0.391-0.391 0.391-1.024 0-1.414s-1.024-0.391-1.414 0l-5.293 5.293-5.293-5.293c-0.391-0.391-1.024-0.391-1.414 0s-0.391 1.024 0 1.414z"/>
              </svg>
            </span>
          </button>
          <div class="astra-cart-drawer-title">
Shopping Cart </div>
        </div>
        <div class="astra-cart-drawer-content">
          <div class="widget woocommerce widget_shopping_cart">
            <div class="widget_shopping_cart_content"/>
          </div>
        </div>
      </div>
      <footer class="site-footer" id="colophon" itemtype="https://schema.org/WPFooter" itemscope="itemscope" itemid="#colophon">
        <div class="site-primary-footer-wrap ast-builder-grid-row-container site-footer-focus-item ast-builder-grid-row-4-equal ast-builder-grid-row-tablet-4-equal ast-builder-grid-row-mobile-full ast-footer-row-stack ast-footer-row-tablet-stack ast-footer-row-mobile-stack" data-section="section-primary-footer-builder">
          <div class="ast-builder-grid-row-container-inner">
            <div class="ast-builder-footer-grid-columns site-primary-footer-inner-wrap ast-builder-grid-row">
              <div class="site-footer-primary-section-1 site-footer-section site-footer-section-1">
                <aside class="footer-widget-area widget-area site-footer-focus-item" data-section="sidebar-widgets-footer-widget-1" aria-label="Footer Widget 1">
                  <div class="footer-widget-area-inner site-info-inner">
                    <section id="nav_menu-7" class="widget widget_nav_menu">
                      <h2 class="widget-title">Quick Links</h2>
                      <nav class="menu-quick-links-container" aria-label="Quick Links">
                        <ul class="menu" id="menu-quick-links">
                          <li class="menu-item menu-item-type-post_type menu-item-object-page menu-item-home menu-item-1254" id="menu-item-1254">
                            <a shape="rect" class="menu-link" href="https://askomdch.com/">Home</a>
                          </li>
                          <li class="menu-item menu-item-type-post_type menu-item-object-page menu-item-1255" id="menu-item-1255">
                            <a shape="rect" class="menu-link" href="https://askomdch.com/about/">About</a>
                          </li>
                          <li class="menu-item menu-item-type-post_type menu-item-object-page current-menu-item page_item page-item-1235 current_page_item menu-item-1256" id="menu-item-1256">
                            <a shape="rect" class="menu-link" href="https://askomdch.com/account/" aria-current="page">My Account</a>
                          </li>
                          <li class="menu-item menu-item-type-post_type menu-item-object-page menu-item-1257" id="menu-item-1257">
                            <a shape="rect" class="menu-link" href="https://askomdch.com/cart/">Cart</a>
                          </li>
                          <li class="menu-item menu-item-type-post_type menu-item-object-page menu-item-1258" id="menu-item-1258">
                            <a shape="rect" class="menu-link" href="https://askomdch.com/contact-us/">Contact Us</a>
                          </li>
                        </ul>
                      </nav>
                    </section>
                  </div>
                </aside>
              </div>
              <div class="site-footer-primary-section-2 site-footer-section site-footer-section-2">
                <aside class="footer-widget-area widget-area site-footer-focus-item" data-section="sidebar-widgets-footer-widget-2" aria-label="Footer Widget 2">
                  <div class="footer-widget-area-inner site-info-inner">
                    <section id="nav_menu-8" class="widget widget_nav_menu">
                      <h2 class="widget-title">For Her</h2>
                      <nav class="menu-for-her-container" aria-label="For Her">
                        <ul class="menu" id="menu-for-her">
                          <li class="menu-item menu-item-type-taxonomy menu-item-object-product_cat menu-item-1264" id="menu-item-1264">
                            <a shape="rect" class="menu-link" href="https://askomdch.com/product-category/women/">Women</a>
                          </li>
                          <li class="menu-item menu-item-type-taxonomy menu-item-object-product_cat menu-item-1266" id="menu-item-1266">
                            <a shape="rect" class="menu-link" href="https://askomdch.com/product-category/womens-jeans/">Women’s Jeans</a>
                          </li>
                          <li class="menu-item menu-item-type-taxonomy menu-item-object-product_cat menu-item-1265" id="menu-item-1265">
                            <a shape="rect" class="menu-link" href="https://askomdch.com/product-category/womens-shirts/">Women’s Shirts</a>
                          </li>
                          <li class="menu-item menu-item-type-taxonomy menu-item-object-product_cat menu-item-1267" id="menu-item-1267">
                            <a shape="rect" class="menu-link" href="https://askomdch.com/product-category/womens-shoes/">Women’s Shoes</a>
                          </li>
                          <li class="menu-item menu-item-type-taxonomy menu-item-object-product_cat menu-item-1268" id="menu-item-1268">
                            <a shape="rect" class="menu-link" href="https://askomdch.com/product-category/accessories/">Accessories</a>
                          </li>
                        </ul>
                      </nav>
                    </section>
                  </div>
                </aside>
              </div>
              <div class="site-footer-primary-section-3 site-footer-section site-footer-section-3">
                <aside class="footer-widget-area widget-area site-footer-focus-item" data-section="sidebar-widgets-footer-widget-3" aria-label="Footer Widget 3">
                  <div class="footer-widget-area-inner site-info-inner">
                    <section id="nav_menu-12" class="widget widget_nav_menu">
                      <h2 class="widget-title">For Him</h2>
                      <nav class="menu-for-him-container" aria-label="For Him">
                        <ul class="menu" id="menu-for-him">
                          <li class="menu-item menu-item-type-taxonomy menu-item-object-product_cat menu-item-1263" id="menu-item-1263">
                            <a shape="rect" class="menu-link" href="https://askomdch.com/product-category/men/">Men</a>
                          </li>
                          <li class="menu-item menu-item-type-taxonomy menu-item-object-product_cat menu-item-1259" id="menu-item-1259">
                            <a shape="rect" class="menu-link" href="https://askomdch.com/product-category/mens-jeans/">Men’s Jeans</a>
                          </li>
                          <li class="menu-item menu-item-type-taxonomy menu-item-object-product_cat menu-item-1260" id="menu-item-1260">
                            <a shape="rect" class="menu-link" href="https://askomdch.com/product-category/mens-shirts/">Men’s Shirts</a>
                          </li>
                          <li class="menu-item menu-item-type-taxonomy menu-item-object-product_cat menu-item-1261" id="menu-item-1261">
                            <a shape="rect" class="menu-link" href="https://askomdch.com/product-category/mens-shoes/">Men’s Shoes</a>
                          </li>
                          <li class="menu-item menu-item-type-taxonomy menu-item-object-product_cat menu-item-1262" id="menu-item-1262">
                            <a shape="rect" class="menu-link" href="https://askomdch.com/product-category/accessories/">Accessories</a>
                          </li>
                        </ul>
                      </nav>
                    </section>
                  </div>
                </aside>
              </div>
              <div class="site-footer-primary-section-4 site-footer-section site-footer-section-4">
                <aside class="footer-widget-area widget-area site-footer-focus-item" data-section="sidebar-widgets-footer-widget-4" aria-label="Footer Widget 4">
                  <div class="footer-widget-area-inner site-info-inner">
                    <section id="text-2" class="widget widget_text">
                      <h2 class="widget-title">AOD on Mobile</h2>
                      <div class="textwidget">
                        <p>
                          <a shape="rect" href="https://www.apple.com/in/app-store/" target="_blank" rel="noopener">
                            <img class="alignnone wp-image-1475 size-full" src="https://askomdch.com/wp-content/uploads/2021/06/image-60-compressed.jpg" alt="" width="300" height="90"/>
                          </a>
                          <a shape="rect" href="https://play.google.com/store" target="_blank" rel="noopener">
                            <img class="alignnone wp-image-1473 size-full" src="https://askomdch.com/wp-content/uploads/2021/06/image-41-compressed.jpg" alt="" width="300" height="90"/>
                          </a>
                        </p>
                      </div>
                    </section>
                  </div>
                </aside>
              </div>
            </div>
          </div>
        </div>
        <div class="site-below-footer-wrap ast-builder-grid-row-container site-footer-focus-item ast-builder-grid-row-2-equal ast-builder-grid-row-tablet-2-equal ast-builder-grid-row-mobile-full ast-footer-row-stack ast-footer-row-tablet-stack ast-footer-row-mobile-stack" data-section="section-below-footer-builder">
          <div class="ast-builder-grid-row-container-inner">
            <div class="ast-builder-footer-grid-columns site-below-footer-inner-wrap ast-builder-grid-row">
              <div class="site-footer-below-section-1 site-footer-section site-footer-section-1">
                <div class="ast-builder-layout-element ast-flex site-footer-focus-item ast-footer-copyright" data-section="section-footer-builder">
                  <div class="ast-footer-copyright">
                    <p>Copyright © 2022 AskOmDch</p>
                  </div>
                </div>
              </div>
              <div class="site-footer-below-section-2 site-footer-section site-footer-section-2">
                <div class="footer-widget-area widget-area site-footer-focus-item ast-footer-html-1" data-section="section-fb-html-1">
                  <div class="ast-header-html inner-link-style-">
                    <div class="ast-builder-html-element">
                      <p>Powered by AskOmDch</p>
                    </div>
                  </div>
                </div>
              </div>
            </div>
          </div>
        </div>
      </footer>
    </div>
    <script type="text/javascript">
		(function () {
			var c = document.body.className;
			c = c.replace(/woocommerce-no-js/, 'woocommerce-js');
			document.body.className = c;
		})();
	</script>
    <script id="astra-theme-js-js-extra">
var astra = {"break_point":"921","isRtl":""};
</script>
    <script id="astra-theme-js-js" src="https://askomdch.com/wp-content/themes/astra/assets/js/minified/frontend.min.js?ver=3.7.5"/>
    <script id="astra-mobile-cart-js" src="https://askomdch.com/wp-content/themes/astra/assets/js/minified/mobile-cart.min.js?ver=3.7.5"/>
    <script id="js-cookie-js" src="https://askomdch.com/wp-content/plugins/woocommerce/assets/js/js-cookie/js.cookie.min.js?ver=2.1.4-wc.5.8.1"/>
    <script id="wc-cart-fragments-js-extra">
var wc_cart_fragments_params = {"ajax_url":"\/wp-admin\/admin-ajax.php","wc_ajax_url":"\/?wc-ajax=%%endpoint%%","cart_hash_key":"wc_cart_hash_ce7302d8a5b087b54dd768c76987f650","fragment_name":"wc_fragments_ce7302d8a5b087b54dd768c76987f650","request_timeout":"5000"};
</script>
    <script id="wc-cart-fragments-js" src="https://askomdch.com/wp-content/plugins/woocommerce/assets/js/frontend/cart-fragments.min.js?ver=5.8.1"/>
    <script id="rocket-browser-checker-js-after">
"use strict";var _createClass=function(){function defineProperties(target,props){for(var i=0;i&lt;props.length;i++){var descriptor=props[i];descriptor.enumerable=descriptor.enumerable||!1,descriptor.configurable=!0,"value"in descriptor&amp;&amp;(descriptor.writable=!0),Object.defineProperty(target,descriptor.key,descriptor)}}return function(Constructor,protoProps,staticProps){return protoProps&amp;&amp;defineProperties(Constructor.prototype,protoProps),staticProps&amp;&amp;defineProperties(Constructor,staticProps),Constructor}}();function _classCallCheck(instance,Constructor){if(!(instance instanceof Constructor))throw new TypeError("Cannot call a class as a function")}var RocketBrowserCompatibilityChecker=function(){function RocketBrowserCompatibilityChecker(options){_classCallCheck(this,RocketBrowserCompatibilityChecker),this.passiveSupported=!1,this._checkPassiveOption(this),this.options=!!this.passiveSupported&amp;&amp;options}return _createClass(RocketBrowserCompatibilityChecker,[{key:"_checkPassiveOption",value:function(self){try{var options={get passive(){return!(self.passiveSupported=!0)}};window.addEventListener("test",null,options),window.removeEventListener("test",null,options)}catch(err){self.passiveSupported=!1}}},{key:"initRequestIdleCallback",value:function(){!1 in window&amp;&amp;(window.requestIdleCallback=function(cb){var start=Date.now();return setTimeout(function(){cb({didTimeout:!1,timeRemaining:function(){return Math.max(0,50-(Date.now()-start))}})},1)}),!1 in window&amp;&amp;(window.cancelIdleCallback=function(id){return clearTimeout(id)})}},{key:"isDataSaverModeOn",value:function(){return"connection"in navigator&amp;&amp;!0===navigator.connection.saveData}},{key:"supportsLinkPrefetch",value:function(){var elem=document.createElement("link");return elem.relList&amp;&amp;elem.relList.supports&amp;&amp;elem.relList.supports("prefetch")&amp;&amp;window.IntersectionObserver&amp;&amp;"isIntersecting"in IntersectionObserverEntry.prototype}},{key:"isSlowConnection",value:function(){return"connection"in navigator&amp;&amp;"effectiveType"in navigator.connection&amp;&amp;("2g"===navigator.connection.effectiveType||"slow-2g"===navigator.connection.effectiveType)}}]),RocketBrowserCompatibilityChecker}();
</script>
    <script id="rocket-preload-links-js-extra">
var RocketPreloadLinksConfig = {"excludeUris":"\/(.+\/)?feed\/?.+\/?|\/(?:.+\/)?embed\/|\/checkout\/|\/cart\/|\/account\/|\/wc-api\/v(.*)|\/(index\\.php\/)?wp\\-json(\/.*|$)|\/wp-admin\/|\/logout\/|\/wp-login.php","usesTrailingSlash":"1","imageExt":"jpg|jpeg|gif|png|tiff|bmp|webp|avif","fileExt":"jpg|jpeg|gif|png|tiff|bmp|webp|avif|php|pdf|html|htm","siteUrl":"https:\/\/askomdch.com","onHoverDelay":"100","rateThrottle":"3"};
</script>
    <script id="rocket-preload-links-js-after">
(function() {
"use strict";var r="function"==typeof Symbol&amp;&amp;"symbol"==typeof Symbol.iterator?function(e){return typeof e}:function(e){return e&amp;&amp;"function"==typeof Symbol&amp;&amp;e.constructor===Symbol&amp;&amp;e!==Symbol.prototype?"symbol":typeof e},e=function(){function i(e,t){for(var n=0;n&lt;t.length;n++){var i=t[n];i.enumerable=i.enumerable||!1,i.configurable=!0,"value"in i&amp;&amp;(i.writable=!0),Object.defineProperty(e,i.key,i)}}return function(e,t,n){return t&amp;&amp;i(e.prototype,t),n&amp;&amp;i(e,n),e}}();function i(e,t){if(!(e instanceof t))throw new TypeError("Cannot call a class as a function")}var t=function(){function n(e,t){i(this,n),this.browser=e,this.config=t,this.options=this.browser.options,this.prefetched=new Set,this.eventTime=null,this.threshold=1111,this.numOnHover=0}return e(n,[{key:"init",value:function(){!this.browser.supportsLinkPrefetch()||this.browser.isDataSaverModeOn()||this.browser.isSlowConnection()||(this.regex={excludeUris:RegExp(this.config.excludeUris,"i"),images:RegExp(".("+this.config.imageExt+")$","i"),fileExt:RegExp(".("+this.config.fileExt+")$","i")},this._initListeners(this))}},{key:"_initListeners",value:function(e){-1&lt;this.config.onHoverDelay&amp;&amp;document.addEventListener("mouseover",e.listener.bind(e),e.listenerOptions),document.addEventListener("mousedown",e.listener.bind(e),e.listenerOptions),document.addEventListener("touchstart",e.listener.bind(e),e.listenerOptions)}},{key:"listener",value:function(e){var t=e.target.closest("a"),n=this._prepareUrl(t);if(null!==n)switch(e.type){case"mousedown":case"touchstart":this._addPrefetchLink(n);break;case"mouseover":this._earlyPrefetch(t,n,"mouseout")}}},{key:"_earlyPrefetch",value:function(t,e,n){var i=this,r=setTimeout(function(){if(r=null,0===i.numOnHover)setTimeout(function(){return i.numOnHover=0},1e3);else if(i.numOnHover&gt;i.config.rateThrottle)return;i.numOnHover++,i._addPrefetchLink(e)},this.config.onHoverDelay);t.addEventListener(n,function e(){t.removeEventListener(n,e,{passive:!0}),null!==r&amp;&amp;(clearTimeout(r),r=null)},{passive:!0})}},{key:"_addPrefetchLink",value:function(i){return this.prefetched.add(i.href),new Promise(function(e,t){var n=document.createElement("link");n.rel="prefetch",n.href=i.href,n.onload=e,n.onerror=t,document.head.appendChild(n)}).catch(function(){})}},{key:"_prepareUrl",value:function(e){if(null===e||"object"!==(void 0===e?"undefined":r(e))||!1 in e||-1===["http:","https:"].indexOf(e.protocol))return null;var t=e.href.substring(0,this.config.siteUrl.length),n=this._getPathname(e.href,t),i={original:e.href,protocol:e.protocol,origin:t,pathname:n,href:t+n};return this._isLinkOk(i)?i:null}},{key:"_getPathname",value:function(e,t){var n=t?e.substring(this.config.siteUrl.length):e;return n.startsWith("/")||(n="/"+n),this._shouldAddTrailingSlash(n)?n+"/":n}},{key:"_shouldAddTrailingSlash",value:function(e){return this.config.usesTrailingSlash&amp;&amp;!e.endsWith("/")&amp;&amp;!this.regex.fileExt.test(e)}},{key:"_isLinkOk",value:function(e){return null!==e&amp;&amp;"object"===(void 0===e?"undefined":r(e))&amp;&amp;(!this.prefetched.has(e.href)&amp;&amp;e.origin===this.config.siteUrl&amp;&amp;-1===e.href.indexOf("?")&amp;&amp;-1===e.href.indexOf("#")&amp;&amp;!this.regex.excludeUris.test(e.href)&amp;&amp;!this.regex.images.test(e.href))}}],[{key:"run",value:function(){"undefined"!=typeof RocketPreloadLinksConfig&amp;&amp;new n(new RocketBrowserCompatibilityChecker({capture:!0,passive:!0}),RocketPreloadLinksConfig).init()}}]),n}();t.run();
}());
</script>
    <script>
			/(trident|msie)/i.test(navigator.userAgent)&amp;&amp;document.getElementById&amp;&amp;window.addEventListener&amp;&amp;window.addEventListener("hashchange",function(){var t,e=location.hash.substring(1);/^[A-z0-9_-]+$/.test(e)&amp;&amp;(t=document.getElementById(e))&amp;&amp;(/^(?:a|select|input|button|textarea)$/i.test(t.tagName)||(t.tabIndex=-1),t.focus())},!1);
			</script>
  </body>
</html>
Request method:	POST
Request URI:	https://askomdch.com/?wc-ajax=add_to_cart
Proxy:			<none>
Request params:	<none>
Query params:	<none>
Form params:	product_sku=
				quantity=1
				product_id=1215
Path params:	<none>
Headers:		Accept=*/*
				Content-Type=application/x-www-form-urlencoded; charset=ISO-8859-1
Cookies:		<none>
Multiparts:		<none>
Body:			<none>
HTTP/1.1 200 OK
Date: Sun, 06 Nov 2022 17:16:28 GMT
Content-Type: text/html; charset=UTF-8
Transfer-Encoding: chunked
Connection: keep-alive
vary: Accept-Encoding
expires: Wed, 11 Jan 1984 05:00:00 GMT
Cache-Control: no-cache, must-revalidate, max-age=0
x-frame-options: SAMEORIGIN
x-frame-options: SAMEORIGIN
strict-transport-security: max-age=63072000
x-content-type-options: nosniff
x-xss-protection: 1; mode=block
CF-Cache-Status: DYNAMIC
Report-To: {"endpoints":[{"url":"https:\/\/a.nel.cloudflare.com\/report\/v3?s=mUtrn1OhBtogZb7GWe0o47hGBnx3gt%2B76o%2FMV20vLBmsNFQoUx9nWpXIsxGmYJPY3wEeXi3kdPb5SbpbJ6Jz8azHbhTcWg1Z5WI7rVzVf3mGCZHphUdNQ2qooCnJnY8%3D"}],"group":"cf-nel","max_age":604800}
NEL: {"success_fraction":0,"report_to":"cf-nel","max_age":604800}
Server: cloudflare
CF-RAY: 765f7a20ad50f0db-CDG
Content-Encoding: gzip
alt-svc: h3=":443"; ma=86400, h3-29=":443"; ma=86400

<html lang="en-US">
  <head>
    <meta charset="UTF-8"/>
    <meta name="viewport" content="width=device-width, initial-scale=1"/>
    <link rel="profile" href="https://gmpg.org/xfn/11"/>
    <title>Account – AskOmDch</title>
    <meta name="robots" content="max-image-preview:large, noindex, follow"/>
    <link id="astra-theme-css-css" rel="stylesheet" href="https://askomdch.com/wp-content/themes/astra/assets/css/minified/frontend.min.css?ver=3.7.5" media="all"/>
    <style id="astra-theme-css-inline-css">
html{font-size:93.75%;}a,.page-title{color:#4e4e4e;}a:hover,a:focus{color:#0084d6;}body,button,input,select,textarea,.ast-button,.ast-custom-button{font-family:'Lato',sans-serif;font-weight:400;font-size:15px;font-size:1rem;}blockquote{color:#000000;}h1,.entry-content h1,.entry-content h1 a,h2,.entry-content h2,.entry-content h2 a,h3,.entry-content h3,.entry-content h3 a,h4,.entry-content h4,.entry-content h4 a,h5,.entry-content h5,.entry-content h5 a,h6,.entry-content h6,.entry-content h6 a,.site-title,.site-title a{font-family:'Lato',sans-serif;font-weight:700;}.site-title{font-size:35px;font-size:2.3333333333333rem;display:block;}header .custom-logo-link img{max-width:140px;}.astra-logo-svg{width:140px;}.ast-archive-description .ast-archive-title{font-size:40px;font-size:2.6666666666667rem;}.site-header .site-description{font-size:15px;font-size:1rem;display:none;}.entry-title{font-size:30px;font-size:2rem;}h1,.entry-content h1,.entry-content h1 a{font-size:58px;font-size:3.8666666666667rem;font-family:'Lato',sans-serif;}h2,.entry-content h2,.entry-content h2 a{font-size:42px;font-size:2.8rem;font-family:'Lato',sans-serif;}h3,.entry-content h3,.entry-content h3 a{font-size:30px;font-size:2rem;font-family:'Lato',sans-serif;}h4,.entry-content h4,.entry-content h4 a{font-size:20px;font-size:1.3333333333333rem;font-family:'Lato',sans-serif;}h5,.entry-content h5,.entry-content h5 a{font-size:18px;font-size:1.2rem;font-family:'Lato',sans-serif;}h6,.entry-content h6,.entry-content h6 a{font-size:15px;font-size:1rem;font-family:'Lato',sans-serif;}.ast-single-post .entry-title,.page-title{font-size:30px;font-size:2rem;}::selection{background-color:#54595f;color:#ffffff;}body,h1,.entry-title a,.entry-content h1,.entry-content h1 a,h2,.entry-content h2,.entry-content h2 a,h3,.entry-content h3,.entry-content h3 a,h4,.entry-content h4,.entry-content h4 a,h5,.entry-content h5,.entry-content h5 a,h6,.entry-content h6,.entry-content h6 a{color:#333333;}.tagcloud a:hover,.tagcloud a:focus,.tagcloud a.current-item{color:#ffffff;border-color:#4e4e4e;background-color:#4e4e4e;}input:focus,input[type="text"]:focus,input[type="email"]:focus,input[type="url"]:focus,input[type="password"]:focus,input[type="reset"]:focus,input[type="search"]:focus,textarea:focus{border-color:#4e4e4e;}input[type="radio"]:checked,input[type=reset],input[type="checkbox"]:checked,input[type="checkbox"]:hover:checked,input[type="checkbox"]:focus:checked,input[type=range]::-webkit-slider-thumb{border-color:#4e4e4e;background-color:#4e4e4e;box-shadow:none;}.site-footer a:hover + .post-count,.site-footer a:focus + .post-count{background:#4e4e4e;border-color:#4e4e4e;}.single .nav-links .nav-previous,.single .nav-links .nav-next{color:#4e4e4e;}.entry-meta,.entry-meta *{line-height:1.45;color:#4e4e4e;}.entry-meta a:hover,.entry-meta a:hover *,.entry-meta a:focus,.entry-meta a:focus *,.page-links &gt; .page-link,.page-links .page-link:hover,.post-navigation a:hover{color:#0084d6;}#cat option,.secondary .calendar_wrap thead a,.secondary .calendar_wrap thead a:visited{color:#4e4e4e;}.secondary .calendar_wrap #today,.ast-progress-val span{background:#4e4e4e;}.secondary a:hover + .post-count,.secondary a:focus + .post-count{background:#4e4e4e;border-color:#4e4e4e;}.calendar_wrap #today &gt; a{color:#ffffff;}.page-links .page-link,.single .post-navigation a{color:#4e4e4e;}.widget-title{font-size:21px;font-size:1.4rem;color:#333333;}@media (max-width:921px){#ast-desktop-header{display:none;}}@media (min-width:921px){#ast-mobile-header{display:none;}}.ast-site-header-cart .cart-container,.ast-edd-site-header-cart .ast-edd-cart-container {transition: all 0.2s linear;}.ast-site-header-cart .ast-woo-header-cart-info-wrap,.ast-edd-site-header-cart .ast-edd-header-cart-info-wrap {padding: 0 2px;font-weight: 600;line-height: 2.7;display: inline-block;}.ast-site-header-cart i.astra-icon {font-size: 20px;font-size: 1.3em;font-style: normal;font-weight: normal;position: relative;padding: 0 2px;}.ast-site-header-cart i.astra-icon.no-cart-total:after,.ast-header-break-point.ast-header-custom-item-outside .ast-edd-header-cart-info-wrap,.ast-header-break-point.ast-header-custom-item-outside .ast-woo-header-cart-info-wrap {display: none;}.ast-site-header-cart.ast-menu-cart-fill i.astra-icon,.ast-edd-site-header-cart.ast-edd-menu-cart-fill span.astra-icon {font-size: 1.1em;}.astra-cart-drawer {position: fixed;display: block;visibility: hidden;overflow: auto;-webkit-overflow-scrolling: touch;z-index: 9999;background-color: #fff;transition: all 0.5s ease;transform: translate3d(0,0,0);}.astra-cart-drawer.open-right {width: 80%;height: 100%;left: 100%;top: 0px;transform: translate3d(0%,0,0);}.astra-cart-drawer.active {transform: translate3d(-100%,0,0);visibility: visible;}.astra-cart-drawer .astra-cart-drawer-header {text-align: center;text-transform: uppercase;font-weight: 400;border-bottom: 1px solid #f0f0f0;padding: 0 0 0.675rem;}.astra-cart-drawer .astra-cart-drawer-close .ast-close-svg {width: 22px;height: 22px; }.astra-cart-drawer .astra-cart-drawer-title {padding-top: 5px;}.astra-cart-drawer .astra-cart-drawer-content .woocommerce-mini-cart {padding: 1em 1.5em;}.astra-cart-drawer .astra-cart-drawer-content .woocommerce-mini-cart a.remove {width: 20px;height: 20px;line-height: 16px;}.astra-cart-drawer .astra-cart-drawer-content .woocommerce-mini-cart__total {padding: 1em 1.5em;margin: 0;text-align: center;}.astra-cart-drawer .astra-cart-drawer-content .woocommerce-mini-cart__buttons {padding: 10px;text-align: center;} .astra-cart-drawer .astra-cart-drawer-content .woocommerce-mini-cart__buttons .button.checkout {margin-right: 0;}.astra-cart-drawer .astra-cart-drawer-content .edd-cart-item {padding: .5em 2.6em .5em 1.5em;}.astra-cart-drawer .astra-cart-drawer-content .edd-cart-item .edd-remove-from-cart::after {width: 20px;height: 20px;line-height: 16px;}.astra-cart-drawer .astra-cart-drawer-content .edd-cart-number-of-items {padding: 1em 1.5em 1em 1.5em;margin-bottom: 0;text-align: center;}.astra-cart-drawer .astra-cart-drawer-content .edd_total {padding: .5em 1.5em;margin: 0;text-align: center;}.astra-cart-drawer .astra-cart-drawer-content .cart_item.edd_checkout {padding: 1em 1.5em 0;text-align: center;margin-top: 0;}.astra-cart-drawer .woocommerce-mini-cart__empty-message,.astra-cart-drawer .cart_item.empty {text-align: center;margin-top: 10px;}body.admin-bar .astra-cart-drawer {padding-top: 32px;}body.admin-bar .astra-cart-drawer .astra-cart-drawer-close {top: 32px;}@media (max-width: 782px) {body.admin-bar .astra-cart-drawer {padding-top: 46px;}body.admin-bar .astra-cart-drawer .astra-cart-drawer-close {top: 46px;}}.ast-mobile-cart-active body.ast-hfb-header {overflow: hidden;}.ast-mobile-cart-active .astra-mobile-cart-overlay {opacity: 1;cursor: pointer;visibility: visible;z-index: 999;}@media (max-width: 545px) {.astra-cart-drawer.active {width: 100%;}}.ast-site-header-cart i.astra-icon:after {content: attr(data-cart-total);position: absolute;font-style: normal;top: -10px;right: -12px;font-weight: bold;box-shadow: 1px 1px 3px 0px rgba(0,0,0,0.3);font-size: 11px;padding-left: 0px;padding-right: 2px;line-height: 17px;letter-spacing: -.5px;height: 18px;min-width: 18px;border-radius: 99px;text-align: center;z-index: 3;}li.woocommerce-custom-menu-item .ast-site-header-cart i.astra-icon:after,li.edd-custom-menu-item .ast-edd-site-header-cart span.astra-icon:after {padding-left: 2px;}.astra-cart-drawer .astra-cart-drawer-close {position: absolute;top: 0;right: 0;margin: 0;padding: .6em 1em .4em;color: #ababab;background-color: transparent;}.astra-mobile-cart-overlay {background-color: rgba(0,0,0,0.4);position: fixed;top: 0;right: 0;bottom: 0;left: 0;visibility: hidden;opacity: 0;transition: opacity 0.2s ease-in-out;}.astra-cart-drawer .astra-cart-drawer-content .edd-cart-item .edd-remove-from-cart {right: 1.2em;}.ast-header-break-point.ast-woocommerce-cart-menu.ast-hfb-header .ast-cart-menu-wrap,.ast-header-break-point.ast-hfb-header .ast-cart-menu-wrap,.ast-header-break-point .ast-edd-site-header-cart-wrap .ast-edd-cart-menu-wrap {width: 2em;height: 2em;font-size: 1.4em;line-height: 2;vertical-align: middle;text-align: right;}.ast-site-header-cart.ast-menu-cart-outline .ast-cart-menu-wrap,.ast-site-header-cart.ast-menu-cart-fill .ast-cart-menu-wrap,.ast-edd-site-header-cart.ast-edd-menu-cart-outline .ast-edd-cart-menu-wrap,.ast-edd-site-header-cart.ast-edd-menu-cart-fill .ast-edd-cart-menu-wrap {line-height: 1.8;}.ast-site-header-cart .cart-container *,.ast-edd-site-header-cart .ast-edd-cart-container * {transition: all 0s linear;}.wp-block-buttons.aligncenter{justify-content:center;}@media (min-width:1200px){.wp-block-group .has-background{padding:20px;}}@media (min-width:1200px){.ast-no-sidebar.ast-separate-container .entry-content .wp-block-group.alignwide,.ast-no-sidebar.ast-separate-container .entry-content .wp-block-cover.alignwide{margin-left:-20px;margin-right:-20px;padding-left:20px;padding-right:20px;}.ast-no-sidebar.ast-separate-container .entry-content .wp-block-cover.alignfull,.ast-no-sidebar.ast-separate-container .entry-content .wp-block-group.alignfull{margin-left:-6.67em;margin-right:-6.67em;padding-left:6.67em;padding-right:6.67em;}}@media (min-width:1200px){.wp-block-cover-image.alignwide .wp-block-cover__inner-container,.wp-block-cover.alignwide .wp-block-cover__inner-container,.wp-block-cover-image.alignfull .wp-block-cover__inner-container,.wp-block-cover.alignfull .wp-block-cover__inner-container{width:100%;}}.ast-plain-container.ast-no-sidebar #primary{margin-top:0;margin-bottom:0;}@media (max-width:921px){.ast-theme-transparent-header #primary,.ast-theme-transparent-header #secondary{padding:0;}}.wp-block-columns{margin-bottom:unset;}.wp-block-image.size-full{margin:2rem 0;}.wp-block-separator.has-background{padding:0;}.wp-block-gallery{margin-bottom:1.6em;}.wp-block-group{padding-top:4em;padding-bottom:4em;}.wp-block-group__inner-container .wp-block-columns:last-child,.wp-block-group__inner-container :last-child,.wp-block-table table{margin-bottom:0;}.blocks-gallery-grid{width:100%;}.wp-block-navigation-link__content{padding:5px 0;}.wp-block-group .wp-block-group .has-text-align-center,.wp-block-group .wp-block-column .has-text-align-center{max-width:100%;}.has-text-align-center{margin:0 auto;}@media (min-width:1200px){.wp-block-cover__inner-container,.alignwide .wp-block-group__inner-container,.alignfull .wp-block-group__inner-container{max-width:1200px;margin:0 auto;}.wp-block-group.alignnone,.wp-block-group.aligncenter,.wp-block-group.alignleft,.wp-block-group.alignright,.wp-block-group.alignwide,.wp-block-columns.alignwide{margin:2rem 0 1rem 0;}}@media (max-width:1200px){.wp-block-group{padding:3em;}.wp-block-group .wp-block-group{padding:1.5em;}.wp-block-columns,.wp-block-column{margin:1rem 0;}}@media (min-width:921px){.wp-block-columns .wp-block-group{padding:2em;}}@media (max-width:544px){.wp-block-cover-image .wp-block-cover__inner-container,.wp-block-cover .wp-block-cover__inner-container{width:unset;}.wp-block-cover,.wp-block-cover-image{padding:2em 0;}.wp-block-group,.wp-block-cover{padding:2em;}.wp-block-media-text__media img,.wp-block-media-text__media video{width:unset;max-width:100%;}.wp-block-media-text.has-background .wp-block-media-text__content{padding:1em;}}@media (max-width:921px){.ast-plain-container.ast-no-sidebar #primary{padding:0;}}@media (min-width:544px){.entry-content .wp-block-media-text.has-media-on-the-right .wp-block-media-text__content{padding:0 8% 0 0;}.entry-content .wp-block-media-text .wp-block-media-text__content{padding:0 0 0 8%;}.ast-plain-container .site-content .entry-content .has-custom-content-position.is-position-bottom-left &gt; *,.ast-plain-container .site-content .entry-content .has-custom-content-position.is-position-bottom-right &gt; *,.ast-plain-container .site-content .entry-content .has-custom-content-position.is-position-top-left &gt; *,.ast-plain-container .site-content .entry-content .has-custom-content-position.is-position-top-right &gt; *,.ast-plain-container .site-content .entry-content .has-custom-content-position.is-position-center-right &gt; *,.ast-plain-container .site-content .entry-content .has-custom-content-position.is-position-center-left &gt; *{margin:0;}}@media (max-width:544px){.entry-content .wp-block-media-text .wp-block-media-text__content{padding:8% 0;}.wp-block-media-text .wp-block-media-text__media img{width:auto;max-width:100%;}}@media (max-width:921px){.ast-separate-container .ast-article-post,.ast-separate-container .ast-article-single{padding:1.5em 2.14em;}.ast-separate-container #primary,.ast-separate-container #secondary{padding:1.5em 0;}#primary,#secondary{padding:1.5em 0;margin:0;}.ast-left-sidebar #content &gt; .ast-container{display:flex;flex-direction:column-reverse;width:100%;}.ast-author-box img.avatar{margin:20px 0 0 0;}}@media (min-width:922px){.ast-separate-container.ast-right-sidebar #primary,.ast-separate-container.ast-left-sidebar #primary{border:0;}.search-no-results.ast-separate-container #primary{margin-bottom:4em;}}.elementor-button-wrapper .elementor-button{border-style:solid;text-decoration:none;border-top-width:0;border-right-width:0;border-left-width:0;border-bottom-width:0;}body .elementor-button.elementor-size-sm,body .elementor-button.elementor-size-xs,body .elementor-button.elementor-size-md,body .elementor-button.elementor-size-lg,body .elementor-button.elementor-size-xl,body .elementor-button{border-radius:0;padding-top:17px;padding-right:30px;padding-bottom:17px;padding-left:30px;}.elementor-button-wrapper .elementor-button{border-color:#3197d6;background-color:#3197d6;}.elementor-button-wrapper .elementor-button:hover,.elementor-button-wrapper .elementor-button:focus{color:#ffffff;background-color:#0084d6;border-color:#0084d6;}.wp-block-button .wp-block-button__link ,.elementor-button-wrapper .elementor-button,.elementor-button-wrapper .elementor-button:visited{color:#ffffff;}.elementor-button-wrapper .elementor-button{font-family:inherit;font-weight:inherit;line-height:1;text-transform:uppercase;letter-spacing:1px;}body .elementor-button.elementor-size-sm,body .elementor-button.elementor-size-xs,body .elementor-button.elementor-size-md,body .elementor-button.elementor-size-lg,body .elementor-button.elementor-size-xl,body .elementor-button{font-size:15px;font-size:1rem;}.wp-block-button .wp-block-button__link:hover,.wp-block-button .wp-block-button__link:focus{color:#ffffff;background-color:#0084d6;border-color:#0084d6;}.wp-block-button .wp-block-button__link{border-style:solid;border-top-width:0;border-right-width:0;border-left-width:0;border-bottom-width:0;border-color:#3197d6;background-color:#3197d6;color:#ffffff;font-family:inherit;font-weight:inherit;line-height:1;text-transform:uppercase;letter-spacing:1px;font-size:15px;font-size:1rem;border-radius:0;}.wp-block-buttons .wp-block-button .wp-block-button__link{padding-top:17px;padding-right:30px;padding-bottom:17px;padding-left:30px;}.menu-toggle,button,.ast-button,.ast-custom-button,.button,input#submit,input[type="button"],input[type="submit"],input[type="reset"]{border-style:solid;border-top-width:0;border-right-width:0;border-left-width:0;border-bottom-width:0;color:#ffffff;border-color:#3197d6;background-color:#3197d6;border-radius:0;padding-top:17px;padding-right:30px;padding-bottom:17px;padding-left:30px;font-family:inherit;font-weight:inherit;font-size:15px;font-size:1rem;line-height:1;text-transform:uppercase;letter-spacing:1px;}button:focus,.menu-toggle:hover,button:hover,.ast-button:hover,.ast-custom-button:hover .button:hover,.ast-custom-button:hover ,input[type=reset]:hover,input[type=reset]:focus,input#submit:hover,input#submit:focus,input[type="button"]:hover,input[type="button"]:focus,input[type="submit"]:hover,input[type="submit"]:focus{color:#ffffff;background-color:#0084d6;border-color:#0084d6;}@media (min-width:544px){.ast-container{max-width:100%;}}@media (max-width:544px){.ast-separate-container .ast-article-post,.ast-separate-container .ast-article-single,.ast-separate-container .comments-title,.ast-separate-container .ast-archive-description{padding:1.5em 1em;}.ast-separate-container #content .ast-container{padding-left:0.54em;padding-right:0.54em;}.ast-separate-container .ast-comment-list li.depth-1{padding:1.5em 1em;margin-bottom:1.5em;}.ast-separate-container .ast-comment-list .bypostauthor{padding:.5em;}.ast-search-menu-icon.ast-dropdown-active .search-field{width:170px;}}@media (max-width:921px){.ast-mobile-header-stack .main-header-bar .ast-search-menu-icon{display:inline-block;}.ast-header-break-point.ast-header-custom-item-outside .ast-mobile-header-stack .main-header-bar .ast-search-icon{margin:0;}.ast-comment-avatar-wrap img{max-width:2.5em;}.ast-separate-container .ast-comment-list li.depth-1{padding:1.5em 2.14em;}.ast-separate-container .comment-respond{padding:2em 2.14em;}.ast-comment-meta{padding:0 1.8888em 1.3333em;}}body,.ast-separate-container{background-color:#f9f9f9;;}.ast-no-sidebar.ast-separate-container .entry-content .alignfull {margin-left: -6.67em;margin-right: -6.67em;width: auto;}@media (max-width: 1200px) {.ast-no-sidebar.ast-separate-container .entry-content .alignfull {margin-left: -2.4em;margin-right: -2.4em;}}@media (max-width: 768px) {.ast-no-sidebar.ast-separate-container .entry-content .alignfull {margin-left: -2.14em;margin-right: -2.14em;}}@media (max-width: 544px) {.ast-no-sidebar.ast-separate-container .entry-content .alignfull {margin-left: -1em;margin-right: -1em;}}.ast-no-sidebar.ast-separate-container .entry-content .alignwide {margin-left: -20px;margin-right: -20px;}.ast-no-sidebar.ast-separate-container .entry-content .wp-block-column .alignfull,.ast-no-sidebar.ast-separate-container .entry-content .wp-block-column .alignwide {margin-left: auto;margin-right: auto;width: 100%;}@media (max-width:921px){.site-title{display:block;}.ast-archive-description .ast-archive-title{font-size:40px;}.site-header .site-description{display:none;}.entry-title{font-size:30px;}h1,.entry-content h1,.entry-content h1 a{font-size:30px;}h2,.entry-content h2,.entry-content h2 a{font-size:25px;}h3,.entry-content h3,.entry-content h3 a{font-size:20px;}.ast-single-post .entry-title,.page-title{font-size:30px;}.astra-logo-svg{width:120px;}header .custom-logo-link img,.ast-header-break-point .site-logo-img .custom-mobile-logo-link img{max-width:120px;}}@media (max-width:544px){.site-title{display:block;}.ast-archive-description .ast-archive-title{font-size:40px;}.site-header .site-description{display:none;}.entry-title{font-size:30px;}h1,.entry-content h1,.entry-content h1 a{font-size:30px;}h2,.entry-content h2,.entry-content h2 a{font-size:25px;}h3,.entry-content h3,.entry-content h3 a{font-size:20px;}.ast-single-post .entry-title,.page-title{font-size:30px;}header .custom-logo-link img,.ast-header-break-point .site-branding img,.ast-header-break-point .custom-logo-link img{max-width:120px;}.astra-logo-svg{width:120px;}.ast-header-break-point .site-logo-img .custom-mobile-logo-link img{max-width:120px;}}@media (max-width:921px){html{font-size:85.5%;}}@media (max-width:544px){html{font-size:85.5%;}}@media (min-width:922px){.ast-container{max-width:1240px;}}@font-face {font-family: "Astra";src: url(https://askomdch.com/wp-content/themes/astra/assets/fonts/astra.woff) format("woff"),url(https://askomdch.com/wp-content/themes/astra/assets/fonts/astra.ttf) format("truetype"),url(https://askomdch.com/wp-content/themes/astra/assets/fonts/astra.svg#astra) format("svg");font-weight: normal;font-style: normal;font-display: fallback;}@media (min-width:922px){.main-header-menu .sub-menu .menu-item.ast-left-align-sub-menu:hover &gt; .sub-menu,.main-header-menu .sub-menu .menu-item.ast-left-align-sub-menu.focus &gt; .sub-menu{margin-left:-2px;}}.ast-theme-transparent-header [data-section="section-header-mobile-trigger"] .ast-button-wrap .ast-mobile-menu-trigger-minimal{background:transparent;}.footer-widget-area[data-section^="section-fb-html-"] .ast-builder-html-element{text-align:center;}.astra-icon-down_arrow::after {content: "\e900";font-family: Astra;}.astra-icon-close::after {content: "\e5cd";font-family: Astra;}.astra-icon-drag_handle::after {content: "\e25d";font-family: Astra;}.astra-icon-format_align_justify::after {content: "\e235";font-family: Astra;}.astra-icon-menu::after {content: "\e5d2";font-family: Astra;}.astra-icon-reorder::after {content: "\e8fe";font-family: Astra;}.astra-icon-search::after {content: "\e8b6";font-family: Astra;}.astra-icon-zoom_in::after {content: "\e56b";font-family: Astra;}.astra-icon-check-circle::after {content: "\e901";font-family: Astra;}.astra-icon-shopping-cart::after {content: "\f07a";font-family: Astra;}.astra-icon-shopping-bag::after {content: "\f290";font-family: Astra;}.astra-icon-shopping-basket::after {content: "\f291";font-family: Astra;}.astra-icon-circle-o::after {content: "\e903";font-family: Astra;}.astra-icon-certificate::after {content: "\e902";font-family: Astra;}blockquote {padding: 1.2em;}.ast-header-break-point .ast-mobile-header-wrap .ast-above-header-wrap .main-header-bar-navigation .inline-on-mobile .menu-item .menu-link,.ast-header-break-point .ast-mobile-header-wrap .ast-main-header-wrap .main-header-bar-navigation .inline-on-mobile .menu-item .menu-link,.ast-header-break-point .ast-mobile-header-wrap .ast-below-header-wrap .main-header-bar-navigation .inline-on-mobile .menu-item .menu-link {border: none;}.ast-header-break-point .ast-mobile-header-wrap .ast-above-header-wrap .main-header-bar-navigation .inline-on-mobile .menu-item-has-children &gt; .ast-menu-toggle::before,.ast-header-break-point .ast-mobile-header-wrap .ast-main-header-wrap .main-header-bar-navigation .inline-on-mobile .menu-item-has-children &gt; .ast-menu-toggle::before,.ast-header-break-point .ast-mobile-header-wrap .ast-below-header-wrap .main-header-bar-navigation .inline-on-mobile .menu-item-has-children &gt; .ast-menu-toggle::before {font-size: .6rem;}.ast-header-break-point .ast-mobile-header-wrap .ast-flex.inline-on-mobile {flex-wrap: unset;}.ast-header-break-point .ast-mobile-header-wrap .ast-flex.inline-on-mobile .menu-item.ast-submenu-expanded &gt; .sub-menu .menu-link {padding: .1em 1em;}.ast-header-break-point .ast-mobile-header-wrap .ast-flex.inline-on-mobile .menu-item.ast-submenu-expanded &gt; .sub-menu &gt; .menu-item .ast-menu-toggle::before {transform: rotate(-90deg);}.ast-header-break-point .ast-mobile-header-wrap .ast-flex.inline-on-mobile .menu-item.ast-submenu-expanded &gt; .sub-menu &gt; .menu-item.ast-submenu-expanded .ast-menu-toggle::before {transform: rotate(-270deg);}.ast-header-break-point .ast-mobile-header-wrap .ast-flex.inline-on-mobile .menu-item &gt; .sub-menu &gt; .menu-item .menu-link:before {content: none;}.ast-header-break-point .ast-mobile-header-wrap .ast-flex.inline-on-mobile {flex-wrap: unset;}.ast-header-break-point .ast-mobile-header-wrap .ast-flex.inline-on-mobile .menu-item.ast-submenu-expanded &gt; .sub-menu .menu-link {padding: .1em 1em;}.ast-header-break-point .ast-mobile-header-wrap .ast-flex.inline-on-mobile .menu-item.ast-submenu-expanded &gt; .sub-menu &gt; .menu-item .ast-menu-toggle::before {transform: rotate(-90deg);}.ast-header-break-point .ast-mobile-header-wrap .ast-flex.inline-on-mobile .menu-item.ast-submenu-expanded &gt; .sub-menu &gt; .menu-item.ast-submenu-expanded .ast-menu-toggle::before {transform: rotate(-270deg);}.ast-header-break-point .ast-mobile-header-wrap .ast-flex.inline-on-mobile .menu-item &gt; .sub-menu &gt; .menu-item .menu-link:before {content: none;}.ast-header-break-point .inline-on-mobile .sub-menu {width: 150px;}.ast-header-break-point .ast-mobile-header-wrap .ast-flex.inline-on-mobile .menu-item.menu-item-has-children {margin-right: 10px;}.ast-header-break-point .ast-mobile-header-wrap .ast-flex.inline-on-mobile .menu-item.ast-submenu-expanded &gt; .sub-menu {display: block;position: absolute;right: auto;left: 0;}.ast-header-break-point .ast-mobile-header-wrap .ast-flex.inline-on-mobile .menu-item.ast-submenu-expanded &gt; .sub-menu .menu-item .ast-menu-toggle {padding: 0;right: 1em;}.ast-header-break-point .ast-mobile-header-wrap .ast-flex.inline-on-mobile .menu-item.ast-submenu-expanded &gt; .sub-menu &gt; .menu-item &gt; .sub-menu {left: 100%;right: auto;}.ast-header-break-point .ast-mobile-header-wrap .ast-flex.inline-on-mobile .ast-menu-toggle {right: -15px;}.ast-header-break-point .ast-mobile-header-wrap .ast-flex.inline-on-mobile .menu-item.menu-item-has-children {margin-right: 10px;}.ast-header-break-point .ast-mobile-header-wrap .ast-flex.inline-on-mobile .menu-item.ast-submenu-expanded &gt; .sub-menu {display: block;position: absolute;right: auto;left: 0;}.ast-header-break-point .ast-mobile-header-wrap .ast-flex.inline-on-mobile .menu-item.ast-submenu-expanded &gt; .sub-menu &gt; .menu-item &gt; .sub-menu {left: 100%;right: auto;}.ast-header-break-point .ast-mobile-header-wrap .ast-flex.inline-on-mobile .ast-menu-toggle {right: -15px;}:root .has-ast-global-color-0-color{color:var(--ast-global-color-0);}:root .has-ast-global-color-0-background-color{background-color:var(--ast-global-color-0);}:root .wp-block-button .has-ast-global-color-0-color{color:var(--ast-global-color-0);}:root .wp-block-button .has-ast-global-color-0-background-color{background-color:var(--ast-global-color-0);}:root .has-ast-global-color-1-color{color:var(--ast-global-color-1);}:root .has-ast-global-color-1-background-color{background-color:var(--ast-global-color-1);}:root .wp-block-button .has-ast-global-color-1-color{color:var(--ast-global-color-1);}:root .wp-block-button .has-ast-global-color-1-background-color{background-color:var(--ast-global-color-1);}:root .has-ast-global-color-2-color{color:var(--ast-global-color-2);}:root .has-ast-global-color-2-background-color{background-color:var(--ast-global-color-2);}:root .wp-block-button .has-ast-global-color-2-color{color:var(--ast-global-color-2);}:root .wp-block-button .has-ast-global-color-2-background-color{background-color:var(--ast-global-color-2);}:root .has-ast-global-color-3-color{color:var(--ast-global-color-3);}:root .has-ast-global-color-3-background-color{background-color:var(--ast-global-color-3);}:root .wp-block-button .has-ast-global-color-3-color{color:var(--ast-global-color-3);}:root .wp-block-button .has-ast-global-color-3-background-color{background-color:var(--ast-global-color-3);}:root .has-ast-global-color-4-color{color:var(--ast-global-color-4);}:root .has-ast-global-color-4-background-color{background-color:var(--ast-global-color-4);}:root .wp-block-button .has-ast-global-color-4-color{color:var(--ast-global-color-4);}:root .wp-block-button .has-ast-global-color-4-background-color{background-color:var(--ast-global-color-4);}:root .has-ast-global-color-5-color{color:var(--ast-global-color-5);}:root .has-ast-global-color-5-background-color{background-color:var(--ast-global-color-5);}:root .wp-block-button .has-ast-global-color-5-color{color:var(--ast-global-color-5);}:root .wp-block-button .has-ast-global-color-5-background-color{background-color:var(--ast-global-color-5);}:root .has-ast-global-color-6-color{color:var(--ast-global-color-6);}:root .has-ast-global-color-6-background-color{background-color:var(--ast-global-color-6);}:root .wp-block-button .has-ast-global-color-6-color{color:var(--ast-global-color-6);}:root .wp-block-button .has-ast-global-color-6-background-color{background-color:var(--ast-global-color-6);}:root .has-ast-global-color-7-color{color:var(--ast-global-color-7);}:root .has-ast-global-color-7-background-color{background-color:var(--ast-global-color-7);}:root .wp-block-button .has-ast-global-color-7-color{color:var(--ast-global-color-7);}:root .wp-block-button .has-ast-global-color-7-background-color{background-color:var(--ast-global-color-7);}:root .has-ast-global-color-8-color{color:var(--ast-global-color-8);}:root .has-ast-global-color-8-background-color{background-color:var(--ast-global-color-8);}:root .wp-block-button .has-ast-global-color-8-color{color:var(--ast-global-color-8);}:root .wp-block-button .has-ast-global-color-8-background-color{background-color:var(--ast-global-color-8);}:root{--ast-global-color-0:#0170B9;--ast-global-color-1:#3a3a3a;--ast-global-color-2:#3a3a3a;--ast-global-color-3:#4B4F58;--ast-global-color-4:#F5F5F5;--ast-global-color-5:#FFFFFF;--ast-global-color-6:#F2F5F7;--ast-global-color-7:#424242;--ast-global-color-8:#000000;}.ast-theme-transparent-header #masthead .site-logo-img .transparent-custom-logo .astra-logo-svg{width:140px;}.ast-theme-transparent-header #masthead .site-logo-img .transparent-custom-logo img{ max-width:140px;}@media (min-width:921px){.ast-theme-transparent-header #masthead{position:absolute;left:0;right:0;}.ast-theme-transparent-header .main-header-bar,.ast-theme-transparent-header.ast-header-break-point .main-header-bar{background:none;}body.elementor-editor-active.ast-theme-transparent-header #masthead,.fl-builder-edit .ast-theme-transparent-header #masthead,body.vc_editor.ast-theme-transparent-header #masthead,body.brz-ed.ast-theme-transparent-header #masthead{z-index:0;}.ast-header-break-point.ast-replace-site-logo-transparent.ast-theme-transparent-header .custom-mobile-logo-link{display:none;}.ast-header-break-point.ast-replace-site-logo-transparent.ast-theme-transparent-header .transparent-custom-logo{display:inline-block;}.ast-theme-transparent-header .ast-above-header,.ast-theme-transparent-header .ast-above-header.ast-above-header-bar{background-image:none;background-color:transparent;}.ast-theme-transparent-header .ast-below-header{background-image:none;background-color:transparent;}}@media (min-width:922px){.ast-theme-transparent-header .main-header-bar,.ast-theme-transparent-header.ast-header-break-point .main-header-bar-wrap .main-header-menu,.ast-theme-transparent-header.ast-header-break-point .main-header-bar-wrap .main-header-bar,.ast-theme-transparent-header.ast-header-break-point .ast-mobile-header-wrap .main-header-bar{background-color:rgba(0,0,0,0.07);}.ast-theme-transparent-header .main-header-bar .ast-search-menu-icon form{background-color:rgba(0,0,0,0.07);}.ast-theme-transparent-header .ast-above-header,.ast-theme-transparent-header .ast-above-header.ast-above-header-bar,.ast-theme-transparent-header .ast-below-header,.ast-header-break-point.ast-theme-transparent-header .ast-above-header,.ast-header-break-point.ast-theme-transparent-header .ast-below-header{background-color:rgba(0,0,0,0.07);}.ast-theme-transparent-header .site-title a,.ast-theme-transparent-header .site-title a:focus,.ast-theme-transparent-header .site-title a:hover,.ast-theme-transparent-header .site-title a:visited{color:#ffffff;}.ast-theme-transparent-header .site-header .site-description{color:#ffffff;}.ast-theme-transparent-header .ast-builder-menu .main-header-menu .menu-item .sub-menu .menu-item .menu-link,.ast-theme-transparent-header .ast-builder-menu .main-header-menu .menu-item .sub-menu .menu-item &gt; .ast-menu-toggle,.ast-theme-transparent-header .main-header-menu .menu-item .sub-menu .menu-link,.ast-header-break-point.ast-flyout-menu-enable.ast-header-break-point .main-header-bar-navigation .main-header-menu .menu-item .sub-menu .menu-link{color:#333333;}.ast-theme-transparent-header .ast-builder-menu .main-header-menu .menu-item .sub-menu .menu-link:hover,.ast-theme-transparent-header .ast-builder-menu .main-header-menu .menu-item .sub-menu .menu-item:hover &gt; .menu-link,.ast-theme-transparent-header .ast-builder-menu .main-header-menu .menu-item .sub-menu .menu-item.focus &gt; .menu-item,.ast-theme-transparent-header .ast-builder-menu .main-header-menu .menu-item .sub-menu .menu-item.current-menu-item &gt; .menu-link,.ast-theme-transparent-header .ast-builder-menu .main-header-menu .menu-item .sub-menu .menu-item.current-menu-item &gt; .ast-menu-toggle,.ast-theme-transparent-header .ast-builder-menu .main-header-menu .menu-item .sub-menu .menu-item:hover &gt; .ast-menu-toggle,.ast-theme-transparent-header .ast-builder-menu .main-header-menu .menu-item .sub-menu .menu-item.focus &gt; .ast-menu-toggle,.ast-theme-transparent-header .main-header-menu .menu-item .sub-menu .menu-item:hover &gt; .menu-link,.ast-header-break-point.ast-flyout-menu-enable.ast-header-break-point .main-header-bar-navigation .main-header-menu .menu-item .sub-menu .menu-link{color:#000000;}.ast-theme-transparent-header .ast-builder-menu .main-header-menu,.ast-theme-transparent-header .ast-builder-menu .main-header-menu .menu-link,.ast-theme-transparent-header [CLASS*="ast-builder-menu-"] .main-header-menu .menu-item &gt; .menu-link,.ast-theme-transparent-header .ast-masthead-custom-menu-items,.ast-theme-transparent-header .ast-masthead-custom-menu-items a,.ast-theme-transparent-header .ast-builder-menu .main-header-menu .menu-item &gt; .ast-menu-toggle,.ast-theme-transparent-header .ast-builder-menu .main-header-menu .menu-item &gt; .ast-menu-toggle,.ast-theme-transparent-header .ast-above-header-navigation a,.ast-header-break-point.ast-theme-transparent-header .ast-above-header-navigation a,.ast-header-break-point.ast-theme-transparent-header .ast-above-header-navigation &gt; ul.ast-above-header-menu &gt; .menu-item-has-children:not(.current-menu-item) &gt; .ast-menu-toggle,.ast-theme-transparent-header .ast-below-header-menu,.ast-theme-transparent-header .ast-below-header-menu a,.ast-header-break-point.ast-theme-transparent-header .ast-below-header-menu a,.ast-header-break-point.ast-theme-transparent-header .ast-below-header-menu,.ast-theme-transparent-header .main-header-menu .menu-link{color:#cecece;}.ast-theme-transparent-header .ast-builder-menu .main-header-menu .menu-item:hover &gt; .menu-link,.ast-theme-transparent-header .ast-builder-menu .main-header-menu .menu-item:hover &gt; .ast-menu-toggle,.ast-theme-transparent-header .ast-builder-menu .main-header-menu .ast-masthead-custom-menu-items a:hover,.ast-theme-transparent-header .ast-builder-menu .main-header-menu .focus &gt; .menu-link,.ast-theme-transparent-header .ast-builder-menu .main-header-menu .focus &gt; .ast-menu-toggle,.ast-theme-transparent-header .ast-builder-menu .main-header-menu .current-menu-item &gt; .menu-link,.ast-theme-transparent-header .ast-builder-menu .main-header-menu .current-menu-ancestor &gt; .menu-link,.ast-theme-transparent-header .ast-builder-menu .main-header-menu .current-menu-item &gt; .ast-menu-toggle,.ast-theme-transparent-header .ast-builder-menu .main-header-menu .current-menu-ancestor &gt; .ast-menu-toggle,.ast-theme-transparent-header [CLASS*="ast-builder-menu-"] .main-header-menu .current-menu-item &gt; .menu-link,.ast-theme-transparent-header [CLASS*="ast-builder-menu-"] .main-header-menu .current-menu-ancestor &gt; .menu-link,.ast-theme-transparent-header [CLASS*="ast-builder-menu-"] .main-header-menu .current-menu-item &gt; .ast-menu-toggle,.ast-theme-transparent-header [CLASS*="ast-builder-menu-"] .main-header-menu .current-menu-ancestor &gt; .ast-menu-toggle,.ast-theme-transparent-header .main-header-menu .menu-item:hover &gt; .menu-link,.ast-theme-transparent-header .main-header-menu .current-menu-item &gt; .menu-link,.ast-theme-transparent-header .main-header-menu .current-menu-ancestor &gt; .menu-link{color:#ffffff;}.ast-theme-transparent-header div.ast-masthead-custom-menu-items,.ast-theme-transparent-header div.ast-masthead-custom-menu-items .widget,.ast-theme-transparent-header div.ast-masthead-custom-menu-items .widget-title,.ast-theme-transparent-header .site-header-section [CLASS*="ast-header-html-"] .ast-builder-html-element{color:#000000;}.ast-theme-transparent-header div.ast-masthead-custom-menu-items a,.ast-theme-transparent-header div.ast-masthead-custom-menu-items .widget a,.ast-theme-transparent-header .site-header-section [CLASS*="ast-header-html-"] .ast-builder-html-element a{color:#cecece;}.ast-theme-transparent-header div.ast-masthead-custom-menu-items a:hover,.ast-theme-transparent-header div.ast-masthead-custom-menu-items .widget a:hover,.ast-theme-transparent-header .site-header-section [CLASS*="ast-header-html-"] .ast-builder-html-element a:hover{color:#ffffff;}}@media (max-width:921px){.transparent-custom-logo{display:none;}}@media (min-width:921px){.ast-transparent-mobile-logo{display:none;}}@media (max-width:921px){.ast-transparent-mobile-logo{display:block;}}@media (min-width:921px){.ast-theme-transparent-header #ast-desktop-header &gt; [CLASS*="-header-wrap"]:nth-last-child(2) &gt; [CLASS*="-header-bar"]{border-bottom-width:0;border-bottom-style:solid;border-bottom-color:rgba(0,0,0,0);}}.ast-breadcrumbs .trail-browse,.ast-breadcrumbs .trail-items,.ast-breadcrumbs .trail-items li{display:inline-block;margin:0;padding:0;border:none;background:inherit;text-indent:0;}.ast-breadcrumbs .trail-browse{font-size:inherit;font-style:inherit;font-weight:inherit;color:inherit;}.ast-breadcrumbs .trail-items{list-style:none;}.trail-items li::after{padding:0 0.3em;content:"\00bb";}.trail-items li:last-of-type::after{display:none;}h1,.entry-content h1,h2,.entry-content h2,h3,.entry-content h3,h4,.entry-content h4,h5,.entry-content h5,h6,.entry-content h6{color:var(--ast-global-color-2);}@media (max-width:921px){.ast-builder-grid-row-container.ast-builder-grid-row-tablet-3-firstrow .ast-builder-grid-row &gt; *:first-child,.ast-builder-grid-row-container.ast-builder-grid-row-tablet-3-lastrow .ast-builder-grid-row &gt; *:last-child{grid-column:1 / -1;}}@media (max-width:544px){.ast-builder-grid-row-container.ast-builder-grid-row-mobile-3-firstrow .ast-builder-grid-row &gt; *:first-child,.ast-builder-grid-row-container.ast-builder-grid-row-mobile-3-lastrow .ast-builder-grid-row &gt; *:last-child{grid-column:1 / -1;}}.ast-builder-layout-element[data-section="title_tagline"]{display:flex;}@media (max-width:921px){.ast-header-break-point .ast-builder-layout-element[data-section="title_tagline"]{display:flex;}}@media (max-width:544px){.ast-header-break-point .ast-builder-layout-element[data-section="title_tagline"]{display:flex;}}.ast-builder-menu-1{font-family:inherit;font-weight:normal;}.ast-builder-menu-1 .menu-item.current-menu-item &gt; .menu-link,.ast-builder-menu-1 .inline-on-mobile .menu-item.current-menu-item &gt; .ast-menu-toggle,.ast-builder-menu-1 .current-menu-ancestor &gt; .menu-link{color:#602bb7;}.ast-builder-menu-1 .menu-item.current-menu-item &gt; .ast-menu-toggle{color:#602bb7;}.ast-builder-menu-1 .sub-menu,.ast-builder-menu-1 .inline-on-mobile .sub-menu{border-top-width:1px;border-bottom-width:1px;border-right-width:1px;border-left-width:1px;border-color:#dddddd;border-style:solid;border-radius:0;}.ast-builder-menu-1 .main-header-menu &gt; .menu-item &gt; .sub-menu,.ast-builder-menu-1 .main-header-menu &gt; .menu-item &gt; .astra-full-megamenu-wrapper{margin-top:0;}.ast-desktop .ast-builder-menu-1 .main-header-menu &gt; .menu-item &gt; .sub-menu:before,.ast-desktop .ast-builder-menu-1 .main-header-menu &gt; .menu-item &gt; .astra-full-megamenu-wrapper:before{height:calc( 0px + 5px );}.ast-desktop .ast-builder-menu-1 .menu-item .sub-menu .menu-link{border-bottom-width:1px;border-color:#eaeaea;border-style:solid;}.ast-desktop .ast-builder-menu-1 .menu-item .sub-menu .menu-item:last-child .menu-link{border-bottom-width:0;}@media (max-width:921px){.ast-header-break-point .ast-builder-menu-1 .menu-item.menu-item-has-children &gt; .ast-menu-toggle{top:0;}.ast-builder-menu-1 .menu-item-has-children &gt; .menu-link:after{content:unset;}}@media (max-width:544px){.ast-header-break-point .ast-builder-menu-1 .menu-item.menu-item-has-children &gt; .ast-menu-toggle{top:0;}}.ast-builder-menu-1{display:flex;}@media (max-width:921px){.ast-header-break-point .ast-builder-menu-1{display:flex;}}@media (max-width:544px){.ast-header-break-point .ast-builder-menu-1{display:flex;}}.ast-site-header-cart .ast-cart-menu-wrap,.ast-site-header-cart .ast-addon-cart-wrap{color:#d2d2d2;}.ast-site-header-cart .ast-cart-menu-wrap .count,.ast-site-header-cart .ast-cart-menu-wrap .count:after,.ast-site-header-cart .ast-addon-cart-wrap .count,.ast-site-header-cart .ast-addon-cart-wrap .ast-icon-shopping-cart:after{color:#d2d2d2;border-color:#d2d2d2;}.ast-site-header-cart .ast-addon-cart-wrap .ast-icon-shopping-cart:after{color:#ffffff;background-color:#d2d2d2;}.ast-site-header-cart .ast-woo-header-cart-info-wrap{color:#d2d2d2;}.ast-site-header-cart .ast-addon-cart-wrap i.astra-icon:after{color:#ffffff;background-color:#d2d2d2;}.ast-theme-transparent-header .ast-site-header-cart .ast-cart-menu-wrap,.ast-theme-transparent-header .ast-site-header-cart .ast-addon-cart-wrap{color:#d2d2d2;}.ast-theme-transparent-header .ast-site-header-cart .ast-cart-menu-wrap .count,.ast-theme-transparent-header .ast-site-header-cart .ast-cart-menu-wrap .count:after,.ast-theme-transparent-header .ast-site-header-cart .ast-addon-cart-wrap .count,.ast-theme-transparent-header .ast-site-header-cart .ast-addon-cart-wrap .ast-icon-shopping-cart:after{color:#d2d2d2;border-color:#d2d2d2;}.ast-theme-transparent-header .ast-site-header-cart .ast-addon-cart-wrap .ast-icon-shopping-cart:after{color:#ffffff;background-color:#d2d2d2;}.ast-theme-transparent-header .ast-site-header-cart .ast-woo-header-cart-info-wrap{color:#d2d2d2;}.ast-theme-transparent-header .ast-site-header-cart .ast-addon-cart-wrap i.astra-icon:after{color:#ffffff;background-color:#d2d2d2;}#ast-site-header-cart .widget_shopping_cart .mini_cart_item{border-bottom-color:rgb(0,0,0);}@media (max-width:921px){#astra-mobile-cart-drawer .widget_shopping_cart .mini_cart_item{border-bottom-color:rgb(0,0,0);}}@media (max-width:544px){#astra-mobile-cart-drawer .widget_shopping_cart .mini_cart_item{border-bottom-color:rgb(0,0,0);}}.ast-site-header-cart .ast-cart-menu-wrap,.ast-site-header-cart .ast-addon-cart-wrap{color:#d2d2d2;}.ast-site-header-cart .ast-cart-menu-wrap:hover .count,.ast-site-header-cart .ast-addon-cart-wrap:hover .count{color:#000000;background-color:#d2d2d2;}.ast-menu-cart-outline .ast-cart-menu-wrap .count,.ast-menu-cart-outline .ast-addon-cart-wrap{color:#d2d2d2;}.ast-site-header-cart .ast-menu-cart-outline .ast-woo-header-cart-info-wrap{color:#d2d2d2;}.ast-menu-cart-fill .ast-cart-menu-wrap .count,.ast-menu-cart-fill .ast-cart-menu-wrap,.ast-menu-cart-fill .ast-addon-cart-wrap .ast-woo-header-cart-info-wrap,.ast-menu-cart-fill .ast-addon-cart-wrap{background-color:#d2d2d2;color:#000000;}.ast-theme-transparent-header .ast-site-header-cart .ast-cart-menu-wrap,.ast-theme-transparent-header .ast-site-header-cart .ast-addon-cart-wrap{color:#d2d2d2;}.ast-theme-transparent-header .ast-site-header-cart .ast-cart-menu-wrap:hover .count,.ast-theme-transparent-header .ast-site-header-cart .ast-addon-cart-wrap:hover .count{color:#000000;background-color:#d2d2d2;}.ast-theme-transparent-header .ast-menu-cart-outline .ast-cart-menu-wrap .count,.ast-theme-transparent-header .ast-menu-cart-outline .ast-addon-cart-wrap{color:#d2d2d2;}.ast-theme-transparent-header .ast-site-header-cart .ast-menu-cart-outline .ast-woo-header-cart-info-wrap{color:#d2d2d2;}.ast-theme-transparent-header .ast-menu-cart-fill .ast-cart-menu-wrap .count,.ast-theme-transparent-header .ast-menu-cart-fill .ast-cart-menu-wrap,.ast-theme-transparent-header .ast-menu-cart-fill .ast-addon-cart-wrap .ast-woo-header-cart-info-wrap,.ast-theme-transparent-header .ast-menu-cart-fill .ast-addon-cart-wrap{background-color:#d2d2d2;color:#000000;}.ast-site-header-cart.ast-menu-cart-outline .ast-cart-menu-wrap,.ast-site-header-cart.ast-menu-cart-fill .ast-cart-menu-wrap,.ast-site-header-cart.ast-menu-cart-outline .ast-cart-menu-wrap .count,.ast-site-header-cart.ast-menu-cart-fill .ast-cart-menu-wrap .count,.ast-site-header-cart.ast-menu-cart-outline .ast-addon-cart-wrap,.ast-site-header-cart.ast-menu-cart-fill .ast-addon-cart-wrap,.ast-site-header-cart.ast-menu-cart-outline .ast-woo-header-cart-info-wrap,.ast-site-header-cart.ast-menu-cart-fill .ast-woo-header-cart-info-wrap{border-radius:3px;}.ast-header-woo-cart{display:flex;}@media (max-width:921px){.ast-header-break-point .ast-header-woo-cart{display:flex;}}@media (max-width:544px){.ast-header-break-point .ast-header-woo-cart{display:none;}}.site-below-footer-wrap{padding-top:20px;padding-bottom:20px;}.site-below-footer-wrap[data-section="section-below-footer-builder"]{background-color:#ffffff;;background-image:none;;min-height:80px;border-style:solid;border-width:0px;border-top-width:1px;border-top-color:rgba(122,122,122,0.13);}.site-below-footer-wrap[data-section="section-below-footer-builder"] .ast-builder-grid-row{max-width:1200px;margin-left:auto;margin-right:auto;}.site-below-footer-wrap[data-section="section-below-footer-builder"] .ast-builder-grid-row,.site-below-footer-wrap[data-section="section-below-footer-builder"] .site-footer-section{align-items:flex-start;}.site-below-footer-wrap[data-section="section-below-footer-builder"].ast-footer-row-inline .site-footer-section{display:flex;margin-bottom:0;}.ast-builder-grid-row-2-equal .ast-builder-grid-row{grid-template-columns:repeat( 2,1fr );}@media (max-width:921px){.site-below-footer-wrap[data-section="section-below-footer-builder"].ast-footer-row-tablet-inline .site-footer-section{display:flex;margin-bottom:0;}.site-below-footer-wrap[data-section="section-below-footer-builder"].ast-footer-row-tablet-stack .site-footer-section{display:block;margin-bottom:10px;}.ast-builder-grid-row-container.ast-builder-grid-row-tablet-2-equal .ast-builder-grid-row{grid-template-columns:repeat( 2,1fr );}}@media (max-width:544px){.site-below-footer-wrap[data-section="section-below-footer-builder"].ast-footer-row-mobile-inline .site-footer-section{display:flex;margin-bottom:0;}.site-below-footer-wrap[data-section="section-below-footer-builder"].ast-footer-row-mobile-stack .site-footer-section{display:block;margin-bottom:10px;}.ast-builder-grid-row-container.ast-builder-grid-row-mobile-full .ast-builder-grid-row{grid-template-columns:1fr;}}@media (max-width:921px){.site-below-footer-wrap[data-section="section-below-footer-builder"]{padding-left:30px;padding-right:30px;}}.site-below-footer-wrap[data-section="section-below-footer-builder"]{display:grid;}@media (max-width:921px){.ast-header-break-point .site-below-footer-wrap[data-section="section-below-footer-builder"]{display:grid;}}@media (max-width:544px){.ast-header-break-point .site-below-footer-wrap[data-section="section-below-footer-builder"]{display:grid;}}.ast-builder-html-element img.alignnone{display:inline-block;}.ast-builder-html-element p:first-child{margin-top:0;}.ast-builder-html-element p:last-child{margin-bottom:0;}.ast-header-break-point .main-header-bar .ast-builder-html-element{line-height:1.85714285714286;}.footer-widget-area[data-section="section-fb-html-1"]{display:block;}@media (max-width:921px){.ast-header-break-point .footer-widget-area[data-section="section-fb-html-1"]{display:block;}}@media (max-width:544px){.ast-header-break-point .footer-widget-area[data-section="section-fb-html-1"]{display:block;}}.footer-widget-area[data-section="section-fb-html-1"] .ast-builder-html-element{text-align:right;}@media (max-width:921px){.footer-widget-area[data-section="section-fb-html-1"] .ast-builder-html-element{text-align:right;}}@media (max-width:544px){.footer-widget-area[data-section="section-fb-html-1"] .ast-builder-html-element{text-align:center;}}.ast-footer-copyright{text-align:left;}.ast-footer-copyright {color:#000000;}@media (max-width:921px){.ast-footer-copyright{text-align:left;}}@media (max-width:544px){.ast-footer-copyright{text-align:center;}}.ast-footer-copyright.ast-builder-layout-element{display:flex;}@media (max-width:921px){.ast-header-break-point .ast-footer-copyright.ast-builder-layout-element{display:flex;}}@media (max-width:544px){.ast-header-break-point .ast-footer-copyright.ast-builder-layout-element{display:flex;}}.site-footer{background-color:#ffffff;;background-image:none;;}.site-primary-footer-wrap{padding-top:45px;padding-bottom:45px;}.site-primary-footer-wrap[data-section="section-primary-footer-builder"]{background-color:#ffffff;;background-image:none;;}.site-primary-footer-wrap[data-section="section-primary-footer-builder"] .ast-builder-grid-row{grid-column-gap:200px;max-width:1200px;margin-left:auto;margin-right:auto;}.site-primary-footer-wrap[data-section="section-primary-footer-builder"] .ast-builder-grid-row,.site-primary-footer-wrap[data-section="section-primary-footer-builder"] .site-footer-section{align-items:flex-start;}.site-primary-footer-wrap[data-section="section-primary-footer-builder"].ast-footer-row-inline .site-footer-section{display:flex;margin-bottom:0;}.ast-builder-grid-row-4-equal .ast-builder-grid-row{grid-template-columns:repeat( 4,1fr );}@media (max-width:921px){.site-primary-footer-wrap[data-section="section-primary-footer-builder"].ast-footer-row-tablet-inline .site-footer-section{display:flex;margin-bottom:0;}.site-primary-footer-wrap[data-section="section-primary-footer-builder"].ast-footer-row-tablet-stack .site-footer-section{display:block;margin-bottom:10px;}.ast-builder-grid-row-container.ast-builder-grid-row-tablet-4-equal .ast-builder-grid-row{grid-template-columns:repeat( 4,1fr );}}@media (max-width:544px){.site-primary-footer-wrap[data-section="section-primary-footer-builder"].ast-footer-row-mobile-inline .site-footer-section{display:flex;margin-bottom:0;}.site-primary-footer-wrap[data-section="section-primary-footer-builder"].ast-footer-row-mobile-stack .site-footer-section{display:block;margin-bottom:10px;}.ast-builder-grid-row-container.ast-builder-grid-row-mobile-full .ast-builder-grid-row{grid-template-columns:1fr;}}.site-primary-footer-wrap[data-section="section-primary-footer-builder"]{padding-top:55px;padding-bottom:55px;}@media (max-width:921px){.site-primary-footer-wrap[data-section="section-primary-footer-builder"]{padding-left:30px;padding-right:30px;}}@media (max-width:544px){.site-primary-footer-wrap[data-section="section-primary-footer-builder"]{padding-top:40px;padding-bottom:20px;}}.site-primary-footer-wrap[data-section="section-primary-footer-builder"]{display:grid;}@media (max-width:921px){.ast-header-break-point .site-primary-footer-wrap[data-section="section-primary-footer-builder"]{display:grid;}}@media (max-width:544px){.ast-header-break-point .site-primary-footer-wrap[data-section="section-primary-footer-builder"]{display:grid;}}.footer-widget-area[data-section="sidebar-widgets-footer-widget-1"] .footer-widget-area-inner{text-align:left;}@media (max-width:921px){.footer-widget-area[data-section="sidebar-widgets-footer-widget-1"] .footer-widget-area-inner{text-align:left;}}@media (max-width:544px){.footer-widget-area[data-section="sidebar-widgets-footer-widget-1"] .footer-widget-area-inner{text-align:center;}}.footer-widget-area[data-section="sidebar-widgets-footer-widget-1"] .footer-widget-area-inner{color:#434343;}.footer-widget-area[data-section="sidebar-widgets-footer-widget-1"] .footer-widget-area-inner a{color:#434343;}.footer-widget-area[data-section="sidebar-widgets-footer-widget-1"] .footer-widget-area-inner a:hover{color:#3197d6;}.footer-widget-area[data-section="sidebar-widgets-footer-widget-1"] .widget-title{color:#000000;}.footer-widget-area[data-section="sidebar-widgets-footer-widget-1"]{display:block;}@media (max-width:921px){.ast-header-break-point .footer-widget-area[data-section="sidebar-widgets-footer-widget-1"]{display:block;}}@media (max-width:544px){.ast-header-break-point .footer-widget-area[data-section="sidebar-widgets-footer-widget-1"]{display:block;}}.footer-widget-area[data-section="sidebar-widgets-footer-widget-2"] .footer-widget-area-inner{color:#434343;}.footer-widget-area[data-section="sidebar-widgets-footer-widget-2"] .footer-widget-area-inner a{color:#434343;}.footer-widget-area[data-section="sidebar-widgets-footer-widget-2"] .footer-widget-area-inner a:hover{color:#3197d6;}.footer-widget-area[data-section="sidebar-widgets-footer-widget-2"] .widget-title{color:#000000;}.footer-widget-area[data-section="sidebar-widgets-footer-widget-2"]{display:block;}@media (max-width:921px){.ast-header-break-point .footer-widget-area[data-section="sidebar-widgets-footer-widget-2"]{display:block;}}@media (max-width:544px){.ast-header-break-point .footer-widget-area[data-section="sidebar-widgets-footer-widget-2"]{display:block;}}.footer-widget-area[data-section="sidebar-widgets-footer-widget-3"] .footer-widget-area-inner{color:#434343;}.footer-widget-area[data-section="sidebar-widgets-footer-widget-3"] .footer-widget-area-inner a{color:#434343;}.footer-widget-area[data-section="sidebar-widgets-footer-widget-3"] .footer-widget-area-inner a:hover{color:#3197d6;}.footer-widget-area[data-section="sidebar-widgets-footer-widget-3"] .widget-title{color:#000000;}.footer-widget-area[data-section="sidebar-widgets-footer-widget-3"]{display:block;}@media (max-width:921px){.ast-header-break-point .footer-widget-area[data-section="sidebar-widgets-footer-widget-3"]{display:block;}}@media (max-width:544px){.ast-header-break-point .footer-widget-area[data-section="sidebar-widgets-footer-widget-3"]{display:block;}}.footer-widget-area[data-section="sidebar-widgets-footer-widget-4"] .footer-widget-area-inner{color:#434343;}.footer-widget-area[data-section="sidebar-widgets-footer-widget-4"] .footer-widget-area-inner a{color:#434343;}.footer-widget-area[data-section="sidebar-widgets-footer-widget-4"] .footer-widget-area-inner a:hover{color:#3197d6;}.footer-widget-area[data-section="sidebar-widgets-footer-widget-4"] .widget-title{color:#000000;}.footer-widget-area[data-section="sidebar-widgets-footer-widget-4"]{display:block;}@media (max-width:921px){.ast-header-break-point .footer-widget-area[data-section="sidebar-widgets-footer-widget-4"]{display:block;}}@media (max-width:544px){.ast-header-break-point .footer-widget-area[data-section="sidebar-widgets-footer-widget-4"]{display:block;}}.footer-widget-area[data-section="sidebar-widgets-footer-widget-2"] .footer-widget-area-inner{text-align:left;}@media (max-width:921px){.footer-widget-area[data-section="sidebar-widgets-footer-widget-2"] .footer-widget-area-inner{text-align:left;}}@media (max-width:544px){.footer-widget-area[data-section="sidebar-widgets-footer-widget-2"] .footer-widget-area-inner{text-align:center;}}.footer-widget-area[data-section="sidebar-widgets-footer-widget-1"] .footer-widget-area-inner{color:#434343;}.footer-widget-area[data-section="sidebar-widgets-footer-widget-1"] .footer-widget-area-inner a{color:#434343;}.footer-widget-area[data-section="sidebar-widgets-footer-widget-1"] .footer-widget-area-inner a:hover{color:#3197d6;}.footer-widget-area[data-section="sidebar-widgets-footer-widget-1"] .widget-title{color:#000000;}.footer-widget-area[data-section="sidebar-widgets-footer-widget-1"]{display:block;}@media (max-width:921px){.ast-header-break-point .footer-widget-area[data-section="sidebar-widgets-footer-widget-1"]{display:block;}}@media (max-width:544px){.ast-header-break-point .footer-widget-area[data-section="sidebar-widgets-footer-widget-1"]{display:block;}}.footer-widget-area[data-section="sidebar-widgets-footer-widget-2"] .footer-widget-area-inner{color:#434343;}.footer-widget-area[data-section="sidebar-widgets-footer-widget-2"] .footer-widget-area-inner a{color:#434343;}.footer-widget-area[data-section="sidebar-widgets-footer-widget-2"] .footer-widget-area-inner a:hover{color:#3197d6;}.footer-widget-area[data-section="sidebar-widgets-footer-widget-2"] .widget-title{color:#000000;}.footer-widget-area[data-section="sidebar-widgets-footer-widget-2"]{display:block;}@media (max-width:921px){.ast-header-break-point .footer-widget-area[data-section="sidebar-widgets-footer-widget-2"]{display:block;}}@media (max-width:544px){.ast-header-break-point .footer-widget-area[data-section="sidebar-widgets-footer-widget-2"]{display:block;}}.footer-widget-area[data-section="sidebar-widgets-footer-widget-3"] .footer-widget-area-inner{color:#434343;}.footer-widget-area[data-section="sidebar-widgets-footer-widget-3"] .footer-widget-area-inner a{color:#434343;}.footer-widget-area[data-section="sidebar-widgets-footer-widget-3"] .footer-widget-area-inner a:hover{color:#3197d6;}.footer-widget-area[data-section="sidebar-widgets-footer-widget-3"] .widget-title{color:#000000;}.footer-widget-area[data-section="sidebar-widgets-footer-widget-3"]{display:block;}@media (max-width:921px){.ast-header-break-point .footer-widget-area[data-section="sidebar-widgets-footer-widget-3"]{display:block;}}@media (max-width:544px){.ast-header-break-point .footer-widget-area[data-section="sidebar-widgets-footer-widget-3"]{display:block;}}.footer-widget-area[data-section="sidebar-widgets-footer-widget-4"] .footer-widget-area-inner{color:#434343;}.footer-widget-area[data-section="sidebar-widgets-footer-widget-4"] .footer-widget-area-inner a{color:#434343;}.footer-widget-area[data-section="sidebar-widgets-footer-widget-4"] .footer-widget-area-inner a:hover{color:#3197d6;}.footer-widget-area[data-section="sidebar-widgets-footer-widget-4"] .widget-title{color:#000000;}.footer-widget-area[data-section="sidebar-widgets-footer-widget-4"]{display:block;}@media (max-width:921px){.ast-header-break-point .footer-widget-area[data-section="sidebar-widgets-footer-widget-4"]{display:block;}}@media (max-width:544px){.ast-header-break-point .footer-widget-area[data-section="sidebar-widgets-footer-widget-4"]{display:block;}}.footer-widget-area[data-section="sidebar-widgets-footer-widget-3"] .footer-widget-area-inner{text-align:left;}@media (max-width:921px){.footer-widget-area[data-section="sidebar-widgets-footer-widget-3"] .footer-widget-area-inner{text-align:left;}}@media (max-width:544px){.footer-widget-area[data-section="sidebar-widgets-footer-widget-3"] .footer-widget-area-inner{text-align:center;}}.footer-widget-area[data-section="sidebar-widgets-footer-widget-1"] .footer-widget-area-inner{color:#434343;}.footer-widget-area[data-section="sidebar-widgets-footer-widget-1"] .footer-widget-area-inner a{color:#434343;}.footer-widget-area[data-section="sidebar-widgets-footer-widget-1"] .footer-widget-area-inner a:hover{color:#3197d6;}.footer-widget-area[data-section="sidebar-widgets-footer-widget-1"] .widget-title{color:#000000;}.footer-widget-area[data-section="sidebar-widgets-footer-widget-1"]{display:block;}@media (max-width:921px){.ast-header-break-point .footer-widget-area[data-section="sidebar-widgets-footer-widget-1"]{display:block;}}@media (max-width:544px){.ast-header-break-point .footer-widget-area[data-section="sidebar-widgets-footer-widget-1"]{display:block;}}.footer-widget-area[data-section="sidebar-widgets-footer-widget-2"] .footer-widget-area-inner{color:#434343;}.footer-widget-area[data-section="sidebar-widgets-footer-widget-2"] .footer-widget-area-inner a{color:#434343;}.footer-widget-area[data-section="sidebar-widgets-footer-widget-2"] .footer-widget-area-inner a:hover{color:#3197d6;}.footer-widget-area[data-section="sidebar-widgets-footer-widget-2"] .widget-title{color:#000000;}.footer-widget-area[data-section="sidebar-widgets-footer-widget-2"]{display:block;}@media (max-width:921px){.ast-header-break-point .footer-widget-area[data-section="sidebar-widgets-footer-widget-2"]{display:block;}}@media (max-width:544px){.ast-header-break-point .footer-widget-area[data-section="sidebar-widgets-footer-widget-2"]{display:block;}}.footer-widget-area[data-section="sidebar-widgets-footer-widget-3"] .footer-widget-area-inner{color:#434343;}.footer-widget-area[data-section="sidebar-widgets-footer-widget-3"] .footer-widget-area-inner a{color:#434343;}.footer-widget-area[data-section="sidebar-widgets-footer-widget-3"] .footer-widget-area-inner a:hover{color:#3197d6;}.footer-widget-area[data-section="sidebar-widgets-footer-widget-3"] .widget-title{color:#000000;}.footer-widget-area[data-section="sidebar-widgets-footer-widget-3"]{display:block;}@media (max-width:921px){.ast-header-break-point .footer-widget-area[data-section="sidebar-widgets-footer-widget-3"]{display:block;}}@media (max-width:544px){.ast-header-break-point .footer-widget-area[data-section="sidebar-widgets-footer-widget-3"]{display:block;}}.footer-widget-area[data-section="sidebar-widgets-footer-widget-4"] .footer-widget-area-inner{color:#434343;}.footer-widget-area[data-section="sidebar-widgets-footer-widget-4"] .footer-widget-area-inner a{color:#434343;}.footer-widget-area[data-section="sidebar-widgets-footer-widget-4"] .footer-widget-area-inner a:hover{color:#3197d6;}.footer-widget-area[data-section="sidebar-widgets-footer-widget-4"] .widget-title{color:#000000;}.footer-widget-area[data-section="sidebar-widgets-footer-widget-4"]{display:block;}@media (max-width:921px){.ast-header-break-point .footer-widget-area[data-section="sidebar-widgets-footer-widget-4"]{display:block;}}@media (max-width:544px){.ast-header-break-point .footer-widget-area[data-section="sidebar-widgets-footer-widget-4"]{display:block;}}.footer-widget-area[data-section="sidebar-widgets-footer-widget-4"] .footer-widget-area-inner{text-align:left;}@media (max-width:921px){.footer-widget-area[data-section="sidebar-widgets-footer-widget-4"] .footer-widget-area-inner{text-align:left;}}@media (max-width:544px){.footer-widget-area[data-section="sidebar-widgets-footer-widget-4"] .footer-widget-area-inner{text-align:center;}}.footer-widget-area[data-section="sidebar-widgets-footer-widget-1"] .footer-widget-area-inner{color:#434343;}.footer-widget-area[data-section="sidebar-widgets-footer-widget-1"] .footer-widget-area-inner a{color:#434343;}.footer-widget-area[data-section="sidebar-widgets-footer-widget-1"] .footer-widget-area-inner a:hover{color:#3197d6;}.footer-widget-area[data-section="sidebar-widgets-footer-widget-1"] .widget-title{color:#000000;}.footer-widget-area[data-section="sidebar-widgets-footer-widget-1"]{display:block;}@media (max-width:921px){.ast-header-break-point .footer-widget-area[data-section="sidebar-widgets-footer-widget-1"]{display:block;}}@media (max-width:544px){.ast-header-break-point .footer-widget-area[data-section="sidebar-widgets-footer-widget-1"]{display:block;}}.footer-widget-area[data-section="sidebar-widgets-footer-widget-2"] .footer-widget-area-inner{color:#434343;}.footer-widget-area[data-section="sidebar-widgets-footer-widget-2"] .footer-widget-area-inner a{color:#434343;}.footer-widget-area[data-section="sidebar-widgets-footer-widget-2"] .footer-widget-area-inner a:hover{color:#3197d6;}.footer-widget-area[data-section="sidebar-widgets-footer-widget-2"] .widget-title{color:#000000;}.footer-widget-area[data-section="sidebar-widgets-footer-widget-2"]{display:block;}@media (max-width:921px){.ast-header-break-point .footer-widget-area[data-section="sidebar-widgets-footer-widget-2"]{display:block;}}@media (max-width:544px){.ast-header-break-point .footer-widget-area[data-section="sidebar-widgets-footer-widget-2"]{display:block;}}.footer-widget-area[data-section="sidebar-widgets-footer-widget-3"] .footer-widget-area-inner{color:#434343;}.footer-widget-area[data-section="sidebar-widgets-footer-widget-3"] .footer-widget-area-inner a{color:#434343;}.footer-widget-area[data-section="sidebar-widgets-footer-widget-3"] .footer-widget-area-inner a:hover{color:#3197d6;}.footer-widget-area[data-section="sidebar-widgets-footer-widget-3"] .widget-title{color:#000000;}.footer-widget-area[data-section="sidebar-widgets-footer-widget-3"]{display:block;}@media (max-width:921px){.ast-header-break-point .footer-widget-area[data-section="sidebar-widgets-footer-widget-3"]{display:block;}}@media (max-width:544px){.ast-header-break-point .footer-widget-area[data-section="sidebar-widgets-footer-widget-3"]{display:block;}}.footer-widget-area[data-section="sidebar-widgets-footer-widget-4"] .footer-widget-area-inner{color:#434343;}.footer-widget-area[data-section="sidebar-widgets-footer-widget-4"] .footer-widget-area-inner a{color:#434343;}.footer-widget-area[data-section="sidebar-widgets-footer-widget-4"] .footer-widget-area-inner a:hover{color:#3197d6;}.footer-widget-area[data-section="sidebar-widgets-footer-widget-4"] .widget-title{color:#000000;}.footer-widget-area[data-section="sidebar-widgets-footer-widget-4"]{display:block;}@media (max-width:921px){.ast-header-break-point .footer-widget-area[data-section="sidebar-widgets-footer-widget-4"]{display:block;}}@media (max-width:544px){.ast-header-break-point .footer-widget-area[data-section="sidebar-widgets-footer-widget-4"]{display:block;}}.ast-header-break-point .main-header-bar{border-bottom-width:1px;}@media (min-width:922px){.main-header-bar{border-bottom-width:1px;}}.ast-flex{-webkit-align-content:center;-ms-flex-line-pack:center;align-content:center;-webkit-box-align:center;-webkit-align-items:center;-moz-box-align:center;-ms-flex-align:center;align-items:center;}.main-header-bar{padding:1em 0;}.ast-site-identity{padding:0;}.header-main-layout-1 .ast-flex.main-header-container, .header-main-layout-3 .ast-flex.main-header-container{-webkit-align-content:center;-ms-flex-line-pack:center;align-content:center;-webkit-box-align:center;-webkit-align-items:center;-moz-box-align:center;-ms-flex-align:center;align-items:center;}.header-main-layout-1 .ast-flex.main-header-container, .header-main-layout-3 .ast-flex.main-header-container{-webkit-align-content:center;-ms-flex-line-pack:center;align-content:center;-webkit-box-align:center;-webkit-align-items:center;-moz-box-align:center;-ms-flex-align:center;align-items:center;}.main-header-menu .sub-menu .menu-item.menu-item-has-children &gt; .menu-link:after{position:absolute;right:1em;top:50%;transform:translate(0,-50%) rotate(270deg);}.ast-header-break-point .main-header-bar .main-header-bar-navigation .page_item_has_children &gt; .ast-menu-toggle::before, .ast-header-break-point .main-header-bar .main-header-bar-navigation .menu-item-has-children &gt; .ast-menu-toggle::before, .ast-mobile-popup-drawer .main-header-bar-navigation .menu-item-has-children&gt;.ast-menu-toggle::before, .ast-header-break-point .ast-mobile-header-wrap .main-header-bar-navigation .menu-item-has-children &gt; .ast-menu-toggle::before{font-weight:bold;content:"\e900";font-family:Astra;text-decoration:inherit;display:inline-block;}.ast-header-break-point .main-navigation ul.sub-menu .menu-item .menu-link:before{content:"\e900";font-family:Astra;font-size:.65em;text-decoration:inherit;display:inline-block;transform:translate(0, -2px) rotateZ(270deg);margin-right:5px;}.widget_search .search-form:after{font-family:Astra;font-size:1.2em;font-weight:normal;content:"\e8b6";position:absolute;top:50%;right:15px;transform:translate(0, -50%);}.astra-search-icon::before{content:"\e8b6";font-family:Astra;font-style:normal;font-weight:normal;text-decoration:inherit;text-align:center;-webkit-font-smoothing:antialiased;-moz-osx-font-smoothing:grayscale;}.main-header-bar .main-header-bar-navigation .page_item_has_children &gt; a:after, .main-header-bar .main-header-bar-navigation .menu-item-has-children &gt; a:after, .site-header-focus-item .main-header-bar-navigation .menu-item-has-children &gt; .menu-link:after{content:"\e900";display:inline-block;font-family:Astra;font-size:.6rem;font-weight:bold;text-rendering:auto;-webkit-font-smoothing:antialiased;-moz-osx-font-smoothing:grayscale;margin-left:10px;line-height:normal;}.ast-mobile-popup-drawer .main-header-bar-navigation .ast-submenu-expanded&gt;.ast-menu-toggle::before{transform:rotateX(180deg);}.ast-header-break-point .main-header-bar-navigation .menu-item-has-children &gt; .menu-link:after{display:none;}.ast-separate-container .blog-layout-1, .ast-separate-container .blog-layout-2, .ast-separate-container .blog-layout-3{background-color:transparent;background-image:none;}.ast-separate-container .ast-article-post{background-color:#ffffff;;}.ast-separate-container .ast-article-single:not(.ast-related-post), .ast-separate-container .comments-area .comment-respond,.ast-separate-container .comments-area .ast-comment-list li, .ast-separate-container .ast-woocommerce-container, .ast-separate-container .error-404, .ast-separate-container .no-results, .single.ast-separate-container .ast-author-meta, .ast-separate-container .related-posts-title-wrapper, .ast-separate-container.ast-two-container #secondary .widget,.ast-separate-container .comments-count-wrapper, .ast-box-layout.ast-plain-container .site-content,.ast-padded-layout.ast-plain-container .site-content, .ast-separate-container .comments-area .comments-title{background-color:#ffffff;;}.ast-mobile-header-content &gt; *,.ast-desktop-header-content &gt; * {padding: 10px 0;height: auto;}.ast-mobile-header-content &gt; *:first-child,.ast-desktop-header-content &gt; *:first-child {padding-top: 10px;}.ast-mobile-header-content &gt; .ast-builder-menu,.ast-desktop-header-content &gt; .ast-builder-menu {padding-top: 0;}.ast-mobile-header-content &gt; *:last-child,.ast-desktop-header-content &gt; *:last-child {padding-bottom: 0;}.ast-mobile-header-content .ast-search-menu-icon.ast-inline-search label,.ast-desktop-header-content .ast-search-menu-icon.ast-inline-search label {width: 100%;}.ast-desktop-header-content .main-header-bar-navigation .ast-submenu-expanded &gt; .ast-menu-toggle::before {transform: rotateX(180deg);}#ast-desktop-header .ast-desktop-header-content,.ast-mobile-header-content .ast-search-icon,.ast-desktop-header-content .ast-search-icon,.ast-mobile-header-wrap .ast-mobile-header-content,.ast-main-header-nav-open.ast-popup-nav-open .ast-mobile-header-wrap .ast-mobile-header-content,.ast-main-header-nav-open.ast-popup-nav-open .ast-desktop-header-content {display: none;}.ast-main-header-nav-open.ast-header-break-point #ast-desktop-header .ast-desktop-header-content,.ast-main-header-nav-open.ast-header-break-point .ast-mobile-header-wrap .ast-mobile-header-content {display: block;}.ast-desktop .ast-desktop-header-content .astra-menu-animation-slide-up &gt; .menu-item &gt; .sub-menu,.ast-desktop .ast-desktop-header-content .astra-menu-animation-slide-up &gt; .menu-item .menu-item &gt; .sub-menu,.ast-desktop .ast-desktop-header-content .astra-menu-animation-slide-down &gt; .menu-item &gt; .sub-menu,.ast-desktop .ast-desktop-header-content .astra-menu-animation-slide-down &gt; .menu-item .menu-item &gt; .sub-menu,.ast-desktop .ast-desktop-header-content .astra-menu-animation-fade &gt; .menu-item &gt; .sub-menu,.ast-desktop .ast-desktop-header-content .astra-menu-animation-fade &gt; .menu-item .menu-item &gt; .sub-menu {opacity: 1;visibility: visible;}.ast-hfb-header.ast-default-menu-enable.ast-header-break-point .ast-mobile-header-wrap .ast-mobile-header-content .main-header-bar-navigation {width: unset;margin: unset;}.ast-mobile-header-content.content-align-flex-end .main-header-bar-navigation .menu-item-has-children &gt; .ast-menu-toggle,.ast-desktop-header-content.content-align-flex-end .main-header-bar-navigation .menu-item-has-children &gt; .ast-menu-toggle {left: calc( 20px - 0.907em);}.ast-mobile-header-content .ast-search-menu-icon,.ast-mobile-header-content .ast-search-menu-icon.slide-search,.ast-desktop-header-content .ast-search-menu-icon,.ast-desktop-header-content .ast-search-menu-icon.slide-search {width: 100%;position: relative;display: block;right: auto;transform: none;}.ast-mobile-header-content .ast-search-menu-icon.slide-search .search-form,.ast-mobile-header-content .ast-search-menu-icon .search-form,.ast-desktop-header-content .ast-search-menu-icon.slide-search .search-form,.ast-desktop-header-content .ast-search-menu-icon .search-form {right: 0;visibility: visible;opacity: 1;position: relative;top: auto;transform: none;padding: 0;display: block;overflow: hidden;}.ast-mobile-header-content .ast-search-menu-icon.ast-inline-search .search-field,.ast-mobile-header-content .ast-search-menu-icon .search-field,.ast-desktop-header-content .ast-search-menu-icon.ast-inline-search .search-field,.ast-desktop-header-content .ast-search-menu-icon .search-field {width: 100%;padding-right: 5.5em;}.ast-mobile-header-content .ast-search-menu-icon .search-submit,.ast-desktop-header-content .ast-search-menu-icon .search-submit {display: block;position: absolute;height: 100%;top: 0;right: 0;padding: 0 1em;border-radius: 0;}.ast-hfb-header.ast-default-menu-enable.ast-header-break-point .ast-mobile-header-wrap .ast-mobile-header-content .main-header-bar-navigation ul .sub-menu .menu-link {padding-left: 30px;}.ast-hfb-header.ast-default-menu-enable.ast-header-break-point .ast-mobile-header-wrap .ast-mobile-header-content .main-header-bar-navigation .sub-menu .menu-item .menu-item .menu-link {padding-left: 40px;}.ast-mobile-popup-drawer.active .ast-mobile-popup-inner{background-color:#ffffff;;}.ast-mobile-header-wrap .ast-mobile-header-content, .ast-desktop-header-content{background-color:#ffffff;;}.ast-mobile-popup-content &gt; *, .ast-mobile-header-content &gt; *, .ast-desktop-popup-content &gt; *, .ast-desktop-header-content &gt; *{padding-top:0;padding-bottom:0;}.content-align-flex-start .ast-builder-layout-element{justify-content:flex-start;}.content-align-flex-start .main-header-menu{text-align:left;}.ast-mobile-popup-drawer.active .menu-toggle-close{color:#3a3a3a;}.ast-mobile-header-wrap .ast-primary-header-bar,.ast-primary-header-bar .site-primary-header-wrap{min-height:70px;}.ast-desktop .ast-primary-header-bar .main-header-menu &gt; .menu-item{line-height:70px;}.ast-desktop .ast-primary-header-bar .ast-header-woo-cart,.ast-desktop .ast-primary-header-bar .ast-header-edd-cart{line-height:70px;}@media (max-width:921px){#masthead .ast-mobile-header-wrap .ast-primary-header-bar,#masthead .ast-mobile-header-wrap .ast-below-header-bar{padding-left:20px;padding-right:20px;}}.ast-header-break-point .ast-primary-header-bar{border-bottom-width:1px;border-bottom-style:solid;}@media (min-width:922px){.ast-primary-header-bar{border-bottom-width:1px;border-bottom-style:solid;}}.ast-primary-header-bar{background-color:#ffffff;;background-image:none;;}.ast-primary-header-bar{display:block;}@media (max-width:921px){.ast-header-break-point .ast-primary-header-bar{display:grid;}}@media (max-width:544px){.ast-header-break-point .ast-primary-header-bar{display:grid;}}[data-section="section-header-mobile-trigger"] .ast-button-wrap .ast-mobile-menu-trigger-minimal{color:#000000;border:none;background:transparent;}[data-section="section-header-mobile-trigger"] .ast-button-wrap .mobile-menu-toggle-icon .ast-mobile-svg{width:20px;height:20px;fill:#000000;}[data-section="section-header-mobile-trigger"] .ast-button-wrap .mobile-menu-wrap .mobile-menu{color:#000000;}
</style>
    <link id="astra-menu-animation-css" rel="stylesheet" href="https://askomdch.com/wp-content/themes/astra/assets/css/minified/menu-animation.min.css?ver=3.7.5" media="all"/>
    <link id="wp-block-library-css" rel="stylesheet" href="https://askomdch.com/wp-includes/css/dist/block-library/style.min.css?ver=5.8.1" media="all"/>
    <link id="wc-blocks-vendors-style-css" rel="stylesheet" href="https://askomdch.com/wp-content/plugins/woocommerce/packages/woocommerce-blocks/build/wc-blocks-vendors-style.css?ver=5.9.1" media="all"/>
    <link id="wc-blocks-style-css" rel="stylesheet" href="https://askomdch.com/wp-content/plugins/woocommerce/packages/woocommerce-blocks/build/wc-blocks-style.css?ver=5.9.1" media="all"/>
    <style id="global-styles-inline-css">
body{--wp--preset--color--black: #000000;--wp--preset--color--cyan-bluish-gray: #abb8c3;--wp--preset--color--white: #ffffff;--wp--preset--color--pale-pink: #f78da7;--wp--preset--color--vivid-red: #cf2e2e;--wp--preset--color--luminous-vivid-orange: #ff6900;--wp--preset--color--luminous-vivid-amber: #fcb900;--wp--preset--color--light-green-cyan: #7bdcb5;--wp--preset--color--vivid-green-cyan: #00d084;--wp--preset--color--pale-cyan-blue: #8ed1fc;--wp--preset--color--vivid-cyan-blue: #0693e3;--wp--preset--color--vivid-purple: #9b51e0;--wp--preset--color--ast-global-color-0: var(--ast-global-color-0);--wp--preset--color--ast-global-color-1: var(--ast-global-color-1);--wp--preset--color--ast-global-color-2: var(--ast-global-color-2);--wp--preset--color--ast-global-color-3: var(--ast-global-color-3);--wp--preset--color--ast-global-color-4: var(--ast-global-color-4);--wp--preset--color--ast-global-color-5: var(--ast-global-color-5);--wp--preset--color--ast-global-color-6: var(--ast-global-color-6);--wp--preset--color--ast-global-color-7: var(--ast-global-color-7);--wp--preset--color--ast-global-color-8: var(--ast-global-color-8);--wp--preset--gradient--vivid-cyan-blue-to-vivid-purple: linear-gradient(135deg,rgba(6,147,227,1) 0%,rgb(155,81,224) 100%);--wp--preset--gradient--light-green-cyan-to-vivid-green-cyan: linear-gradient(135deg,rgb(122,220,180) 0%,rgb(0,208,130) 100%);--wp--preset--gradient--luminous-vivid-amber-to-luminous-vivid-orange: linear-gradient(135deg,rgba(252,185,0,1) 0%,rgba(255,105,0,1) 100%);--wp--preset--gradient--luminous-vivid-orange-to-vivid-red: linear-gradient(135deg,rgba(255,105,0,1) 0%,rgb(207,46,46) 100%);--wp--preset--gradient--very-light-gray-to-cyan-bluish-gray: linear-gradient(135deg,rgb(238,238,238) 0%,rgb(169,184,195) 100%);--wp--preset--gradient--cool-to-warm-spectrum: linear-gradient(135deg,rgb(74,234,220) 0%,rgb(151,120,209) 20%,rgb(207,42,186) 40%,rgb(238,44,130) 60%,rgb(251,105,98) 80%,rgb(254,248,76) 100%);--wp--preset--gradient--blush-light-purple: linear-gradient(135deg,rgb(255,206,236) 0%,rgb(152,150,240) 100%);--wp--preset--gradient--blush-bordeaux: linear-gradient(135deg,rgb(254,205,165) 0%,rgb(254,45,45) 50%,rgb(107,0,62) 100%);--wp--preset--gradient--luminous-dusk: linear-gradient(135deg,rgb(255,203,112) 0%,rgb(199,81,192) 50%,rgb(65,88,208) 100%);--wp--preset--gradient--pale-ocean: linear-gradient(135deg,rgb(255,245,203) 0%,rgb(182,227,212) 50%,rgb(51,167,181) 100%);--wp--preset--gradient--electric-grass: linear-gradient(135deg,rgb(202,248,128) 0%,rgb(113,206,126) 100%);--wp--preset--gradient--midnight: linear-gradient(135deg,rgb(2,3,129) 0%,rgb(40,116,252) 100%);--wp--preset--font-size--small: 13px;--wp--preset--font-size--normal: 16px;--wp--preset--font-size--medium: 20px;--wp--preset--font-size--large: 36px;--wp--preset--font-size--huge: 42px;}.has-black-color{color: var(--wp--preset--color--black) !important;}.has-cyan-bluish-gray-color{color: var(--wp--preset--color--cyan-bluish-gray) !important;}.has-white-color{color: var(--wp--preset--color--white) !important;}.has-pale-pink-color{color: var(--wp--preset--color--pale-pink) !important;}.has-vivid-red-color{color: var(--wp--preset--color--vivid-red) !important;}.has-luminous-vivid-orange-color{color: var(--wp--preset--color--luminous-vivid-orange) !important;}.has-luminous-vivid-amber-color{color: var(--wp--preset--color--luminous-vivid-amber) !important;}.has-light-green-cyan-color{color: var(--wp--preset--color--light-green-cyan) !important;}.has-vivid-green-cyan-color{color: var(--wp--preset--color--vivid-green-cyan) !important;}.has-pale-cyan-blue-color{color: var(--wp--preset--color--pale-cyan-blue) !important;}.has-vivid-cyan-blue-color{color: var(--wp--preset--color--vivid-cyan-blue) !important;}.has-vivid-purple-color{color: var(--wp--preset--color--vivid-purple) !important;}.has-ast-global-color-0-color{color: var(--wp--preset--color--ast-global-color-0) !important;}.has-ast-global-color-1-color{color: var(--wp--preset--color--ast-global-color-1) !important;}.has-ast-global-color-2-color{color: var(--wp--preset--color--ast-global-color-2) !important;}.has-ast-global-color-3-color{color: var(--wp--preset--color--ast-global-color-3) !important;}.has-ast-global-color-4-color{color: var(--wp--preset--color--ast-global-color-4) !important;}.has-ast-global-color-5-color{color: var(--wp--preset--color--ast-global-color-5) !important;}.has-ast-global-color-6-color{color: var(--wp--preset--color--ast-global-color-6) !important;}.has-ast-global-color-7-color{color: var(--wp--preset--color--ast-global-color-7) !important;}.has-ast-global-color-8-color{color: var(--wp--preset--color--ast-global-color-8) !important;}.has-black-background-color{background-color: var(--wp--preset--color--black) !important;}.has-cyan-bluish-gray-background-color{background-color: var(--wp--preset--color--cyan-bluish-gray) !important;}.has-white-background-color{background-color: var(--wp--preset--color--white) !important;}.has-pale-pink-background-color{background-color: var(--wp--preset--color--pale-pink) !important;}.has-vivid-red-background-color{background-color: var(--wp--preset--color--vivid-red) !important;}.has-luminous-vivid-orange-background-color{background-color: var(--wp--preset--color--luminous-vivid-orange) !important;}.has-luminous-vivid-amber-background-color{background-color: var(--wp--preset--color--luminous-vivid-amber) !important;}.has-light-green-cyan-background-color{background-color: var(--wp--preset--color--light-green-cyan) !important;}.has-vivid-green-cyan-background-color{background-color: var(--wp--preset--color--vivid-green-cyan) !important;}.has-pale-cyan-blue-background-color{background-color: var(--wp--preset--color--pale-cyan-blue) !important;}.has-vivid-cyan-blue-background-color{background-color: var(--wp--preset--color--vivid-cyan-blue) !important;}.has-vivid-purple-background-color{background-color: var(--wp--preset--color--vivid-purple) !important;}.has-ast-global-color-0-background-color{background-color: var(--wp--preset--color--ast-global-color-0) !important;}.has-ast-global-color-1-background-color{background-color: var(--wp--preset--color--ast-global-color-1) !important;}.has-ast-global-color-2-background-color{background-color: var(--wp--preset--color--ast-global-color-2) !important;}.has-ast-global-color-3-background-color{background-color: var(--wp--preset--color--ast-global-color-3) !important;}.has-ast-global-color-4-background-color{background-color: var(--wp--preset--color--ast-global-color-4) !important;}.has-ast-global-color-5-background-color{background-color: var(--wp--preset--color--ast-global-color-5) !important;}.has-ast-global-color-6-background-color{background-color: var(--wp--preset--color--ast-global-color-6) !important;}.has-ast-global-color-7-background-color{background-color: var(--wp--preset--color--ast-global-color-7) !important;}.has-ast-global-color-8-background-color{background-color: var(--wp--preset--color--ast-global-color-8) !important;}.has-vivid-cyan-blue-to-vivid-purple-gradient-background{background: var(--wp--preset--gradient--vivid-cyan-blue-to-vivid-purple) !important;}.has-light-green-cyan-to-vivid-green-cyan-gradient-background{background: var(--wp--preset--gradient--light-green-cyan-to-vivid-green-cyan) !important;}.has-luminous-vivid-amber-to-luminous-vivid-orange-gradient-background{background: var(--wp--preset--gradient--luminous-vivid-amber-to-luminous-vivid-orange) !important;}.has-luminous-vivid-orange-to-vivid-red-gradient-background{background: var(--wp--preset--gradient--luminous-vivid-orange-to-vivid-red) !important;}.has-very-light-gray-to-cyan-bluish-gray-gradient-background{background: var(--wp--preset--gradient--very-light-gray-to-cyan-bluish-gray) !important;}.has-cool-to-warm-spectrum-gradient-background{background: var(--wp--preset--gradient--cool-to-warm-spectrum) !important;}.has-blush-light-purple-gradient-background{background: var(--wp--preset--gradient--blush-light-purple) !important;}.has-blush-bordeaux-gradient-background{background: var(--wp--preset--gradient--blush-bordeaux) !important;}.has-luminous-dusk-gradient-background{background: var(--wp--preset--gradient--luminous-dusk) !important;}.has-pale-ocean-gradient-background{background: var(--wp--preset--gradient--pale-ocean) !important;}.has-electric-grass-gradient-background{background: var(--wp--preset--gradient--electric-grass) !important;}.has-midnight-gradient-background{background: var(--wp--preset--gradient--midnight) !important;}.has-small-font-size{font-size: var(--wp--preset--font-size--small) !important;}.has-normal-font-size{font-size: var(--wp--preset--font-size--normal) !important;}.has-medium-font-size{font-size: var(--wp--preset--font-size--medium) !important;}.has-large-font-size{font-size: var(--wp--preset--font-size--large) !important;}.has-huge-font-size{font-size: var(--wp--preset--font-size--huge) !important;}
</style>
    <link id="woocommerce-layout-css" rel="stylesheet" href="https://askomdch.com/wp-content/themes/astra/assets/css/minified/compatibility/woocommerce/woocommerce-layout.min.css?ver=3.7.5" media="all"/>
    <link id="woocommerce-smallscreen-css" rel="stylesheet" href="https://askomdch.com/wp-content/themes/astra/assets/css/minified/compatibility/woocommerce/woocommerce-smallscreen.min.css?ver=3.7.5" media="only screen and (max-width: 921px)"/>
    <link id="woocommerce-general-css" rel="stylesheet" href="https://askomdch.com/wp-content/themes/astra/assets/css/minified/compatibility/woocommerce/woocommerce.min.css?ver=3.7.5" media="all"/>
    <style id="woocommerce-general-inline-css">
#customer_details h3:not(.elementor-widget-woocommerce-checkout-page h3){font-size:1.2rem;padding:20px 0 14px;margin:0 0 20px;border-bottom:1px solid #ebebeb;}form #order_review_heading:not(.elementor-widget-woocommerce-checkout-page #order_review_heading){border-width:2px 2px 0 2px;border-style:solid;font-size:1.2rem;margin:0;padding:1.5em 1.5em 1em;border-color:#ebebeb;}form #order_review:not(.elementor-widget-woocommerce-checkout-page #order_review){padding:0 2em;border-width:0 2px 2px;border-style:solid;border-color:#ebebeb;}ul#shipping_method li:not(.elementor-widget-woocommerce-cart #shipping_method li){margin:0;padding:0.25em 0 0.25em 22px;text-indent:-22px;list-style:none outside;}.woocommerce span.onsale, .wc-block-grid__product .wc-block-grid__product-onsale{background-color:#54595f;color:#ffffff;}.woocommerce a.button, .woocommerce button.button, .woocommerce .woocommerce-message a.button, .woocommerce #respond input#submit.alt, .woocommerce a.button.alt, .woocommerce button.button.alt, .woocommerce input.button.alt, .woocommerce input.button,.woocommerce input.button:disabled, .woocommerce input.button:disabled[disabled], .woocommerce input.button:disabled:hover, .woocommerce input.button:disabled[disabled]:hover, .woocommerce #respond input#submit, .woocommerce button.button.alt.disabled, .wc-block-grid__products .wc-block-grid__product .wp-block-button__link, .wc-block-grid__product-onsale{color:#ffffff;border-color:#3197d6;background-color:#3197d6;}.woocommerce a.button:hover, .woocommerce button.button:hover, .woocommerce .woocommerce-message a.button:hover,.woocommerce #respond input#submit:hover,.woocommerce #respond input#submit.alt:hover, .woocommerce a.button.alt:hover, .woocommerce button.button.alt:hover, .woocommerce input.button.alt:hover, .woocommerce input.button:hover, .woocommerce button.button.alt.disabled:hover, .wc-block-grid__products .wc-block-grid__product .wp-block-button__link:hover{color:#ffffff;border-color:#0084d6;background-color:#0084d6;}.woocommerce-message, .woocommerce-info{border-top-color:#4e4e4e;}.woocommerce-message::before,.woocommerce-info::before{color:#4e4e4e;}.woocommerce ul.products li.product .price, .woocommerce div.product p.price, .woocommerce div.product span.price, .widget_layered_nav_filters ul li.chosen a, .woocommerce-page ul.products li.product .ast-woo-product-category, .wc-layered-nav-rating a{color:#333333;}.woocommerce nav.woocommerce-pagination ul,.woocommerce nav.woocommerce-pagination ul li{border-color:#4e4e4e;}.woocommerce nav.woocommerce-pagination ul li a:focus, .woocommerce nav.woocommerce-pagination ul li a:hover, .woocommerce nav.woocommerce-pagination ul li span.current{background:#4e4e4e;color:#ffffff;}.woocommerce-MyAccount-navigation-link.is-active a{color:#0084d6;}.woocommerce .widget_price_filter .ui-slider .ui-slider-range, .woocommerce .widget_price_filter .ui-slider .ui-slider-handle{background-color:#4e4e4e;}.woocommerce a.button, .woocommerce button.button, .woocommerce .woocommerce-message a.button, .woocommerce #respond input#submit.alt, .woocommerce a.button.alt, .woocommerce button.button.alt, .woocommerce input.button.alt, .woocommerce input.button,.woocommerce-cart table.cart td.actions .button, .woocommerce form.checkout_coupon .button, .woocommerce #respond input#submit, .wc-block-grid__products .wc-block-grid__product .wp-block-button__link{border-radius:0;padding-top:17px;padding-right:30px;padding-bottom:17px;padding-left:30px;}.woocommerce .star-rating, .woocommerce .comment-form-rating .stars a, .woocommerce .star-rating::before{color:#4e4e4e;}.woocommerce div.product .woocommerce-tabs ul.tabs li.active:before{background:#4e4e4e;}.woocommerce a.remove:hover{color:#4e4e4e;border-color:#4e4e4e;background-color:#ffffff;}.woocommerce ul.product-categories &gt; li ul li:before{content:"\e900";padding:0 5px 0 5px;display:inline-block;font-family:Astra;transform:rotate(-90deg);font-size:0.7rem;}@media (min-width:545px) and (max-width:921px){.woocommerce.tablet-columns-6 ul.products li.product, .woocommerce-page.tablet-columns-6 ul.products li.product{width:calc(16.66% - 16.66px);}.woocommerce.tablet-columns-5 ul.products li.product, .woocommerce-page.tablet-columns-5 ul.products li.product{width:calc(20% - 16px);}.woocommerce.tablet-columns-4 ul.products li.product, .woocommerce-page.tablet-columns-4 ul.products li.product{width:calc(25% - 15px);}.woocommerce.tablet-columns-3 ul.products li.product, .woocommerce-page.tablet-columns-3 ul.products li.product{width:calc(33.33% - 14px);}.woocommerce.tablet-columns-2 ul.products li.product, .woocommerce-page.tablet-columns-2 ul.products li.product{width:calc(50% - 10px);}.woocommerce.tablet-columns-1 ul.products li.product, .woocommerce-page.tablet-columns-1 ul.products li.product{width:100%;}.woocommerce div.product .related.products ul.products li.product{width:calc(33.33% - 14px);}}@media (min-width:545px) and (max-width:921px){.woocommerce[class*="columns-"].columns-3 &gt; ul.products li.product, .woocommerce[class*="columns-"].columns-4 &gt; ul.products li.product, .woocommerce[class*="columns-"].columns-5 &gt; ul.products li.product, .woocommerce[class*="columns-"].columns-6 &gt; ul.products li.product{width:calc(33.33% - 14px);margin-right:20px;}.woocommerce[class*="columns-"].columns-3 &gt; ul.products li.product:nth-child(3n), .woocommerce[class*="columns-"].columns-4 &gt; ul.products li.product:nth-child(3n), .woocommerce[class*="columns-"].columns-5 &gt; ul.products li.product:nth-child(3n), .woocommerce[class*="columns-"].columns-6 &gt; ul.products li.product:nth-child(3n){margin-right:0;clear:right;}.woocommerce[class*="columns-"].columns-3 &gt; ul.products li.product:nth-child(3n+1), .woocommerce[class*="columns-"].columns-4 &gt; ul.products li.product:nth-child(3n+1), .woocommerce[class*="columns-"].columns-5 &gt; ul.products li.product:nth-child(3n+1), .woocommerce[class*="columns-"].columns-6 &gt; ul.products li.product:nth-child(3n+1){clear:left;}.woocommerce[class*="columns-"] ul.products li.product:nth-child(n), .woocommerce-page[class*="columns-"] ul.products li.product:nth-child(n){margin-right:20px;clear:none;}.woocommerce.tablet-columns-2 ul.products li.product:nth-child(2n), .woocommerce-page.tablet-columns-2 ul.products li.product:nth-child(2n), .woocommerce.tablet-columns-3 ul.products li.product:nth-child(3n), .woocommerce-page.tablet-columns-3 ul.products li.product:nth-child(3n), .woocommerce.tablet-columns-4 ul.products li.product:nth-child(4n), .woocommerce-page.tablet-columns-4 ul.products li.product:nth-child(4n), .woocommerce.tablet-columns-5 ul.products li.product:nth-child(5n), .woocommerce-page.tablet-columns-5 ul.products li.product:nth-child(5n), .woocommerce.tablet-columns-6 ul.products li.product:nth-child(6n), .woocommerce-page.tablet-columns-6 ul.products li.product:nth-child(6n){margin-right:0;clear:right;}.woocommerce.tablet-columns-2 ul.products li.product:nth-child(2n+1), .woocommerce-page.tablet-columns-2 ul.products li.product:nth-child(2n+1), .woocommerce.tablet-columns-3 ul.products li.product:nth-child(3n+1), .woocommerce-page.tablet-columns-3 ul.products li.product:nth-child(3n+1), .woocommerce.tablet-columns-4 ul.products li.product:nth-child(4n+1), .woocommerce-page.tablet-columns-4 ul.products li.product:nth-child(4n+1), .woocommerce.tablet-columns-5 ul.products li.product:nth-child(5n+1), .woocommerce-page.tablet-columns-5 ul.products li.product:nth-child(5n+1), .woocommerce.tablet-columns-6 ul.products li.product:nth-child(6n+1), .woocommerce-page.tablet-columns-6 ul.products li.product:nth-child(6n+1){clear:left;}.woocommerce div.product .related.products ul.products li.product:nth-child(3n), .woocommerce-page.tablet-columns-1 .site-main ul.products li.product{margin-right:0;clear:right;}.woocommerce div.product .related.products ul.products li.product:nth-child(3n+1){clear:left;}}@media (min-width:922px){.woocommerce #reviews #comments{width:55%;float:left;}.woocommerce #reviews #review_form_wrapper{width:45%;padding-left:2em;float:right;}.woocommerce form.checkout_coupon{width:50%;}}@media (max-width:921px){.ast-header-break-point.ast-woocommerce-cart-menu .header-main-layout-1.ast-mobile-header-stack.ast-no-menu-items .ast-site-header-cart, .ast-header-break-point.ast-woocommerce-cart-menu .header-main-layout-3.ast-mobile-header-stack.ast-no-menu-items .ast-site-header-cart{padding-right:0;padding-left:0;}.ast-header-break-point.ast-woocommerce-cart-menu .header-main-layout-1.ast-mobile-header-stack .main-header-bar{text-align:center;}.ast-header-break-point.ast-woocommerce-cart-menu .header-main-layout-1.ast-mobile-header-stack .ast-site-header-cart, .ast-header-break-point.ast-woocommerce-cart-menu .header-main-layout-1.ast-mobile-header-stack .ast-mobile-menu-buttons{display:inline-block;}.ast-header-break-point.ast-woocommerce-cart-menu .header-main-layout-2.ast-mobile-header-inline .site-branding{flex:auto;}.ast-header-break-point.ast-woocommerce-cart-menu .header-main-layout-3.ast-mobile-header-stack .site-branding{flex:0 0 100%;}.ast-header-break-point.ast-woocommerce-cart-menu .header-main-layout-3.ast-mobile-header-stack .main-header-container{display:flex;justify-content:center;}.woocommerce-cart .woocommerce-shipping-calculator .button{width:100%;}.woocommerce div.product div.images, .woocommerce div.product div.summary, .woocommerce #content div.product div.images, .woocommerce #content div.product div.summary, .woocommerce-page div.product div.images, .woocommerce-page div.product div.summary, .woocommerce-page #content div.product div.images, .woocommerce-page #content div.product div.summary{float:none;width:100%;}.woocommerce-cart table.cart td.actions .ast-return-to-shop{display:block;text-align:center;margin-top:1em;}}@media (max-width:544px){.ast-separate-container .ast-woocommerce-container{padding:.54em 1em 1.33333em;}.woocommerce-message, .woocommerce-error, .woocommerce-info{display:flex;flex-wrap:wrap;}.woocommerce-message a.button, .woocommerce-error a.button, .woocommerce-info a.button{order:1;margin-top:.5em;}.woocommerce .woocommerce-ordering, .woocommerce-page .woocommerce-ordering{float:none;margin-bottom:2em;width:100%;}.woocommerce ul.products a.button, .woocommerce-page ul.products a.button{padding:0.5em 0.75em;}.woocommerce table.cart td.actions .button, .woocommerce #content table.cart td.actions .button, .woocommerce-page table.cart td.actions .button, .woocommerce-page #content table.cart td.actions .button{padding-left:1em;padding-right:1em;}.woocommerce #content table.cart .button, .woocommerce-page #content table.cart .button{width:100%;}.woocommerce #content table.cart .product-thumbnail, .woocommerce-page #content table.cart .product-thumbnail{display:block;text-align:center !important;}.woocommerce #content table.cart .product-thumbnail::before, .woocommerce-page #content table.cart .product-thumbnail::before{display:none;}.woocommerce #content table.cart td.actions .coupon, .woocommerce-page #content table.cart td.actions .coupon{float:none;}.woocommerce #content table.cart td.actions .coupon .button, .woocommerce-page #content table.cart td.actions .coupon .button{flex:1;}.woocommerce #content div.product .woocommerce-tabs ul.tabs li a, .woocommerce-page #content div.product .woocommerce-tabs ul.tabs li a{display:block;}.woocommerce div.product .related.products ul.products li.product, .woocommerce.mobile-columns-2 ul.products li.product, .woocommerce-page.mobile-columns-2 ul.products li.product{width:calc(50% - 10px);}.woocommerce.mobile-columns-6 ul.products li.product, .woocommerce-page.mobile-columns-6 ul.products li.product{width:calc(16.66% - 16.66px);}.woocommerce.mobile-columns-5 ul.products li.product, .woocommerce-page.mobile-columns-5 ul.products li.product{width:calc(20% - 16px);}.woocommerce.mobile-columns-4 ul.products li.product, .woocommerce-page.mobile-columns-4 ul.products li.product{width:calc(25% - 15px);}.woocommerce.mobile-columns-3 ul.products li.product, .woocommerce-page.mobile-columns-3 ul.products li.product{width:calc(33.33% - 14px);}.woocommerce.mobile-columns-1 ul.products li.product, .woocommerce-page.mobile-columns-1 ul.products li.product{width:100%;}}@media (max-width:544px){.woocommerce ul.products a.button.loading::after, .woocommerce-page ul.products a.button.loading::after{display:inline-block;margin-left:5px;position:initial;}.woocommerce.mobile-columns-1 .site-main ul.products li.product:nth-child(n), .woocommerce-page.mobile-columns-1 .site-main ul.products li.product:nth-child(n){margin-right:0;}.woocommerce #content div.product .woocommerce-tabs ul.tabs li, .woocommerce-page #content div.product .woocommerce-tabs ul.tabs li{display:block;margin-right:0;}.woocommerce[class*="columns-"].columns-3 &gt; ul.products li.product, .woocommerce[class*="columns-"].columns-4 &gt; ul.products li.product, .woocommerce[class*="columns-"].columns-5 &gt; ul.products li.product, .woocommerce[class*="columns-"].columns-6 &gt; ul.products li.product{width:calc(50% - 10px);margin-right:20px;}.woocommerce[class*="columns-"] ul.products li.product:nth-child(n), .woocommerce-page[class*="columns-"] ul.products li.product:nth-child(n){margin-right:20px;clear:none;}.woocommerce-page[class*=columns-].columns-3&gt;ul.products li.product:nth-child(2n), .woocommerce-page[class*=columns-].columns-4&gt;ul.products li.product:nth-child(2n), .woocommerce-page[class*=columns-].columns-5&gt;ul.products li.product:nth-child(2n), .woocommerce-page[class*=columns-].columns-6&gt;ul.products li.product:nth-child(2n), .woocommerce[class*=columns-].columns-3&gt;ul.products li.product:nth-child(2n), .woocommerce[class*=columns-].columns-4&gt;ul.products li.product:nth-child(2n), .woocommerce[class*=columns-].columns-5&gt;ul.products li.product:nth-child(2n), .woocommerce[class*=columns-].columns-6&gt;ul.products li.product:nth-child(2n){margin-right:0;clear:right;}.woocommerce[class*="columns-"].columns-3 &gt; ul.products li.product:nth-child(2n+1), .woocommerce[class*="columns-"].columns-4 &gt; ul.products li.product:nth-child(2n+1), .woocommerce[class*="columns-"].columns-5 &gt; ul.products li.product:nth-child(2n+1), .woocommerce[class*="columns-"].columns-6 &gt; ul.products li.product:nth-child(2n+1){clear:left;}.woocommerce-page[class*=columns-] ul.products li.product:nth-child(n), .woocommerce[class*=columns-] ul.products li.product:nth-child(n){margin-right:20px;clear:none;}.woocommerce.mobile-columns-6 ul.products li.product:nth-child(6n), .woocommerce-page.mobile-columns-6 ul.products li.product:nth-child(6n), .woocommerce.mobile-columns-5 ul.products li.product:nth-child(5n), .woocommerce-page.mobile-columns-5 ul.products li.product:nth-child(5n), .woocommerce.mobile-columns-4 ul.products li.product:nth-child(4n), .woocommerce-page.mobile-columns-4 ul.products li.product:nth-child(4n), .woocommerce.mobile-columns-3 ul.products li.product:nth-child(3n), .woocommerce-page.mobile-columns-3 ul.products li.product:nth-child(3n), .woocommerce.mobile-columns-2 ul.products li.product:nth-child(2n), .woocommerce-page.mobile-columns-2 ul.products li.product:nth-child(2n), .woocommerce div.product .related.products ul.products li.product:nth-child(2n){margin-right:0;clear:right;}.woocommerce.mobile-columns-6 ul.products li.product:nth-child(6n+1), .woocommerce-page.mobile-columns-6 ul.products li.product:nth-child(6n+1), .woocommerce.mobile-columns-5 ul.products li.product:nth-child(5n+1), .woocommerce-page.mobile-columns-5 ul.products li.product:nth-child(5n+1), .woocommerce.mobile-columns-4 ul.products li.product:nth-child(4n+1), .woocommerce-page.mobile-columns-4 ul.products li.product:nth-child(4n+1), .woocommerce.mobile-columns-3 ul.products li.product:nth-child(3n+1), .woocommerce-page.mobile-columns-3 ul.products li.product:nth-child(3n+1), .woocommerce.mobile-columns-2 ul.products li.product:nth-child(2n+1), .woocommerce-page.mobile-columns-2 ul.products li.product:nth-child(2n+1), .woocommerce div.product .related.products ul.products li.product:nth-child(2n+1){clear:left;}}@media (min-width:922px){.ast-woo-shop-archive .site-content &gt; .ast-container{max-width:1240px;}}@media (min-width:922px){.woocommerce #content .ast-woocommerce-container div.product div.images, .woocommerce .ast-woocommerce-container div.product div.images, .woocommerce-page #content .ast-woocommerce-container div.product div.images, .woocommerce-page .ast-woocommerce-container div.product div.images{width:50%;}.woocommerce #content .ast-woocommerce-container div.product div.summary, .woocommerce .ast-woocommerce-container div.product div.summary, .woocommerce-page #content .ast-woocommerce-container div.product div.summary, .woocommerce-page .ast-woocommerce-container div.product div.summary{width:46%;}.woocommerce.woocommerce-checkout form #customer_details.col2-set .col-1, .woocommerce.woocommerce-checkout form #customer_details.col2-set .col-2, .woocommerce-page.woocommerce-checkout form #customer_details.col2-set .col-1, .woocommerce-page.woocommerce-checkout form #customer_details.col2-set .col-2{float:none;width:auto;}}.woocommerce a.button , .woocommerce button.button.alt ,.woocommerce-page table.cart td.actions .button, .woocommerce-page #content table.cart td.actions .button , .woocommerce a.button.alt ,.woocommerce .woocommerce-message a.button , .ast-site-header-cart .widget_shopping_cart .buttons .button.checkout, .woocommerce button.button.alt.disabled , .wc-block-grid__products .wc-block-grid__product .wp-block-button__link {border:solid;border-top-width:0;border-right-width:0;border-left-width:0;border-bottom-width:0;border-color:#3197d6;}.woocommerce a.button:hover , .woocommerce button.button.alt:hover , .woocommerce-page table.cart td.actions .button:hover, .woocommerce-page #content table.cart td.actions .button:hover, .woocommerce a.button.alt:hover ,.woocommerce .woocommerce-message a.button:hover , .ast-site-header-cart .widget_shopping_cart .buttons .button.checkout:hover , .woocommerce button.button.alt.disabled:hover , .wc-block-grid__products .wc-block-grid__product .wp-block-button__link:hover{border-color:#0084d6;}.widget_product_search button{flex:0 0 auto;padding:10px 20px;;}@media (min-width:922px){.woocommerce.woocommerce-checkout form #customer_details.col2-set, .woocommerce-page.woocommerce-checkout form #customer_details.col2-set{width:55%;float:left;margin-right:4.347826087%;}.woocommerce.woocommerce-checkout form #order_review, .woocommerce.woocommerce-checkout form #order_review_heading, .woocommerce-page.woocommerce-checkout form #order_review, .woocommerce-page.woocommerce-checkout form #order_review_heading{width:40%;float:right;margin-right:0;clear:right;}}
</style>
    <style id="woocommerce-inline-inline-css">
.woocommerce form .form-row .required { visibility: visible; }
</style>
    <script id="jquery-core-js" src="https://askomdch.com/wp-includes/js/jquery/jquery.min.js?ver=3.6.0"/>
    <script id="jquery-migrate-js" src="https://askomdch.com/wp-includes/js/jquery/jquery-migrate.min.js?ver=3.3.2"/>
    <link rel="canonical" href="https://askomdch.com/account/"/>
    <noscript>
      <style>.woocommerce-product-gallery{ opacity: 1 !important; }</style>
    </noscript>
    <style>.recentcomments a{display:inline !important;padding:0 !important;margin:0 !important;}</style>
  </head>
  <body class="page-template-default page page-id-1235 theme-astra woocommerce-account woocommerce-page woocommerce-no-js ast-single-post ast-mobile-inherit-site-logo ast-woocommerce-cart-menu ast-inherit-site-logo-transparent ast-theme-transparent-header ast-hfb-header ast-desktop ast-plain-container ast-no-sidebar astra-3.7.5" itemtype="https://schema.org/WebPage" itemscope="itemscope">
    <a shape="rect" class="skip-link screen-reader-text" href="#content" role="link" title="Skip to content">
Skip to content</a>
    <div class="hfeed site" id="page">
      <header class="site-header ast-primary-submenu-animation-slide-up header-main-layout-1 ast-primary-menu-enabled ast-builder-menu-toggle-icon ast-mobile-header-inline" id="masthead" itemtype="https://schema.org/WPHeader" itemscope="itemscope" itemid="#masthead">
        <div id="ast-desktop-header" data-toggle-type="dropdown">
          <div class="ast-main-header-wrap main-header-bar-wrap">
            <div class="ast-primary-header-bar ast-primary-header main-header-bar site-header-focus-item" data-section="section-primary-header-builder">
              <div class="site-primary-header-wrap ast-builder-grid-row-container site-header-focus-item ast-container" data-section="section-primary-header-builder">
                <div class="ast-builder-grid-row ast-builder-grid-row-has-sides ast-builder-grid-row-no-center">
                  <div class="site-header-primary-section-left site-header-section ast-flex site-header-section-left">
                    <div class="ast-builder-layout-element ast-flex site-header-focus-item" data-section="title_tagline">
                      <div class="site-branding ast-site-identity" itemtype="https://schema.org/Organization" itemscope="itemscope">
                        <div class="ast-site-title-wrap">
                          <span class="site-title" itemprop="name">
                            <a shape="rect" href="https://askomdch.com/" rel="home" itemprop="url">
AskOmDch
</a>
                          </span>
                        </div>
                      </div>
                    </div>
                  </div>
                  <div class="site-header-primary-section-right site-header-section ast-flex ast-grid-right-section">
                    <div class="ast-builder-menu-1 ast-builder-menu ast-flex ast-builder-menu-1-focus-item ast-builder-layout-element site-header-focus-item" data-section="section-hb-menu-1">
                      <div class="ast-main-header-bar-alignment">
                        <div class="main-header-bar-navigation">
                          <nav class="site-navigation ast-flex-grow-1 navigation-accessibility site-header-focus-item" id="primary-site-navigation" aria-label="Site Navigation" itemtype="https://schema.org/SiteNavigationElement" itemscope="itemscope">
                            <div class="main-navigation ast-inline-flex">
                              <ul class="main-header-menu ast-menu-shadow ast-nav-menu ast-flex submenu-with-border astra-menu-animation-slide-up stack-on-mobile" id="ast-hf-menu-1">
                                <li class="menu-item menu-item-type-post_type menu-item-object-page menu-item-home menu-item-1226" id="menu-item-1226">
                                  <a shape="rect" class="menu-link" href="https://askomdch.com/">Home</a>
                                </li>
                                <li class="menu-item menu-item-type-post_type menu-item-object-page menu-item-1227" id="menu-item-1227">
                                  <a shape="rect" class="menu-link" href="https://askomdch.com/store/">Store</a>
                                </li>
                                <li class="menu-item menu-item-type-taxonomy menu-item-object-product_cat menu-item-1228" id="menu-item-1228">
                                  <a shape="rect" class="menu-link" href="https://askomdch.com/product-category/men/">Men</a>
                                </li>
                                <li class="menu-item menu-item-type-taxonomy menu-item-object-product_cat menu-item-1229" id="menu-item-1229">
                                  <a shape="rect" class="menu-link" href="https://askomdch.com/product-category/women/">Women</a>
                                </li>
                                <li class="menu-item menu-item-type-taxonomy menu-item-object-product_cat menu-item-1230" id="menu-item-1230">
                                  <a shape="rect" class="menu-link" href="https://askomdch.com/product-category/accessories/">Accessories</a>
                                </li>
                                <li class="menu-item menu-item-type-post_type menu-item-object-page current-menu-item page_item page-item-1235 current_page_item menu-item-1237" id="menu-item-1237">
                                  <a shape="rect" class="menu-link" href="https://askomdch.com/account/" aria-current="page">Account</a>
                                </li>
                                <li class="menu-item menu-item-type-post_type menu-item-object-page menu-item-1232" id="menu-item-1232">
                                  <a shape="rect" class="menu-link" href="https://askomdch.com/about/">About</a>
                                </li>
                                <li class="menu-item menu-item-type-post_type menu-item-object-page menu-item-1233" id="menu-item-1233">
                                  <a shape="rect" class="menu-link" href="https://askomdch.com/contact-us/">Contact Us</a>
                                </li>
                              </ul>
                            </div>
                          </nav>
                        </div>
                      </div>
                    </div>
                    <div class="ast-builder-layout-element site-header-focus-item ast-header-woo-cart" data-section="section-header-woo-cart">
                      <div class="ast-site-header-cart ast-menu-cart-with-border ast-menu-cart-fill" id="ast-site-header-cart">
                        <div class="ast-site-header-cart-li">
                          <a shape="rect" class="cart-container" href="https://askomdch.com/cart/" title="View your shopping cart"/>
                          <div class="ast-cart-menu-wrap">
                            <span class="count">
0 </span>
                          </div>
                        </div>
                        <div class="ast-site-header-cart-data">
                          <div class="widget woocommerce widget_shopping_cart">
                            <div class="widget_shopping_cart_content"/>
                          </div>
                        </div>
                      </div>
                    </div>
                  </div>
                </div>
              </div>
            </div>
          </div>
          <div class="ast-desktop-header-content content-align-flex-start"/>
        </div>
        <div class="ast-mobile-header-wrap" id="ast-mobile-header" data-type="dropdown">
          <div class="ast-main-header-wrap main-header-bar-wrap">
            <div class="ast-primary-header-bar ast-primary-header main-header-bar site-primary-header-wrap site-header-focus-item ast-builder-grid-row-layout-default ast-builder-grid-row-tablet-layout-default ast-builder-grid-row-mobile-layout-default" data-section="section-primary-header-builder">
              <div class="ast-builder-grid-row ast-builder-grid-row-has-sides ast-builder-grid-row-no-center">
                <div class="site-header-primary-section-left site-header-section ast-flex site-header-section-left">
                  <div class="ast-builder-layout-element ast-flex site-header-focus-item" data-section="title_tagline">
                    <div class="site-branding ast-site-identity" itemtype="https://schema.org/Organization" itemscope="itemscope">
                      <div class="ast-site-title-wrap">
                        <span class="site-title" itemprop="name">
                          <a shape="rect" href="https://askomdch.com/" rel="home" itemprop="url">
AskOmDch
</a>
                        </span>
                      </div>
                    </div>
                  </div>
                </div>
                <div class="site-header-primary-section-right site-header-section ast-flex ast-grid-right-section">
                  <div class="ast-builder-layout-element site-header-focus-item ast-header-woo-cart" data-section="section-header-woo-cart">
                    <div class="ast-site-header-cart ast-menu-cart-with-border ast-menu-cart-fill" id="ast-site-header-cart">
                      <div class="ast-site-header-cart-li">
                        <a shape="rect" class="cart-container" href="https://askomdch.com/cart/" title="View your shopping cart"/>
                        <div class="ast-cart-menu-wrap">
                          <span class="count">
0 </span>
                        </div>
                      </div>
                      <div class="ast-site-header-cart-data">
                        <div class="widget woocommerce widget_shopping_cart">
                          <div class="widget_shopping_cart_content"/>
                        </div>
                      </div>
                    </div>
                  </div>
                  <div class="ast-builder-layout-element ast-flex site-header-focus-item" data-section="section-header-mobile-trigger">
                    <div class="ast-button-wrap">
                      <button type="button" class="menu-toggle main-header-menu-toggle ast-mobile-menu-trigger-minimal" aria-expanded="false">
                        <span class="screen-reader-text">Main Menu</span>
                        <span class="mobile-menu-toggle-icon">
                          <span class="ahfb-svg-iconset ast-inline-flex svg-baseline">
                            <svg class="ast-mobile-svg ast-menu2-svg" fill="currentColor" version="1.1" width="24" height="28" viewbox="0 0 24 28">
                              <path d="M24 21v2c0 0.547-0.453 1-1 1h-22c-0.547 0-1-0.453-1-1v-2c0-0.547 0.453-1 1-1h22c0.547 0 1 0.453 1 1zM24 13v2c0 0.547-0.453 1-1 1h-22c-0.547 0-1-0.453-1-1v-2c0-0.547 0.453-1 1-1h22c0.547 0 1 0.453 1 1zM24 5v2c0 0.547-0.453 1-1 1h-22c-0.547 0-1-0.453-1-1v-2c0-0.547 0.453-1 1-1h22c0.547 0 1 0.453 1 1z"/>
                            </svg>
                          </span>
                          <span class="ahfb-svg-iconset ast-inline-flex svg-baseline">
                            <svg class="ast-mobile-svg ast-close-svg" fill="currentColor" version="1.1" width="24" height="24" viewbox="0 0 24 24">
                              <path d="M5.293 6.707l5.293 5.293-5.293 5.293c-0.391 0.391-0.391 1.024 0 1.414s1.024 0.391 1.414 0l5.293-5.293 5.293 5.293c0.391 0.391 1.024 0.391 1.414 0s0.391-1.024 0-1.414l-5.293-5.293 5.293-5.293c0.391-0.391 0.391-1.024 0-1.414s-1.024-0.391-1.414 0l-5.293 5.293-5.293-5.293c-0.391-0.391-1.024-0.391-1.414 0s-0.391 1.024 0 1.414z"/>
                            </svg>
                          </span>
                        </span>
                      </button>
                    </div>
                  </div>
                </div>
              </div>
            </div>
          </div>
          <div class="ast-mobile-header-content content-align-flex-start">
            <div class="ast-builder-menu-1 ast-builder-menu ast-flex ast-builder-menu-1-focus-item ast-builder-layout-element site-header-focus-item" data-section="section-hb-menu-1">
              <div class="ast-main-header-bar-alignment">
                <div class="main-header-bar-navigation">
                  <nav class="site-navigation ast-flex-grow-1 navigation-accessibility site-header-focus-item" id="primary-site-navigation" aria-label="Site Navigation" itemtype="https://schema.org/SiteNavigationElement" itemscope="itemscope">
                    <div class="main-navigation ast-inline-flex">
                      <ul class="main-header-menu ast-menu-shadow ast-nav-menu ast-flex submenu-with-border astra-menu-animation-slide-up stack-on-mobile" id="ast-hf-menu-1">
                        <li class="menu-item menu-item-type-post_type menu-item-object-page menu-item-home menu-item-1226">
                          <a shape="rect" class="menu-link" href="https://askomdch.com/">Home</a>
                        </li>
                        <li class="menu-item menu-item-type-post_type menu-item-object-page menu-item-1227">
                          <a shape="rect" class="menu-link" href="https://askomdch.com/store/">Store</a>
                        </li>
                        <li class="menu-item menu-item-type-taxonomy menu-item-object-product_cat menu-item-1228">
                          <a shape="rect" class="menu-link" href="https://askomdch.com/product-category/men/">Men</a>
                        </li>
                        <li class="menu-item menu-item-type-taxonomy menu-item-object-product_cat menu-item-1229">
                          <a shape="rect" class="menu-link" href="https://askomdch.com/product-category/women/">Women</a>
                        </li>
                        <li class="menu-item menu-item-type-taxonomy menu-item-object-product_cat menu-item-1230">
                          <a shape="rect" class="menu-link" href="https://askomdch.com/product-category/accessories/">Accessories</a>
                        </li>
                        <li class="menu-item menu-item-type-post_type menu-item-object-page current-menu-item page_item page-item-1235 current_page_item menu-item-1237">
                          <a shape="rect" class="menu-link" href="https://askomdch.com/account/" aria-current="page">Account</a>
                        </li>
                        <li class="menu-item menu-item-type-post_type menu-item-object-page menu-item-1232">
                          <a shape="rect" class="menu-link" href="https://askomdch.com/about/">About</a>
                        </li>
                        <li class="menu-item menu-item-type-post_type menu-item-object-page menu-item-1233">
                          <a shape="rect" class="menu-link" href="https://askomdch.com/contact-us/">Contact Us</a>
                        </li>
                      </ul>
                    </div>
                  </nav>
                </div>
              </div>
            </div>
          </div>
        </div>
      </header>
      <div class="site-content" id="content">
        <div class="ast-container">
          <div class="content-area primary" id="primary">
            <main id="main" class="site-main">
              <article class="post-1235 page type-page status-publish ast-article-single" id="post-1235" itemtype="https://schema.org/CreativeWork" itemscope="itemscope">
                <header class="entry-header ast-header-without-markup"/>
                <div class="entry-content clear" itemprop="text">
                  <div class="wp-block-cover alignfull has-background-dim" style="background-color:#001d35;min-height:400px">
                    <div class="wp-block-cover__inner-container">
                      <h1 class="has-text-align-center">Account</h1>
                    </div>
                  </div>
                  <div class="wp-block-group alignfull">
                    <div class="wp-block-group__inner-container">
                      <div class="wp-block-columns">
                        <div class="wp-block-column" style="flex-basis:100%"/>
                      </div>
                      <div class="woocommerce">
                        <div class="woocommerce-notices-wrapper">
                          <ul class="woocommerce-error" role="alert">
                            <li>
                              <strong>Error:</strong>
 An account is already registered with your email address.                               <a shape="rect" class="showlogin" href="#">Please log in.</a>
                            </li>
                          </ul>
                        </div>
                        <div class="u-columns col2-set" id="customer_login">
                          <div class="u-column1 col-1">
                            <h2>Login</h2>
                            <form enctype="application/x-www-form-urlencoded" method="post" class="woocommerce-form woocommerce-form-login login">
                              <p class="woocommerce-form-row woocommerce-form-row--wide form-row form-row-wide">
                                <label for="username">
Username or email address                                   <span class="required">*</span>
                                </label>
                                <input type="text" class="woocommerce-Input woocommerce-Input--text input-text" id="username" name="username" autocomplete="username" value="userfk1stage6158615870"/>
                              </p>
                              <p class="woocommerce-form-row woocommerce-form-row--wide form-row form-row-wide">
                                <label for="password">
Password                                   <span class="required">*</span>
                                </label>
                                <input type="password" class="woocommerce-Input woocommerce-Input--text input-text" id="password" name="password" autocomplete="current-password"/>
                              </p>
                              <p class="form-row">
                                <label class="woocommerce-form__label woocommerce-form__label-for-checkbox woocommerce-form-login__rememberme">
                                  <input type="checkbox" class="woocommerce-form__input woocommerce-form__input-checkbox" id="rememberme" name="rememberme" value="forever"/>
                                  <span>Remember me</span>
                                </label>
                                <input type="hidden" id="woocommerce-login-nonce" name="woocommerce-login-nonce" value="4cacd59938"/>
                                <input type="hidden" name="_wp_http_referer" value="/account"/>
                                <button type="submit" class="woocommerce-button button woocommerce-form-login__submit" name="login" value="Log in">Log in</button>
                              </p>
                              <p class="woocommerce-LostPassword lost_password">
                                <a shape="rect" href="https://askomdch.com/account/lost-password/">Lost your password?</a>
                              </p>
                            </form>
                          </div>
                          <div class="u-column2 col-2">
                            <h2>Register</h2>
                            <form enctype="application/x-www-form-urlencoded" method="post" class="woocommerce-form woocommerce-form-register register">
                              <p class="woocommerce-form-row woocommerce-form-row--wide form-row form-row-wide">
                                <label for="reg_username">
Username                                   <span class="required">*</span>
                                </label>
                                <input type="text" class="woocommerce-Input woocommerce-Input--text input-text" id="reg_username" name="username" autocomplete="username" value="userfk1stage6158615870"/>
                              </p>
                              <p class="woocommerce-form-row woocommerce-form-row--wide form-row form-row-wide">
                                <label for="reg_email">
Email address                                   <span class="required">*</span>
                                </label>
                                <input type="email" class="woocommerce-Input woocommerce-Input--text input-text" id="reg_email" name="email" autocomplete="email" value="stagememb@test.com"/>
                              </p>
                              <p class="woocommerce-form-row woocommerce-form-row--wide form-row form-row-wide">
                                <label for="reg_password">
Password                                   <span class="required">*</span>
                                </label>
                                <input type="password" class="woocommerce-Input woocommerce-Input--text input-text" id="reg_password" name="password" autocomplete="new-password"/>
                              </p>
                              <div class="woocommerce-privacy-policy-text">
                                <p>TEST MODE ENABLED. DO NOT ENTER YOUR PERSONAL DATA.</p>
                              </div>
                              <p class="woocommerce-form-row form-row">
                                <input type="hidden" id="woocommerce-register-nonce" name="woocommerce-register-nonce" value="ab11f2f464"/>
                                <input type="hidden" name="_wp_http_referer" value="/account"/>
                                <button type="submit" class="woocommerce-Button woocommerce-button button woocommerce-form-register__submit" name="register" value="Register">Register</button>
                              </p>
                            </form>
                          </div>
                        </div>
                      </div>
                    </div>
                  </div>
                  <p/>
                </div>
              </article>
            </main>
          </div>
        </div>
      </div>
      <div class="astra-mobile-cart-overlay"/>
      <div class="astra-cart-drawer open-right" id="astra-mobile-cart-drawer">
        <div class="astra-cart-drawer-header">
          <button type="button" class="astra-cart-drawer-close">
            <span class="ahfb-svg-iconset ast-inline-flex svg-baseline">
              <svg class="ast-mobile-svg ast-close-svg" fill="currentColor" version="1.1" width="24" height="24" viewbox="0 0 24 24">
                <path d="M5.293 6.707l5.293 5.293-5.293 5.293c-0.391 0.391-0.391 1.024 0 1.414s1.024 0.391 1.414 0l5.293-5.293 5.293 5.293c0.391 0.391 1.024 0.391 1.414 0s0.391-1.024 0-1.414l-5.293-5.293 5.293-5.293c0.391-0.391 0.391-1.024 0-1.414s-1.024-0.391-1.414 0l-5.293 5.293-5.293-5.293c-0.391-0.391-1.024-0.391-1.414 0s-0.391 1.024 0 1.414z"/>
              </svg>
            </span>
          </button>
          <div class="astra-cart-drawer-title">
Shopping Cart </div>
        </div>
        <div class="astra-cart-drawer-content">
          <div class="widget woocommerce widget_shopping_cart">
            <div class="widget_shopping_cart_content"/>
          </div>
        </div>
      </div>
      <footer class="site-footer" id="colophon" itemtype="https://schema.org/WPFooter" itemscope="itemscope" itemid="#colophon">
        <div class="site-primary-footer-wrap ast-builder-grid-row-container site-footer-focus-item ast-builder-grid-row-4-equal ast-builder-grid-row-tablet-4-equal ast-builder-grid-row-mobile-full ast-footer-row-stack ast-footer-row-tablet-stack ast-footer-row-mobile-stack" data-section="section-primary-footer-builder">
          <div class="ast-builder-grid-row-container-inner">
            <div class="ast-builder-footer-grid-columns site-primary-footer-inner-wrap ast-builder-grid-row">
              <div class="site-footer-primary-section-1 site-footer-section site-footer-section-1">
                <aside class="footer-widget-area widget-area site-footer-focus-item" data-section="sidebar-widgets-footer-widget-1" aria-label="Footer Widget 1">
                  <div class="footer-widget-area-inner site-info-inner">
                    <section id="nav_menu-7" class="widget widget_nav_menu">
                      <h2 class="widget-title">Quick Links</h2>
                      <nav class="menu-quick-links-container" aria-label="Quick Links">
                        <ul class="menu" id="menu-quick-links">
                          <li class="menu-item menu-item-type-post_type menu-item-object-page menu-item-home menu-item-1254" id="menu-item-1254">
                            <a shape="rect" class="menu-link" href="https://askomdch.com/">Home</a>
                          </li>
                          <li class="menu-item menu-item-type-post_type menu-item-object-page menu-item-1255" id="menu-item-1255">
                            <a shape="rect" class="menu-link" href="https://askomdch.com/about/">About</a>
                          </li>
                          <li class="menu-item menu-item-type-post_type menu-item-object-page current-menu-item page_item page-item-1235 current_page_item menu-item-1256" id="menu-item-1256">
                            <a shape="rect" class="menu-link" href="https://askomdch.com/account/" aria-current="page">My Account</a>
                          </li>
                          <li class="menu-item menu-item-type-post_type menu-item-object-page menu-item-1257" id="menu-item-1257">
                            <a shape="rect" class="menu-link" href="https://askomdch.com/cart/">Cart</a>
                          </li>
                          <li class="menu-item menu-item-type-post_type menu-item-object-page menu-item-1258" id="menu-item-1258">
                            <a shape="rect" class="menu-link" href="https://askomdch.com/contact-us/">Contact Us</a>
                          </li>
                        </ul>
                      </nav>
                    </section>
                  </div>
                </aside>
              </div>
              <div class="site-footer-primary-section-2 site-footer-section site-footer-section-2">
                <aside class="footer-widget-area widget-area site-footer-focus-item" data-section="sidebar-widgets-footer-widget-2" aria-label="Footer Widget 2">
                  <div class="footer-widget-area-inner site-info-inner">
                    <section id="nav_menu-8" class="widget widget_nav_menu">
                      <h2 class="widget-title">For Her</h2>
                      <nav class="menu-for-her-container" aria-label="For Her">
                        <ul class="menu" id="menu-for-her">
                          <li class="menu-item menu-item-type-taxonomy menu-item-object-product_cat menu-item-1264" id="menu-item-1264">
                            <a shape="rect" class="menu-link" href="https://askomdch.com/product-category/women/">Women</a>
                          </li>
                          <li class="menu-item menu-item-type-taxonomy menu-item-object-product_cat menu-item-1266" id="menu-item-1266">
                            <a shape="rect" class="menu-link" href="https://askomdch.com/product-category/womens-jeans/">Women’s Jeans</a>
                          </li>
                          <li class="menu-item menu-item-type-taxonomy menu-item-object-product_cat menu-item-1265" id="menu-item-1265">
                            <a shape="rect" class="menu-link" href="https://askomdch.com/product-category/womens-shirts/">Women’s Shirts</a>
                          </li>
                          <li class="menu-item menu-item-type-taxonomy menu-item-object-product_cat menu-item-1267" id="menu-item-1267">
                            <a shape="rect" class="menu-link" href="https://askomdch.com/product-category/womens-shoes/">Women’s Shoes</a>
                          </li>
                          <li class="menu-item menu-item-type-taxonomy menu-item-object-product_cat menu-item-1268" id="menu-item-1268">
                            <a shape="rect" class="menu-link" href="https://askomdch.com/product-category/accessories/">Accessories</a>
                          </li>
                        </ul>
                      </nav>
                    </section>
                  </div>
                </aside>
              </div>
              <div class="site-footer-primary-section-3 site-footer-section site-footer-section-3">
                <aside class="footer-widget-area widget-area site-footer-focus-item" data-section="sidebar-widgets-footer-widget-3" aria-label="Footer Widget 3">
                  <div class="footer-widget-area-inner site-info-inner">
                    <section id="nav_menu-12" class="widget widget_nav_menu">
                      <h2 class="widget-title">For Him</h2>
                      <nav class="menu-for-him-container" aria-label="For Him">
                        <ul class="menu" id="menu-for-him">
                          <li class="menu-item menu-item-type-taxonomy menu-item-object-product_cat menu-item-1263" id="menu-item-1263">
                            <a shape="rect" class="menu-link" href="https://askomdch.com/product-category/men/">Men</a>
                          </li>
                          <li class="menu-item menu-item-type-taxonomy menu-item-object-product_cat menu-item-1259" id="menu-item-1259">
                            <a shape="rect" class="menu-link" href="https://askomdch.com/product-category/mens-jeans/">Men’s Jeans</a>
                          </li>
                          <li class="menu-item menu-item-type-taxonomy menu-item-object-product_cat menu-item-1260" id="menu-item-1260">
                            <a shape="rect" class="menu-link" href="https://askomdch.com/product-category/mens-shirts/">Men’s Shirts</a>
                          </li>
                          <li class="menu-item menu-item-type-taxonomy menu-item-object-product_cat menu-item-1261" id="menu-item-1261">
                            <a shape="rect" class="menu-link" href="https://askomdch.com/product-category/mens-shoes/">Men’s Shoes</a>
                          </li>
                          <li class="menu-item menu-item-type-taxonomy menu-item-object-product_cat menu-item-1262" id="menu-item-1262">
                            <a shape="rect" class="menu-link" href="https://askomdch.com/product-category/accessories/">Accessories</a>
                          </li>
                        </ul>
                      </nav>
                    </section>
                  </div>
                </aside>
              </div>
              <div class="site-footer-primary-section-4 site-footer-section site-footer-section-4">
                <aside class="footer-widget-area widget-area site-footer-focus-item" data-section="sidebar-widgets-footer-widget-4" aria-label="Footer Widget 4">
                  <div class="footer-widget-area-inner site-info-inner">
                    <section id="text-2" class="widget widget_text">
                      <h2 class="widget-title">AOD on Mobile</h2>
                      <div class="textwidget">
                        <p>
                          <a shape="rect" href="https://www.apple.com/in/app-store/" target="_blank" rel="noopener">
                            <img class="alignnone wp-image-1475 size-full" src="https://askomdch.com/wp-content/uploads/2021/06/image-60-compressed.jpg" alt="" width="300" height="90"/>
                          </a>
                          <a shape="rect" href="https://play.google.com/store" target="_blank" rel="noopener">
                            <img class="alignnone wp-image-1473 size-full" src="https://askomdch.com/wp-content/uploads/2021/06/image-41-compressed.jpg" alt="" width="300" height="90"/>
                          </a>
                        </p>
                      </div>
                    </section>
                  </div>
                </aside>
              </div>
            </div>
          </div>
        </div>
        <div class="site-below-footer-wrap ast-builder-grid-row-container site-footer-focus-item ast-builder-grid-row-2-equal ast-builder-grid-row-tablet-2-equal ast-builder-grid-row-mobile-full ast-footer-row-stack ast-footer-row-tablet-stack ast-footer-row-mobile-stack" data-section="section-below-footer-builder">
          <div class="ast-builder-grid-row-container-inner">
            <div class="ast-builder-footer-grid-columns site-below-footer-inner-wrap ast-builder-grid-row">
              <div class="site-footer-below-section-1 site-footer-section site-footer-section-1">
                <div class="ast-builder-layout-element ast-flex site-footer-focus-item ast-footer-copyright" data-section="section-footer-builder">
                  <div class="ast-footer-copyright">
                    <p>Copyright © 2022 AskOmDch</p>
                  </div>
                </div>
              </div>
              <div class="site-footer-below-section-2 site-footer-section site-footer-section-2">
                <div class="footer-widget-area widget-area site-footer-focus-item ast-footer-html-1" data-section="section-fb-html-1">
                  <div class="ast-header-html inner-link-style-">
                    <div class="ast-builder-html-element">
                      <p>Powered by AskOmDch</p>
                    </div>
                  </div>
                </div>
              </div>
            </div>
          </div>
        </div>
      </footer>
    </div>
    <script type="text/javascript">
		(function () {
			var c = document.body.className;
			c = c.replace(/woocommerce-no-js/, 'woocommerce-js');
			document.body.className = c;
		})();
	</script>
    <script id="astra-theme-js-js-extra">
var astra = {"break_point":"921","isRtl":""};
</script>
    <script id="astra-theme-js-js" src="https://askomdch.com/wp-content/themes/astra/assets/js/minified/frontend.min.js?ver=3.7.5"/>
    <script id="astra-mobile-cart-js" src="https://askomdch.com/wp-content/themes/astra/assets/js/minified/mobile-cart.min.js?ver=3.7.5"/>
    <script id="js-cookie-js" src="https://askomdch.com/wp-content/plugins/woocommerce/assets/js/js-cookie/js.cookie.min.js?ver=2.1.4-wc.5.8.1"/>
    <script id="wc-cart-fragments-js-extra">
var wc_cart_fragments_params = {"ajax_url":"\/wp-admin\/admin-ajax.php","wc_ajax_url":"\/?wc-ajax=%%endpoint%%","cart_hash_key":"wc_cart_hash_ce7302d8a5b087b54dd768c76987f650","fragment_name":"wc_fragments_ce7302d8a5b087b54dd768c76987f650","request_timeout":"5000"};
</script>
    <script id="wc-cart-fragments-js" src="https://askomdch.com/wp-content/plugins/woocommerce/assets/js/frontend/cart-fragments.min.js?ver=5.8.1"/>
    <script id="rocket-browser-checker-js-after">
"use strict";var _createClass=function(){function defineProperties(target,props){for(var i=0;i&lt;props.length;i++){var descriptor=props[i];descriptor.enumerable=descriptor.enumerable||!1,descriptor.configurable=!0,"value"in descriptor&amp;&amp;(descriptor.writable=!0),Object.defineProperty(target,descriptor.key,descriptor)}}return function(Constructor,protoProps,staticProps){return protoProps&amp;&amp;defineProperties(Constructor.prototype,protoProps),staticProps&amp;&amp;defineProperties(Constructor,staticProps),Constructor}}();function _classCallCheck(instance,Constructor){if(!(instance instanceof Constructor))throw new TypeError("Cannot call a class as a function")}var RocketBrowserCompatibilityChecker=function(){function RocketBrowserCompatibilityChecker(options){_classCallCheck(this,RocketBrowserCompatibilityChecker),this.passiveSupported=!1,this._checkPassiveOption(this),this.options=!!this.passiveSupported&amp;&amp;options}return _createClass(RocketBrowserCompatibilityChecker,[{key:"_checkPassiveOption",value:function(self){try{var options={get passive(){return!(self.passiveSupported=!0)}};window.addEventListener("test",null,options),window.removeEventListener("test",null,options)}catch(err){self.passiveSupported=!1}}},{key:"initRequestIdleCallback",value:function(){!1 in window&amp;&amp;(window.requestIdleCallback=function(cb){var start=Date.now();return setTimeout(function(){cb({didTimeout:!1,timeRemaining:function(){return Math.max(0,50-(Date.now()-start))}})},1)}),!1 in window&amp;&amp;(window.cancelIdleCallback=function(id){return clearTimeout(id)})}},{key:"isDataSaverModeOn",value:function(){return"connection"in navigator&amp;&amp;!0===navigator.connection.saveData}},{key:"supportsLinkPrefetch",value:function(){var elem=document.createElement("link");return elem.relList&amp;&amp;elem.relList.supports&amp;&amp;elem.relList.supports("prefetch")&amp;&amp;window.IntersectionObserver&amp;&amp;"isIntersecting"in IntersectionObserverEntry.prototype}},{key:"isSlowConnection",value:function(){return"connection"in navigator&amp;&amp;"effectiveType"in navigator.connection&amp;&amp;("2g"===navigator.connection.effectiveType||"slow-2g"===navigator.connection.effectiveType)}}]),RocketBrowserCompatibilityChecker}();
</script>
    <script id="rocket-preload-links-js-extra">
var RocketPreloadLinksConfig = {"excludeUris":"\/(.+\/)?feed\/?.+\/?|\/(?:.+\/)?embed\/|\/checkout\/|\/cart\/|\/account\/|\/wc-api\/v(.*)|\/(index\\.php\/)?wp\\-json(\/.*|$)|\/wp-admin\/|\/logout\/|\/wp-login.php","usesTrailingSlash":"1","imageExt":"jpg|jpeg|gif|png|tiff|bmp|webp|avif","fileExt":"jpg|jpeg|gif|png|tiff|bmp|webp|avif|php|pdf|html|htm","siteUrl":"https:\/\/askomdch.com","onHoverDelay":"100","rateThrottle":"3"};
</script>
    <script id="rocket-preload-links-js-after">
(function() {
"use strict";var r="function"==typeof Symbol&amp;&amp;"symbol"==typeof Symbol.iterator?function(e){return typeof e}:function(e){return e&amp;&amp;"function"==typeof Symbol&amp;&amp;e.constructor===Symbol&amp;&amp;e!==Symbol.prototype?"symbol":typeof e},e=function(){function i(e,t){for(var n=0;n&lt;t.length;n++){var i=t[n];i.enumerable=i.enumerable||!1,i.configurable=!0,"value"in i&amp;&amp;(i.writable=!0),Object.defineProperty(e,i.key,i)}}return function(e,t,n){return t&amp;&amp;i(e.prototype,t),n&amp;&amp;i(e,n),e}}();function i(e,t){if(!(e instanceof t))throw new TypeError("Cannot call a class as a function")}var t=function(){function n(e,t){i(this,n),this.browser=e,this.config=t,this.options=this.browser.options,this.prefetched=new Set,this.eventTime=null,this.threshold=1111,this.numOnHover=0}return e(n,[{key:"init",value:function(){!this.browser.supportsLinkPrefetch()||this.browser.isDataSaverModeOn()||this.browser.isSlowConnection()||(this.regex={excludeUris:RegExp(this.config.excludeUris,"i"),images:RegExp(".("+this.config.imageExt+")$","i"),fileExt:RegExp(".("+this.config.fileExt+")$","i")},this._initListeners(this))}},{key:"_initListeners",value:function(e){-1&lt;this.config.onHoverDelay&amp;&amp;document.addEventListener("mouseover",e.listener.bind(e),e.listenerOptions),document.addEventListener("mousedown",e.listener.bind(e),e.listenerOptions),document.addEventListener("touchstart",e.listener.bind(e),e.listenerOptions)}},{key:"listener",value:function(e){var t=e.target.closest("a"),n=this._prepareUrl(t);if(null!==n)switch(e.type){case"mousedown":case"touchstart":this._addPrefetchLink(n);break;case"mouseover":this._earlyPrefetch(t,n,"mouseout")}}},{key:"_earlyPrefetch",value:function(t,e,n){var i=this,r=setTimeout(function(){if(r=null,0===i.numOnHover)setTimeout(function(){return i.numOnHover=0},1e3);else if(i.numOnHover&gt;i.config.rateThrottle)return;i.numOnHover++,i._addPrefetchLink(e)},this.config.onHoverDelay);t.addEventListener(n,function e(){t.removeEventListener(n,e,{passive:!0}),null!==r&amp;&amp;(clearTimeout(r),r=null)},{passive:!0})}},{key:"_addPrefetchLink",value:function(i){return this.prefetched.add(i.href),new Promise(function(e,t){var n=document.createElement("link");n.rel="prefetch",n.href=i.href,n.onload=e,n.onerror=t,document.head.appendChild(n)}).catch(function(){})}},{key:"_prepareUrl",value:function(e){if(null===e||"object"!==(void 0===e?"undefined":r(e))||!1 in e||-1===["http:","https:"].indexOf(e.protocol))return null;var t=e.href.substring(0,this.config.siteUrl.length),n=this._getPathname(e.href,t),i={original:e.href,protocol:e.protocol,origin:t,pathname:n,href:t+n};return this._isLinkOk(i)?i:null}},{key:"_getPathname",value:function(e,t){var n=t?e.substring(this.config.siteUrl.length):e;return n.startsWith("/")||(n="/"+n),this._shouldAddTrailingSlash(n)?n+"/":n}},{key:"_shouldAddTrailingSlash",value:function(e){return this.config.usesTrailingSlash&amp;&amp;!e.endsWith("/")&amp;&amp;!this.regex.fileExt.test(e)}},{key:"_isLinkOk",value:function(e){return null!==e&amp;&amp;"object"===(void 0===e?"undefined":r(e))&amp;&amp;(!this.prefetched.has(e.href)&amp;&amp;e.origin===this.config.siteUrl&amp;&amp;-1===e.href.indexOf("?")&amp;&amp;-1===e.href.indexOf("#")&amp;&amp;!this.regex.excludeUris.test(e.href)&amp;&amp;!this.regex.images.test(e.href))}}],[{key:"run",value:function(){"undefined"!=typeof RocketPreloadLinksConfig&amp;&amp;new n(new RocketBrowserCompatibilityChecker({capture:!0,passive:!0}),RocketPreloadLinksConfig).init()}}]),n}();t.run();
}());
</script>
    <script>
			/(trident|msie)/i.test(navigator.userAgent)&amp;&amp;document.getElementById&amp;&amp;window.addEventListener&amp;&amp;window.addEventListener("hashchange",function(){var t,e=location.hash.substring(1);/^[A-z0-9_-]+$/.test(e)&amp;&amp;(t=document.getElementById(e))&amp;&amp;(/^(?:a|select|input|button|textarea)$/i.test(t.tagName)||(t.tabIndex=-1),t.focus())},!1);
			</script>
  </body>
</html>
Request method:	POST
Request URI:	https://askomdch.com/?wc-ajax=add_to_cart
Proxy:			<none>
Request params:	<none>
Query params:	<none>
Form params:	product_sku=
				quantity=1
				product_id=1215
Path params:	<none>
Headers:		Accept=*/*
				Content-Type=application/x-www-form-urlencoded; charset=ISO-8859-1
Cookies:		<none>
Multiparts:		<none>
Body:			<none>
HTTP/1.1 200 OK
Date: Sun, 06 Nov 2022 17:16:28 GMT
Content-Type: application/json; charset=UTF-8
Transfer-Encoding: chunked
Connection: keep-alive
vary: Accept-Encoding
x-content-type-options: nosniff
x-content-type-options: nosniff
x-robots-tag: noindex
set-cookie: woocommerce_items_in_cart=1; path=/
expires: Wed, 11 Jan 1984 05:00:00 GMT
Cache-Control: no-cache, must-revalidate, max-age=0
strict-transport-security: max-age=63072000
x-frame-options: SAMEORIGIN
x-xss-protection: 1; mode=block
Content-Encoding: gzip
CF-Cache-Status: DYNAMIC
set-cookie: woocommerce_cart_hash=42e65b245308ba4f486b61612707a993; path=/
set-cookie: wp_woocommerce_session_e39c30ea93030240fdcfed1ddf385ba1=9c084d9451458383d943a78aa4217906%7C%7C1667927788%7C%7C1667924188%7C%7C75d42b7cf3465180bcd4f2909ef3492d; expires=Tue, 08-Nov-2022 17:16:28 GMT; Max-Age=172800; path=/; secure; HttpOnly
set-cookie: woocommerce_items_in_cart=1; path=/
set-cookie: woocommerce_cart_hash=077edd270071e91cf806e27ea69d99f4; path=/
set-cookie: wp_woocommerce_session_e39c30ea93030240fdcfed1ddf385ba1=9c084d9451458383d943a78aa4217906%7C%7C1667927788%7C%7C1667924188%7C%7C75d42b7cf3465180bcd4f2909ef3492d; expires=Tue, 08-Nov-2022 17:16:28 GMT; Max-Age=172800; path=/; secure; HttpOnly
Report-To: {"endpoints":[{"url":"https:\/\/a.nel.cloudflare.com\/report\/v3?s=9Y9aNpV4yj%2BvHkOZ34HKWzEsJuT8x2rAeBWr0MWxUYQcR7Qa7mghDSi3wWpFiZ3U4WU9WJ%2F7r42AqoslupKdJM933ToBsftyZ9gxIMBg2Q0xFhXQh1uWgO3N55g7aHM%3D"}],"group":"cf-nel","max_age":604800}
NEL: {"success_fraction":0,"report_to":"cf-nel","max_age":604800}
Server: cloudflare
CF-RAY: 765f7a254e7ef0df-CDG
alt-svc: h3=":443"; ma=86400, h3-29=":443"; ma=86400

{
    "fragments": {
        "div.widget_shopping_cart_content": "<div class=\"widget_shopping_cart_content\">\n\n\t<ul class=\"woocommerce-mini-cart cart_list product_list_widget \">\n\t\t\t\t\t\t<li class=\"woocommerce-mini-cart-item mini_cart_item\">\n\t\t\t\t\t<a href=\"https://askomdch.com/cart/?remove_item=a4d2f0d23dcc84ce983ff9157f8b7f88&#038;_wpnonce=32b02c386a\" class=\"remove remove_from_cart_button\" aria-label=\"Remove this item\" data-product_id=\"1215\" data-cart_item_key=\"a4d2f0d23dcc84ce983ff9157f8b7f88\" data-product_sku=\"\">&times;</a>\t\t\t\t\t\t\t\t\t\t\t<a href=\"https://askomdch.com/product/blue-shoes/\">\n\t\t\t\t\t\t\t<img width=\"300\" height=\"300\" src=\"https://askomdch.com/wp-content/uploads/2021/06/pro-14-300x300.jpg\" class=\"attachment-woocommerce_thumbnail size-woocommerce_thumbnail\" alt=\"\" srcset=\"https://askomdch.com/wp-content/uploads/2021/06/pro-14-300x300.jpg 300w, https://askomdch.com/wp-content/uploads/2021/06/pro-14-150x150.jpg 150w, https://askomdch.com/wp-content/uploads/2021/06/pro-14-100x100.jpg 100w, https://askomdch.com/wp-content/uploads/2021/06/pro-14.jpg 600w\" sizes=\"(max-width: 300px) 100vw, 300px\" />Blue Shoes\t\t\t\t\t\t</a>\n\t\t\t\t\t\t\t\t\t\t\t\t\t\t\t<span class=\"quantity\">1 &times; <span class=\"woocommerce-Price-amount amount\"><bdi><span class=\"woocommerce-Price-currencySymbol\">&#36;</span>45.00</bdi></span></span>\t\t\t\t</li>\n\t\t\t\t\t</ul>\n\n\t<p class=\"woocommerce-mini-cart__total total\">\n\t\t<strong>Subtotal:</strong> <span class=\"woocommerce-Price-amount amount\"><bdi><span class=\"woocommerce-Price-currencySymbol\">&#36;</span>45.00</bdi></span>\t</p>\n\n\t\n\t<p class=\"woocommerce-mini-cart__buttons buttons\"><a href=\"https://askomdch.com/cart/\" class=\"button wc-forward\">View cart</a><a href=\"https://askomdch.com/checkout/\" class=\"button checkout wc-forward\">Checkout</a></p>\n\n\t\n\n</div>",
        "a.cart-container": "\t\t\t<a class=\"cart-container\" href=\"https://askomdch.com/cart/\" title=\"View your shopping cart\">\r\n\r\n\t\t\t\t\t\t\t\t\t\t\t\t\t<div class=\"ast-cart-menu-wrap\">\r\n\t\t\t\t\t\t\t\t<span class=\"count\">\r\n\t\t\t\t\t\t\t\t\t1\t\t\t\t\t\t\t\t</span>\r\n\t\t\t\t\t\t\t</div>\r\n\t\t\t\t\t\t\t\t\t\t</a>\r\n\t\t\t"
    },
    "cart_hash": "077edd270071e91cf806e27ea69d99f4"
}
HTTP/1.1 200 OK
Date: Sun, 06 Nov 2022 17:16:28 GMT
Content-Type: application/json; charset=UTF-8
Transfer-Encoding: chunked
Connection: keep-alive
vary: Accept-Encoding
x-content-type-options: nosniff
x-content-type-options: nosniff
x-robots-tag: noindex
set-cookie: woocommerce_items_in_cart=1; path=/
expires: Wed, 11 Jan 1984 05:00:00 GMT
Cache-Control: no-cache, must-revalidate, max-age=0
strict-transport-security: max-age=63072000
x-frame-options: SAMEORIGIN
x-xss-protection: 1; mode=block
Content-Encoding: gzip
CF-Cache-Status: DYNAMIC
set-cookie: woocommerce_cart_hash=42e65b245308ba4f486b61612707a993; path=/
set-cookie: wp_woocommerce_session_e39c30ea93030240fdcfed1ddf385ba1=daccf2ae7b2525df8b7c3a9019e54722%7C%7C1667927788%7C%7C1667924188%7C%7C26d5e93c9c1af87566047c0d1e59da16; expires=Tue, 08-Nov-2022 17:16:28 GMT; Max-Age=172800; path=/; secure; HttpOnly
set-cookie: woocommerce_items_in_cart=1; path=/
set-cookie: woocommerce_cart_hash=077edd270071e91cf806e27ea69d99f4; path=/
set-cookie: wp_woocommerce_session_e39c30ea93030240fdcfed1ddf385ba1=daccf2ae7b2525df8b7c3a9019e54722%7C%7C1667927788%7C%7C1667924188%7C%7C26d5e93c9c1af87566047c0d1e59da16; expires=Tue, 08-Nov-2022 17:16:28 GMT; Max-Age=172800; path=/; secure; HttpOnly
Report-To: {"endpoints":[{"url":"https:\/\/a.nel.cloudflare.com\/report\/v3?s=vmqOVkIwItc0BHFkgAIQPpuYDNlUYNvZtucAvOHrA3M2WgmCM8oRj3PcozE2qxzRLyi7OMtGYsq79S5D%2FeSYj%2Fiz9pgEgGR4oXlwjnHpeCVqu6SHfvjwHbrrsgnaYO8%3D"}],"group":"cf-nel","max_age":604800}
NEL: {"success_fraction":0,"report_to":"cf-nel","max_age":604800}
Server: cloudflare
CF-RAY: 765f7a258dab83de-BRU
alt-svc: h3=":443"; ma=86400, h3-29=":443"; ma=86400

{
    "fragments": {
        "div.widget_shopping_cart_content": "<div class=\"widget_shopping_cart_content\">\n\n\t<ul class=\"woocommerce-mini-cart cart_list product_list_widget \">\n\t\t\t\t\t\t<li class=\"woocommerce-mini-cart-item mini_cart_item\">\n\t\t\t\t\t<a href=\"https://askomdch.com/cart/?remove_item=a4d2f0d23dcc84ce983ff9157f8b7f88&#038;_wpnonce=192daa456d\" class=\"remove remove_from_cart_button\" aria-label=\"Remove this item\" data-product_id=\"1215\" data-cart_item_key=\"a4d2f0d23dcc84ce983ff9157f8b7f88\" data-product_sku=\"\">&times;</a>\t\t\t\t\t\t\t\t\t\t\t<a href=\"https://askomdch.com/product/blue-shoes/\">\n\t\t\t\t\t\t\t<img width=\"300\" height=\"300\" src=\"https://askomdch.com/wp-content/uploads/2021/06/pro-14-300x300.jpg\" class=\"attachment-woocommerce_thumbnail size-woocommerce_thumbnail\" alt=\"\" srcset=\"https://askomdch.com/wp-content/uploads/2021/06/pro-14-300x300.jpg 300w, https://askomdch.com/wp-content/uploads/2021/06/pro-14-150x150.jpg 150w, https://askomdch.com/wp-content/uploads/2021/06/pro-14-100x100.jpg 100w, https://askomdch.com/wp-content/uploads/2021/06/pro-14.jpg 600w\" sizes=\"(max-width: 300px) 100vw, 300px\" />Blue Shoes\t\t\t\t\t\t</a>\n\t\t\t\t\t\t\t\t\t\t\t\t\t\t\t<span class=\"quantity\">1 &times; <span class=\"woocommerce-Price-amount amount\"><bdi><span class=\"woocommerce-Price-currencySymbol\">&#36;</span>45.00</bdi></span></span>\t\t\t\t</li>\n\t\t\t\t\t</ul>\n\n\t<p class=\"woocommerce-mini-cart__total total\">\n\t\t<strong>Subtotal:</strong> <span class=\"woocommerce-Price-amount amount\"><bdi><span class=\"woocommerce-Price-currencySymbol\">&#36;</span>45.00</bdi></span>\t</p>\n\n\t\n\t<p class=\"woocommerce-mini-cart__buttons buttons\"><a href=\"https://askomdch.com/cart/\" class=\"button wc-forward\">View cart</a><a href=\"https://askomdch.com/checkout/\" class=\"button checkout wc-forward\">Checkout</a></p>\n\n\t\n\n</div>",
        "a.cart-container": "\t\t\t<a class=\"cart-container\" href=\"https://askomdch.com/cart/\" title=\"View your shopping cart\">\r\n\r\n\t\t\t\t\t\t\t\t\t\t\t\t\t<div class=\"ast-cart-menu-wrap\">\r\n\t\t\t\t\t\t\t\t<span class=\"count\">\r\n\t\t\t\t\t\t\t\t\t1\t\t\t\t\t\t\t\t</span>\r\n\t\t\t\t\t\t\t</div>\r\n\t\t\t\t\t\t\t\t\t\t</a>\r\n\t\t\t"
    },
    "cart_hash": "077edd270071e91cf806e27ea69d99f4"
}
Request method:	POST
Request URI:	https://askomdch.com/?wc-ajax=add_to_cart
Proxy:			<none>
Request params:	<none>
Query params:	<none>
Form params:	product_sku=
				quantity=1
				product_id=1215
Path params:	<none>
Headers:		Accept=*/*
				Content-Type=application/x-www-form-urlencoded; charset=ISO-8859-1
Cookies:		<none>
Multiparts:		<none>
Body:			<none>
HTTP/1.1 200 OK
Date: Sun, 06 Nov 2022 17:16:30 GMT
Content-Type: application/json; charset=UTF-8
Transfer-Encoding: chunked
Connection: keep-alive
vary: Accept-Encoding
x-content-type-options: nosniff
x-content-type-options: nosniff
x-robots-tag: noindex
set-cookie: woocommerce_items_in_cart=1; path=/
expires: Wed, 11 Jan 1984 05:00:00 GMT
Cache-Control: no-cache, must-revalidate, max-age=0
strict-transport-security: max-age=63072000
x-frame-options: SAMEORIGIN
x-xss-protection: 1; mode=block
Content-Encoding: gzip
CF-Cache-Status: DYNAMIC
set-cookie: woocommerce_cart_hash=42e65b245308ba4f486b61612707a993; path=/
set-cookie: wp_woocommerce_session_e39c30ea93030240fdcfed1ddf385ba1=e958c2d494dd441ea474c0bf480e3820%7C%7C1667927789%7C%7C1667924189%7C%7C086e2376b72b54d1a35a8331b60114c5; expires=Tue, 08-Nov-2022 17:16:29 GMT; Max-Age=172800; path=/; secure; HttpOnly
set-cookie: woocommerce_items_in_cart=1; path=/
set-cookie: woocommerce_cart_hash=077edd270071e91cf806e27ea69d99f4; path=/
set-cookie: wp_woocommerce_session_e39c30ea93030240fdcfed1ddf385ba1=e958c2d494dd441ea474c0bf480e3820%7C%7C1667927789%7C%7C1667924189%7C%7C086e2376b72b54d1a35a8331b60114c5; expires=Tue, 08-Nov-2022 17:16:29 GMT; Max-Age=172800; path=/; secure; HttpOnly
Report-To: {"endpoints":[{"url":"https:\/\/a.nel.cloudflare.com\/report\/v3?s=Y9hBUmO61uG8E5kY56xBP2Afhzu60I2FSia4wIEgloQVjjX81vOJlKRkH4LEJpmsDiLdSi8qmKzraTKUo4tE7l8J5ILWEwNBKBQvKMZGf0s6kpc3%2B43SXellY1HHOXQ%3D"}],"group":"cf-nel","max_age":604800}
NEL: {"success_fraction":0,"report_to":"cf-nel","max_age":604800}
Server: cloudflare
CF-RAY: 765f7a2e5fd2f09f-CDG
alt-svc: h3=":443"; ma=86400, h3-29=":443"; ma=86400

{
    "fragments": {
        "div.widget_shopping_cart_content": "<div class=\"widget_shopping_cart_content\">\n\n\t<ul class=\"woocommerce-mini-cart cart_list product_list_widget \">\n\t\t\t\t\t\t<li class=\"woocommerce-mini-cart-item mini_cart_item\">\n\t\t\t\t\t<a href=\"https://askomdch.com/cart/?remove_item=a4d2f0d23dcc84ce983ff9157f8b7f88&#038;_wpnonce=86253d96ca\" class=\"remove remove_from_cart_button\" aria-label=\"Remove this item\" data-product_id=\"1215\" data-cart_item_key=\"a4d2f0d23dcc84ce983ff9157f8b7f88\" data-product_sku=\"\">&times;</a>\t\t\t\t\t\t\t\t\t\t\t<a href=\"https://askomdch.com/product/blue-shoes/\">\n\t\t\t\t\t\t\t<img width=\"300\" height=\"300\" src=\"https://askomdch.com/wp-content/uploads/2021/06/pro-14-300x300.jpg\" class=\"attachment-woocommerce_thumbnail size-woocommerce_thumbnail\" alt=\"\" srcset=\"https://askomdch.com/wp-content/uploads/2021/06/pro-14-300x300.jpg 300w, https://askomdch.com/wp-content/uploads/2021/06/pro-14-150x150.jpg 150w, https://askomdch.com/wp-content/uploads/2021/06/pro-14-100x100.jpg 100w, https://askomdch.com/wp-content/uploads/2021/06/pro-14.jpg 600w\" sizes=\"(max-width: 300px) 100vw, 300px\" />Blue Shoes\t\t\t\t\t\t</a>\n\t\t\t\t\t\t\t\t\t\t\t\t\t\t\t<span class=\"quantity\">1 &times; <span class=\"woocommerce-Price-amount amount\"><bdi><span class=\"woocommerce-Price-currencySymbol\">&#36;</span>45.00</bdi></span></span>\t\t\t\t</li>\n\t\t\t\t\t</ul>\n\n\t<p class=\"woocommerce-mini-cart__total total\">\n\t\t<strong>Subtotal:</strong> <span class=\"woocommerce-Price-amount amount\"><bdi><span class=\"woocommerce-Price-currencySymbol\">&#36;</span>45.00</bdi></span>\t</p>\n\n\t\n\t<p class=\"woocommerce-mini-cart__buttons buttons\"><a href=\"https://askomdch.com/cart/\" class=\"button wc-forward\">View cart</a><a href=\"https://askomdch.com/checkout/\" class=\"button checkout wc-forward\">Checkout</a></p>\n\n\t\n\n</div>",
        "a.cart-container": "\t\t\t<a class=\"cart-container\" href=\"https://askomdch.com/cart/\" title=\"View your shopping cart\">\r\n\r\n\t\t\t\t\t\t\t\t\t\t\t\t\t<div class=\"ast-cart-menu-wrap\">\r\n\t\t\t\t\t\t\t\t<span class=\"count\">\r\n\t\t\t\t\t\t\t\t\t1\t\t\t\t\t\t\t\t</span>\r\n\t\t\t\t\t\t\t</div>\r\n\t\t\t\t\t\t\t\t\t\t</a>\r\n\t\t\t"
    },
    "cart_hash": "077edd270071e91cf806e27ea69d99f4"
}
OVERLAY SIZE 0
OVERLAY NOT FOUND
]]></system-out>
    <system-err><![CDATA[SLF4J: Failed to load class "org.slf4j.impl.StaticLoggerBinder".
SLF4J: Defaulting to no-operation (NOP) logger implementation
SLF4J: See http://www.slf4j.org/codes.html#StaticLoggerBinder for further details.
1667754977391	geckodriver	INFO	Listening on 127.0.0.1:48532
1667754977408	ge1667754977409	geckodriver	cIkNoFdrOi	vLeir	sItNeFOn	iLnisgte noinn g1 2o7n. 01.207..01.:02.08181:
44879
1667754977464	geckodriver	INFO	Listening on 127.0.10.616:7474594509
77465	geckodriver	INFO	Listening on 127.0.0.1:39562
1667754977474	geckodriver	INFO	Listening on 127.0.0.1:2000
16677549778251	mo6zr6u7n7n5e4r977:18:6256r	7muo7nz5rn4une9n7er7	r8I::2NruF6nnO	e	mr	RoINuzFOr	uRnunnner::nrunninneg r	coImNmFaO	nRd:ui n"nniCgn: g\c \ocPmomarmnmodg:a r"aCnm:d \:F\ iP"lrCeo:sg\\r\\MPorzogilrlaam F Fiirlefeso\x\\aM\fomiz riFlefliaolx .Feeisxree\f"\o "xM\-o\-mfziairreilfolonexa.t etFex"ei" r "ef-"o--x\-\fmiarrrefeioxmo.eonxeet"t et"--e-m"da rei"obn-eu-trgtee"gm "oi-t-nreeg-mdo-teepb-udoegbrguigtng"ign- g-pp"oo4rrtt"5 ""6 3"06920881" 5"5--7"r"e m o""--te---arrleelmmowoo-httoeset--s"aa "lllollcaolwho-osthw" o-"-sh-rtoemssot"te- sal""lol w-o"orcilgaionlsc"h a"ohltsthpt:o/"/s1 2t7.""0.-0 .-1":r-30e-98mr8/o,ehttmtepo:-/t/aleol-claaollhwols-to:o3w0r9-88io/,grhititnpgs:/i"/[n ::s1"]h:t"t3p 0":9h8/8t//11"t26 p76".7:-07n5./o04-.9/17r:7e128m132o05t5	m7o/e,z"hr ut"tn7-pne:pr/./::l0rocuran.lno0ehfro.s	itI1lN:F2e:O1"5	4R5 57u"n/C6,n:hi\6tngt\0p Uc:/os//mem[,:rah:n1std]\::t\2 m1"C5e5:mp\7b\/:rP" r\o"/g-rn/oa-mlr eFimoolteces\"a\ M"l-ozh\iopAslltp:arp 4DF5o6iaf6rti0ealf/\o,e\xh"\t t\fp":iCr//e:f[\o::x\1.]eUx:se4Le5o"r6cs6a \0l\/\"m"\e -Tm"-emp-b\nrm\o\-ra\ruAerspmtopi_tDmoaet"na \"e\-tpLrotcoefali"\l \e"T"e -m"Cp-:\\\rr\euUssmeto_rmsto\e\zpm-erdmobfirel\eb\AeupFpghDkgaFiMng"-
potrat\"\ L"2o4c89a8l" \"\-T-reemmpo\te\-raullsotw-_hmosotzsp" r"olofciallheosht9" H"3--4rzem"o
te-allow-origins" "http://127.0.0.1:24898/,http://localhost:24898/,http://[::1]:24898/" "-no-remote" "-profile" "C:\\Users\\membr\\AppData\\Local\\Temp\\rust_mozprofile4qaTjD"
ozprofileaS5A3Y"
1667754977833	mozrunner::runner	INFO	Running command: "C:\\Program Files\\Mozilla Firefox\\firefox.exe" "--marionette" "--remote-debugging-port" "21903" "--remote-allow-hosts" "localhost" "--rem1o6t6e77-5a4l9lo77w-8o3r4	igmionzsr"un n"ehtrt::p:r/u/n1n2e7r.	0I.N0F.O1	:Ru2n1n9i0n3/g, hctomtmp:an/d/l:o c"Ca:lh\o\Psrt:o2g1r9a0m3 /Files\\Mozilla,http://[::1]:21903/" "-no-remote" "-profile" "C:\\Users\\membr\\AppData\\Local\\Temp\\rust_moz prFoifrielfoesxn\\U2f6irJ"e
fox.exe" "--marionette" "--remote-debugging-port" "8745" "--remote-allow-hosts" "localhost" "--remote-allow-origins" "http://127.0.0.1:8745/,http://localhost:8745/,http://[::1]:8745/" "-no-remote" "-profile" "C:\\Users\\membr\\AppData\\Local\\Temp\\rust_mozprofileFCF4OX"
1667754978512	Marionette	INFO	Marionette enabled
1667754978513	Marionette	INFO	Marionette enabled
1166667777554497987582512	1M	aMrairoinoentettet	eI	NIFNOF	OL	iLsitsetneinnign go no np oprot r5t1 3591539
4
1667754978542	Marionette	INFO	Marionette enabled
1667754978555	Marionette	INFO	Marionette enabled
1667754978562	Marionette	INFO	Listening on port 51396
1667754978562	Marionette	INFO	Listening on port 51397
1667754978598	Marionette	INFO	Marionette enabled
1667754978603	Marionette	INFO	Listening on port 51400
Read port: 51395
Read port: 51400
Read port: 51394
Read port: 51397
Read port: 51396
1667754978679	Marionette	INFO	Marionette enabled
1667754978688	Marionette	INFO	Listening on port 51406
Read port: 51406
WebDriver BiDi listening on ws://127.0.0.1:24898
WebDriver BiDi listening on ws://127.0.0.1:21557
1667754979196	RemoteAgent	WARN	TLS certificate errors will be ignored for this session
1667754979208	RemoteAgent	WARN	TLS certificate errors will be ignored for this session
WebDriver BiDi listening on ws://127.0.0.1:30988
1667754979283	RemoteAgent	WARN	TLS certificate errors will be ignored for this session
WebDriver BiDi listening on ws://127.0.0.1:21903
WebDriver BiDi listening on ws://127.0.0.1:8745
WebDriver BiDi listening on ws://127.0.0.1:45660
1667754979415	RemoteAgent	WARN	TLS certificate errors will be ignored for this session
1667754979463	RemoteAgent	WARN	TLS certificate errors will be ignored for this session
1667754979467	RemoteAgent	WARN	TLS certificate errors will be ignored for this session
console.warn: SearchSettings: "get: No settings file exists, new profile?" (new NotFoundError("Could not open the file at C:\\Users\\membr\\AppData\\Local\\Temp\\rust_mozprofile4qaTjD\\search.json.mozlz4", (void 0)))
console.warn: SearchSettings: "get: No settings file exists, new profile?" (new NotFoundError("Could not open the file at C:\\Users\\membr\\AppData\\Local\\Temp\\rust_mozprofileeFhkFM\\search.json.mozlz4", (void 0)))
console.warn: SearchSettings: "get: No settings file exists, new profile?" (new NotFoundError("Could not open the file at C:\\Users\\membr\\AppData\\Local\\Temp\\rust_mozprofileaS5A3Y\\search.json.mozlz4", (void 0)))
DevTools listening on ws://127.0.0.1:24898/devtools/browser/ac50130b-44a1-4bd8-9f5f-8141021d2d2c
console.warn: SearchSettings: "get: No settings file exists, new profile?" (new NotFoundError("Could not open the file at C:\\Users\\membr\\AppData\\Local\\Temp\\rust_mozprofileFCF4OX\\search.json.mozlz4", (void 0)))
DevTools listening on ws://127.0.0.1:21557/devtools/browser/84a4f51b-2697-471c-9feb-f32426cfdd62
console.warn: SearchSettings: "get: No settings file exists, new profile?" (new NotFoundError("Could not open the file at C:\\Users\\membr\\AppData\\Local\\Temp\\rust_mozprofileh9H34z\\search.json.mozlz4", (void 0)))
JavaScript error: resource://gre/modules/URIFixup.jsm, line 307: NS_ERROR_FAILURE: Should pass a non-null uri
JavaScript error: resource://gre/modules/URIFixup.jsm, line 307: NS_ERROR_FAILURE: Should pass a non-null uri
DevTools listening on ws://127.0.0.1:30988/devtools/browser/463f3f18-389e-4c8e-80f3-8d9ec30fe3cf
DevTools listening on ws://127.0.0.1:8745/devtools/browser/f45d3a9d-ff69-41b9-afdb-77af80835043
console.warn: SearchSettings: "get: No settings file exists, new profile?" (new NotFoundError("Could not open the file at C:\\Users\\membr\\AppData\\Local\\Temp\\rust_mozprofilesnU26J\\search.json.mozlz4", (void 0)))
JavaScript error: resource://gre/modules/URIFixup.jsm, line 307: NS_ERROR_FAILURE: Should pass a non-null uri
DevTools listening on ws://127.0.0.1:45660/devtools/browser/e5fd357a-23c4-42f1-ab70-5353e087d0a4
DevTools listening on ws://127.0.0.1:21903/devtools/browser/3efd2887-d12f-4045-8f75-de08d49f75e9
JavaScript error: resource://gre/modules/URIFixup.jsm, line 307: NS_ERROR_FAILURE: Should pass a non-null uri
console.warn: LoginRecipes: "Falling back to a synchronous message for: https://askomdch.com."
1667754986038	Marionette	WARN	TimedPromise timed out after 500 ms: stacktrace:
TimedPromise/<@chrome://remote/content/marionette/sync.js:236:24
TimedPromise@chrome://remote/content/marionette/sync.js:221:10
interaction.flushEventLoop@chrome://remote/content/marionette/interaction.js:431:10
webdriverClickElement@chrome://remote/content/marionette/interaction.js:179:31
1667754989341	Marionette	WARN	TimedPromise timed out after 500 ms: stacktrace:
TimedPromise/<@chrome://remote/content/marionette/sync.js:236:24
TimedPromise@chrome://remote/content/marionette/sync.js:221:10
interaction.flushEventLoop@chrome://remote/content/marionette/interaction.js:431:10
webdriverClickElement@chrome://remote/content/marionette/interaction.js:179:31
console.warn: LoginRecipes: "Falling back to a synchronous message for: https://askomdch.com."
console.warn: LoginRecipes: "Falling back to a synchronous message for: https://askomdch.com."
]]></system-err>
  </testcase>
  <testcase name="searchWithPartialMatch" classname="org.selenium.pom.tests.SearchTest" time="5.422">
    <system-out><![CDATA[CURRENT THREAD: 27, DRIVER = FirefoxDriver: firefox on WINDOWS (0cab3fdf-2cf8-413c-8803-0b9c90b15e7a)
]]></system-out>
    <system-err><![CDATA[1667754992853	Marionette	INFO	Stopped listening on port 51396
console.warn: LoginRecipes: "Falling back to a synchronous message for: https://askomdch.com."
1667754993167	Marionette	WARN	TimedPromise timed out after 500 ms: stacktrace:
TimedPromise/<@chrome://remote/content/marionette/sync.js:236:24
TimedPromise@chrome://remote/content/marionette/sync.js:221:10
interaction.flushEventLoop@chrome://remote/content/marionette/interaction.js:431:10
webdriverClickElement@chrome://remote/content/marionette/interaction.js:179:31
[Parent 22040, IPC I/O Parent] WARNING: pipe error: 232: file /builds/worker/checkouts/gecko/ipc/chromium/src/chrome/common/ipc_channel_win.cc:554
]]></system-err>
  </testcase>
  <testcase name="NavigateFromHomeToStoreUsingMainMenu" classname="org.selenium.pom.tests.NavigationTest" time="7.6">
    <system-out><![CDATA[CURRENT THREAD: 29, DRIVER = FirefoxDriver: firefox on WINDOWS (90da3d43-8b15-4005-8c7f-12dae83b1ff2)
]]></system-out>
    <system-err><![CDATA[1667754993720	Marionette	INFO	Stopped listening on port 51395
1667754993902	Marionette	WARN	TimedPromise timed out after 500 ms: stacktrace:
TimedPromise/<@chrome://remote/content/marionette/sync.js:236:24
TimedPromise@chrome://remote/content/marionette/sync.js:221:10
interaction.flushEventLoop@chrome://remote/content/marionette/interaction.js:431:10
webdriverClickElement@chrome://remote/content/marionette/interaction.js:179:31
1667754993918	Marionette	WARN	TimedPromise timed out after 500 ms: stacktrace:
TimedPromise/<@chrome://remote/content/marionette/sync.js:236:24
TimedPromise@chrome://remote/content/marionette/sync.js:221:10
interaction.flushEventLoop@chrome://remote/content/marionette/interaction.js:431:10
webdriverClickElement@chrome://remote/content/marionette/interaction.js:179:31
1667754994739	Marionette	WARN	TimedPromise timed out after 500 ms: stacktrace:
TimedPromise/<@chrome://remote/content/marionette/sync.js:236:24
TimedPromise@chrome://remote/content/marionette/sync.js:221:10
interaction.flushEventLoop@chrome://remote/content/marionette/interaction.js:431:10
webdriverClickElement@chrome://remote/content/marionette/interaction.js:179:31
1667754995484	Marionette	WARN	TimedPromise timed out after 500 ms: stacktrace:
TimedPromise/<@chrome://remote/content/marionette/sync.js:236:24
TimedPromise@chrome://remote/content/marionette/sync.js:221:10
interaction.flushEventLoop@chrome://remote/content/marionette/interaction.js:431:10
webdriverClickElement@chrome://remote/content/marionette/interaction.js:179:31
]]></system-err>
  </testcase>
  <testcase name="GuestCheckoutUsingDirectBankTransfer" classname="org.selenium.pom.tests.CheckoutTest" time="9.398">
    <system-out><![CDATA[OVERLAY SIZE 0
OVERLAY NOT FOUND
CURRENT THREAD: 28, DRIVER = FirefoxDriver: firefox on WINDOWS (cfb2de0d-de36-4d49-8b67-42ca9ceeade7)
]]></system-out>
    <system-err><![CDATA[console.warn: LoginRecipes: "Falling back to a synchronous message for: https://askomdch.com."
1667754995899	Marionette	INFO	Stopped listening on port 51406
1667754996326	Marionette	WARN	TimedPromise timed out after 500 ms: stacktrace:
TimedPromise/<@chrome://remote/content/marionette/sync.js:236:24
TimedPromise@chrome://remote/content/marionette/sync.js:221:10
interaction.flushEventLoop@chrome://remote/content/marionette/interaction.js:431:10
webdriverClickElement@chrome://remote/content/marionette/interaction.js:179:31
console.warn: LoginRecipes: "Falling back to a synchronous message for: https://askomdch.com."
console.warn: LoginRecipes: "Falling back to a synchronous message for: https://askomdch.com."
]]></system-err>
  </testcase>
  <testcase name="LoginAndCheckoutUsingDirectBankTransfer" classname="org.selenium.pom.tests.CheckoutTest" time="106.086">
    <failure message="Expected condition failed: waiting for element to be clickable: By.xpath: //li[text()=&apos;Greece&apos;] (tried for 100 second(s) with 500 milliseconds interval)&#10;Build info: version: &apos;4.5.3&apos;, revision: &apos;4b786a1e430&apos;&#10;System info: os.name: &apos;Windows 10&apos;, os.arch: &apos;amd64&apos;, os.version: &apos;10.0&apos;, java.version: &apos;17.0.1&apos;&#10;Driver info: org.openqa.selenium.firefox.FirefoxDriver&#10;Capabilities {acceptInsecureCerts: true, browserName: firefox, browserVersion: 106.0.5, moz:accessibilityChecks: false, moz:buildID: 20221104133228, moz:debuggerAddress: 127.0.0.1:21557, moz:geckodriverVersion: 0.32.0, moz:headless: false, moz:platformVersion: 10.0, moz:processID: 29248, moz:profile: C:\Users\membr\AppData\Loca..., moz:shutdownTimeout: 60000, moz:useNonSpecCompliantPointerOrigin: false, moz:webdriverClick: true, moz:windowless: false, pageLoadStrategy: normal, platformName: WINDOWS, proxy: Proxy(), se:cdp: ws://127.0.0.1:21557/devtoo..., se:cdpVersion: 85.0, setWindowRect: true, strictFileInteractability: false, timeouts: {implicit: 0, pageLoad: 300000, script: 30000}, unhandledPromptBehavior: dismiss and notify}&#10;Session ID: 79ceab70-5c09-42a5-862a-5fad5c118e62" type="org.openqa.selenium.TimeoutException"><![CDATA[org.openqa.selenium.TimeoutException: 
Expected condition failed: waiting for element to be clickable: By.xpath: //li[text()='Greece'] (tried for 100 second(s) with 500 milliseconds interval)
Build info: version: '4.5.3', revision: '4b786a1e430'
System info: os.name: 'Windows 10', os.arch: 'amd64', os.version: '10.0', java.version: '17.0.1'
Driver info: org.openqa.selenium.firefox.FirefoxDriver
Capabilities {acceptInsecureCerts: true, browserName: firefox, browserVersion: 106.0.5, moz:accessibilityChecks: false, moz:buildID: 20221104133228, moz:debuggerAddress: 127.0.0.1:21557, moz:geckodriverVersion: 0.32.0, moz:headless: false, moz:platformVersion: 10.0, moz:processID: 29248, moz:profile: C:\Users\membr\AppData\Loca..., moz:shutdownTimeout: 60000, moz:useNonSpecCompliantPointerOrigin: false, moz:webdriverClick: true, moz:windowless: false, pageLoadStrategy: normal, platformName: WINDOWS, proxy: Proxy(), se:cdp: ws://127.0.0.1:21557/devtoo..., se:cdpVersion: 85.0, setWindowRect: true, strictFileInteractability: false, timeouts: {implicit: 0, pageLoad: 300000, script: 30000}, unhandledPromptBehavior: dismiss and notify}
Session ID: 79ceab70-5c09-42a5-862a-5fad5c118e62
	at org.openqa.selenium.support.ui.WebDriverWait.timeoutException(WebDriverWait.java:87)
	at org.openqa.selenium.support.ui.FluentWait.until(FluentWait.java:231)
	at org.selenium.pom.pages.CheckoutPage.selectCountry(CheckoutPage.java:72)
	at org.selenium.pom.pages.CheckoutPage.setBillingAddress(CheckoutPage.java:179)
	at org.selenium.pom.tests.CheckoutTest.LoginAndCheckoutUsingDirectBankTransfer(CheckoutTest.java:52)
	at java.base/jdk.internal.reflect.NativeMethodAccessorImpl.invoke0(Native Method)
	at java.base/jdk.internal.reflect.NativeMethodAccessorImpl.invoke(NativeMethodAccessorImpl.java:77)
	at java.base/jdk.internal.reflect.DelegatingMethodAccessorImpl.invoke(DelegatingMethodAccessorImpl.java:43)
	at java.base/java.lang.reflect.Method.invoke(Method.java:568)
	at org.testng.internal.invokers.MethodInvocationHelper.invokeMethod(MethodInvocationHelper.java:139)
	at org.testng.internal.invokers.TestInvoker.invokeMethod(TestInvoker.java:677)
	at org.testng.internal.invokers.TestInvoker.invokeTestMethod(TestInvoker.java:221)
	at org.testng.internal.invokers.MethodRunner.runInSequence(MethodRunner.java:50)
	at org.testng.internal.invokers.TestInvoker$MethodInvocationAgent.invoke(TestInvoker.java:962)
	at org.testng.internal.invokers.TestInvoker.invokeTestMethods(TestInvoker.java:194)
	at org.testng.internal.invokers.TestMethodWorker.invokeTestMethods(TestMethodWorker.java:148)
	at org.testng.internal.invokers.TestMethodWorker.run(TestMethodWorker.java:128)
	at java.base/java.util.concurrent.ThreadPoolExecutor.runWorker(ThreadPoolExecutor.java:1136)
	at java.base/java.util.concurrent.ThreadPoolExecutor$Worker.run(ThreadPoolExecutor.java:635)
	at java.base/java.lang.Thread.run(Thread.java:833)
]]></failure>
    <system-out><![CDATA[CURRENT THREAD: 25, DRIVER = FirefoxDriver: firefox on WINDOWS (c72cf83d-d85e-4ced-bcc2-ba6692e141a4)
]]></system-out>
    <system-err><![CDATA[1667754997698	Marionette	INFO	Stopped listening on port 51394
]]></system-err>
  </testcase>
  <testcase name="addToCartFromStorePage" classname="org.selenium.pom.tests.AddToCartTest" time="114.638">
    <failure message="Expected condition failed: waiting for visibility of element located by By.cssSelector: a[title=&apos;View cart&apos;] (tried for 100 second(s) with 500 milliseconds interval)&#10;Build info: version: &apos;4.5.3&apos;, revision: &apos;4b786a1e430&apos;&#10;System info: os.name: &apos;Windows 10&apos;, os.arch: &apos;amd64&apos;, os.version: &apos;10.0&apos;, java.version: &apos;17.0.1&apos;&#10;Driver info: org.openqa.selenium.firefox.FirefoxDriver&#10;Capabilities {acceptInsecureCerts: true, browserName: firefox, browserVersion: 106.0.5, moz:accessibilityChecks: false, moz:buildID: 20221104133228, moz:debuggerAddress: 127.0.0.1:30988, moz:geckodriverVersion: 0.32.0, moz:headless: false, moz:platformVersion: 10.0, moz:processID: 33452, moz:profile: C:\Users\membr\AppData\Loca..., moz:shutdownTimeout: 60000, moz:useNonSpecCompliantPointerOrigin: false, moz:webdriverClick: true, moz:windowless: false, pageLoadStrategy: normal, platformName: WINDOWS, proxy: Proxy(), se:cdp: ws://127.0.0.1:30988/devtoo..., se:cdpVersion: 85.0, setWindowRect: true, strictFileInteractability: false, timeouts: {implicit: 0, pageLoad: 300000, script: 30000}, unhandledPromptBehavior: dismiss and notify}&#10;Session ID: 392885c3-640d-4f73-90d8-ee1e999fdf8f" type="org.openqa.selenium.TimeoutException"><![CDATA[org.openqa.selenium.TimeoutException: 
Expected condition failed: waiting for visibility of element located by By.cssSelector: a[title='View cart'] (tried for 100 second(s) with 500 milliseconds interval)
Build info: version: '4.5.3', revision: '4b786a1e430'
System info: os.name: 'Windows 10', os.arch: 'amd64', os.version: '10.0', java.version: '17.0.1'
Driver info: org.openqa.selenium.firefox.FirefoxDriver
Capabilities {acceptInsecureCerts: true, browserName: firefox, browserVersion: 106.0.5, moz:accessibilityChecks: false, moz:buildID: 20221104133228, moz:debuggerAddress: 127.0.0.1:30988, moz:geckodriverVersion: 0.32.0, moz:headless: false, moz:platformVersion: 10.0, moz:processID: 33452, moz:profile: C:\Users\membr\AppData\Loca..., moz:shutdownTimeout: 60000, moz:useNonSpecCompliantPointerOrigin: false, moz:webdriverClick: true, moz:windowless: false, pageLoadStrategy: normal, platformName: WINDOWS, proxy: Proxy(), se:cdp: ws://127.0.0.1:30988/devtoo..., se:cdpVersion: 85.0, setWindowRect: true, strictFileInteractability: false, timeouts: {implicit: 0, pageLoad: 300000, script: 30000}, unhandledPromptBehavior: dismiss and notify}
Session ID: 392885c3-640d-4f73-90d8-ee1e999fdf8f
	at org.openqa.selenium.support.ui.WebDriverWait.timeoutException(WebDriverWait.java:87)
	at org.openqa.selenium.support.ui.FluentWait.until(FluentWait.java:231)
	at org.selenium.pom.pages.StorePage.clickViewCart(StorePage.java:60)
	at org.selenium.pom.tests.AddToCartTest.addToCartFromStorePage(AddToCartTest.java:21)
	at java.base/jdk.internal.reflect.NativeMethodAccessorImpl.invoke0(Native Method)
	at java.base/jdk.internal.reflect.NativeMethodAccessorImpl.invoke(NativeMethodAccessorImpl.java:77)
	at java.base/jdk.internal.reflect.DelegatingMethodAccessorImpl.invoke(DelegatingMethodAccessorImpl.java:43)
	at java.base/java.lang.reflect.Method.invoke(Method.java:568)
	at org.testng.internal.invokers.MethodInvocationHelper.invokeMethod(MethodInvocationHelper.java:139)
	at org.testng.internal.invokers.TestInvoker.invokeMethod(TestInvoker.java:677)
	at org.testng.internal.invokers.TestInvoker.invokeTestMethod(TestInvoker.java:221)
	at org.testng.internal.invokers.MethodRunner.runInSequence(MethodRunner.java:50)
	at org.testng.internal.invokers.TestInvoker$MethodInvocationAgent.invoke(TestInvoker.java:962)
	at org.testng.internal.invokers.TestInvoker.invokeTestMethods(TestInvoker.java:194)
	at org.testng.internal.invokers.TestMethodWorker.invokeTestMethods(TestMethodWorker.java:148)
	at org.testng.internal.invokers.TestMethodWorker.run(TestMethodWorker.java:128)
	at java.base/java.util.concurrent.ThreadPoolExecutor.runWorker(ThreadPoolExecutor.java:1136)
	at java.base/java.util.concurrent.ThreadPoolExecutor$Worker.run(ThreadPoolExecutor.java:635)
	at java.base/java.lang.Thread.run(Thread.java:833)
]]></failure>
    <system-out><![CDATA[CURRENT THREAD: 26, DRIVER = FirefoxDriver: firefox on WINDOWS (79ceab70-5c09-42a5-862a-5fad5c118e62)
]]></system-out>
    <system-err><![CDATA[1667755094376	Marionette	INFO	Stopped listening on port 51400
]]></system-err>
  </testcase>
</testsuite>