<?xml version="1.0" encoding="UTF-8"?>
<!-- Generated by org.testng.reporters.JUnitReportReporter -->
<testsuite hostname="DESKTOP-NP5PALL" failures="0" tests="2" name="org.selenium.pom.tests.MyFirstTestCase" time="20.689" errors="0" timestamp="2022-10-23T14:02:58 CEST" skipped="0">
  <testcase classname="org.selenium.pom.tests.MyFirstTestCase" name="guestCheckoutUsingDirectBankTransfer" time="10.023"/>
  <system-out/>
  <testcase classname="org.selenium.pom.tests.MyFirstTestCase" name="loginAndCheckoutUsingDirectBankTransfer" time="10.666"/>
  <system-out/>
</testsuite> <!-- org.selenium.pom.tests.MyFirstTestCase -->
