<?xml version="1.0" encoding="UTF-8"?>
<!-- Generated by org.testng.reporters.JUnitReportReporter -->
<testsuite hostname="DESKTOP-NP5PALL" failures="0" tests="4" name="org.selenium.pom.tests.MyFirstTestCase" time="50.192" errors="0" timestamp="2022-10-24T20:59:34 CEST" skipped="0">
  <testcase classname="org.selenium.pom.tests.MyFirstTestCase" name="loginAndCheckoutUsingDirectBankTransfer" time="14.726"/>
  <system-out/>
  <testcase classname="org.selenium.pom.tests.MyFirstTestCase" name="guestCheckoutUsingDirectBankTransfer" time="13.300"/>
  <system-out/>
  <testcase classname="org.selenium.pom.tests.MyFirstTestCase" name="loginAndCheckoutUsingDirectBankTransfer" time="13.044"/>
  <system-out/>
  <testcase classname="org.selenium.pom.tests.MyFirstTestCase" name="guestCheckoutUsingDirectBankTransfer" time="9.122"/>
  <system-out/>
</testsuite> <!-- org.selenium.pom.tests.MyFirstTestCase -->
