<?xml version="1.0" encoding="UTF-8"?>
<!-- Generated by org.testng.reporters.JUnitReportReporter -->
<testsuite hostname="DESKTOP-NP5PALL" failures="0" tests="1" name="org.selenium.pom.tests.SearchTest" time="18.548" errors="0" timestamp="2022-11-06T18:18:23 CET" skipped="0">
  <testcase classname="org.selenium.pom.tests.SearchTest" name="searchWithPartialMatch" time="18.548"/>
  <system-out/>
</testsuite> <!-- org.selenium.pom.tests.SearchTest -->
